TN:
SF:src\App.jsx
FN:11,App
FNF:1
FNH:1
FNDA:9,App
DA:12,9
LF:1
LH:1
BRF:0
BRH:0
end_of_record
TN:
SF:src\features\auth\components\LoginPage.jsx
FN:5,LoginPage
FN:18,handleSubmit
FN:49,(anonymous_2)
FN:63,(anonymous_3)
FNF:4
FNH:4
FNDA:13,LoginPage
FNDA:3,handleSubmit
FNDA:1,(anonymous_2)
FNDA:1,(anonymous_3)
DA:6,13
DA:7,13
DA:8,13
DA:9,13
DA:10,13
DA:11,13
DA:13,13
DA:14,1
DA:15,1
DA:19,3
DA:20,3
DA:21,3
DA:22,3
DA:23,2
DA:24,1
DA:25,1
DA:27,1
DA:31,12
DA:49,1
DA:63,1
LF:20
LH:20
BRDA:13,0,0,1
BRDA:13,0,1,12
BRDA:13,1,0,13
BRDA:13,1,1,13
BRDA:23,2,0,1
BRDA:23,2,1,1
BRDA:69,3,0,12
BRDA:69,3,1,1
BRDA:72,4,0,13
BRDA:72,4,1,9
BRDA:75,5,0,3
BRDA:75,5,1,9
BRF:12
BRH:12
end_of_record
TN:
SF:src\features\dashboard\hooks.js
FN:13,useDashboardStats
FN:18,(anonymous_1)
FN:20,(anonymous_2)
FN:23,(anonymous_3)
FN:25,(anonymous_4)
FN:26,(anonymous_5)
FN:28,(anonymous_6)
FN:29,(anonymous_7)
FNF:8
FNH:8
FNDA:7,useDashboardStats
FNDA:19,(anonymous_1)
FNDA:13,(anonymous_2)
FNDA:21,(anonymous_3)
FNDA:14,(anonymous_4)
FNDA:7,(anonymous_5)
FNDA:14,(anonymous_6)
FNDA:7,(anonymous_7)
DA:14,7
DA:15,7
DA:16,7
DA:18,19
DA:19,7
DA:20,13
DA:22,7
DA:23,21
DA:24,7
DA:25,14
DA:26,7
DA:27,7
DA:28,14
DA:29,7
DA:31,7
LF:15
LH:15
BRDA:20,0,0,13
BRDA:20,0,1,1
BRDA:23,1,0,21
BRDA:23,1,1,21
BRDA:26,2,0,7
BRDA:26,2,1,0
BRDA:29,3,0,7
BRDA:29,3,1,0
BRDA:38,4,0,7
BRDA:38,4,1,7
BRDA:38,4,2,7
BRF:11
BRH:9
end_of_record
TN:
SF:src\features\dashboard\components\GajianRecentCard.jsx
FN:12,GajianRecentCard
FN:34,(anonymous_1)
FNF:2
FNH:2
FNDA:7,GajianRecentCard
FNDA:35,(anonymous_1)
DA:3,1
DA:13,7
DA:35,35
DA:36,35
DA:37,12
LF:5
LH:5
BRDA:24,0,0,1
BRDA:24,0,1,6
BRDA:36,1,0,23
BRDA:36,1,1,12
BRF:4
BRH:4
end_of_record
TN:
SF:src\features\dashboard\components\SectionHeader.jsx
FN:2,SectionHeader
FNF:1
FNH:1
FNDA:2,SectionHeader
DA:3,2
LF:1
LH:1
BRF:0
BRH:0
end_of_record
TN:
SF:src\features\dashboard\components\StatCard.jsx
FN:2,StatCard
FNF:1
FNH:1
FNDA:6,StatCard
DA:3,6
LF:1
LH:1
BRDA:2,0,0,6
BRDA:5,1,0,2
BRDA:5,1,1,4
BRDA:10,2,0,6
BRDA:10,2,1,1
BRF:5
BRH:5
end_of_record
TN:
SF:src\features\dashboard\pages\DashboardPage.jsx
FN:10,DashboardPage
FN:35,(anonymous_1)
FN:41,(anonymous_2)
FN:48,(anonymous_3)
FN:58,(anonymous_4)
FN:67,(anonymous_5)
FN:68,(anonymous_6)
FN:77,(anonymous_7)
FN:83,(anonymous_8)
FNF:9
FNH:9
FNDA:14,DashboardPage
FNDA:1,(anonymous_1)
FNDA:1,(anonymous_2)
FNDA:1,(anonymous_3)
FNDA:1,(anonymous_4)
FNDA:2,(anonymous_5)
FNDA:1,(anonymous_6)
FNDA:1,(anonymous_7)
FNDA:1,(anonymous_8)
DA:11,14
DA:12,14
DA:15,14
DA:16,14
DA:17,14
DA:19,14
DA:35,1
DA:41,1
DA:48,1
DA:58,1
DA:68,2
DA:77,1
DA:83,1
LF:13
LH:13
BRDA:21,0,0,1
BRDA:21,0,1,13
BRDA:47,1,0,13
BRDA:47,1,1,0
BRDA:63,2,0,11
BRDA:63,2,1,2
BRF:6
BRH:5
end_of_record
TN:
SF:src\features\gajian\api.js
FN:9,fetchGajianList
FN:18,fetchGajianDetail
FN:25,createGajianPeriode
FN:48,deleteGajianPeriode
FN:57,saveGajianRequest
FN:73,finalizeGajian
FN:97,fetchGajianTotals
FN:106,(anonymous_7)
FN:106,(anonymous_8)
FN:115,(anonymous_9)
FN:120,fetchKaryawanIdsInGajian
FN:130,(anonymous_11)
FN:131,(anonymous_12)
FN:132,(anonymous_13)
FN:133,(anonymous_14)
FN:141,fetchPotongForRincian
FN:150,fetchJahitForRincian
FN:159,fetchQCForRincian
FN:168,fetchKreatifForRincian
FN:179,fetchPotong
FN:189,savePotong
FN:196,deletePotong
FN:203,fetchJahit
FN:213,saveJahit
FN:220,deleteJahit
FN:227,fetchFinishing
FN:233,saveFinishing
FN:240,deleteFinishing
FN:247,fetchQC
FN:257,saveQC
FN:264,deleteQC
FN:271,fetchKreatif
FN:281,saveKreatif
FN:288,deleteKreatif
FN:295,fetchCmt
FN:301,saveCmt
FN:308,deleteCmt
FN:315,fetchProdukList
FNF:38
FNH:34
FNDA:2,fetchGajianList
FNDA:2,fetchGajianDetail
FNDA:2,createGajianPeriode
FNDA:1,deleteGajianPeriode
FNDA:1,saveGajianRequest
FNDA:1,finalizeGajian
FNDA:1,fetchGajianTotals
FNDA:6,(anonymous_7)
FNDA:6,(anonymous_8)
FNDA:6,(anonymous_9)
FNDA:1,fetchKaryawanIdsInGajian
FNDA:2,(anonymous_11)
FNDA:2,(anonymous_12)
FNDA:2,(anonymous_13)
FNDA:2,(anonymous_14)
FNDA:0,fetchPotongForRincian
FNDA:0,fetchJahitForRincian
FNDA:0,fetchQCForRincian
FNDA:0,fetchKreatifForRincian
FNDA:1,fetchPotong
FNDA:2,savePotong
FNDA:1,deletePotong
FNDA:1,fetchJahit
FNDA:2,saveJahit
FNDA:1,deleteJahit
FNDA:1,fetchFinishing
FNDA:1,saveFinishing
FNDA:1,deleteFinishing
FNDA:1,fetchQC
FNDA:2,saveQC
FNDA:1,deleteQC
FNDA:1,fetchKreatif
FNDA:2,saveKreatif
FNDA:1,deleteKreatif
FNDA:1,fetchCmt
FNDA:2,saveCmt
FNDA:1,deleteCmt
FNDA:1,fetchProdukList
DA:10,2
DA:14,2
DA:15,2
DA:19,2
DA:20,1
DA:21,1
DA:26,2
DA:31,2
DA:32,1
DA:34,1
DA:39,1
DA:40,1
DA:49,1
DA:50,7
DA:52,1
DA:53,1
DA:58,1
DA:67,1
DA:74,1
DA:91,1
DA:98,1
DA:106,6
DA:107,1
DA:115,6
DA:116,1
DA:121,1
DA:127,1
DA:130,2
DA:131,2
DA:132,2
DA:133,2
DA:142,0
DA:146,0
DA:147,0
DA:151,0
DA:155,0
DA:156,0
DA:160,0
DA:164,0
DA:165,0
DA:169,0
DA:173,0
DA:174,0
DA:180,1
DA:185,1
DA:186,1
DA:190,2
DA:193,1
DA:197,1
DA:198,1
DA:204,1
DA:209,1
DA:210,1
DA:214,2
DA:217,1
DA:221,1
DA:222,1
DA:228,1
DA:229,1
DA:230,1
DA:234,1
DA:237,1
DA:241,1
DA:242,1
DA:248,1
DA:253,1
DA:254,1
DA:258,2
DA:261,1
DA:265,1
DA:266,1
DA:272,1
DA:277,1
DA:278,1
DA:282,2
DA:285,1
DA:289,1
DA:290,1
DA:296,1
DA:297,1
DA:298,1
DA:302,2
DA:305,1
DA:309,1
DA:310,1
DA:316,1
DA:317,1
DA:318,1
LF:88
LH:76
BRDA:14,0,0,0
BRDA:14,0,1,2
BRDA:15,1,0,2
BRDA:15,1,1,1
BRDA:20,2,0,0
BRDA:20,2,1,1
BRDA:31,3,0,1
BRDA:31,3,1,1
BRDA:39,4,0,0
BRDA:39,4,1,1
BRDA:53,5,0,0
BRDA:53,5,1,1
BRDA:67,6,0,0
BRDA:67,6,1,1
BRDA:91,7,0,0
BRDA:91,7,1,1
BRDA:106,8,0,6
BRDA:106,8,1,0
BRDA:106,9,0,6
BRDA:106,9,1,0
BRDA:130,10,0,1
BRDA:130,10,1,0
BRDA:131,11,0,1
BRDA:131,11,1,0
BRDA:132,12,0,1
BRDA:132,12,1,0
BRDA:133,13,0,1
BRDA:133,13,1,0
BRDA:146,14,0,0
BRDA:146,14,1,0
BRDA:147,15,0,0
BRDA:147,15,1,0
BRDA:155,16,0,0
BRDA:155,16,1,0
BRDA:156,17,0,0
BRDA:156,17,1,0
BRDA:164,18,0,0
BRDA:164,18,1,0
BRDA:165,19,0,0
BRDA:165,19,1,0
BRDA:173,20,0,0
BRDA:173,20,1,0
BRDA:174,21,0,0
BRDA:174,21,1,0
BRDA:185,22,0,0
BRDA:185,22,1,1
BRDA:186,23,0,1
BRDA:186,23,1,0
BRDA:190,24,0,1
BRDA:190,24,1,1
BRDA:193,25,0,0
BRDA:193,25,1,1
BRDA:198,26,0,0
BRDA:198,26,1,1
BRDA:209,27,0,0
BRDA:209,27,1,1
BRDA:210,28,0,1
BRDA:210,28,1,0
BRDA:214,29,0,1
BRDA:214,29,1,1
BRDA:217,30,0,0
BRDA:217,30,1,1
BRDA:222,31,0,0
BRDA:222,31,1,1
BRDA:229,32,0,0
BRDA:229,32,1,1
BRDA:230,33,0,1
BRDA:230,33,1,1
BRDA:234,34,0,0
BRDA:234,34,1,1
BRDA:237,35,0,0
BRDA:237,35,1,1
BRDA:242,36,0,0
BRDA:242,36,1,1
BRDA:253,37,0,0
BRDA:253,37,1,1
BRDA:254,38,0,1
BRDA:254,38,1,0
BRDA:258,39,0,1
BRDA:258,39,1,1
BRDA:261,40,0,0
BRDA:261,40,1,1
BRDA:266,41,0,0
BRDA:266,41,1,1
BRDA:277,42,0,0
BRDA:277,42,1,1
BRDA:278,43,0,1
BRDA:278,43,1,0
BRDA:282,44,0,1
BRDA:282,44,1,1
BRDA:285,45,0,0
BRDA:285,45,1,1
BRDA:290,46,0,0
BRDA:290,46,1,1
BRDA:297,47,0,0
BRDA:297,47,1,1
BRDA:298,48,0,1
BRDA:298,48,1,0
BRDA:302,49,0,1
BRDA:302,49,1,1
BRDA:305,50,0,0
BRDA:305,50,1,1
BRDA:310,51,0,0
BRDA:310,51,1,1
BRDA:317,52,0,0
BRDA:317,52,1,1
BRDA:318,53,0,1
BRDA:318,53,1,0
BRF:108
BRH:54
end_of_record
TN:
SF:src\features\gajian\hooks.js
FN:45,useGajianList
FN:50,useGajianDetail
FN:55,useCreateGajianPeriode
FN:57,(anonymous_3)
FN:60,useDeleteGajianPeriode
FN:62,(anonymous_5)
FN:65,useSaveGajianRequest
FN:67,(anonymous_7)
FN:70,useGajianTotals
FN:75,useKaryawanIdsInGajian
FN:81,useKasbonForGajian
FN:90,useFinalizeGajian
FN:94,(anonymous_12)
FN:97,(anonymous_13)
FN:110,usePerKaryawanRincian
FN:118,(anonymous_15)
FN:135,usePotong
FN:139,useSavePotong
FN:141,(anonymous_18)
FN:143,useDeletePotong
FN:145,(anonymous_20)
FN:150,useJahit
FN:154,useSaveJahit
FN:156,(anonymous_23)
FN:158,useDeleteJahit
FN:160,(anonymous_25)
FN:165,useFinishing
FN:169,useSaveFinishing
FN:171,(anonymous_28)
FN:173,useDeleteFinishing
FN:175,(anonymous_30)
FN:180,useQC
FN:184,useSaveQC
FN:186,(anonymous_33)
FN:188,useDeleteQC
FN:190,(anonymous_35)
FN:195,useKreatif
FN:199,useSaveKreatif
FN:201,(anonymous_38)
FN:203,useDeleteKreatif
FN:205,(anonymous_40)
FN:210,useCmt
FN:214,useSaveCmt
FN:216,(anonymous_43)
FN:218,useDeleteCmt
FN:220,(anonymous_45)
FN:225,useProdukList
FNF:47
FNH:23
FNDA:1,useGajianList
FNDA:1,useGajianDetail
FNDA:1,useCreateGajianPeriode
FNDA:0,(anonymous_3)
FNDA:1,useDeleteGajianPeriode
FNDA:0,(anonymous_5)
FNDA:1,useSaveGajianRequest
FNDA:0,(anonymous_7)
FNDA:1,useGajianTotals
FNDA:2,useKaryawanIdsInGajian
FNDA:1,useKasbonForGajian
FNDA:0,useFinalizeGajian
FNDA:0,(anonymous_12)
FNDA:0,(anonymous_13)
FNDA:0,usePerKaryawanRincian
FNDA:0,(anonymous_15)
FNDA:1,usePotong
FNDA:1,useSavePotong
FNDA:0,(anonymous_18)
FNDA:1,useDeletePotong
FNDA:0,(anonymous_20)
FNDA:0,useJahit
FNDA:1,useSaveJahit
FNDA:0,(anonymous_23)
FNDA:1,useDeleteJahit
FNDA:0,(anonymous_25)
FNDA:1,useFinishing
FNDA:1,useSaveFinishing
FNDA:0,(anonymous_28)
FNDA:1,useDeleteFinishing
FNDA:0,(anonymous_30)
FNDA:0,useQC
FNDA:1,useSaveQC
FNDA:0,(anonymous_33)
FNDA:1,useDeleteQC
FNDA:0,(anonymous_35)
FNDA:0,useKreatif
FNDA:1,useSaveKreatif
FNDA:0,(anonymous_38)
FNDA:1,useDeleteKreatif
FNDA:0,(anonymous_40)
FNDA:0,useCmt
FNDA:1,useSaveCmt
FNDA:0,(anonymous_43)
FNDA:1,useDeleteCmt
FNDA:0,(anonymous_45)
FNDA:1,useProdukList
DA:46,1
DA:47,1
DA:51,1
DA:52,1
DA:56,1
DA:57,1
DA:61,1
DA:62,1
DA:66,1
DA:67,1
DA:71,1
DA:72,1
DA:76,2
DA:77,2
DA:82,1
DA:83,1
DA:91,0
DA:92,0
DA:94,0
DA:95,0
DA:96,0
DA:97,0
DA:98,0
DA:99,0
DA:111,0
DA:112,0
DA:113,0
DA:114,0
DA:115,0
DA:117,0
DA:119,0
DA:130,0
DA:136,1
DA:137,1
DA:140,1
DA:141,1
DA:144,1
DA:145,1
DA:151,0
DA:152,0
DA:155,1
DA:156,1
DA:159,1
DA:160,1
DA:166,1
DA:167,1
DA:170,1
DA:171,1
DA:174,1
DA:175,1
DA:181,0
DA:182,0
DA:185,1
DA:186,1
DA:189,1
DA:190,1
DA:196,0
DA:197,0
DA:200,1
DA:201,1
DA:204,1
DA:205,1
DA:211,0
DA:212,0
DA:215,1
DA:216,1
DA:219,1
DA:220,1
DA:226,1
DA:227,1
LF:70
LH:46
BRDA:47,0,0,1
BRDA:47,0,1,0
BRDA:52,1,0,1
BRDA:52,1,1,0
BRDA:72,2,0,1
BRDA:72,2,1,0
BRDA:77,3,0,2
BRDA:77,3,1,0
BRDA:98,4,0,0
BRDA:98,4,1,0
BRDA:110,5,0,0
BRDA:110,6,0,0
BRDA:120,7,0,0
BRDA:120,7,1,0
BRDA:121,8,0,0
BRDA:121,8,1,0
BRDA:122,9,0,0
BRDA:122,9,1,0
BRDA:123,10,0,0
BRDA:123,10,1,0
BRDA:130,11,0,0
BRDA:130,11,1,0
BRDA:130,11,2,0
BRDA:130,11,3,0
BRDA:137,12,0,1
BRDA:137,12,1,0
BRDA:152,13,0,0
BRDA:152,13,1,0
BRDA:167,14,0,1
BRDA:167,14,1,1
BRDA:182,15,0,0
BRDA:182,15,1,0
BRDA:197,16,0,0
BRDA:197,16,1,0
BRDA:212,17,0,0
BRDA:212,17,1,0
BRDA:227,18,0,1
BRDA:227,18,1,0
BRF:38
BRH:8
end_of_record
TN:
SF:src\features\gajian\queries.js
FN:41,(anonymous_0)
FN:42,(anonymous_1)
FN:43,(anonymous_2)
FN:44,(anonymous_3)
FN:45,(anonymous_4)
FN:46,(anonymous_5)
FN:47,(anonymous_6)
FN:48,(anonymous_7)
FN:49,(anonymous_8)
FN:50,(anonymous_9)
FN:51,(anonymous_10)
FN:52,(anonymous_11)
FN:53,(anonymous_12)
FN:54,(anonymous_13)
FN:55,(anonymous_14)
FN:58,invalidateGajian
FN:64,useGajianListQuery
FN:68,useGajianDetailQuery
FN:69,(anonymous_18)
FN:72,useCreateGajianPeriodeMutation
FN:75,(anonymous_20)
FN:76,(anonymous_21)
FN:80,useDeleteGajianPeriodeMutation
FN:83,(anonymous_23)
FN:84,(anonymous_24)
FN:88,useSaveGajianRequestMutation
FN:91,(anonymous_26)
FN:92,(anonymous_27)
FN:96,useFinalizeGajianMutation
FN:99,(anonymous_29)
FN:100,(anonymous_30)
FN:104,useGajianTotalsQuery
FN:105,(anonymous_32)
FN:108,useKaryawanIdsInGajianQuery
FN:109,(anonymous_34)
FN:114,usePotongForRincianQuery
FN:115,(anonymous_36)
FN:118,useJahitForRincianQuery
FN:119,(anonymous_38)
FN:122,useQCForRincianQuery
FN:123,(anonymous_40)
FN:126,useKreatifForRincianQuery
FN:127,(anonymous_42)
FN:132,usePotongQuery
FN:133,(anonymous_44)
FN:135,useSavePotongMutation
FN:137,(anonymous_46)
FN:137,(anonymous_47)
FN:139,useDeletePotongMutation
FN:141,(anonymous_49)
FN:141,(anonymous_50)
FN:146,useJahitQuery
FN:147,(anonymous_52)
FN:149,useSaveJahitMutation
FN:151,(anonymous_54)
FN:151,(anonymous_55)
FN:153,useDeleteJahitMutation
FN:155,(anonymous_57)
FN:155,(anonymous_58)
FN:160,useFinishingQuery
FN:161,(anonymous_60)
FN:163,useSaveFinishingMutation
FN:165,(anonymous_62)
FN:165,(anonymous_63)
FN:167,useDeleteFinishingMutation
FN:169,(anonymous_65)
FN:169,(anonymous_66)
FN:174,useQCQuery
FN:175,(anonymous_68)
FN:177,useSaveQCMutation
FN:179,(anonymous_70)
FN:179,(anonymous_71)
FN:181,useDeleteQCMutation
FN:183,(anonymous_73)
FN:183,(anonymous_74)
FN:188,useKreatifQuery
FN:189,(anonymous_76)
FN:191,useSaveKreatifMutation
FN:193,(anonymous_78)
FN:193,(anonymous_79)
FN:195,useDeleteKreatifMutation
FN:197,(anonymous_81)
FN:197,(anonymous_82)
FN:202,useCmtQuery
FN:203,(anonymous_84)
FN:205,useSaveCmtMutation
FN:207,(anonymous_86)
FN:207,(anonymous_87)
FN:209,useDeleteCmtMutation
FN:211,(anonymous_89)
FN:211,(anonymous_90)
FN:216,useProdukListQuery
FNF:92
FNH:92
FNDA:3,(anonymous_0)
FNDA:4,(anonymous_1)
FNDA:3,(anonymous_2)
FNDA:4,(anonymous_3)
FNDA:4,(anonymous_4)
FNDA:4,(anonymous_5)
FNDA:4,(anonymous_6)
FNDA:4,(anonymous_7)
FNDA:4,(anonymous_8)
FNDA:4,(anonymous_9)
FNDA:3,(anonymous_10)
FNDA:4,(anonymous_11)
FNDA:4,(anonymous_12)
FNDA:3,(anonymous_13)
FNDA:3,(anonymous_14)
FNDA:16,invalidateGajian
FNDA:2,useGajianListQuery
FNDA:3,useGajianDetailQuery
FNDA:1,(anonymous_18)
FNDA:3,useCreateGajianPeriodeMutation
FNDA:1,(anonymous_20)
FNDA:1,(anonymous_21)
FNDA:3,useDeleteGajianPeriodeMutation
FNDA:1,(anonymous_23)
FNDA:1,(anonymous_24)
FNDA:3,useSaveGajianRequestMutation
FNDA:1,(anonymous_26)
FNDA:1,(anonymous_27)
FNDA:3,useFinalizeGajianMutation
FNDA:1,(anonymous_29)
FNDA:1,(anonymous_30)
FNDA:2,useGajianTotalsQuery
FNDA:1,(anonymous_32)
FNDA:3,useKaryawanIdsInGajianQuery
FNDA:1,(anonymous_34)
FNDA:3,usePotongForRincianQuery
FNDA:1,(anonymous_36)
FNDA:3,useJahitForRincianQuery
FNDA:1,(anonymous_38)
FNDA:2,useQCForRincianQuery
FNDA:1,(anonymous_40)
FNDA:2,useKreatifForRincianQuery
FNDA:1,(anonymous_42)
FNDA:3,usePotongQuery
FNDA:1,(anonymous_44)
FNDA:3,useSavePotongMutation
FNDA:1,(anonymous_46)
FNDA:1,(anonymous_47)
FNDA:3,useDeletePotongMutation
FNDA:1,(anonymous_49)
FNDA:1,(anonymous_50)
FNDA:3,useJahitQuery
FNDA:1,(anonymous_52)
FNDA:3,useSaveJahitMutation
FNDA:1,(anonymous_54)
FNDA:1,(anonymous_55)
FNDA:3,useDeleteJahitMutation
FNDA:1,(anonymous_57)
FNDA:1,(anonymous_58)
FNDA:3,useFinishingQuery
FNDA:1,(anonymous_60)
FNDA:3,useSaveFinishingMutation
FNDA:1,(anonymous_62)
FNDA:1,(anonymous_63)
FNDA:3,useDeleteFinishingMutation
FNDA:1,(anonymous_65)
FNDA:1,(anonymous_66)
FNDA:3,useQCQuery
FNDA:1,(anonymous_68)
FNDA:3,useSaveQCMutation
FNDA:1,(anonymous_70)
FNDA:1,(anonymous_71)
FNDA:3,useDeleteQCMutation
FNDA:1,(anonymous_73)
FNDA:1,(anonymous_74)
FNDA:3,useKreatifQuery
FNDA:1,(anonymous_76)
FNDA:3,useSaveKreatifMutation
FNDA:1,(anonymous_78)
FNDA:1,(anonymous_79)
FNDA:3,useDeleteKreatifMutation
FNDA:1,(anonymous_81)
FNDA:1,(anonymous_82)
FNDA:3,useCmtQuery
FNDA:1,(anonymous_84)
FNDA:3,useSaveCmtMutation
FNDA:1,(anonymous_86)
FNDA:1,(anonymous_87)
FNDA:3,useDeleteCmtMutation
FNDA:1,(anonymous_89)
FNDA:1,(anonymous_90)
FNDA:2,useProdukListQuery
DA:39,1
DA:41,3
DA:42,4
DA:43,3
DA:44,4
DA:45,4
DA:46,4
DA:47,4
DA:48,4
DA:49,4
DA:50,4
DA:51,3
DA:52,4
DA:53,4
DA:54,3
DA:55,3
DA:59,16
DA:65,2
DA:69,3
DA:73,3
DA:74,3
DA:75,1
DA:76,1
DA:81,3
DA:82,3
DA:83,1
DA:84,1
DA:89,3
DA:90,3
DA:91,1
DA:92,1
DA:97,3
DA:98,3
DA:99,1
DA:100,1
DA:105,2
DA:109,3
DA:115,3
DA:119,3
DA:123,2
DA:127,2
DA:133,3
DA:136,3
DA:137,3
DA:140,3
DA:141,3
DA:147,3
DA:150,3
DA:151,3
DA:154,3
DA:155,3
DA:161,3
DA:164,3
DA:165,3
DA:168,3
DA:169,3
DA:175,3
DA:178,3
DA:179,3
DA:182,3
DA:183,3
DA:189,3
DA:192,3
DA:193,3
DA:196,3
DA:197,3
DA:203,3
DA:206,3
DA:207,3
DA:210,3
DA:211,3
DA:217,2
LF:72
LH:72
BRF:0
BRH:0
end_of_record
TN:
SF:src\features\gajian\utils.js
FN:11,(anonymous_0)
FN:12,(anonymous_1)
FN:13,(anonymous_2)
FN:18,calcUpahPotong
FN:23,calcFinishingPerPcs
FN:35,calcUpahFinishing
FN:38,(anonymous_6)
FN:44,calcUpahKreatif
FN:51,rincianPotong
FN:66,rincianJahit
FN:85,rincianKreatif
FN:99,rincianQC
FN:119,buildPerKaryawanMap
FN:121,(anonymous_13)
FN:131,(anonymous_14)
FN:136,sumTambahan
FN:137,(anonymous_16)
FN:140,sumKasbonDeduction
FN:141,(anonymous_18)
FN:145,buildKasbonDeductionsPayload
FN:147,(anonymous_20)
FN:148,(anonymous_21)
FN:157,cleanTambahan
FN:158,(anonymous_23)
FN:162,calcTotalRequest
FN:168,generateWAText
FN:173,(anonymous_26)
FN:174,(anonymous_27)
FN:183,(anonymous_28)
FN:192,(anonymous_29)
FNF:30
FNH:28
FNDA:1,(anonymous_0)
FNDA:1,(anonymous_1)
FNDA:1,(anonymous_2)
FNDA:3,calcUpahPotong
FNDA:4,calcFinishingPerPcs
FNDA:2,calcUpahFinishing
FNDA:1,(anonymous_6)
FNDA:1,calcUpahKreatif
FNDA:5,rincianPotong
FNDA:2,rincianJahit
FNDA:1,rincianKreatif
FNDA:2,rincianQC
FNDA:3,buildPerKaryawanMap
FNDA:4,(anonymous_13)
FNDA:1,(anonymous_14)
FNDA:3,sumTambahan
FNDA:3,(anonymous_16)
FNDA:3,sumKasbonDeduction
FNDA:3,(anonymous_18)
FNDA:2,buildKasbonDeductionsPayload
FNDA:2,(anonymous_20)
FNDA:1,(anonymous_21)
FNDA:2,cleanTambahan
FNDA:3,(anonymous_23)
FNDA:1,calcTotalRequest
FNDA:3,generateWAText
FNDA:0,(anonymous_26)
FNDA:0,(anonymous_27)
FNDA:6,(anonymous_28)
FNDA:18,(anonymous_29)
DA:7,2
DA:9,2
DA:11,2
DA:12,2
DA:13,2
DA:19,3
DA:24,4
DA:36,2
DA:37,2
DA:38,1
DA:45,1
DA:52,5
DA:53,5
DA:54,5
DA:55,5
DA:56,5
DA:57,5
DA:58,5
DA:59,5
DA:60,5
DA:61,5
DA:62,5
DA:67,2
DA:68,2
DA:69,2
DA:70,2
DA:71,2
DA:72,1
DA:73,1
DA:75,2
DA:76,0
DA:77,0
DA:78,0
DA:79,0
DA:81,2
DA:86,1
DA:87,1
DA:88,1
DA:89,1
DA:90,1
DA:91,1
DA:92,1
DA:93,1
DA:94,1
DA:95,1
DA:100,2
DA:101,2
DA:102,2
DA:103,2
DA:104,2
DA:105,2
DA:120,3
DA:121,3
DA:122,4
DA:123,4
DA:124,4
DA:125,4
DA:127,3
DA:128,3
DA:129,3
DA:130,3
DA:131,3
DA:137,3
DA:141,3
DA:146,2
DA:147,2
DA:148,1
DA:158,3
DA:163,1
DA:169,3
DA:170,3
DA:171,3
DA:172,3
DA:173,3
DA:174,3
DA:175,3
DA:176,3
DA:177,3
DA:178,0
DA:179,0
DA:182,3
DA:183,6
DA:185,3
DA:192,18
DA:194,3
DA:195,3
DA:196,3
DA:197,3
DA:198,3
DA:199,3
DA:200,3
DA:201,3
DA:202,3
DA:204,3
DA:205,3
DA:206,3
DA:208,3
DA:209,3
DA:210,0
DA:211,0
DA:212,0
DA:213,0
DA:214,0
DA:215,0
DA:216,0
DA:217,0
DA:220,3
DA:221,1
DA:222,1
DA:223,1
DA:224,1
DA:225,1
DA:226,1
DA:227,1
DA:228,1
DA:230,1
DA:231,0
DA:233,1
DA:235,1
DA:238,3
DA:239,3
LF:121
LH:106
BRDA:18,0,0,3
BRDA:18,1,0,3
BRDA:18,2,0,3
BRDA:18,3,0,3
BRDA:25,4,0,4
BRDA:25,4,1,0
BRDA:26,5,0,4
BRDA:26,5,1,0
BRDA:27,6,0,4
BRDA:27,6,1,0
BRDA:28,7,0,4
BRDA:28,7,1,0
BRDA:29,8,0,4
BRDA:29,8,1,0
BRDA:30,9,0,4
BRDA:30,9,1,0
BRDA:35,10,0,2
BRDA:38,11,0,1
BRDA:38,11,1,0
BRDA:38,12,0,1
BRDA:38,12,1,0
BRDA:44,13,0,1
BRDA:44,14,0,1
BRDA:44,15,0,1
BRDA:53,16,0,5
BRDA:53,16,1,4
BRDA:54,17,0,5
BRDA:54,17,1,4
BRDA:55,18,0,5
BRDA:55,18,1,4
BRDA:56,19,0,5
BRDA:56,19,1,3
BRDA:57,20,0,1
BRDA:57,20,1,4
BRDA:58,21,0,1
BRDA:58,21,1,4
BRDA:59,22,0,1
BRDA:59,22,1,4
BRDA:60,23,0,5
BRDA:60,23,1,0
BRDA:61,24,0,4
BRDA:61,24,1,1
BRDA:68,25,0,2
BRDA:68,25,1,0
BRDA:69,26,0,2
BRDA:69,26,1,1
BRDA:70,27,0,2
BRDA:70,27,1,0
BRDA:71,28,0,1
BRDA:71,28,1,1
BRDA:73,29,0,1
BRDA:73,29,1,0
BRDA:75,30,0,2
BRDA:75,30,1,0
BRDA:76,31,0,0
BRDA:76,31,1,0
BRDA:77,32,0,0
BRDA:77,32,1,0
BRDA:78,33,0,0
BRDA:78,33,1,0
BRDA:79,34,0,0
BRDA:79,34,1,0
BRDA:87,35,0,1
BRDA:87,35,1,0
BRDA:88,36,0,1
BRDA:88,36,1,0
BRDA:89,37,0,1
BRDA:89,37,1,1
BRDA:90,38,0,1
BRDA:90,38,1,0
BRDA:91,39,0,1
BRDA:91,39,1,0
BRDA:92,40,0,0
BRDA:92,40,1,1
BRDA:93,41,0,1
BRDA:93,41,1,0
BRDA:94,42,0,0
BRDA:94,42,1,1
BRDA:101,43,0,2
BRDA:101,43,1,0
BRDA:102,44,0,2
BRDA:102,44,1,0
BRDA:103,45,0,2
BRDA:103,45,1,0
BRDA:104,46,0,0
BRDA:104,46,1,2
BRDA:119,47,0,3
BRDA:119,48,0,3
BRDA:119,49,0,3
BRDA:119,50,0,3
BRDA:119,51,0,3
BRDA:122,52,0,4
BRDA:122,52,1,0
BRDA:123,53,0,4
BRDA:123,53,1,0
BRDA:124,54,0,4
BRDA:124,54,1,0
BRDA:129,55,0,1
BRDA:129,55,1,2
BRDA:136,56,0,3
BRDA:137,57,0,3
BRDA:137,57,1,0
BRDA:140,58,0,3
BRDA:140,59,0,3
BRDA:141,60,0,3
BRDA:141,60,1,1
BRDA:145,61,0,2
BRDA:145,62,0,2
BRDA:151,63,0,1
BRDA:151,63,1,0
BRDA:152,64,0,1
BRDA:152,64,1,0
BRDA:157,65,0,2
BRDA:158,66,0,3
BRDA:158,66,1,1
BRDA:162,67,0,1
BRDA:162,68,0,1
BRDA:162,69,0,1
BRDA:162,70,0,1
BRDA:162,71,0,1
BRDA:163,72,0,1
BRDA:163,72,1,0
BRDA:171,73,0,1
BRDA:171,73,1,2
BRDA:171,74,0,1
BRDA:171,74,1,0
BRDA:171,75,0,2
BRDA:171,75,1,0
BRDA:172,76,0,1
BRDA:172,76,1,2
BRDA:172,77,0,1
BRDA:172,77,1,0
BRDA:172,78,0,2
BRDA:172,78,1,2
BRDA:173,79,0,3
BRDA:173,79,1,0
BRDA:173,80,0,1
BRDA:173,80,1,2
BRDA:174,81,0,3
BRDA:174,81,1,0
BRDA:174,82,0,1
BRDA:174,82,1,2
BRDA:175,83,0,1
BRDA:175,83,1,2
BRDA:175,84,0,1
BRDA:175,84,1,0
BRDA:178,85,0,0
BRDA:178,85,1,0
BRDA:179,86,0,0
BRDA:179,86,1,0
BRDA:179,87,0,0
BRDA:179,87,1,0
BRDA:186,88,0,1
BRDA:186,88,1,2
BRDA:187,89,0,1
BRDA:187,89,1,2
BRDA:188,90,0,1
BRDA:188,90,1,2
BRDA:189,91,0,1
BRDA:189,91,1,2
BRDA:190,92,0,1
BRDA:190,92,1,2
BRDA:191,93,0,1
BRDA:191,93,1,2
BRDA:192,94,0,18
BRDA:192,94,1,0
BRDA:197,95,0,1
BRDA:197,95,1,2
BRDA:202,96,0,3
BRDA:202,96,1,0
BRDA:208,97,0,3
BRDA:208,97,1,3
BRDA:208,97,2,3
BRDA:209,98,0,0
BRDA:209,98,1,3
BRDA:212,99,0,0
BRDA:212,99,1,0
BRDA:213,100,0,0
BRDA:213,100,1,0
BRDA:214,101,0,0
BRDA:214,101,1,0
BRDA:220,102,0,1
BRDA:220,102,1,2
BRDA:224,103,0,1
BRDA:224,103,1,1
BRDA:227,104,0,1
BRDA:227,104,1,0
BRDA:227,105,0,1
BRDA:227,105,1,0
BRDA:230,106,0,0
BRDA:230,106,1,1
BRF:191
BRH:128
end_of_record
TN:
SF:src\features\gajian\components\BuatPeriodeModal.jsx
FN:7,BuatPeriodeModal
FN:12,handleSubmit
FN:36,(anonymous_2)
FNF:3
FNH:2
FNDA:11,BuatPeriodeModal
FNDA:2,handleSubmit
FNDA:0,(anonymous_2)
DA:8,11
DA:9,11
DA:10,11
DA:13,2
DA:14,2
DA:15,2
DA:16,2
DA:17,1
DA:19,1
DA:21,2
DA:25,11
DA:36,0
LF:12
LH:11
BRDA:43,0,0,2
BRDA:43,0,1,9
BRF:2
BRH:2
end_of_record
TN:
SF:src\features\gajian\components\CmtForm.jsx
FN:9,CmtForm
FN:27,(anonymous_1)
FN:27,(anonymous_2)
FN:28,(anonymous_3)
FN:29,(anonymous_4)
FN:34,handleSubmit
FN:65,(anonymous_6)
FN:71,(anonymous_7)
FN:75,(anonymous_8)
FN:82,(anonymous_9)
FN:86,(anonymous_10)
FN:92,(anonymous_11)
FN:98,(anonymous_12)
FN:104,(anonymous_13)
FN:104,(anonymous_14)
FN:112,(anonymous_15)
FN:113,(anonymous_16)
FNF:17
FNH:4
FNDA:13,CmtForm
FNDA:0,(anonymous_1)
FNDA:0,(anonymous_2)
FNDA:35,(anonymous_3)
FNDA:6,(anonymous_4)
FNDA:3,handleSubmit
FNDA:0,(anonymous_6)
FNDA:0,(anonymous_7)
FNDA:0,(anonymous_8)
FNDA:0,(anonymous_9)
FNDA:0,(anonymous_10)
FNDA:0,(anonymous_11)
FNDA:0,(anonymous_12)
FNDA:0,(anonymous_13)
FNDA:0,(anonymous_14)
FNDA:0,(anonymous_15)
FNDA:0,(anonymous_16)
DA:10,13
DA:11,13
DA:13,13
DA:22,13
DA:23,13
DA:24,13
DA:25,13
DA:27,13
DA:28,35
DA:29,13
DA:31,13
DA:32,13
DA:35,3
DA:36,3
DA:37,3
DA:38,3
DA:49,3
DA:50,2
DA:51,2
DA:53,1
DA:55,3
DA:59,13
DA:65,0
DA:71,0
DA:75,0
DA:82,0
DA:86,0
DA:92,0
DA:98,0
DA:104,0
DA:112,0
DA:113,0
LF:32
LH:22
BRDA:15,0,0,13
BRDA:15,0,1,13
BRDA:16,1,0,13
BRDA:16,1,1,13
BRDA:28,2,0,0
BRDA:28,2,1,35
BRDA:28,3,0,35
BRDA:28,3,1,35
BRDA:29,4,0,0
BRDA:29,4,1,6
BRDA:29,5,0,6
BRDA:29,5,1,6
BRDA:32,6,0,13
BRDA:32,6,1,13
BRDA:40,7,0,3
BRDA:40,7,1,3
BRDA:41,8,0,3
BRDA:41,8,1,3
BRDA:42,9,0,3
BRDA:42,9,1,3
BRDA:47,10,0,3
BRDA:47,10,1,3
BRDA:60,11,0,1
BRDA:60,11,1,12
BRDA:65,12,0,13
BRDA:65,12,1,13
BRDA:82,13,0,13
BRDA:82,13,1,13
BRDA:86,14,0,13
BRDA:86,14,1,13
BRDA:92,15,0,13
BRDA:92,15,1,13
BRDA:93,16,0,13
BRDA:93,16,1,0
BRDA:98,17,0,13
BRDA:98,17,1,13
BRDA:108,18,0,0
BRDA:108,18,1,13
BRDA:110,19,0,13
BRDA:110,19,1,0
BRF:40
BRH:35
end_of_record
TN:
SF:src\features\gajian\components\EntryCard.jsx
FN:4,EntryCard
FNF:1
FNH:1
FNDA:6,EntryCard
DA:5,6
LF:1
LH:1
BRDA:9,0,0,6
BRDA:9,0,1,1
BRF:2
BRH:2
end_of_record
TN:
SF:src\features\gajian\components\FinishingForm.jsx
FN:11,FinishingForm
FN:18,(anonymous_1)
FN:26,(anonymous_2)
FN:26,(anonymous_3)
FN:26,(anonymous_4)
FN:27,(anonymous_5)
FN:31,(anonymous_6)
FN:36,handleSubmit
FN:43,(anonymous_8)
FN:44,(anonymous_9)
FN:78,(anonymous_10)
FN:88,(anonymous_11)
FN:92,(anonymous_12)
FN:100,(anonymous_13)
FN:105,(anonymous_14)
FN:115,(anonymous_15)
FN:115,(anonymous_16)
FN:115,(anonymous_17)
FN:125,(anonymous_18)
FN:125,(anonymous_19)
FN:134,(anonymous_20)
FN:134,(anonymous_21)
FN:143,(anonymous_22)
FN:147,(anonymous_23)
FNF:24
FNH:7
FNDA:10,FinishingForm
FNDA:0,(anonymous_1)
FNDA:0,(anonymous_2)
FNDA:0,(anonymous_3)
FNDA:0,(anonymous_4)
FNDA:40,(anonymous_5)
FNDA:10,(anonymous_6)
FNDA:3,handleSubmit
FNDA:3,(anonymous_8)
FNDA:0,(anonymous_9)
FNDA:10,(anonymous_10)
FNDA:0,(anonymous_11)
FNDA:10,(anonymous_12)
FNDA:0,(anonymous_13)
FNDA:0,(anonymous_14)
FNDA:0,(anonymous_15)
FNDA:0,(anonymous_16)
FNDA:0,(anonymous_17)
FNDA:0,(anonymous_18)
FNDA:0,(anonymous_19)
FNDA:0,(anonymous_20)
FNDA:0,(anonymous_21)
FNDA:0,(anonymous_22)
FNDA:0,(anonymous_23)
DA:12,10
DA:13,10
DA:14,10
DA:16,10
DA:18,0
DA:21,10
DA:22,10
DA:23,10
DA:24,10
DA:26,10
DA:27,40
DA:29,10
DA:30,10
DA:31,10
DA:34,10
DA:37,3
DA:38,3
DA:39,3
DA:40,3
DA:43,3
DA:44,0
DA:51,3
DA:52,2
DA:53,2
DA:55,1
DA:57,3
DA:61,10
DA:79,10
DA:80,10
DA:81,10
DA:82,10
DA:88,0
DA:93,10
DA:100,0
DA:105,0
DA:115,0
DA:125,0
DA:134,0
DA:143,0
DA:147,0
LF:40
LH:30
BRDA:17,0,0,0
BRDA:17,0,1,10
BRDA:18,1,0,0
BRDA:18,1,1,0
BRDA:26,2,0,0
BRDA:26,2,1,0
BRDA:27,3,0,0
BRDA:27,3,1,40
BRDA:27,4,0,40
BRDA:27,4,1,40
BRDA:34,5,0,10
BRDA:34,5,1,10
BRDA:43,6,0,3
BRDA:43,6,1,3
BRDA:45,7,0,0
BRDA:45,7,1,0
BRDA:45,7,2,0
BRDA:62,8,0,0
BRDA:62,8,1,10
BRDA:91,9,0,0
BRDA:91,9,1,10
BRDA:100,10,0,0
BRDA:100,10,1,10
BRDA:101,11,0,10
BRDA:101,11,1,0
BRDA:105,12,0,0
BRDA:105,12,1,10
BRDA:106,13,0,10
BRDA:106,13,1,0
BRDA:109,14,0,10
BRDA:109,14,1,0
BRDA:114,15,0,10
BRDA:114,15,1,0
BRDA:137,16,0,0
BRDA:137,16,1,10
BRDA:139,17,0,10
BRDA:139,17,1,0
BRF:37
BRH:18
end_of_record
TN:
SF:src\features\gajian\components\GajianShareCard.jsx
FN:9,GajianShareCard2
FN:16,(anonymous_1)
FN:17,(anonymous_2)
FN:32,(anonymous_3)
FN:61,(anonymous_4)
FN:82,(anonymous_5)
FN:88,(anonymous_6)
FN:105,(anonymous_7)
FN:126,(anonymous_8)
FNF:9
FNH:7
FNDA:9,GajianShareCard2
FNDA:0,(anonymous_1)
FNDA:1,(anonymous_2)
FNDA:54,(anonymous_3)
FNDA:19,(anonymous_4)
FNDA:0,(anonymous_5)
FNDA:1,(anonymous_6)
FNDA:4,(anonymous_7)
FNDA:4,(anonymous_8)
DA:9,1
DA:13,9
DA:14,9
DA:15,9
DA:16,9
DA:17,9
DA:18,9
DA:19,9
DA:20,9
DA:21,1
DA:22,1
DA:25,9
DA:32,54
DA:34,9
DA:36,9
DA:62,19
DA:83,0
DA:89,1
DA:106,4
DA:107,4
DA:108,4
DA:127,4
LF:22
LH:21
BRDA:14,0,0,1
BRDA:14,0,1,8
BRDA:14,1,0,1
BRDA:14,1,1,0
BRDA:14,2,0,8
BRDA:14,2,1,0
BRDA:15,3,0,1
BRDA:15,3,1,8
BRDA:15,4,0,1
BRDA:15,4,1,0
BRDA:15,5,0,8
BRDA:15,5,1,7
BRDA:16,6,0,9
BRDA:16,6,1,0
BRDA:16,7,0,1
BRDA:16,7,1,8
BRDA:17,8,0,9
BRDA:17,8,1,0
BRDA:17,9,0,1
BRDA:17,9,1,8
BRDA:18,10,0,1
BRDA:18,10,1,8
BRDA:18,11,0,1
BRDA:18,11,1,0
BRDA:21,12,0,1
BRDA:21,12,1,0
BRDA:22,13,0,1
BRDA:22,13,1,1
BRDA:22,14,0,1
BRDA:22,14,1,0
BRDA:26,15,0,1
BRDA:26,15,1,8
BRDA:27,16,0,1
BRDA:27,16,1,8
BRDA:28,17,0,1
BRDA:28,17,1,8
BRDA:29,18,0,1
BRDA:29,18,1,8
BRDA:30,19,0,1
BRDA:30,19,1,8
BRDA:31,20,0,1
BRDA:31,20,1,8
BRDA:32,21,0,54
BRDA:32,21,1,3
BRDA:34,22,0,9
BRDA:34,22,1,7
BRDA:34,22,2,7
BRDA:52,23,0,9
BRDA:52,23,1,1
BRDA:64,24,0,19
BRDA:64,24,1,0
BRDA:73,25,0,9
BRDA:73,25,1,3
BRDA:76,26,0,3
BRDA:76,26,1,2
BRDA:84,27,0,0
BRDA:84,27,1,0
BRDA:90,28,0,1
BRDA:90,28,1,0
BRDA:102,29,0,9
BRDA:102,29,1,4
BRDA:106,30,0,4
BRDA:106,30,1,4
BRDA:113,31,0,4
BRDA:113,31,1,0
BRDA:113,31,2,4
BRDA:119,32,0,4
BRDA:119,32,1,0
BRDA:124,33,0,4
BRDA:124,33,1,4
BRF:70
BRH:56
end_of_record
TN:
SF:src\features\gajian\components\JahitForm.jsx
FN:12,JahitForm
FN:20,(anonymous_1)
FN:25,(anonymous_2)
FN:33,(anonymous_3)
FN:34,(anonymous_4)
FN:35,(anonymous_5)
FN:43,(anonymous_6)
FN:43,(anonymous_7)
FN:43,(anonymous_8)
FN:45,(anonymous_9)
FN:46,(anonymous_10)
FN:48,(anonymous_11)
FN:49,(anonymous_12)
FN:52,handleSubmit
FN:61,(anonymous_14)
FN:62,(anonymous_15)
FN:70,(anonymous_16)
FN:71,(anonymous_17)
FN:97,(anonymous_18)
FN:98,(anonymous_19)
FN:99,(anonymous_20)
FN:106,(anonymous_21)
FN:108,(anonymous_22)
FN:118,(anonymous_23)
FN:120,(anonymous_24)
FN:129,(anonymous_25)
FN:131,(anonymous_26)
FN:138,(anonymous_27)
FN:148,(anonymous_28)
FN:156,(anonymous_29)
FN:156,(anonymous_30)
FN:156,(anonymous_31)
FN:166,(anonymous_32)
FN:166,(anonymous_33)
FN:177,(anonymous_34)
FN:181,(anonymous_35)
FN:186,(anonymous_36)
FN:190,(anonymous_37)
FN:193,(anonymous_38)
FN:193,(anonymous_39)
FN:193,(anonymous_40)
FN:201,(anonymous_41)
FN:201,(anonymous_42)
FN:212,(anonymous_43)
FN:212,(anonymous_44)
FN:221,(anonymous_45)
FN:225,(anonymous_46)
FNF:47
FNH:47
FNDA:84,JahitForm
FNDA:3,(anonymous_1)
FNDA:3,(anonymous_2)
FNDA:10,(anonymous_3)
FNDA:10,(anonymous_4)
FNDA:10,(anonymous_5)
FNDA:4,(anonymous_6)
FNDA:4,(anonymous_7)
FNDA:4,(anonymous_8)
FNDA:184,(anonymous_9)
FNDA:32,(anonymous_10)
FNDA:86,(anonymous_11)
FNDA:15,(anonymous_12)
FNDA:7,handleSubmit
FNDA:6,(anonymous_14)
FNDA:2,(anonymous_15)
FNDA:1,(anonymous_16)
FNDA:1,(anonymous_17)
FNDA:86,(anonymous_18)
FNDA:86,(anonymous_19)
FNDA:18,(anonymous_20)
FNDA:4,(anonymous_21)
FNDA:86,(anonymous_22)
FNDA:1,(anonymous_23)
FNDA:18,(anonymous_24)
FNDA:1,(anonymous_25)
FNDA:18,(anonymous_26)
FNDA:3,(anonymous_27)
FNDA:1,(anonymous_28)
FNDA:1,(anonymous_29)
FNDA:1,(anonymous_30)
FNDA:2,(anonymous_31)
FNDA:2,(anonymous_32)
FNDA:2,(anonymous_33)
FNDA:15,(anonymous_34)
FNDA:1,(anonymous_35)
FNDA:2,(anonymous_36)
FNDA:1,(anonymous_37)
FNDA:1,(anonymous_38)
FNDA:1,(anonymous_39)
FNDA:1,(anonymous_40)
FNDA:6,(anonymous_41)
FNDA:6,(anonymous_42)
FNDA:5,(anonymous_43)
FNDA:5,(anonymous_44)
FNDA:1,(anonymous_45)
FNDA:1,(anonymous_46)
DA:13,84
DA:14,84
DA:15,84
DA:17,84
DA:18,84
DA:20,3
DA:23,84
DA:25,3
DA:28,84
DA:29,84
DA:30,84
DA:31,84
DA:33,84
DA:34,10
DA:35,10
DA:36,10
DA:37,10
DA:39,10
DA:40,10
DA:43,84
DA:45,184
DA:46,84
DA:48,86
DA:49,84
DA:50,84
DA:53,7
DA:54,7
DA:55,6
DA:56,6
DA:57,6
DA:61,6
DA:62,2
DA:70,1
DA:71,1
DA:78,7
DA:79,5
DA:81,1
DA:83,6
DA:87,84
DA:98,86
DA:99,86
DA:100,86
DA:101,86
DA:106,4
DA:109,86
DA:118,1
DA:121,18
DA:129,1
DA:132,18
DA:138,3
DA:148,1
DA:156,2
DA:166,2
DA:178,15
DA:181,1
DA:186,2
DA:190,1
DA:193,1
DA:201,6
DA:212,5
DA:221,1
DA:225,1
LF:62
LH:62
BRDA:17,0,0,84
BRDA:17,0,1,81
BRDA:19,1,0,3
BRDA:19,1,1,81
BRDA:20,2,0,3
BRDA:20,2,1,0
BRDA:24,3,0,3
BRDA:24,3,1,81
BRDA:36,4,0,0
BRDA:36,4,1,10
BRDA:39,5,0,4
BRDA:39,5,1,6
BRDA:43,6,0,4
BRDA:43,6,1,0
BRDA:45,7,0,23
BRDA:45,7,1,161
BRDA:45,8,0,161
BRDA:45,8,1,152
BRDA:46,9,0,6
BRDA:46,9,1,26
BRDA:46,10,0,26
BRDA:46,10,1,20
BRDA:48,11,0,86
BRDA:48,11,1,0
BRDA:50,12,0,84
BRDA:50,12,1,83
BRDA:54,13,0,1
BRDA:54,13,1,6
BRDA:61,14,0,6
BRDA:61,14,1,4
BRDA:63,15,0,0
BRDA:63,15,1,2
BRDA:63,16,0,2
BRDA:63,16,1,2
BRDA:64,17,0,0
BRDA:64,17,1,2
BRDA:64,18,0,2
BRDA:64,18,1,2
BRDA:65,19,0,0
BRDA:65,19,1,2
BRDA:65,20,0,2
BRDA:65,20,1,2
BRDA:70,21,0,1
BRDA:70,21,1,0
BRDA:72,22,0,0
BRDA:72,22,1,1
BRDA:72,23,0,1
BRDA:72,23,1,1
BRDA:76,24,0,6
BRDA:76,24,1,6
BRDA:88,25,0,3
BRDA:88,25,1,81
BRDA:98,26,0,86
BRDA:98,26,1,80
BRDA:99,27,0,86
BRDA:99,27,1,77
BRDA:100,28,0,86
BRDA:100,28,1,77
BRDA:107,29,0,3
BRDA:107,29,1,83
BRDA:111,30,0,86
BRDA:111,30,1,0
BRDA:119,31,0,3
BRDA:119,31,1,83
BRDA:129,32,0,86
BRDA:129,32,1,9
BRDA:130,33,0,3
BRDA:130,33,1,83
BRDA:130,34,0,6
BRDA:130,34,1,77
BRDA:138,35,0,3
BRDA:138,35,1,83
BRDA:143,36,0,86
BRDA:143,36,1,0
BRDA:150,37,0,86
BRDA:150,37,1,10
BRDA:152,38,0,10
BRDA:152,38,1,0
BRDA:155,39,0,86
BRDA:155,39,1,4
BRDA:181,40,0,15
BRDA:181,40,1,12
BRDA:186,41,0,3
BRDA:186,41,1,12
BRDA:190,42,0,3
BRDA:190,42,1,12
BRDA:215,43,0,6
BRDA:215,43,1,78
BRDA:217,44,0,84
BRDA:217,44,1,6
BRF:90
BRH:78
end_of_record
TN:
SF:src\features\gajian\components\KaryawanSelect.jsx
FN:8,KaryawanSelect
FN:9,(anonymous_1)
FN:13,(anonymous_2)
FN:15,(anonymous_3)
FNF:4
FNH:4
FNDA:5,KaryawanSelect
FNDA:15,(anonymous_1)
FNDA:1,(anonymous_2)
FNDA:12,(anonymous_3)
DA:9,15
DA:10,5
DA:12,5
DA:13,1
DA:16,12
LF:5
LH:5
BRDA:10,0,0,3
BRDA:10,0,1,2
BRDA:18,1,0,6
BRDA:18,1,1,6
BRF:4
BRH:4
end_of_record
TN:
SF:src\features\gajian\components\KreatifForm.jsx
FN:12,KreatifForm
FN:39,handleSubmit
FN:72,(anonymous_2)
FN:75,(anonymous_3)
FN:84,(anonymous_4)
FN:84,(anonymous_5)
FN:92,(anonymous_6)
FN:93,(anonymous_7)
FNF:8
FNH:3
FNDA:10,KreatifForm
FNDA:3,handleSubmit
FNDA:30,(anonymous_2)
FNDA:0,(anonymous_3)
FNDA:0,(anonymous_4)
FNDA:0,(anonymous_5)
FNDA:0,(anonymous_6)
FNDA:0,(anonymous_7)
DA:13,10
DA:14,10
DA:15,10
DA:17,10
DA:18,10
DA:19,10
DA:20,10
DA:21,10
DA:22,10
DA:23,10
DA:24,10
DA:26,10
DA:27,10
DA:28,10
DA:30,10
DA:31,10
DA:33,10
DA:40,3
DA:41,3
DA:42,2
DA:43,2
DA:44,2
DA:52,2
DA:53,1
DA:54,1
DA:56,1
DA:58,2
DA:62,10
DA:73,30
DA:75,0
DA:84,0
DA:92,0
DA:93,0
LF:33
LH:29
BRDA:17,0,0,10
BRDA:17,0,1,10
BRDA:26,1,0,0
BRDA:26,1,1,10
BRDA:26,2,0,10
BRDA:26,2,1,10
BRDA:27,3,0,0
BRDA:27,3,1,10
BRDA:27,4,0,10
BRDA:27,4,1,10
BRDA:28,5,0,0
BRDA:28,5,1,10
BRDA:28,6,0,10
BRDA:28,6,1,10
BRDA:31,7,0,10
BRDA:31,7,1,10
BRDA:34,8,0,10
BRDA:34,8,1,10
BRDA:35,9,0,10
BRDA:35,9,1,10
BRDA:36,10,0,10
BRDA:36,10,1,10
BRDA:41,11,0,1
BRDA:41,11,1,2
BRDA:63,12,0,0
BRDA:63,12,1,10
BRDA:88,13,0,0
BRDA:88,13,1,10
BRDA:90,14,0,10
BRDA:90,14,1,0
BRF:30
BRH:24
end_of_record
TN:
SF:src\features\gajian\components\Modal.jsx
FN:7,Modal
FN:23,ModalFooter
FNF:2
FNH:2
FNDA:4,Modal
FNDA:6,ModalFooter
DA:8,4
DA:24,6
LF:2
LH:2
BRDA:23,0,0,6
BRDA:32,1,0,2
BRDA:32,1,1,4
BRF:3
BRH:3
end_of_record
TN:
SF:src\features\gajian\components\PerKaryawan.jsx
FN:9,PerKaryawan
FN:23,(anonymous_1)
FN:44,(anonymous_2)
FNF:3
FNH:3
FNDA:6,PerKaryawan
FNDA:8,(anonymous_1)
FNDA:4,(anonymous_2)
DA:10,6
DA:12,6
DA:14,4
DA:15,4
DA:16,1
DA:17,1
DA:20,4
DA:24,8
DA:25,8
DA:26,8
DA:45,4
LF:11
LH:11
BRDA:9,0,0,6
BRDA:12,1,0,2
BRDA:12,1,1,4
BRDA:12,2,0,6
BRDA:12,2,1,5
BRDA:16,3,0,1
BRDA:16,3,1,0
BRDA:17,4,0,1
BRDA:17,4,1,1
BRDA:17,5,0,1
BRDA:17,5,1,0
BRDA:24,6,0,8
BRDA:24,6,1,7
BRDA:31,7,0,8
BRDA:31,7,1,4
BRDA:31,7,2,4
BRDA:37,8,0,8
BRDA:37,8,1,1
BRDA:42,9,0,8
BRDA:42,9,1,4
BRF:20
BRH:18
end_of_record
TN:
SF:src\features\gajian\components\PotongForm.jsx
FN:13,PotongForm
FN:35,handleSubmit
FN:72,(anonymous_2)
FN:77,(anonymous_3)
FN:82,(anonymous_4)
FN:100,(anonymous_5)
FN:100,(anonymous_6)
FN:108,(anonymous_7)
FN:109,(anonymous_8)
FNF:9
FNH:2
FNDA:14,PotongForm
FNDA:4,handleSubmit
FNDA:0,(anonymous_2)
FNDA:0,(anonymous_3)
FNDA:0,(anonymous_4)
FNDA:0,(anonymous_5)
FNDA:0,(anonymous_6)
FNDA:0,(anonymous_7)
FNDA:0,(anonymous_8)
DA:14,14
DA:15,14
DA:16,14
DA:18,14
DA:19,14
DA:20,14
DA:21,14
DA:22,14
DA:23,14
DA:24,14
DA:25,14
DA:26,14
DA:28,14
DA:29,14
DA:30,14
DA:32,14
DA:33,14
DA:36,4
DA:37,4
DA:39,3
DA:40,3
DA:41,3
DA:50,3
DA:51,2
DA:52,2
DA:54,1
DA:56,3
DA:60,14
DA:72,0
DA:77,0
DA:82,0
DA:100,0
DA:108,0
DA:109,0
LF:34
LH:28
BRDA:18,0,0,14
BRDA:18,0,1,14
BRDA:22,1,0,14
BRDA:22,1,1,14
BRDA:28,2,0,0
BRDA:28,2,1,14
BRDA:28,3,0,14
BRDA:28,3,1,14
BRDA:29,4,0,0
BRDA:29,4,1,14
BRDA:29,5,0,14
BRDA:29,5,1,14
BRDA:30,6,0,0
BRDA:30,6,1,14
BRDA:30,7,0,14
BRDA:30,7,1,14
BRDA:33,8,0,14
BRDA:33,8,1,14
BRDA:37,9,0,1
BRDA:37,9,1,3
BRDA:61,10,0,0
BRDA:61,10,1,14
BRDA:72,11,0,14
BRDA:72,11,1,14
BRDA:77,12,0,14
BRDA:77,12,1,14
BRDA:82,13,0,14
BRDA:82,13,1,14
BRDA:104,14,0,0
BRDA:104,14,1,14
BRDA:106,15,0,14
BRDA:106,15,1,0
BRF:32
BRH:26
end_of_record
TN:
SF:src\features\gajian\components\QCForm.jsx
FN:10,QCForm
FN:26,(anonymous_1)
FN:32,handleSubmit
FN:61,(anonymous_3)
FN:63,(anonymous_4)
FN:71,(anonymous_5)
FN:76,(anonymous_6)
FN:85,(anonymous_7)
FN:91,(anonymous_8)
FN:97,(anonymous_9)
FN:97,(anonymous_10)
FN:105,(anonymous_11)
FN:106,(anonymous_12)
FNF:13
FNH:6
FNDA:10,QCForm
FNDA:8,(anonymous_1)
FNDA:3,handleSubmit
FNDA:0,(anonymous_3)
FNDA:10,(anonymous_4)
FNDA:2,(anonymous_5)
FNDA:8,(anonymous_6)
FNDA:0,(anonymous_7)
FNDA:0,(anonymous_8)
FNDA:0,(anonymous_9)
FNDA:0,(anonymous_10)
FNDA:0,(anonymous_11)
FNDA:0,(anonymous_12)
DA:11,10
DA:12,10
DA:13,10
DA:14,10
DA:16,10
DA:17,10
DA:18,10
DA:19,10
DA:20,10
DA:21,10
DA:22,10
DA:23,10
DA:26,10
DA:28,10
DA:29,10
DA:30,10
DA:33,3
DA:34,3
DA:35,2
DA:36,2
DA:37,2
DA:45,3
DA:46,2
DA:47,2
DA:49,0
DA:51,2
DA:55,10
DA:61,0
DA:64,10
DA:71,2
DA:77,8
DA:85,0
DA:91,0
DA:97,0
DA:105,0
DA:106,0
LF:36
LH:29
BRDA:16,0,0,10
BRDA:16,0,1,10
BRDA:17,1,0,10
BRDA:17,1,1,10
BRDA:28,2,0,0
BRDA:28,2,1,10
BRDA:28,3,0,10
BRDA:28,3,1,10
BRDA:30,4,0,10
BRDA:30,4,1,10
BRDA:34,5,0,1
BRDA:34,5,1,2
BRDA:40,6,0,2
BRDA:40,6,1,2
BRDA:43,7,0,3
BRDA:43,7,1,2
BRDA:43,7,2,2
BRDA:56,8,0,0
BRDA:56,8,1,10
BRDA:73,9,0,2
BRDA:73,9,1,8
BRDA:85,10,0,10
BRDA:85,10,1,10
BRDA:86,11,0,10
BRDA:86,11,1,0
BRDA:91,12,0,10
BRDA:91,12,1,10
BRDA:101,13,0,0
BRDA:101,13,1,10
BRDA:103,14,0,10
BRDA:103,14,1,0
BRF:31
BRH:26
end_of_record
TN:
SF:src\features\gajian\components\RangeSlider.jsx
FN:3,fmtK
FN:8,RangeSlider
FN:21,(anonymous_2)
FN:27,(anonymous_3)
FN:31,(anonymous_4)
FNF:5
FNH:5
FNDA:7,fmtK
FNDA:8,RangeSlider
FNDA:1,(anonymous_2)
FNDA:7,(anonymous_3)
FNDA:1,(anonymous_4)
DA:4,7
DA:9,8
DA:21,1
DA:28,7
DA:31,1
LF:5
LH:5
BRDA:4,0,0,7
BRDA:4,0,1,0
BRDA:8,1,0,8
BRDA:8,2,0,8
BRDA:25,3,0,8
BRDA:25,3,1,3
BRDA:33,4,0,2
BRDA:33,4,1,5
BRF:8
BRH:7
end_of_record
TN:
SF:src\features\gajian\components\ShareModal.jsx
FN:10,ShareModal
FN:20,copyText
FN:23,(anonymous_2)
FN:26,shareViaWA
FN:30,downloadImage
FN:44,shareImage
FN:79,(anonymous_6)
FN:86,(anonymous_7)
FNF:8
FNH:7
FNDA:33,ShareModal
FNDA:1,copyText
FNDA:0,(anonymous_2)
FNDA:1,shareViaWA
FNDA:2,downloadImage
FNDA:3,shareImage
FNDA:1,(anonymous_6)
FNDA:8,(anonymous_7)
DA:11,33
DA:12,33
DA:13,33
DA:14,33
DA:15,33
DA:17,33
DA:18,33
DA:21,1
DA:22,1
DA:23,1
DA:27,1
DA:31,2
DA:32,2
DA:33,2
DA:34,2
DA:35,2
DA:36,2
DA:37,2
DA:38,2
DA:40,2
DA:45,3
DA:46,3
DA:47,3
DA:48,3
DA:49,3
DA:50,3
DA:51,3
DA:52,3
DA:53,2
DA:55,1
DA:56,1
DA:57,1
DA:58,1
DA:61,1
DA:63,3
DA:67,33
DA:79,1
DA:86,8
LF:38
LH:38
BRDA:52,0,0,2
BRDA:52,0,1,1
BRDA:52,1,0,3
BRDA:52,1,1,3
BRDA:61,2,0,0
BRDA:61,2,1,1
BRDA:80,3,0,16
BRDA:80,3,1,17
BRDA:87,4,0,17
BRDA:87,4,1,16
BRDA:94,5,0,16
BRDA:94,5,1,17
BRDA:99,6,0,1
BRDA:99,6,1,15
BRDA:122,7,0,5
BRDA:122,7,1,12
BRF:16
BRH:15
end_of_record
TN:
SF:src\features\gajian\components\TabCmt.jsx
FN:11,TabCmt
FN:16,handleDelete
FN:22,(anonymous_2)
FN:26,(anonymous_3)
FN:33,(anonymous_4)
FN:39,(anonymous_5)
FN:40,(anonymous_6)
FN:48,(anonymous_7)
FN:48,(anonymous_8)
FNF:9
FNH:6
FNDA:7,TabCmt
FNDA:1,handleDelete
FNDA:5,(anonymous_2)
FNDA:1,(anonymous_3)
FNDA:5,(anonymous_4)
FNDA:0,(anonymous_5)
FNDA:1,(anonymous_6)
FNDA:0,(anonymous_7)
FNDA:0,(anonymous_8)
DA:12,7
DA:13,7
DA:14,7
DA:17,1
DA:18,1
DA:19,1
DA:22,7
DA:24,7
DA:26,1
DA:34,5
DA:39,0
DA:40,1
DA:48,0
LF:13
LH:11
BRDA:17,0,0,0
BRDA:17,0,1,1
BRDA:22,1,0,5
BRDA:22,1,1,0
BRDA:27,2,0,1
BRDA:27,2,1,6
BRDA:29,3,0,1
BRDA:29,3,1,5
BRDA:36,4,0,5
BRDA:36,4,1,0
BRDA:45,5,0,7
BRDA:45,5,1,5
BRDA:47,6,0,7
BRDA:47,6,1,1
BRDA:48,7,0,1
BRDA:48,7,1,0
BRF:16
BRH:12
end_of_record
TN:
SF:src\features\gajian\components\TabFinishing.jsx
FN:10,TabFinishing
FN:15,handleDelete
FN:33,(anonymous_2)
FN:46,(anonymous_3)
FN:54,(anonymous_4)
FN:65,(anonymous_5)
FN:65,(anonymous_6)
FNF:7
FNH:5
FNDA:11,TabFinishing
FNDA:2,handleDelete
FNDA:1,(anonymous_2)
FNDA:7,(anonymous_3)
FNDA:1,(anonymous_4)
FNDA:0,(anonymous_5)
FNDA:0,(anonymous_6)
DA:11,11
DA:12,11
DA:13,11
DA:16,2
DA:17,1
DA:18,1
DA:21,11
DA:23,10
DA:33,1
DA:47,7
DA:54,1
DA:65,0
LF:12
LH:11
BRDA:16,0,0,1
BRDA:16,0,1,1
BRDA:21,1,0,1
BRDA:21,1,1,10
BRDA:28,2,0,3
BRDA:28,2,1,7
BRDA:42,3,0,7
BRDA:42,3,1,0
BRDA:46,4,0,7
BRDA:46,4,1,0
BRDA:48,5,0,7
BRDA:48,5,1,0
BRDA:49,6,0,7
BRDA:49,6,1,0
BRDA:64,7,0,11
BRDA:64,7,1,2
BRF:16
BRH:12
end_of_record
TN:
SF:src\features\gajian\components\TabHeader.jsx
FN:2,TabHeader
FNF:1
FNH:1
FNDA:4,TabHeader
DA:3,4
LF:1
LH:1
BRDA:6,0,0,4
BRDA:6,0,1,2
BRF:2
BRH:2
end_of_record
TN:
SF:src\features\gajian\components\TabJahit.jsx
FN:9,kartuDesc
FN:10,(anonymous_1)
FN:16,TabJahit
FN:21,handleDelete
FN:27,(anonymous_4)
FN:31,(anonymous_5)
FN:38,(anonymous_6)
FN:44,(anonymous_7)
FN:45,(anonymous_8)
FN:57,(anonymous_9)
FN:58,(anonymous_10)
FNF:11
FNH:8
FNDA:5,kartuDesc
FNDA:5,(anonymous_1)
FNDA:7,TabJahit
FNDA:1,handleDelete
FNDA:5,(anonymous_4)
FNDA:1,(anonymous_5)
FNDA:5,(anonymous_6)
FNDA:0,(anonymous_7)
FNDA:1,(anonymous_8)
FNDA:0,(anonymous_9)
FNDA:0,(anonymous_10)
DA:10,5
DA:11,5
DA:12,5
DA:17,7
DA:18,7
DA:19,7
DA:22,1
DA:23,1
DA:24,1
DA:27,7
DA:29,7
DA:31,1
DA:39,5
DA:44,0
DA:45,1
DA:57,0
DA:58,0
LF:17
LH:14
BRDA:10,0,0,5
BRDA:10,0,1,0
BRDA:10,1,0,5
BRDA:10,1,1,0
BRDA:11,2,0,5
BRDA:11,2,1,0
BRDA:22,3,0,0
BRDA:22,3,1,1
BRDA:27,4,0,5
BRDA:27,4,1,0
BRDA:32,5,0,1
BRDA:32,5,1,6
BRDA:34,6,0,1
BRDA:34,6,1,5
BRDA:41,7,0,5
BRDA:41,7,1,0
BRDA:50,8,0,7
BRDA:50,8,1,5
BRDA:52,9,0,7
BRDA:52,9,1,1
BRDA:55,10,0,1
BRDA:55,10,1,0
BRF:22
BRH:15
end_of_record
TN:
SF:src\features\gajian\components\TabKreatif.jsx
FN:9,desc
FN:20,TabKreatif
FN:25,handleDelete
FN:31,(anonymous_3)
FN:35,(anonymous_4)
FN:42,(anonymous_5)
FN:48,(anonymous_6)
FN:49,(anonymous_7)
FN:61,(anonymous_8)
FN:62,(anonymous_9)
FNF:10
FNH:7
FNDA:5,desc
FNDA:7,TabKreatif
FNDA:1,handleDelete
FNDA:5,(anonymous_3)
FNDA:1,(anonymous_4)
FNDA:5,(anonymous_5)
FNDA:0,(anonymous_6)
FNDA:1,(anonymous_7)
FNDA:0,(anonymous_8)
FNDA:0,(anonymous_9)
DA:10,5
DA:21,7
DA:22,7
DA:23,7
DA:26,1
DA:27,1
DA:28,1
DA:31,7
DA:33,7
DA:35,1
DA:43,5
DA:48,0
DA:49,1
DA:61,0
DA:62,0
LF:15
LH:12
BRDA:11,0,0,5
BRDA:11,0,1,0
BRDA:12,1,0,5
BRDA:12,1,1,0
BRDA:13,2,0,0
BRDA:13,2,1,5
BRDA:26,3,0,0
BRDA:26,3,1,1
BRDA:31,4,0,5
BRDA:31,4,1,0
BRDA:36,5,0,1
BRDA:36,5,1,6
BRDA:38,6,0,1
BRDA:38,6,1,5
BRDA:45,7,0,5
BRDA:45,7,1,0
BRDA:54,8,0,7
BRDA:54,8,1,5
BRDA:56,9,0,7
BRDA:56,9,1,1
BRDA:59,10,0,1
BRDA:59,10,1,0
BRF:22
BRH:15
end_of_record
TN:
SF:src\features\gajian\components\TabPotong.jsx
FN:11,TabPotong
FN:17,handleDelete
FN:23,(anonymous_2)
FN:27,(anonymous_3)
FN:34,(anonymous_4)
FN:40,(anonymous_5)
FN:41,(anonymous_6)
FN:49,(anonymous_7)
FN:49,(anonymous_8)
FN:52,(anonymous_9)
FN:52,(anonymous_10)
FNF:11
FNH:7
FNDA:11,TabPotong
FNDA:2,handleDelete
FNDA:9,(anonymous_2)
FNDA:1,(anonymous_3)
FNDA:9,(anonymous_4)
FNDA:1,(anonymous_5)
FNDA:2,(anonymous_6)
FNDA:0,(anonymous_7)
FNDA:0,(anonymous_8)
FNDA:0,(anonymous_9)
FNDA:0,(anonymous_10)
DA:12,11
DA:13,11
DA:14,11
DA:15,11
DA:18,2
DA:19,1
DA:20,1
DA:23,11
DA:25,11
DA:27,1
DA:35,9
DA:40,1
DA:41,2
DA:49,0
DA:52,0
LF:15
LH:13
BRDA:18,0,0,1
BRDA:18,0,1,1
BRDA:23,1,0,9
BRDA:23,1,1,0
BRDA:28,2,0,1
BRDA:28,2,1,10
BRDA:30,3,0,1
BRDA:30,3,1,9
BRDA:37,4,0,9
BRDA:37,4,1,0
BRDA:46,5,0,11
BRDA:46,5,1,9
BRDA:48,6,0,11
BRDA:48,6,1,1
BRDA:51,7,0,11
BRDA:51,7,1,1
BRF:16
BRH:14
end_of_record
TN:
SF:src\features\gajian\components\TabQC.jsx
FN:10,TabQC
FN:15,handleDelete
FN:21,(anonymous_2)
FN:25,(anonymous_3)
FN:32,(anonymous_4)
FN:38,(anonymous_5)
FN:39,(anonymous_6)
FN:51,(anonymous_7)
FN:52,(anonymous_8)
FNF:9
FNH:6
FNDA:6,TabQC
FNDA:1,handleDelete
FNDA:5,(anonymous_2)
FNDA:1,(anonymous_3)
FNDA:5,(anonymous_4)
FNDA:0,(anonymous_5)
FNDA:1,(anonymous_6)
FNDA:0,(anonymous_7)
FNDA:0,(anonymous_8)
DA:11,6
DA:12,6
DA:13,6
DA:16,1
DA:17,1
DA:18,1
DA:21,6
DA:23,6
DA:25,1
DA:33,5
DA:38,0
DA:39,1
DA:51,0
DA:52,0
LF:14
LH:11
BRDA:16,0,0,0
BRDA:16,0,1,1
BRDA:21,1,0,5
BRDA:21,1,1,0
BRDA:26,2,0,1
BRDA:26,2,1,5
BRDA:28,3,0,0
BRDA:28,3,1,5
BRDA:35,4,0,5
BRDA:35,4,1,0
BRDA:36,5,0,5
BRDA:36,5,1,0
BRDA:44,6,0,6
BRDA:44,6,1,5
BRDA:46,7,0,6
BRDA:46,7,1,1
BRDA:49,8,0,1
BRDA:49,8,1,0
BRF:18
BRH:12
end_of_record
TN:
SF:src\features\gajian\components\TabRingkasan.jsx
FN:19,TabRingkasan
FN:29,(anonymous_1)
FN:35,(anonymous_2)
FN:35,(anonymous_3)
FN:35,(anonymous_4)
FN:44,handleSaveRequest
FN:61,handleFinalize
FN:91,(anonymous_7)
FN:113,(anonymous_8)
FN:121,(anonymous_9)
FN:121,(anonymous_10)
FN:128,(anonymous_11)
FN:130,(anonymous_12)
FN:131,(anonymous_13)
FN:132,(anonymous_14)
FN:132,(anonymous_15)
FN:132,(anonymous_16)
FN:142,(anonymous_17)
FN:153,(anonymous_18)
FN:153,(anonymous_19)
FN:181,(anonymous_20)
FN:181,(anonymous_21)
FN:193,(anonymous_22)
FN:193,(anonymous_23)
FN:224,(anonymous_24)
FN:240,(anonymous_25)
FNF:26
FNH:6
FNDA:19,TabRingkasan
FNDA:0,(anonymous_1)
FNDA:0,(anonymous_2)
FNDA:0,(anonymous_3)
FNDA:0,(anonymous_4)
FNDA:2,handleSaveRequest
FNDA:2,handleFinalize
FNDA:114,(anonymous_7)
FNDA:0,(anonymous_8)
FNDA:0,(anonymous_9)
FNDA:0,(anonymous_10)
FNDA:0,(anonymous_11)
FNDA:0,(anonymous_12)
FNDA:0,(anonymous_13)
FNDA:0,(anonymous_14)
FNDA:0,(anonymous_15)
FNDA:0,(anonymous_16)
FNDA:0,(anonymous_17)
FNDA:0,(anonymous_18)
FNDA:0,(anonymous_19)
FNDA:0,(anonymous_20)
FNDA:0,(anonymous_21)
FNDA:0,(anonymous_22)
FNDA:0,(anonymous_23)
FNDA:2,(anonymous_24)
FNDA:1,(anonymous_25)
DA:9,1
DA:20,19
DA:21,19
DA:22,19
DA:23,19
DA:24,19
DA:26,19
DA:27,19
DA:28,19
DA:29,0
DA:31,19
DA:32,19
DA:33,19
DA:35,19
DA:37,19
DA:38,19
DA:39,19
DA:40,19
DA:45,2
DA:46,2
DA:47,2
DA:53,1
DA:55,1
DA:57,2
DA:62,2
DA:63,2
DA:64,2
DA:65,2
DA:73,1
DA:75,1
DA:77,2
DA:81,19
DA:83,19
DA:92,114
DA:93,114
DA:94,36
DA:113,0
DA:121,0
DA:129,0
DA:130,0
DA:131,0
DA:132,0
DA:143,0
DA:153,0
DA:181,0
DA:182,0
DA:193,0
DA:194,0
DA:224,2
DA:240,1
LF:50
LH:37
BRDA:26,0,0,19
BRDA:26,0,1,0
BRDA:27,1,0,19
BRDA:27,1,1,0
BRDA:29,2,0,19
BRDA:29,2,1,0
BRDA:35,3,0,0
BRDA:35,3,1,0
BRDA:37,4,0,1
BRDA:37,4,1,18
BRDA:37,5,0,1
BRDA:37,5,1,0
BRDA:37,6,0,18
BRDA:37,6,1,0
BRDA:40,7,0,1
BRDA:40,7,1,18
BRDA:41,8,0,1
BRDA:41,8,1,0
BRDA:48,9,0,2
BRDA:48,9,1,0
BRDA:62,10,0,0
BRDA:62,10,1,2
BRDA:67,11,0,2
BRDA:67,11,1,0
BRDA:81,12,0,1
BRDA:81,12,1,18
BRDA:81,13,0,1
BRDA:81,13,1,0
BRDA:87,14,0,0
BRDA:87,14,1,19
BRDA:92,15,0,6
BRDA:92,15,1,108
BRDA:93,16,0,78
BRDA:93,16,1,36
BRDA:109,17,0,19
BRDA:109,17,1,18
BRDA:138,18,0,18
BRDA:138,18,1,0
BRDA:145,19,0,0
BRDA:145,19,1,0
BRDA:152,20,0,0
BRDA:152,20,1,0
BRDA:169,21,0,2
BRDA:169,21,1,16
BRDA:175,22,0,19
BRDA:175,22,1,19
BRDA:175,23,0,1
BRDA:175,23,1,18
BRDA:175,24,0,1
BRDA:175,24,1,0
BRDA:175,25,0,18
BRDA:175,25,1,0
BRDA:178,26,0,1
BRDA:178,26,1,18
BRDA:178,27,0,18
BRDA:178,27,1,0
BRDA:181,28,0,1
BRDA:181,28,1,18
BRDA:181,29,0,1
BRDA:181,29,1,0
BRDA:183,30,0,0
BRDA:183,30,1,0
BRDA:187,31,0,19
BRDA:187,31,1,18
BRDA:187,31,2,0
BRDA:193,32,0,19
BRDA:193,32,1,1
BRDA:193,33,0,1
BRDA:193,33,1,0
BRDA:208,34,0,1
BRDA:208,34,1,18
BRDA:219,35,0,2
BRDA:219,35,1,16
BRDA:231,36,0,19
BRDA:231,36,1,2
BRF:75
BRH:49
end_of_record
TN:
SF:src\features\gajian\components\TotalBar.jsx
FN:4,TotalBar
FNF:1
FNH:1
FNDA:2,TotalBar
DA:5,2
LF:1
LH:1
BRF:0
BRH:0
end_of_record
TN:
SF:src\features\gajian\pages\GajianDetailPage.jsx
FN:27,GajianDetailPage
FN:54,(anonymous_1)
FN:65,(anonymous_2)
FN:68,(anonymous_3)
FNF:4
FNH:4
FNDA:9,GajianDetailPage
FNDA:1,(anonymous_1)
FNDA:49,(anonymous_2)
FNDA:1,(anonymous_3)
DA:16,1
DA:28,9
DA:29,9
DA:30,9
DA:31,9
DA:32,9
DA:34,9
DA:35,2
DA:44,7
DA:46,7
DA:54,1
DA:60,9
DA:62,9
DA:66,49
DA:68,1
LF:15
LH:15
BRDA:34,0,0,2
BRDA:34,0,1,7
BRDA:34,1,0,9
BRDA:34,1,1,8
BRDA:38,2,0,1
BRDA:38,2,1,1
BRDA:49,3,0,1
BRDA:49,3,1,6
BRDA:70,4,0,7
BRDA:70,4,1,42
BRF:10
BRH:10
end_of_record
TN:
SF:src\features\gajian\pages\GajianListPage.jsx
FN:18,GajianListPage
FN:25,handleDelete
FN:43,(anonymous_2)
FN:58,(anonymous_3)
FN:66,(anonymous_4)
FN:69,(anonymous_5)
FN:88,(anonymous_6)
FN:103,(anonymous_7)
FN:117,(anonymous_8)
FN:118,(anonymous_9)
FNF:10
FNH:8
FNDA:18,GajianListPage
FNDA:3,handleDelete
FNDA:2,(anonymous_2)
FNDA:0,(anonymous_3)
FNDA:32,(anonymous_4)
FNDA:1,(anonymous_5)
FNDA:160,(anonymous_6)
FNDA:3,(anonymous_7)
FNDA:0,(anonymous_8)
FNDA:1,(anonymous_9)
DA:9,1
DA:19,18
DA:20,18
DA:21,18
DA:22,18
DA:23,18
DA:26,3
DA:27,3
DA:28,3
DA:29,3
DA:30,2
DA:31,2
DA:32,2
DA:33,1
DA:35,1
DA:37,2
DA:42,18
DA:43,2
DA:50,18
DA:58,0
DA:67,32
DA:69,1
DA:89,160
DA:90,160
DA:91,16
DA:103,3
DA:117,0
DA:119,1
DA:120,1
LF:29
LH:27
BRDA:28,0,0,0
BRDA:28,0,1,3
BRDA:29,1,0,1
BRDA:29,1,1,2
BRDA:52,2,0,1
BRDA:52,2,1,17
BRDA:54,3,0,1
BRDA:54,3,1,16
BRDA:78,4,0,16
BRDA:78,4,1,16
BRDA:85,5,0,32
BRDA:85,5,1,0
BRDA:90,6,0,144
BRDA:90,6,1,16
BRDA:100,7,0,32
BRDA:100,7,1,0
BRDA:107,8,0,2
BRDA:107,8,1,30
BRDA:115,9,0,18
BRDA:115,9,1,2
BRF:20
BRH:17
end_of_record
TN:
SF:src\features\karyawan\api.js
FN:8,fetchKaryawanAktif
FN:20,fetchKaryawanAll
FN:26,saveKaryawan
FN:36,toggleKaryawanAktif
FNF:4
FNH:4
FNDA:3,fetchKaryawanAktif
FNDA:3,fetchKaryawanAll
FNDA:4,saveKaryawan
FNDA:3,toggleKaryawanAktif
DA:9,3
DA:15,3
DA:16,2
DA:21,3
DA:22,3
DA:23,2
DA:27,4
DA:28,2
DA:29,2
DA:31,2
DA:32,2
DA:37,3
DA:41,3
LF:13
LH:13
BRDA:15,0,0,1
BRDA:15,0,1,2
BRDA:16,1,0,2
BRDA:16,1,1,1
BRDA:22,2,0,1
BRDA:22,2,1,2
BRDA:23,3,0,2
BRDA:23,3,1,1
BRDA:27,4,0,2
BRDA:27,4,1,2
BRDA:29,5,0,1
BRDA:29,5,1,1
BRDA:32,6,0,1
BRDA:32,6,1,1
BRDA:41,7,0,1
BRDA:41,7,1,2
BRF:16
BRH:16
end_of_record
TN:
SF:src\features\karyawan\hooks.js
FN:14,useKaryawanList
FN:20,useKaryawanAktif
FN:25,useSaveKaryawan
FN:27,(anonymous_3)
FN:30,useToggleKaryawanAktif
FN:32,(anonymous_5)
FNF:6
FNH:6
FNDA:2,useKaryawanList
FNDA:2,useKaryawanAktif
FNDA:2,useSaveKaryawan
FNDA:1,(anonymous_3)
FNDA:2,useToggleKaryawanAktif
FNDA:1,(anonymous_5)
DA:15,2
DA:16,2
DA:21,2
DA:22,2
DA:26,2
DA:27,2
DA:31,2
DA:32,2
LF:8
LH:8
BRDA:16,0,0,2
BRDA:16,0,1,1
BRDA:22,1,0,2
BRDA:22,1,1,1
BRF:4
BRH:4
end_of_record
TN:
SF:src\features\karyawan\queries.js
FN:13,useKaryawanAllQuery
FN:17,useKaryawanAktifQuery
FN:21,invalidateKaryawan
FN:26,useSaveKaryawanMutation
FN:29,(anonymous_4)
FN:30,(anonymous_5)
FN:34,useToggleKaryawanAktifMutation
FN:37,(anonymous_7)
FN:38,(anonymous_8)
FNF:9
FNH:9
FNDA:2,useKaryawanAllQuery
FNDA:2,useKaryawanAktifQuery
FNDA:2,invalidateKaryawan
FNDA:2,useSaveKaryawanMutation
FNDA:1,(anonymous_4)
FNDA:1,(anonymous_5)
FNDA:2,useToggleKaryawanAktifMutation
FNDA:1,(anonymous_7)
FNDA:1,(anonymous_8)
DA:8,1
DA:14,2
DA:18,2
DA:22,2
DA:23,2
DA:27,2
DA:28,2
DA:29,1
DA:30,1
DA:35,2
DA:36,2
DA:37,1
DA:38,1
LF:13
LH:13
BRF:0
BRH:0
end_of_record
TN:
SF:src\features\karyawan\utils.js
FN:14,timLabel
FNF:1
FNH:1
FNDA:6,timLabel
DA:5,1
DA:15,6
LF:2
LH:2
BRDA:15,0,0,6
BRDA:15,0,1,3
BRDA:15,0,2,2
BRF:3
BRH:3
end_of_record
TN:
SF:src\features\karyawan\components\KaryawanCard.jsx
FN:3,KaryawanCard
FN:23,(anonymous_1)
FN:29,(anonymous_2)
FNF:3
FNH:3
FNDA:10,KaryawanCard
FNDA:1,(anonymous_1)
FNDA:1,(anonymous_2)
DA:4,10
DA:23,1
DA:29,1
LF:3
LH:3
BRDA:5,0,0,3
BRDA:5,0,1,7
BRDA:9,1,0,10
BRDA:9,1,1,1
BRDA:9,1,2,9
BRDA:17,2,0,10
BRDA:17,2,1,3
BRDA:32,3,0,7
BRDA:32,3,1,3
BRF:9
BRH:9
end_of_record
TN:
SF:src\features\karyawan\components\KaryawanForm.jsx
FN:7,KaryawanForm
FN:19,set
FN:19,(anonymous_2)
FN:21,handleSubmit
FN:64,(anonymous_4)
FN:76,(anonymous_5)
FN:79,(anonymous_6)
FN:91,(anonymous_7)
FN:103,(anonymous_8)
FN:112,(anonymous_9)
FNF:10
FNH:10
FNDA:36,KaryawanForm
FNDA:10,set
FNDA:10,(anonymous_2)
FNDA:6,handleSubmit
FNDA:5,(anonymous_4)
FNDA:1,(anonymous_5)
FNDA:72,(anonymous_6)
FNDA:2,(anonymous_7)
FNDA:1,(anonymous_8)
FNDA:1,(anonymous_9)
DA:8,36
DA:9,36
DA:10,36
DA:17,36
DA:19,10
DA:22,6
DA:23,6
DA:24,5
DA:25,5
DA:26,5
DA:33,6
DA:34,4
DA:35,6
DA:37,1
DA:39,5
DA:43,36
DA:64,5
DA:76,1
DA:80,72
DA:91,2
DA:103,1
DA:112,1
LF:22
LH:22
BRDA:11,0,0,36
BRDA:11,0,1,31
BRDA:12,1,0,36
BRDA:12,1,1,31
BRDA:13,2,0,36
BRDA:13,2,1,32
BRDA:14,3,0,36
BRDA:14,3,1,32
BRDA:15,4,0,36
BRDA:15,4,1,31
BRDA:23,5,0,1
BRDA:23,5,1,5
BRDA:29,6,0,5
BRDA:29,6,1,4
BRDA:30,7,0,6
BRDA:30,7,1,5
BRDA:33,8,0,1
BRDA:33,8,1,4
BRDA:34,9,0,1
BRDA:34,9,1,3
BRDA:50,10,0,5
BRDA:50,10,1,31
BRDA:113,11,0,35
BRDA:113,11,1,1
BRDA:115,12,0,35
BRDA:115,12,1,1
BRDA:118,13,0,35
BRDA:118,13,1,1
BRDA:138,14,0,5
BRDA:138,14,1,31
BRF:30
BRH:30
end_of_record
TN:
SF:src\features\karyawan\pages\KaryawanPage.jsx
FN:15,KaryawanPage
FN:23,handleToggleAktif
FN:32,(anonymous_2)
FN:39,(anonymous_3)
FN:48,(anonymous_4)
FN:60,(anonymous_5)
FN:63,(anonymous_6)
FN:75,(anonymous_7)
FN:75,(anonymous_8)
FN:92,(anonymous_9)
FN:98,(anonymous_10)
FN:115,(anonymous_11)
FN:116,(anonymous_12)
FN:124,(anonymous_13)
FN:125,(anonymous_14)
FNF:15
FNH:15
FNDA:31,KaryawanPage
FNDA:3,handleToggleAktif
FNDA:57,(anonymous_2)
FNDA:32,(anonymous_3)
FNDA:3,(anonymous_4)
FNDA:62,(anonymous_5)
FNDA:2,(anonymous_6)
FNDA:2,(anonymous_7)
FNDA:2,(anonymous_8)
FNDA:30,(anonymous_9)
FNDA:32,(anonymous_10)
FNDA:1,(anonymous_11)
FNDA:1,(anonymous_12)
FNDA:1,(anonymous_13)
FNDA:1,(anonymous_14)
DA:13,1
DA:16,31
DA:17,31
DA:18,31
DA:19,31
DA:20,31
DA:21,31
DA:24,3
DA:25,3
DA:26,2
DA:28,1
DA:32,31
DA:33,57
DA:34,33
DA:35,32
DA:39,31
DA:40,32
DA:41,32
DA:42,32
DA:43,32
DA:47,31
DA:48,3
DA:55,31
DA:61,62
DA:63,2
DA:75,2
DA:93,30
DA:99,32
DA:115,1
DA:116,1
DA:124,1
DA:125,1
LF:32
LH:32
BRDA:26,0,0,1
BRDA:26,0,1,1
BRDA:33,1,0,24
BRDA:33,1,1,33
BRDA:33,2,0,57
BRDA:33,2,1,53
BRDA:34,3,0,1
BRDA:34,3,1,32
BRDA:34,4,0,33
BRDA:34,4,1,3
BRDA:40,5,0,32
BRDA:40,5,1,1
BRDA:41,6,0,30
BRDA:41,6,1,2
BRDA:65,7,0,31
BRDA:65,7,1,31
BRDA:77,8,0,2
BRDA:77,8,1,29
BRDA:86,9,0,1
BRDA:86,9,1,30
BRDA:88,10,0,1
BRDA:88,10,1,29
BRDA:113,11,0,31
BRDA:113,11,1,3
BRDA:121,12,0,31
BRDA:121,12,1,3
BRF:26
BRH:26
end_of_record
TN:
SF:src\features\kasbon\api.js
FN:7,fetchKasbonAll
FN:20,createOrAccumulateKasbon
FN:22,(anonymous_2)
FN:59,updateKasbonJumlah
FN:74,deleteKasbon
FN:79,payCicilan
FN:103,getKasbonBelumLunasByKaryawanIds
FN:121,applyKasbonDeductionFromGajian
FNF:8
FNH:8
FNDA:3,fetchKasbonAll
FNDA:7,createOrAccumulateKasbon
FNDA:3,(anonymous_2)
FNDA:5,updateKasbonJumlah
FNDA:3,deleteKasbon
FNDA:4,payCicilan
FNDA:5,getKasbonBelumLunasByKaryawanIds
FNDA:3,applyKasbonDeductionFromGajian
DA:8,3
DA:12,3
DA:13,2
DA:21,7
DA:22,3
DA:24,7
DA:25,3
DA:26,3
DA:27,3
DA:31,3
DA:36,3
DA:37,2
DA:39,4
DA:49,3
DA:50,2
DA:60,5
DA:61,5
DA:62,5
DA:63,5
DA:70,5
DA:71,4
DA:75,3
DA:76,2
DA:80,4
DA:84,4
DA:85,4
DA:86,4
DA:91,3
DA:92,2
DA:104,5
DA:105,3
DA:112,3
DA:113,2
DA:122,3
DA:123,3
DA:124,3
DA:129,3
LF:37
LH:37
BRDA:12,0,0,1
BRDA:12,0,1,2
BRDA:13,1,0,2
BRDA:13,1,1,1
BRDA:21,2,0,7
BRDA:21,2,1,1
BRDA:22,3,0,3
BRDA:22,3,1,3
BRDA:24,4,0,3
BRDA:24,4,1,4
BRDA:28,5,0,3
BRDA:28,5,1,1
BRDA:36,6,0,1
BRDA:36,6,1,2
BRDA:37,7,0,2
BRDA:37,7,1,1
BRDA:49,8,0,1
BRDA:49,8,1,2
BRDA:62,9,0,1
BRDA:62,9,1,4
BRDA:67,10,0,5
BRDA:67,10,1,4
BRDA:67,10,2,3
BRDA:70,11,0,1
BRDA:70,11,1,4
BRDA:76,12,0,1
BRDA:76,12,1,1
BRDA:81,13,0,4
BRDA:81,13,1,1
BRDA:85,14,0,2
BRDA:85,14,1,2
BRDA:91,15,0,1
BRDA:91,15,1,2
BRDA:104,16,0,2
BRDA:104,16,1,3
BRDA:112,17,0,1
BRDA:112,17,1,2
BRDA:113,18,0,2
BRDA:113,18,1,1
BRDA:123,19,0,3
BRDA:123,19,1,1
BRDA:126,20,0,1
BRDA:126,20,1,2
BRDA:129,21,0,1
BRDA:129,21,1,2
BRF:45
BRH:45
end_of_record
TN:
SF:src\features\kasbon\hooks.js
FN:16,useKasbonList
FN:22,useKasbonBelumLunasByKaryawanIds
FN:27,useCreateOrAccumulateKasbon
FN:29,(anonymous_3)
FN:32,useUpdateKasbonJumlah
FN:34,(anonymous_5)
FN:37,useDeleteKasbon
FN:39,(anonymous_7)
FN:42,usePayCicilan
FN:44,(anonymous_9)
FN:48,useApplyKasbonDeduction
FN:50,(anonymous_11)
FNF:12
FNH:12
FNDA:4,useKasbonList
FNDA:2,useKasbonBelumLunasByKaryawanIds
FNDA:2,useCreateOrAccumulateKasbon
FNDA:1,(anonymous_3)
FNDA:2,useUpdateKasbonJumlah
FNDA:1,(anonymous_5)
FNDA:2,useDeleteKasbon
FNDA:1,(anonymous_7)
FNDA:2,usePayCicilan
FNDA:1,(anonymous_9)
FNDA:2,useApplyKasbonDeduction
FNDA:1,(anonymous_11)
DA:17,4
DA:18,4
DA:23,2
DA:24,2
DA:28,2
DA:29,2
DA:33,2
DA:34,2
DA:38,2
DA:39,2
DA:43,2
DA:44,2
DA:49,2
DA:50,2
DA:51,1
LF:15
LH:15
BRDA:18,0,0,4
BRDA:18,0,1,2
BRDA:18,1,0,4
BRDA:18,1,1,3
BRDA:24,2,0,2
BRDA:24,2,1,1
BRF:6
BRH:6
end_of_record
TN:
SF:src\features\kasbon\queries.js
FN:17,(anonymous_0)
FN:20,useKasbonAllQuery
FN:28,useKasbonBelumLunasByKaryawanIdsQuery
FN:31,(anonymous_3)
FN:36,invalidateKasbon
FN:40,useCreateOrAccumulateKasbonMutation
FN:43,(anonymous_6)
FN:44,(anonymous_7)
FN:48,useUpdateKasbonJumlahMutation
FN:51,(anonymous_9)
FN:52,(anonymous_10)
FN:56,useDeleteKasbonMutation
FN:59,(anonymous_12)
FN:60,(anonymous_13)
FN:64,usePayCicilanMutation
FN:67,(anonymous_15)
FN:68,(anonymous_16)
FN:73,useApplyKasbonDeductionMutation
FN:76,(anonymous_18)
FN:78,(anonymous_19)
FNF:20
FNH:20
FNDA:6,(anonymous_0)
FNDA:2,useKasbonAllQuery
FNDA:3,useKasbonBelumLunasByKaryawanIdsQuery
FNDA:1,(anonymous_3)
FNDA:5,invalidateKasbon
FNDA:3,useCreateOrAccumulateKasbonMutation
FNDA:1,(anonymous_6)
FNDA:1,(anonymous_7)
FNDA:3,useUpdateKasbonJumlahMutation
FNDA:1,(anonymous_9)
FNDA:1,(anonymous_10)
FNDA:3,useDeleteKasbonMutation
FNDA:1,(anonymous_12)
FNDA:1,(anonymous_13)
FNDA:3,usePayCicilanMutation
FNDA:1,(anonymous_15)
FNDA:1,(anonymous_16)
FNDA:3,useApplyKasbonDeductionMutation
FNDA:1,(anonymous_18)
FNDA:1,(anonymous_19)
DA:15,1
DA:17,6
DA:21,2
DA:29,3
DA:31,1
DA:37,5
DA:41,3
DA:42,3
DA:43,1
DA:44,1
DA:49,3
DA:50,3
DA:51,1
DA:52,1
DA:57,3
DA:58,3
DA:59,1
DA:60,1
DA:65,3
DA:66,3
DA:67,1
DA:68,1
DA:74,3
DA:75,3
DA:77,1
DA:78,1
LF:26
LH:26
BRDA:17,0,0,6
BRDA:17,0,1,1
BRF:2
BRH:2
end_of_record
TN:
SF:src\features\kasbon\components\CicilanModal.jsx
FN:6,CicilanModal
FN:13,handleSubmit
FN:50,(anonymous_2)
FN:54,(anonymous_3)
FN:59,(anonymous_4)
FNF:5
FNH:5
FNDA:34,CicilanModal
FNDA:7,handleSubmit
FNDA:1,(anonymous_2)
FNDA:8,(anonymous_3)
FNDA:1,(anonymous_4)
DA:7,34
DA:8,34
DA:9,34
DA:10,34
DA:11,34
DA:14,7
DA:15,7
DA:16,7
DA:17,6
DA:18,5
DA:19,5
DA:20,5
DA:26,4
DA:27,7
DA:29,1
DA:31,5
DA:35,34
DA:50,1
DA:54,8
DA:59,1
LF:20
LH:20
BRDA:16,0,0,1
BRDA:16,0,1,6
BRDA:16,1,0,7
BRDA:16,1,1,6
BRDA:17,2,0,1
BRDA:17,2,1,5
BRDA:24,3,0,5
BRDA:24,3,1,4
BRDA:26,4,0,1
BRDA:26,4,1,3
BRDA:55,5,0,34
BRDA:55,5,1,19
BRDA:55,6,0,19
BRDA:55,6,1,1
BRDA:64,7,0,5
BRDA:64,7,1,29
BRF:16
BRH:16
end_of_record
TN:
SF:src\features\kasbon\components\KasbonCard.jsx
FN:4,KasbonCard
FN:10,(anonymous_1)
FN:11,(anonymous_2)
FN:12,(anonymous_3)
FN:45,(anonymous_4)
FN:49,(anonymous_5)
FN:49,(anonymous_6)
FN:52,(anonymous_7)
FN:53,(anonymous_8)
FN:59,(anonymous_9)
FNF:10
FNH:10
FNDA:24,KasbonCard
FNDA:19,(anonymous_1)
FNDA:2,(anonymous_2)
FNDA:2,(anonymous_3)
FNDA:1,(anonymous_4)
FNDA:4,(anonymous_5)
FNDA:4,(anonymous_6)
FNDA:1,(anonymous_7)
FNDA:1,(anonymous_8)
FNDA:4,(anonymous_9)
DA:5,24
DA:6,24
DA:9,24
DA:10,19
DA:11,2
DA:12,2
DA:14,24
DA:45,1
DA:49,4
DA:52,1
DA:53,1
DA:60,4
LF:12
LH:12
BRDA:6,0,0,23
BRDA:6,0,1,1
BRDA:10,1,0,24
BRDA:10,1,1,1
BRDA:11,2,0,24
BRDA:11,2,1,1
BRDA:15,3,0,2
BRDA:15,3,1,22
BRDA:19,4,0,24
BRDA:19,4,1,1
BRDA:21,5,0,2
BRDA:21,5,1,22
BRDA:27,6,0,24
BRDA:27,6,1,23
BRDA:31,7,0,2
BRDA:31,7,1,22
BRDA:44,8,0,24
BRDA:44,8,1,22
BRDA:50,9,0,4
BRDA:50,9,1,20
BRDA:57,10,0,24
BRDA:57,10,1,4
BRDA:57,10,2,3
BRDA:64,11,0,1
BRDA:64,11,1,3
BRDA:65,12,0,1
BRDA:65,12,1,3
BRDA:68,13,0,4
BRDA:68,13,1,3
BRDA:70,14,0,1
BRDA:70,14,1,3
BRDA:71,15,0,1
BRDA:71,15,1,3
BRDA:77,16,0,24
BRDA:77,16,1,4
BRDA:77,16,2,1
BRF:36
BRH:36
end_of_record
TN:
SF:src\features\kasbon\components\KasbonForm.jsx
FN:9,KasbonForm
FN:21,handleSubmit
FN:74,(anonymous_2)
FN:76,(anonymous_3)
FN:81,(anonymous_4)
FN:85,(anonymous_5)
FN:100,(anonymous_6)
FNF:7
FNH:7
FNDA:45,KasbonForm
FNDA:9,handleSubmit
FNDA:5,(anonymous_2)
FNDA:45,(anonymous_3)
FNDA:1,(anonymous_4)
FNDA:8,(anonymous_5)
FNDA:1,(anonymous_6)
DA:10,45
DA:11,45
DA:12,45
DA:13,45
DA:14,45
DA:15,45
DA:16,45
DA:17,45
DA:19,45
DA:22,9
DA:23,9
DA:25,8
DA:26,9
DA:28,7
DA:29,7
DA:30,7
DA:32,9
DA:34,4
DA:35,4
DA:36,1
DA:37,1
DA:38,1
DA:40,3
DA:41,2
DA:43,3
DA:44,2
DA:45,1
DA:49,1
DA:52,4
DA:54,2
DA:56,7
DA:60,45
DA:74,5
DA:76,45
DA:81,1
DA:85,8
DA:100,1
LF:37
LH:37
BRDA:13,0,0,45
BRDA:13,0,1,30
BRDA:14,1,0,45
BRDA:14,1,1,45
BRDA:19,2,0,15
BRDA:19,2,1,30
BRDA:23,3,0,1
BRDA:23,3,1,8
BRDA:25,4,0,6
BRDA:25,4,1,2
BRDA:25,5,0,1
BRDA:25,5,1,1
BRDA:26,6,0,1
BRDA:26,6,1,8
BRDA:26,7,0,9
BRDA:26,7,1,7
BRDA:30,8,0,7
BRDA:30,8,1,7
BRDA:32,9,0,4
BRDA:32,9,1,3
BRDA:35,10,0,1
BRDA:35,10,1,3
BRDA:44,11,0,1
BRDA:44,11,1,1
BRDA:66,12,0,15
BRDA:66,12,1,30
BRDA:86,13,0,45
BRDA:86,13,1,15
BRDA:91,14,0,45
BRDA:91,14,1,30
BRDA:91,14,2,11
BRDA:91,15,0,11
BRDA:91,15,1,1
BRDA:92,16,0,45
BRDA:92,16,1,30
BRDA:92,16,2,14
BRDA:92,16,3,1
BRDA:100,17,0,45
BRDA:100,17,1,45
BRDA:106,18,0,6
BRDA:106,18,1,39
BRF:41
BRH:41
end_of_record
TN:
SF:src\features\kasbon\pages\KasbonPage.jsx
FN:14,KasbonPage
FN:25,handleDelete
FN:31,(anonymous_2)
FN:32,(anonymous_3)
FN:32,(anonymous_4)
FN:36,(anonymous_5)
FN:54,(anonymous_6)
FN:61,(anonymous_7)
FN:64,(anonymous_8)
FN:81,(anonymous_9)
FN:94,(anonymous_10)
FN:94,(anonymous_11)
FN:97,(anonymous_12)
FN:97,(anonymous_13)
FN:100,(anonymous_14)
FN:100,(anonymous_15)
FNF:16
FNH:16
FNDA:37,KasbonPage
FNDA:2,handleDelete
FNDA:67,(anonymous_2)
FNDA:69,(anonymous_3)
FNDA:35,(anonymous_4)
FNDA:3,(anonymous_5)
FNDA:69,(anonymous_6)
FNDA:111,(anonymous_7)
FNDA:2,(anonymous_8)
FNDA:36,(anonymous_9)
FNDA:1,(anonymous_10)
FNDA:1,(anonymous_11)
FNDA:1,(anonymous_12)
FNDA:1,(anonymous_13)
FNDA:1,(anonymous_14)
FNDA:1,(anonymous_15)
DA:15,37
DA:16,37
DA:17,37
DA:18,37
DA:20,37
DA:21,37
DA:22,37
DA:23,37
DA:26,2
DA:27,1
DA:28,1
DA:31,67
DA:32,69
DA:35,37
DA:36,3
DA:43,37
DA:54,69
DA:62,111
DA:64,2
DA:82,36
DA:94,1
DA:97,1
DA:100,1
LF:23
LH:23
BRDA:17,0,0,37
BRDA:17,0,1,36
BRDA:26,1,0,1
BRDA:26,1,1,1
BRDA:31,2,0,1
BRDA:31,2,1,36
BRDA:32,3,0,35
BRDA:32,3,1,1
BRDA:66,4,0,37
BRDA:66,4,1,74
BRDA:69,5,0,37
BRDA:69,5,1,74
BRDA:69,6,0,37
BRDA:69,6,1,37
BRDA:75,7,0,1
BRDA:75,7,1,36
BRDA:77,8,0,1
BRDA:77,8,1,35
BRDA:93,9,0,37
BRDA:93,9,1,3
BRDA:96,10,0,37
BRDA:96,10,1,3
BRDA:99,11,0,37
BRDA:99,11,1,3
BRF:24
BRH:24
end_of_record
TN:
SF:src\features\pengaturan\api.js
FN:8,fetchFinanceConfig
FN:17,saveFinanceConfigValue
FNF:2
FNH:2
FNDA:3,fetchFinanceConfig
FNDA:3,saveFinanceConfigValue
DA:9,3
DA:10,3
DA:11,3
DA:12,2
DA:14,3
DA:18,3
DA:21,2
LF:7
LH:7
BRDA:11,0,0,3
BRDA:11,0,1,1
BRDA:12,1,0,1
BRDA:12,1,1,1
BRDA:21,2,0,1
BRDA:21,2,1,1
BRF:6
BRH:6
end_of_record
TN:
SF:src\features\pengaturan\hooks.js
FN:10,useFinanceConfig
FN:15,useSaveFinanceConfig
FN:17,(anonymous_2)
FNF:3
FNH:3
FNDA:2,useFinanceConfig
FNDA:2,useSaveFinanceConfig
FNDA:1,(anonymous_2)
DA:11,2
DA:12,2
DA:16,2
DA:17,2
LF:4
LH:4
BRDA:12,0,0,2
BRDA:12,0,1,1
BRF:2
BRH:2
end_of_record
TN:
SF:src\features\pengaturan\queries.js
FN:12,useFinanceConfigQuery
FN:16,useSaveFinanceConfigMutation
FN:19,(anonymous_2)
FN:20,(anonymous_3)
FNF:4
FNH:4
FNDA:2,useFinanceConfigQuery
FNDA:3,useSaveFinanceConfigMutation
FNDA:1,(anonymous_2)
FNDA:1,(anonymous_3)
DA:8,1
DA:13,2
DA:17,3
DA:18,3
DA:19,1
DA:21,1
LF:6
LH:6
BRF:0
BRH:0
end_of_record
TN:
SF:src\features\pengaturan\utils.js
FNF:0
FNH:0
DA:10,1
DA:16,1
DA:17,1
DA:18,1
DA:20,1
DA:29,1
DA:46,1
LF:7
LH:7
BRF:0
BRH:0
end_of_record
TN:
SF:src\features\pengaturan\pages\PengaturanPage.jsx
FN:12,PengaturanPage
FN:19,(anonymous_1)
FN:26,handleChange
FN:27,(anonymous_3)
FN:28,(anonymous_4)
FN:31,handleSave
FN:34,(anonymous_6)
FN:39,(anonymous_7)
FN:50,handleReset
FN:55,(anonymous_9)
FN:67,(anonymous_10)
FN:76,(anonymous_11)
FN:82,(anonymous_12)
FN:82,(anonymous_13)
FN:101,(anonymous_14)
FNF:15
FNH:15
FNDA:39,PengaturanPage
FNDA:13,(anonymous_1)
FNDA:4,handleChange
FNDA:4,(anonymous_3)
FNDA:4,(anonymous_4)
FNDA:3,handleSave
FNDA:3,(anonymous_6)
FNDA:3,(anonymous_7)
FNDA:3,handleReset
FNDA:4,(anonymous_9)
FNDA:78,(anonymous_10)
FNDA:76,(anonymous_11)
FNDA:152,(anonymous_12)
FNDA:76,(anonymous_13)
FNDA:4,(anonymous_14)
DA:13,39
DA:14,39
DA:15,39
DA:16,39
DA:17,39
DA:19,39
DA:20,13
DA:21,12
DA:22,12
DA:27,4
DA:28,4
DA:32,3
DA:33,3
DA:34,3
DA:38,3
DA:39,3
DA:41,2
DA:42,2
DA:44,1
DA:46,3
DA:51,3
DA:52,2
DA:53,2
DA:54,2
DA:56,4
DA:59,1
DA:61,1
DA:63,2
DA:67,78
DA:68,39
DA:70,39
DA:77,76
DA:82,152
DA:83,76
DA:84,76
DA:85,76
DA:101,4
LF:37
LH:37
BRDA:20,0,0,12
BRDA:20,0,1,1
BRDA:39,1,0,3
BRDA:39,1,1,1
BRDA:51,2,0,1
BRDA:51,2,1,2
BRDA:72,3,0,1
BRDA:72,3,1,38
BRDA:83,4,0,76
BRDA:83,4,1,2
BRDA:91,5,0,76
BRDA:91,5,1,8
BRDA:107,6,0,76
BRDA:107,6,1,5
BRDA:134,7,0,38
BRDA:134,7,1,33
BRDA:137,8,0,5
BRDA:137,8,1,33
BRF:18
BRH:18
end_of_record
TN:
SF:src\features\pettycash\api.js
FN:8,fetchPettycashAll
FN:18,savePettycash
FN:28,deletePettycash
FNF:3
FNH:3
FNDA:4,fetchPettycashAll
FNDA:5,savePettycash
FNDA:3,deletePettycash
DA:9,4
DA:14,3
DA:15,2
DA:19,5
DA:20,2
DA:21,2
DA:23,3
DA:24,2
DA:29,3
DA:30,2
LF:10
LH:10
BRDA:14,0,0,1
BRDA:14,0,1,2
BRDA:15,1,0,2
BRDA:15,1,1,1
BRDA:19,2,0,2
BRDA:19,2,1,3
BRDA:21,3,0,1
BRDA:21,3,1,1
BRDA:24,4,0,1
BRDA:24,4,1,1
BRDA:30,5,0,1
BRDA:30,5,1,1
BRF:12
BRH:12
end_of_record
TN:
SF:src\features\pettycash\hooks.js
FN:16,usePettycashAll
FN:19,(anonymous_1)
FN:19,(anonymous_2)
FN:20,(anonymous_3)
FN:20,(anonymous_4)
FN:29,useSavePettycash
FN:31,(anonymous_6)
FN:34,useDeletePettycash
FN:36,(anonymous_8)
FNF:9
FNH:9
FNDA:5,usePettycashAll
FNDA:6,(anonymous_1)
FNDA:3,(anonymous_2)
FNDA:6,(anonymous_3)
FNDA:3,(anonymous_4)
FNDA:2,useSavePettycash
FNDA:1,(anonymous_6)
FNDA:2,useDeletePettycash
FNDA:1,(anonymous_8)
DA:17,5
DA:18,5
DA:19,6
DA:20,6
DA:21,5
DA:30,2
DA:31,2
DA:35,2
DA:36,2
LF:9
LH:9
BRDA:18,0,0,5
BRDA:18,0,1,2
BRDA:19,1,0,3
BRDA:19,1,1,1
BRDA:20,2,0,3
BRDA:20,2,1,1
BRDA:25,3,0,5
BRDA:25,3,1,4
BRF:8
BRH:8
end_of_record
TN:
SF:src\features\pettycash\queries.js
FN:12,usePettycashAllQuery
FN:19,invalidatePettycash
FN:23,useSavePettycashMutation
FN:26,(anonymous_3)
FN:27,(anonymous_4)
FN:31,useDeletePettycashMutation
FN:34,(anonymous_6)
FN:35,(anonymous_7)
FNF:8
FNH:8
FNDA:2,usePettycashAllQuery
FNDA:2,invalidatePettycash
FNDA:3,useSavePettycashMutation
FNDA:1,(anonymous_3)
FNDA:1,(anonymous_4)
FNDA:3,useDeletePettycashMutation
FNDA:1,(anonymous_6)
FNDA:1,(anonymous_7)
DA:7,1
DA:13,2
DA:20,2
DA:24,3
DA:25,3
DA:26,1
DA:27,1
DA:32,3
DA:33,3
DA:34,1
DA:35,1
LF:11
LH:11
BRF:0
BRH:0
end_of_record
TN:
SF:src\features\pettycash\utils.js
FNF:0
FNH:0
DA:5,1
LF:1
LH:1
BRF:0
BRH:0
end_of_record
TN:
SF:src\features\pettycash\components\PettycashForm.jsx
FN:7,PettycashForm
FN:19,set
FN:19,(anonymous_2)
FN:23,handleSubmit
FN:64,(anonymous_4)
FN:68,(anonymous_5)
FN:86,(anonymous_6)
FN:92,(anonymous_7)
FN:93,(anonymous_8)
FN:100,(anonymous_9)
FN:106,(anonymous_10)
FNF:11
FNH:11
FNDA:36,PettycashForm
FNDA:9,set
FNDA:9,(anonymous_2)
FNDA:7,handleSubmit
FNDA:72,(anonymous_4)
FNDA:1,(anonymous_5)
FNDA:1,(anonymous_6)
FNDA:1,(anonymous_7)
FNDA:72,(anonymous_8)
FNDA:2,(anonymous_9)
FNDA:4,(anonymous_10)
DA:8,36
DA:9,36
DA:10,36
DA:17,36
DA:19,9
DA:21,36
DA:24,7
DA:25,7
DA:26,6
DA:27,6
DA:28,6
DA:35,7
DA:36,5
DA:37,7
DA:39,1
DA:41,6
DA:45,36
DA:65,72
DA:68,1
DA:86,1
DA:92,1
DA:93,72
DA:100,2
DA:106,4
LF:24
LH:24
BRDA:11,0,0,36
BRDA:11,0,1,28
BRDA:12,1,0,36
BRDA:12,1,1,28
BRDA:13,2,0,36
BRDA:13,2,1,28
BRDA:21,3,0,12
BRDA:21,3,1,24
BRDA:21,4,0,24
BRDA:21,4,1,16
BRDA:25,5,0,1
BRDA:25,5,1,6
BRDA:32,6,0,6
BRDA:32,6,1,5
BRDA:32,6,2,4
BRDA:35,7,0,2
BRDA:35,7,1,4
BRDA:36,8,0,1
BRDA:36,8,1,4
BRDA:36,9,0,2
BRDA:36,9,1,3
BRDA:51,10,0,8
BRDA:51,10,1,28
BRDA:70,11,0,36
BRDA:70,11,1,36
BRDA:71,12,0,4
BRDA:71,12,1,32
BRDA:100,13,0,36
BRDA:100,13,1,33
BRDA:106,14,0,8
BRDA:106,14,1,28
BRDA:107,15,0,36
BRDA:107,15,1,20
BRDA:114,16,0,6
BRDA:114,16,1,30
BRF:35
BRH:35
end_of_record
TN:
SF:src\features\pettycash\components\PettycashShareCard.jsx
FN:8,PettycashShareCard2
FN:46,(anonymous_1)
FNF:2
FNH:0
FNDA:0,PettycashShareCard2
FNDA:0,(anonymous_1)
DA:8,1
DA:9,0
DA:13,0
DA:47,0
LF:4
LH:1
BRDA:9,0,0,0
BRDA:9,0,1,0
BRDA:35,1,0,0
BRDA:35,1,1,0
BRDA:41,2,0,0
BRDA:41,2,1,0
BRDA:50,3,0,0
BRDA:50,3,1,0
BRDA:50,3,2,0
BRDA:54,4,0,0
BRDA:54,4,1,0
BRDA:55,5,0,0
BRDA:55,5,1,0
BRDA:47,6,0,0
BRDA:47,6,1,0
BRF:15
BRH:0
end_of_record
TN:
SF:src\features\pettycash\components\PettycashShareModal.jsx
FN:8,defaultRange
FN:19,PettycashShareModal
FN:26,(anonymous_2)
FN:31,downloadImage
FN:45,shareImage
FN:88,(anonymous_5)
FN:96,(anonymous_6)
FNF:7
FNH:0
FNDA:0,defaultRange
FNDA:0,PettycashShareModal
FNDA:0,(anonymous_2)
FNDA:0,downloadImage
FNDA:0,shareImage
FNDA:0,(anonymous_5)
FNDA:0,(anonymous_6)
DA:9,0
DA:10,0
DA:11,0
DA:12,0
DA:13,0
DA:20,0
DA:21,0
DA:22,0
DA:23,0
DA:24,0
DA:26,0
DA:27,0
DA:28,0
DA:32,0
DA:33,0
DA:34,0
DA:35,0
DA:36,0
DA:37,0
DA:38,0
DA:39,0
DA:41,0
DA:46,0
DA:47,0
DA:48,0
DA:49,0
DA:50,0
DA:51,0
DA:52,0
DA:53,0
DA:54,0
DA:56,0
DA:57,0
DA:58,0
DA:59,0
DA:62,0
DA:64,0
DA:68,0
DA:88,0
DA:96,0
LF:40
LH:0
BRDA:27,0,0,0
BRDA:27,0,1,0
BRDA:28,1,0,0
BRDA:28,1,1,0
BRDA:53,2,0,0
BRDA:53,2,1,0
BRDA:53,3,0,0
BRDA:53,3,1,0
BRDA:62,4,0,0
BRDA:62,4,1,0
BRDA:124,5,0,0
BRDA:124,5,1,0
BRF:12
BRH:0
end_of_record
TN:
SF:src\features\pettycash\pages\PettycashPage.jsx
FN:15,PettycashPage
FN:20,(anonymous_1)
FN:25,handleDelete
FN:33,(anonymous_3)
FN:38,(anonymous_4)
FN:38,(anonymous_5)
FN:39,(anonymous_6)
FN:39,(anonymous_7)
FN:44,(anonymous_8)
FN:50,(anonymous_9)
FN:71,(anonymous_10)
FN:74,(anonymous_11)
FN:77,(anonymous_12)
FN:111,(anonymous_13)
FN:129,(anonymous_14)
FN:130,(anonymous_15)
FN:139,(anonymous_16)
FN:139,(anonymous_17)
FN:140,(anonymous_18)
FN:140,(anonymous_19)
FN:142,(anonymous_20)
FNF:21
FNH:19
FNDA:36,PettycashPage
FNDA:21,(anonymous_1)
FNDA:2,handleDelete
FNDA:63,(anonymous_3)
FNDA:58,(anonymous_4)
FNDA:30,(anonymous_5)
FNDA:58,(anonymous_6)
FNDA:28,(anonymous_7)
FNDA:0,(anonymous_8)
FNDA:3,(anonymous_9)
FNDA:1,(anonymous_10)
FNDA:108,(anonymous_11)
FNDA:4,(anonymous_12)
FNDA:58,(anonymous_13)
FNDA:3,(anonymous_14)
FNDA:2,(anonymous_15)
FNDA:1,(anonymous_16)
FNDA:1,(anonymous_17)
FNDA:1,(anonymous_18)
FNDA:1,(anonymous_19)
FNDA:0,(anonymous_20)
DA:16,36
DA:17,36
DA:18,36
DA:19,36
DA:20,36
DA:22,36
DA:23,36
DA:26,2
DA:27,1
DA:28,1
DA:33,36
DA:34,63
DA:35,61
DA:36,58
DA:38,58
DA:39,58
DA:42,36
DA:44,0
DA:50,3
DA:58,36
DA:71,1
DA:75,108
DA:77,4
DA:112,58
DA:129,3
DA:130,2
DA:139,1
DA:140,1
DA:142,0
LF:29
LH:27
BRDA:26,0,0,1
BRDA:26,0,1,1
BRDA:34,1,0,2
BRDA:34,1,1,61
BRDA:34,2,0,63
BRDA:34,2,1,63
BRDA:35,3,0,3
BRDA:35,3,1,58
BRDA:35,4,0,61
BRDA:35,4,1,6
BRDA:38,5,0,30
BRDA:38,5,1,1
BRDA:39,6,0,28
BRDA:39,6,1,1
BRDA:63,7,0,35
BRDA:63,7,1,1
BRDA:79,8,0,36
BRDA:79,8,1,72
BRDA:82,9,0,36
BRDA:82,9,1,72
BRDA:82,10,0,36
BRDA:82,10,1,36
BRDA:100,11,0,36
BRDA:100,11,1,1
BRDA:105,12,0,1
BRDA:105,12,1,35
BRDA:107,13,0,4
BRDA:107,13,1,31
BRDA:116,14,0,30
BRDA:116,14,1,28
BRDA:117,15,0,30
BRDA:117,15,1,28
BRDA:117,16,0,30
BRDA:117,16,1,28
BRDA:121,17,0,58
BRDA:121,17,1,3
BRDA:125,18,0,30
BRDA:125,18,1,28
BRDA:126,19,0,30
BRDA:126,19,1,28
BRDA:139,20,0,36
BRDA:139,20,1,3
BRDA:140,21,0,36
BRDA:140,21,1,3
BRDA:141,22,0,36
BRDA:141,22,1,0
BRF:46
BRH:45
end_of_record
TN:
SF:src\shared\components\FinanceBottomNav.jsx
FN:8,IconDashboard
FN:20,IconGajian
FN:31,IconKasbon
FN:43,IconPettycash
FN:54,IconKaryawan
FN:66,IconPengaturan
FN:85,FinanceBottomNav
FN:88,isActive
FN:96,(anonymous_8)
FNF:9
FNH:9
FNDA:13,IconDashboard
FNDA:13,IconGajian
FNDA:13,IconKasbon
FNDA:13,IconPettycash
FNDA:13,IconKaryawan
FNDA:13,IconPengaturan
FNDA:13,FinanceBottomNav
FNDA:78,isActive
FNDA:78,(anonymous_8)
DA:9,13
DA:10,13
DA:21,13
DA:22,13
DA:32,13
DA:33,13
DA:44,13
DA:45,13
DA:55,13
DA:56,13
DA:67,13
DA:68,13
DA:76,1
DA:86,13
DA:89,78
DA:90,65
DA:93,13
DA:97,78
DA:98,78
LF:19
LH:19
BRDA:9,0,0,7
BRDA:9,0,1,6
BRDA:21,1,0,2
BRDA:21,1,1,11
BRDA:32,2,0,1
BRDA:32,2,1,12
BRDA:44,3,0,1
BRDA:44,3,1,12
BRDA:55,4,0,1
BRDA:55,4,1,12
BRDA:67,5,0,1
BRDA:67,5,1,12
BRDA:89,6,0,13
BRDA:89,6,1,65
BRDA:90,7,0,65
BRDA:90,7,1,60
BRDA:103,8,0,13
BRDA:103,8,1,65
BRDA:109,9,0,13
BRDA:109,9,1,65
BRF:20
BRH:20
end_of_record
TN:
SF:src\shared\components\FinanceLayout.jsx
FN:11,FinanceLayout
FNF:1
FNH:1
FNDA:6,FinanceLayout
DA:12,6
DA:14,6
LF:2
LH:2
BRDA:23,0,0,6
BRDA:23,0,1,2
BRDA:25,1,0,2
BRDA:25,1,1,1
BRF:4
BRH:4
end_of_record
TN:
SF:src\shared\components\ProtectedRoute.jsx
FN:4,ProtectedRoute
FNF:1
FNH:1
FNDA:3,ProtectedRoute
DA:5,3
DA:6,3
DA:7,2
DA:8,1
LF:4
LH:4
BRDA:6,0,0,1
BRDA:6,0,1,2
BRDA:7,1,0,1
BRDA:7,1,1,1
BRF:4
BRH:4
end_of_record
TN:
SF:src\shared\lib\format.js
FN:10,fmtRp
FN:16,fmtTanggal
FN:27,fmtTanggalPendek
FN:37,getSabtu
FN:46,getSenin
FNF:5
FNH:5
FNDA:4,fmtRp
FNDA:3,fmtTanggal
FNDA:3,fmtTanggalPendek
FNDA:4,getSabtu
FNDA:3,getSenin
DA:11,4
DA:12,2
DA:17,3
DA:18,1
DA:28,3
DA:29,1
DA:38,4
DA:39,4
DA:40,4
DA:41,4
DA:42,4
DA:47,3
DA:48,3
DA:49,3
DA:50,3
DA:51,3
DA:57,2
DA:59,2
DA:64,2
LF:19
LH:19
BRDA:11,0,0,2
BRDA:11,0,1,2
BRDA:11,1,0,4
BRDA:11,1,1,3
BRDA:17,2,0,2
BRDA:17,2,1,1
BRDA:28,3,0,2
BRDA:28,3,1,1
BRDA:37,4,0,4
BRDA:46,5,0,3
BRDA:49,6,0,1
BRDA:49,6,1,2
BRF:12
BRH:12
end_of_record
