TN:
SF:src\App.jsx
FN:15,App
FNF:1
FNH:1
FNDA:13,App
DA:16,13
LF:1
LH:1
BRF:0
BRH:0
end_of_record
TN:
SF:src\features\auth\components\LoginPage.jsx
FN:5,LoginPage
FN:18,handleSubmit
FN:47,(anonymous_2)
FN:61,(anonymous_3)
FNF:4
FNH:4
FNDA:17,LoginPage
FNDA:3,handleSubmit
FNDA:3,(anonymous_2)
FNDA:3,(anonymous_3)
DA:6,17
DA:7,17
DA:8,17
DA:9,17
DA:10,17
DA:11,17
DA:13,17
DA:14,1
DA:15,1
DA:19,3
DA:20,3
DA:21,3
DA:22,3
DA:23,3
DA:24,1
DA:25,1
DA:26,2
DA:29,16
DA:47,3
DA:61,3
LF:20
LH:20
BRDA:13,0,0,1
BRDA:13,0,1,16
BRDA:13,1,0,17
BRDA:13,1,1,15
BRDA:23,2,0,1
BRDA:23,2,1,2
BRDA:67,3,0,16
BRDA:67,3,1,1
BRDA:70,4,0,17
BRDA:70,4,1,13
BRDA:73,5,0,3
BRDA:73,5,1,13
BRF:12
BRH:12
end_of_record
TN:
SF:src\features\buku-potongan\api.js
FN:23,fetchBukuPotonganData
FN:36,upsertExpectedStok
FN:37,(anonymous_2)
FNF:3
FNH:3
FNDA:3,fetchBukuPotonganData
FNDA:2,upsertExpectedStok
FNDA:2,(anonymous_2)
DA:24,3
DA:28,3
DA:37,2
DA:38,2
DA:41,2
DA:42,1
LF:6
LH:6
BRDA:29,0,0,3
BRDA:29,0,1,1
BRDA:30,1,0,3
BRDA:30,1,1,2
BRDA:41,2,0,1
BRDA:41,2,1,1
BRF:6
BRH:6
end_of_record
TN:
SF:src\features\buku-potongan\hooks.js
FN:7,useBukuPotonganData
FN:19,useSaveExpectedStok
FN:21,(anonymous_2)
FNF:3
FNH:3
FNDA:2,useBukuPotonganData
FNDA:1,useSaveExpectedStok
FNDA:1,(anonymous_2)
DA:8,2
DA:9,2
DA:20,1
DA:21,1
LF:4
LH:4
BRDA:10,0,0,2
BRDA:10,0,1,1
BRDA:11,1,0,2
BRDA:11,1,1,1
BRDA:12,2,0,2
BRDA:12,2,1,1
BRF:6
BRH:6
end_of_record
TN:
SF:src\features\buku-potongan\queries.js
FN:12,useBukuPotonganDataQuery
FN:19,useUpsertExpectedStokMutation
FN:22,(anonymous_2)
FN:23,(anonymous_3)
FNF:4
FNH:4
FNDA:2,useBukuPotonganDataQuery
FNDA:1,useUpsertExpectedStokMutation
FNDA:1,(anonymous_2)
FNDA:1,(anonymous_3)
DA:8,1
DA:13,2
DA:20,1
DA:21,1
DA:22,1
DA:23,1
LF:6
LH:6
BRF:0
BRH:0
end_of_record
TN:
SF:src\features\buku-potongan\utils.js
FN:6,(anonymous_0)
FN:8,sortRows
FN:9,(anonymous_2)
FN:16,kodeNum
FN:21,rowKey
FN:25,selisihCls
FN:31,selisihLabel
FNF:7
FNH:7
FNDA:12,(anonymous_0)
FNDA:12,sortRows
FNDA:2,(anonymous_2)
FNDA:37,kodeNum
FNDA:123,rowKey
FNDA:18,selisihCls
FNDA:28,selisihLabel
DA:6,12
DA:9,12
DA:10,2
DA:11,2
DA:12,1
DA:17,37
DA:18,37
DA:22,123
DA:26,18
DA:27,17
DA:28,11
DA:32,28
DA:33,27
DA:34,21
LF:14
LH:14
BRDA:10,0,0,2
BRDA:10,0,1,0
BRDA:10,1,0,2
BRDA:10,1,1,0
BRDA:11,2,0,1
BRDA:11,2,1,1
BRDA:12,3,0,1
BRDA:12,3,1,0
BRDA:12,4,0,2
BRDA:12,4,1,0
BRDA:17,5,0,37
BRDA:17,5,1,1
BRDA:18,6,0,34
BRDA:18,6,1,3
BRDA:26,7,0,1
BRDA:26,7,1,17
BRDA:27,8,0,6
BRDA:27,8,1,11
BRDA:32,9,0,1
BRDA:32,9,1,27
BRDA:33,10,0,6
BRDA:33,10,1,21
BRF:22
BRH:18
end_of_record
TN:
SF:src\features\buku-potongan\components\BukuPotonganPage.jsx
FN:18,BukuPotonganPage
FN:34,(anonymous_1)
FN:45,(anonymous_2)
FN:54,(anonymous_3)
FN:75,handleChangeExpected
FN:79,(anonymous_5)
FN:87,handleSave
FN:91,(anonymous_7)
FN:104,expandAll
FN:109,collapseAll
FN:112,toggleProduct
FN:113,(anonymous_11)
FN:119,(anonymous_12)
FN:121,(anonymous_13)
FN:126,(anonymous_14)
FN:137,(anonymous_15)
FN:170,(anonymous_16)
FN:175,(anonymous_17)
FN:175,(anonymous_18)
FN:238,(anonymous_19)
FNF:20
FNH:20
FNDA:25,BukuPotonganPage
FNDA:12,(anonymous_1)
FNDA:12,(anonymous_2)
FNDA:12,(anonymous_3)
FNDA:3,handleChangeExpected
FNDA:3,(anonymous_5)
FNDA:2,handleSave
FNDA:2,(anonymous_7)
FNDA:2,expandAll
FNDA:1,collapseAll
FNDA:4,toggleProduct
FNDA:4,(anonymous_11)
FNDA:18,(anonymous_12)
FNDA:36,(anonymous_13)
FNDA:1,(anonymous_14)
FNDA:16,(anonymous_15)
FNDA:1,(anonymous_16)
FNDA:1,(anonymous_17)
FNDA:1,(anonymous_18)
FNDA:46,(anonymous_19)
DA:19,25
DA:26,25
DA:27,25
DA:28,25
DA:29,25
DA:30,25
DA:31,25
DA:34,25
DA:35,12
DA:36,12
DA:37,10
DA:38,10
DA:39,10
DA:41,12
DA:45,25
DA:46,12
DA:47,12
DA:48,10
DA:50,12
DA:54,25
DA:55,12
DA:56,12
DA:57,10
DA:58,10
DA:59,10
DA:60,10
DA:62,12
DA:63,10
DA:64,10
DA:65,10
DA:66,10
DA:68,12
DA:69,12
DA:70,10
DA:72,12
DA:76,3
DA:77,3
DA:78,3
DA:79,3
DA:80,3
DA:81,3
DA:82,3
DA:83,3
DA:88,2
DA:89,2
DA:90,2
DA:91,2
DA:92,2
DA:93,2
DA:95,2
DA:96,1
DA:97,1
DA:98,1
DA:100,1
DA:105,2
DA:106,4
DA:107,2
DA:110,1
DA:113,4
DA:116,25
DA:117,25
DA:119,25
DA:120,18
DA:122,36
DA:123,1
DA:124,35
DA:125,2
DA:126,2
DA:128,1
DA:131,1
DA:132,1
DA:135,33
DA:137,16
DA:141,25
DA:143,25
DA:170,1
DA:175,1
DA:239,46
LF:78
LH:78
BRDA:37,0,0,10
BRDA:37,0,1,0
BRDA:39,1,0,10
BRDA:39,1,1,10
BRDA:39,2,0,10
BRDA:39,2,1,0
BRDA:39,3,0,10
BRDA:39,3,1,0
BRDA:39,4,0,10
BRDA:39,4,1,0
BRDA:48,5,0,10
BRDA:48,5,1,0
BRDA:48,6,0,10
BRDA:48,6,1,0
BRDA:57,7,0,10
BRDA:57,7,1,0
BRDA:59,8,0,10
BRDA:59,8,1,0
BRDA:63,9,0,10
BRDA:63,9,1,0
BRDA:65,10,0,0
BRDA:65,10,1,10
BRDA:66,11,0,0
BRDA:66,11,1,10
BRDA:77,12,0,3
BRDA:77,12,1,0
BRDA:78,13,0,3
BRDA:78,13,1,0
BRDA:81,14,0,0
BRDA:81,14,1,3
BRDA:89,15,0,0
BRDA:89,15,1,2
BRDA:93,16,0,2
BRDA:93,16,1,0
BRDA:106,17,0,2
BRDA:106,17,1,0
BRDA:120,18,0,18
BRDA:120,18,1,0
BRDA:122,19,0,1
BRDA:122,19,1,35
BRDA:122,20,0,36
BRDA:122,20,1,2
BRDA:122,20,2,1
BRDA:122,21,0,1
BRDA:122,21,1,0
BRDA:124,22,0,2
BRDA:124,22,1,33
BRDA:125,23,0,2
BRDA:125,23,1,1
BRDA:128,24,0,1
BRDA:128,24,1,1
BRDA:128,24,2,0
BRDA:131,25,0,1
BRDA:131,25,1,0
BRDA:141,26,0,25
BRDA:141,26,1,25
BRDA:150,27,0,25
BRDA:150,27,1,3
BRDA:158,28,0,25
BRDA:158,28,1,3
BRDA:161,29,0,0
BRDA:161,29,1,25
BRDA:161,30,0,3
BRDA:161,30,1,22
BRDA:177,31,0,1
BRDA:177,31,1,24
BRDA:200,32,0,25
BRDA:200,32,1,1
BRDA:210,33,0,25
BRDA:210,33,1,24
BRDA:210,33,2,23
BRDA:227,34,0,25
BRDA:227,34,1,1
BRDA:228,35,0,25
BRDA:228,35,1,24
BRDA:228,35,2,0
BRDA:230,36,0,0
BRDA:230,36,1,0
BRDA:232,37,0,0
BRDA:232,37,1,0
BRDA:237,38,0,25
BRDA:237,38,1,24
BRDA:242,39,0,46
BRDA:242,39,1,23
BRF:84
BRH:57
end_of_record
TN:
SF:src\features\buku-potongan\components\ProductBukuCard.jsx
FN:16,ProductBukuCard
FN:26,getExpected
FN:31,getActual
FN:43,(anonymous_3)
FN:49,(anonymous_4)
FN:91,(anonymous_5)
FN:130,(anonymous_6)
FNF:7
FNH:7
FNDA:14,ProductBukuCard
FNDA:36,getExpected
FNDA:36,getActual
FNDA:24,(anonymous_3)
FNDA:1,(anonymous_4)
FNDA:10,(anonymous_5)
FNDA:1,(anonymous_6)
DA:27,36
DA:28,36
DA:32,36
DA:36,14
DA:37,14
DA:38,14
DA:39,26
DA:40,26
DA:42,14
DA:43,24
DA:45,14
DA:49,1
DA:92,10
DA:93,10
DA:94,10
DA:95,10
DA:97,10
DA:131,1
LF:18
LH:18
BRDA:28,0,0,36
BRDA:28,0,1,33
BRDA:28,0,2,0
BRDA:32,1,0,36
BRDA:32,1,1,0
BRDA:55,2,0,14
BRDA:55,2,1,2
BRDA:60,3,0,14
BRDA:60,3,1,12
BRDA:60,3,2,10
BRDA:63,4,0,0
BRDA:63,4,1,10
BRDA:78,5,0,5
BRDA:78,5,1,9
BRDA:83,6,0,14
BRDA:83,6,1,5
BRDA:85,7,0,0
BRDA:85,7,1,5
BRDA:100,8,0,1
BRDA:100,8,1,9
BRDA:107,9,0,10
BRDA:107,9,1,10
BRDA:107,9,2,10
BRDA:110,10,0,10
BRDA:110,10,1,1
BRDA:117,11,0,0
BRDA:117,11,1,10
BRDA:117,12,0,10
BRDA:117,12,1,0
BRDA:128,13,0,10
BRDA:128,13,1,0
BRDA:134,14,0,1
BRDA:134,14,1,9
BRDA:143,15,0,0
BRDA:143,15,1,10
BRDA:165,16,0,0
BRDA:165,16,1,5
BRDA:165,17,0,5
BRDA:165,17,1,0
BRF:39
BRH:29
end_of_record
TN:
SF:src\features\history\api.js
FN:27,logHistory
FN:53,fetchHistory
FN:71,deleteHistoryEntry
FNF:3
FNH:3
FNDA:5,logHistory
FNDA:5,fetchHistory
FNDA:2,deleteHistoryEntry
DA:35,5
DA:36,5
DA:37,4
DA:48,2
DA:54,5
DA:60,5
DA:61,1
DA:63,5
DA:64,5
DA:66,5
DA:67,5
DA:68,4
DA:72,2
DA:73,2
LF:14
LH:14
BRDA:29,0,0,5
BRDA:33,1,0,5
BRDA:44,2,0,4
BRDA:44,2,1,1
BRDA:53,3,0,5
BRDA:53,4,0,5
BRDA:53,5,0,5
BRDA:53,6,0,5
BRDA:60,7,0,1
BRDA:60,7,1,4
BRDA:60,8,0,5
BRDA:60,8,1,5
BRDA:63,9,0,1
BRDA:63,9,1,4
BRDA:64,10,0,1
BRDA:64,10,1,4
BRDA:67,11,0,1
BRDA:67,11,1,4
BRDA:68,12,0,4
BRDA:68,12,1,1
BRDA:73,13,0,1
BRDA:73,13,1,1
BRF:22
BRH:22
end_of_record
TN:
SF:src\features\history\hooks.js
FN:14,useHistory
FN:19,useDeleteHistory
FN:21,(anonymous_2)
FNF:3
FNH:3
FNDA:2,useHistory
FNDA:1,useDeleteHistory
FNDA:1,(anonymous_2)
DA:15,2
DA:16,2
DA:20,1
DA:21,1
LF:4
LH:4
BRDA:14,0,0,2
BRDA:14,1,0,2
BRDA:14,2,0,2
BRDA:14,3,0,2
BRDA:16,4,0,2
BRDA:16,4,1,1
BRF:6
BRH:6
end_of_record
TN:
SF:src\features\history\queries.js
FN:10,(anonymous_0)
FN:13,useHistoryQuery
FN:16,(anonymous_2)
FN:20,useDeleteHistoryMutation
FN:23,(anonymous_4)
FN:24,(anonymous_5)
FNF:6
FNH:6
FNDA:3,(anonymous_0)
FNDA:2,useHistoryQuery
FNDA:1,(anonymous_2)
FNDA:1,useDeleteHistoryMutation
FNDA:1,(anonymous_4)
FNDA:1,(anonymous_5)
DA:8,2
DA:10,3
DA:14,2
DA:16,1
DA:21,1
DA:22,1
DA:23,1
DA:24,1
LF:8
LH:8
BRDA:13,0,0,2
BRDA:13,1,0,2
BRDA:13,2,0,2
BRDA:13,3,0,2
BRF:4
BRH:4
end_of_record
TN:
SF:src\features\history\utils.js
FN:124,getMeta
FN:134,presetToDates
FN:151,formatTime
FN:156,formatGroupDate
FN:173,groupByDate
FNF:5
FNH:5
FNDA:59,getMeta
FNDA:39,presetToDates
FNDA:34,formatTime
FNDA:20,formatGroupDate
FNDA:19,groupByDate
DA:5,3
DA:125,59
DA:135,39
DA:136,39
DA:137,39
DA:138,38
DA:139,1
DA:140,1
DA:141,1
DA:143,37
DA:144,35
DA:145,35
DA:146,35
DA:148,2
DA:152,34
DA:153,31
DA:157,20
DA:158,18
DA:159,18
DA:160,18
DA:161,18
DA:162,18
DA:163,18
DA:164,17
DA:165,16
DA:174,19
DA:175,19
DA:176,19
DA:177,16
DA:178,16
DA:179,15
DA:180,15
DA:182,16
DA:184,19
LF:34
LH:34
BRDA:126,0,0,59
BRDA:126,0,1,4
BRDA:137,1,0,1
BRDA:137,1,1,38
BRDA:138,2,0,1
BRDA:138,2,1,37
BRDA:143,3,0,35
BRDA:143,3,1,2
BRDA:152,4,0,3
BRDA:152,4,1,31
BRDA:157,5,0,2
BRDA:157,5,1,18
BRDA:163,6,0,1
BRDA:163,6,1,17
BRDA:164,7,0,1
BRDA:164,7,1,16
BRDA:178,8,0,15
BRDA:178,8,1,1
BRF:18
BRH:18
end_of_record
TN:
SF:src\features\history\components\HistoryDetailModal.jsx
FN:8,Row
FN:18,DiffRow
FN:35,PelangganDetail
FN:44,(anonymous_3)
FN:48,(anonymous_4)
FN:52,(anonymous_5)
FN:69,SampelDetail
FN:130,ProduksiDetail
FN:147,(anonymous_8)
FN:153,(anonymous_9)
FN:174,(anonymous_10)
FN:228,HistoryDetailModal
FNF:12
FNH:11
FNDA:35,Row
FNDA:5,DiffRow
FNDA:4,PelangganDetail
FNDA:1,(anonymous_3)
FNDA:3,(anonymous_4)
FNDA:0,(anonymous_5)
FNDA:5,SampelDetail
FNDA:13,ProduksiDetail
FNDA:1,(anonymous_8)
FNDA:1,(anonymous_9)
FNDA:1,(anonymous_10)
FNDA:27,HistoryDetailModal
DA:9,35
DA:19,5
DA:20,5
DA:21,5
DA:36,4
DA:38,4
DA:39,1
DA:44,1
DA:45,1
DA:49,3
DA:52,0
DA:59,3
DA:70,5
DA:72,5
DA:73,2
DA:92,3
DA:93,1
DA:111,2
DA:112,1
DA:120,1
DA:131,13
DA:132,5
DA:135,8
DA:137,8
DA:138,1
DA:148,1
DA:153,1
DA:164,7
DA:165,1
DA:175,1
DA:185,6
DA:186,1
DA:193,5
DA:194,3
DA:195,2
DA:208,2
DA:209,1
DA:220,1
DA:229,27
DA:230,26
DA:231,26
DA:233,27
LF:42
LH:41
BRDA:12,0,0,35
BRDA:12,0,1,0
BRDA:20,1,0,0
BRDA:20,1,1,5
BRDA:20,2,0,5
BRDA:20,2,1,1
BRDA:20,2,2,0
BRDA:24,3,0,5
BRDA:24,3,1,4
BRDA:24,3,2,4
BRDA:25,4,0,4
BRDA:25,4,1,0
BRDA:27,5,0,4
BRDA:27,5,1,1
BRDA:28,6,0,5
BRDA:28,6,1,0
BRDA:36,7,0,0
BRDA:36,7,1,4
BRDA:38,8,0,1
BRDA:38,8,1,3
BRDA:38,9,0,4
BRDA:38,9,1,2
BRDA:47,10,0,1
BRDA:47,10,1,0
BRDA:70,11,0,0
BRDA:70,11,1,5
BRDA:72,12,0,2
BRDA:72,12,1,3
BRDA:76,13,0,1
BRDA:76,13,1,1
BRDA:92,14,0,1
BRDA:92,14,1,2
BRDA:96,15,0,1
BRDA:96,15,1,1
BRDA:111,16,0,1
BRDA:111,16,1,1
BRDA:111,17,0,2
BRDA:111,17,1,1
BRDA:122,18,0,1
BRDA:122,18,1,1
BRDA:123,19,0,5
BRDA:123,19,1,1
BRDA:124,20,0,5
BRDA:124,20,1,1
BRDA:131,21,0,5
BRDA:131,21,1,8
BRDA:135,22,0,0
BRDA:135,22,1,8
BRDA:137,23,0,1
BRDA:137,23,1,7
BRDA:142,24,0,1
BRDA:142,24,1,0
BRDA:143,25,0,1
BRDA:143,25,1,0
BRDA:144,26,0,1
BRDA:144,26,1,1
BRDA:144,26,2,1
BRDA:150,27,0,1
BRDA:150,27,1,1
BRDA:150,27,2,1
BRDA:164,28,0,1
BRDA:164,28,1,6
BRDA:167,29,0,1
BRDA:167,29,1,0
BRDA:168,30,0,1
BRDA:168,30,1,1
BRDA:171,31,0,1
BRDA:171,31,1,1
BRDA:171,31,2,1
BRDA:185,32,0,1
BRDA:185,32,1,5
BRDA:188,33,0,1
BRDA:188,33,1,0
BRDA:193,34,0,3
BRDA:193,34,1,2
BRDA:193,35,0,5
BRDA:193,35,1,3
BRDA:194,36,0,1
BRDA:194,36,1,2
BRDA:197,37,0,2
BRDA:197,37,1,2
BRDA:198,38,0,3
BRDA:198,38,1,1
BRDA:199,39,0,3
BRDA:199,39,1,2
BRDA:199,40,0,2
BRDA:199,40,1,0
BRDA:200,41,0,3
BRDA:200,41,1,1
BRDA:201,42,0,3
BRDA:201,42,1,1
BRDA:202,43,0,3
BRDA:202,43,1,1
BRDA:203,44,0,3
BRDA:203,44,1,0
BRDA:208,45,0,1
BRDA:208,45,1,1
BRDA:211,46,0,1
BRDA:211,46,1,1
BRDA:212,47,0,1
BRDA:212,47,1,1
BRDA:213,48,0,1
BRDA:213,48,1,1
BRDA:213,49,0,1
BRDA:213,49,1,0
BRDA:214,50,0,1
BRDA:214,50,1,0
BRDA:215,51,0,1
BRDA:215,51,1,1
BRDA:229,52,0,1
BRDA:229,52,1,26
BRDA:248,53,0,4
BRDA:248,53,1,22
BRDA:251,54,0,4
BRDA:251,54,1,0
BRDA:251,54,2,0
BRDA:254,55,0,4
BRDA:254,55,1,0
BRDA:261,56,0,22
BRDA:261,56,1,0
BRDA:261,56,2,0
BRDA:273,57,0,27
BRDA:273,57,1,26
BRDA:286,58,0,27
BRDA:286,58,1,4
BRDA:293,59,0,27
BRDA:293,59,1,22
BRDA:293,59,2,16
BRDA:293,59,3,7
BRDA:296,60,0,27
BRDA:296,60,1,22
BRDA:296,60,2,1
BRDA:303,61,0,27
BRDA:303,61,1,22
BRDA:303,61,2,1
BRDA:306,62,0,27
BRDA:306,62,1,22
BRDA:306,62,2,13
BRF:138
BRH:116
end_of_record
TN:
SF:src\features\history\components\HistoryDiffs.jsx
FN:8,Section
FN:19,Pill
FN:29,ChangeRow
FN:51,ProdukDiff
FN:60,(anonymous_4)
FN:64,(anonymous_5)
FN:76,(anonymous_6)
FN:76,(anonymous_7)
FN:78,(anonymous_8)
FN:79,(anonymous_9)
FN:80,(anonymous_10)
FN:108,(anonymous_11)
FN:119,(anonymous_12)
FN:140,(anonymous_13)
FN:149,(anonymous_14)
FN:171,TransferDiff
FN:174,(anonymous_16)
FN:203,(anonymous_17)
FN:228,StokDiff
FN:237,(anonymous_19)
FN:238,(anonymous_20)
FN:267,(anonymous_21)
FNF:22
FNH:22
FNDA:23,Section
FNDA:21,Pill
FNDA:10,ChangeRow
FNDA:7,ProdukDiff
FNDA:12,(anonymous_4)
FNDA:18,(anonymous_5)
FNDA:2,(anonymous_6)
FNDA:3,(anonymous_7)
FNDA:4,(anonymous_8)
FNDA:5,(anonymous_9)
FNDA:6,(anonymous_10)
FNDA:1,(anonymous_11)
FNDA:1,(anonymous_12)
FNDA:3,(anonymous_13)
FNDA:3,(anonymous_14)
FNDA:7,TransferDiff
FNDA:4,(anonymous_16)
FNDA:4,(anonymous_17)
FNDA:6,StokDiff
FNDA:5,(anonymous_19)
FNDA:3,(anonymous_20)
FNDA:15,(anonymous_21)
DA:9,23
DA:20,21
DA:30,10
DA:52,7
DA:54,6
DA:60,12
DA:63,6
DA:65,18
DA:66,18
DA:67,18
DA:68,18
DA:69,18
DA:70,6
DA:74,6
DA:75,7
DA:76,7
DA:77,7
DA:79,5
DA:80,6
DA:81,4
DA:82,4
DA:83,4
DA:84,4
DA:88,7
DA:89,7
DA:90,7
DA:93,7
DA:94,2
DA:95,2
DA:109,1
DA:120,1
DA:129,4
DA:130,1
DA:135,3
DA:141,3
DA:150,3
DA:172,7
DA:173,7
DA:174,7
DA:176,7
DA:204,4
DA:229,6
DA:230,6
DA:231,6
DA:232,5
DA:234,5
DA:238,5
DA:239,5
DA:240,5
DA:241,5
DA:243,5
DA:268,15
DA:269,15
DA:270,15
DA:271,15
LF:55
LH:55
BRDA:19,0,0,21
BRDA:29,1,0,10
BRDA:41,2,0,2
BRDA:41,2,1,8
BRDA:52,3,0,1
BRDA:52,3,1,6
BRDA:52,4,0,7
BRDA:52,4,1,3
BRDA:60,5,0,11
BRDA:60,5,1,1
BRDA:67,6,0,6
BRDA:67,6,1,12
BRDA:67,7,0,6
BRDA:67,7,1,0
BRDA:67,8,0,12
BRDA:67,8,1,4
BRDA:68,9,0,6
BRDA:68,9,1,12
BRDA:68,10,0,6
BRDA:68,10,1,1
BRDA:68,11,0,12
BRDA:68,11,1,3
BRDA:69,12,0,12
BRDA:69,12,1,6
BRDA:74,13,0,6
BRDA:74,13,1,2
BRDA:75,14,0,7
BRDA:75,14,1,0
BRDA:81,15,0,2
BRDA:81,15,1,2
BRDA:82,16,0,3
BRDA:82,16,1,1
BRDA:83,17,0,0
BRDA:83,17,1,4
BRDA:83,18,0,4
BRDA:83,18,1,0
BRDA:88,19,0,7
BRDA:88,19,1,5
BRDA:88,20,0,7
BRDA:88,20,1,2
BRDA:89,21,0,7
BRDA:89,21,1,4
BRDA:89,22,0,7
BRDA:89,22,1,0
BRDA:93,23,0,2
BRDA:93,23,1,5
BRDA:94,24,0,2
BRDA:94,24,1,0
BRDA:97,25,0,2
BRDA:97,25,1,1
BRDA:97,25,2,1
BRDA:100,26,0,1
BRDA:100,26,1,1
BRDA:101,27,0,1
BRDA:101,27,1,1
BRDA:103,28,0,2
BRDA:103,28,1,1
BRDA:105,29,0,2
BRDA:105,29,1,0
BRDA:114,30,0,2
BRDA:114,30,1,1
BRDA:116,31,0,2
BRDA:116,31,1,0
BRDA:129,32,0,1
BRDA:129,32,1,3
BRDA:129,33,0,4
BRDA:129,33,1,3
BRDA:129,33,2,2
BRDA:137,34,0,3
BRDA:137,34,1,1
BRDA:146,35,0,7
BRDA:146,35,1,1
BRDA:150,36,0,1
BRDA:150,36,1,2
BRDA:152,37,0,1
BRDA:152,37,1,1
BRDA:161,38,0,7
BRDA:161,38,1,1
BRDA:163,39,0,1
BRDA:163,39,1,0
BRDA:163,40,0,1
BRDA:163,40,1,0
BRDA:172,41,0,7
BRDA:172,41,1,1
BRDA:172,41,2,0
BRDA:174,42,0,7
BRDA:174,42,1,0
BRDA:174,43,0,4
BRDA:174,43,1,0
BRDA:181,44,0,7
BRDA:181,44,1,0
BRDA:182,45,0,7
BRDA:182,45,1,0
BRDA:185,46,0,7
BRDA:185,46,1,1
BRDA:187,47,0,7
BRDA:187,47,1,1
BRDA:188,48,0,7
BRDA:188,48,1,1
BRDA:188,48,2,1
BRDA:193,49,0,7
BRDA:193,49,1,1
BRDA:193,49,2,1
BRDA:198,50,0,7
BRDA:198,50,1,4
BRDA:200,51,0,7
BRDA:200,51,1,0
BRDA:213,52,0,4
BRDA:213,52,1,4
BRDA:213,52,2,2
BRDA:229,53,0,6
BRDA:229,53,1,1
BRDA:230,54,0,6
BRDA:230,54,1,0
BRDA:231,55,0,1
BRDA:231,55,1,5
BRDA:238,56,0,3
BRDA:238,56,1,3
BRDA:239,57,0,3
BRDA:239,57,1,2
BRDA:239,58,0,3
BRDA:239,58,1,0
BRDA:239,59,0,3
BRDA:239,59,1,0
BRDA:239,60,0,3
BRDA:239,60,1,0
BRDA:240,61,0,5
BRDA:240,61,1,0
BRDA:240,62,0,5
BRDA:240,62,1,0
BRDA:240,63,0,5
BRDA:240,63,1,0
BRDA:248,64,0,5
BRDA:248,64,1,5
BRDA:248,64,2,1
BRDA:256,65,0,5
BRDA:256,65,1,4
BRDA:258,66,0,3
BRDA:258,66,1,1
BRDA:260,67,0,3
BRDA:260,67,1,1
BRDA:268,68,0,15
BRDA:268,68,1,6
BRDA:269,69,0,15
BRDA:269,69,1,0
BRDA:274,70,0,4
BRDA:274,70,1,11
BRDA:279,71,0,3
BRDA:279,71,1,1
BRF:149
BRH:125
end_of_record
TN:
SF:src\features\history\components\HistoryPage.jsx
FN:18,HistoryPage
FN:35,(anonymous_1)
FN:39,requestDelete
FN:44,handleConfirmDelete
FN:48,(anonymous_4)
FN:56,(anonymous_5)
FN:62,(anonymous_6)
FN:80,(anonymous_7)
FN:92,(anonymous_8)
FN:114,(anonymous_9)
FN:121,(anonymous_10)
FN:146,(anonymous_11)
FN:156,(anonymous_12)
FN:164,(anonymous_13)
FN:208,(anonymous_14)
FN:210,(anonymous_15)
FN:236,(anonymous_16)
FN:246,(anonymous_17)
FNF:18
FNH:14
FNDA:35,HistoryPage
FNDA:16,(anonymous_1)
FNDA:6,requestDelete
FNDA:3,handleConfirmDelete
FNDA:3,(anonymous_4)
FNDA:3,(anonymous_5)
FNDA:1,(anonymous_6)
FNDA:1,(anonymous_7)
FNDA:0,(anonymous_8)
FNDA:0,(anonymous_9)
FNDA:0,(anonymous_10)
FNDA:30,(anonymous_11)
FNDA:30,(anonymous_12)
FNDA:3,(anonymous_13)
FNDA:0,(anonymous_14)
FNDA:6,(anonymous_15)
FNDA:1,(anonymous_16)
FNDA:1,(anonymous_17)
DA:19,35
DA:20,35
DA:21,35
DA:22,35
DA:23,35
DA:24,35
DA:25,35
DA:28,35
DA:32,35
DA:33,35
DA:34,35
DA:35,35
DA:40,6
DA:41,6
DA:45,3
DA:46,3
DA:47,3
DA:48,3
DA:49,3
DA:50,3
DA:51,2
DA:52,2
DA:54,1
DA:56,3
DA:60,35
DA:62,1
DA:80,1
DA:92,0
DA:114,0
DA:121,0
DA:147,30
DA:157,30
DA:158,30
DA:159,30
DA:161,30
DA:164,3
DA:208,0
DA:210,6
DA:236,1
DA:246,1
LF:40
LH:36
BRDA:28,0,0,1
BRDA:28,0,1,34
BRDA:29,1,0,1
BRDA:29,1,1,1
BRDA:29,2,0,1
BRDA:29,2,1,1
BRDA:46,3,0,0
BRDA:46,3,1,3
BRDA:51,4,0,1
BRDA:51,4,1,1
BRDA:103,5,0,35
BRDA:103,5,1,34
BRDA:109,6,0,35
BRDA:109,6,1,1
BRDA:130,7,0,35
BRDA:130,7,1,1
BRDA:135,8,0,35
BRDA:135,8,1,1
BRDA:138,9,0,35
BRDA:138,9,1,34
BRDA:138,9,2,33
BRDA:138,9,3,3
BRDA:144,10,0,35
BRDA:144,10,1,34
BRDA:144,10,2,33
BRDA:158,11,0,30
BRDA:158,11,1,30
BRDA:164,12,0,3
BRDA:164,12,1,1
BRDA:165,13,0,29
BRDA:165,13,1,1
BRDA:178,14,0,1
BRDA:178,14,1,29
BRDA:181,15,0,1
BRDA:181,15,1,1
BRDA:181,15,2,0
BRDA:184,16,0,1
BRDA:184,16,1,0
BRDA:193,17,0,29
BRDA:193,17,1,0
BRDA:193,17,2,0
BRDA:202,18,0,30
BRDA:202,18,1,30
BRDA:215,19,0,3
BRDA:215,19,1,27
BRDA:220,20,0,30
BRDA:220,20,1,29
BRDA:234,21,0,35
BRDA:234,21,1,6
BRF:49
BRH:44
end_of_record
TN:
SF:src\features\produk\api.js
FN:14,fetchStokMap
FN:36,fetchStokWarnaByKode
FN:42,(anonymous_2)
FN:54,saveProduct
FN:73,(anonymous_4)
FN:74,(anonymous_5)
FN:78,(anonymous_6)
FN:78,(anonymous_7)
FN:125,(anonymous_8)
FN:126,(anonymous_9)
FN:126,(anonymous_10)
FN:127,(anonymous_11)
FN:128,(anonymous_12)
FN:158,deleteProductCascade
FNF:14
FNH:13
FNDA:3,fetchStokMap
FNDA:2,fetchStokWarnaByKode
FNDA:2,(anonymous_2)
FNDA:6,saveProduct
FNDA:3,(anonymous_4)
FNDA:1,(anonymous_5)
FNDA:24,(anonymous_6)
FNDA:8,(anonymous_7)
FNDA:16,(anonymous_8)
FNDA:6,(anonymous_9)
FNDA:8,(anonymous_10)
FNDA:8,(anonymous_11)
FNDA:6,(anonymous_12)
FNDA:0,deleteProductCascade
DA:15,3
DA:18,3
DA:19,1
DA:20,1
DA:21,3
DA:22,3
DA:23,3
DA:24,3
DA:25,3
DA:26,2
DA:28,3
DA:29,3
DA:30,3
DA:32,1
DA:37,2
DA:41,2
DA:42,2
DA:43,2
DA:44,2
DA:50,2
DA:67,6
DA:72,6
DA:74,3
DA:78,24
DA:85,6
DA:96,6
DA:97,2
DA:98,2
DA:99,1
DA:108,4
DA:109,4
DA:110,3
DA:120,4
DA:121,6
DA:122,6
DA:123,3
DA:125,16
DA:126,8
DA:127,8
DA:128,6
DA:137,4
DA:138,3
DA:139,3
DA:143,3
DA:144,1
DA:145,1
DA:146,1
DA:147,2
DA:149,1
DA:150,1
DA:154,3
DA:159,0
DA:160,0
DA:161,0
DA:162,0
DA:163,0
LF:56
LH:51
BRDA:18,0,0,2
BRDA:18,0,1,1
BRDA:18,1,0,3
BRDA:18,1,1,2
BRDA:21,2,0,1
BRDA:21,2,1,2
BRDA:22,3,0,3
BRDA:22,3,1,1
BRDA:23,4,0,3
BRDA:23,4,1,1
BRDA:24,5,0,3
BRDA:24,5,1,1
BRDA:25,6,0,2
BRDA:25,6,1,1
BRDA:28,7,0,3
BRDA:28,7,1,1
BRDA:29,8,0,3
BRDA:29,8,1,1
BRDA:30,9,0,3
BRDA:30,9,1,1
BRDA:42,10,0,2
BRDA:42,10,1,1
BRDA:43,11,0,1
BRDA:43,11,1,1
BRDA:67,12,0,2
BRDA:67,12,1,4
BRDA:68,13,0,1
BRDA:68,13,1,1
BRDA:74,14,0,2
BRDA:74,14,1,1
BRDA:82,15,0,8
BRDA:82,15,1,1
BRDA:82,16,0,8
BRDA:82,16,1,1
BRDA:92,17,0,6
BRDA:92,17,1,1
BRDA:96,18,0,2
BRDA:96,18,1,4
BRDA:98,19,0,1
BRDA:98,19,1,1
BRDA:109,20,0,1
BRDA:109,20,1,3
BRDA:120,21,0,3
BRDA:120,21,1,1
BRDA:137,22,0,3
BRDA:137,22,1,1
BRDA:139,23,0,1
BRDA:139,23,1,2
BRDA:143,24,0,1
BRDA:143,24,1,2
BRDA:147,25,0,1
BRDA:147,25,1,1
BRF:52
BRH:52
end_of_record
TN:
SF:src\features\produk\hooks.js
FN:14,useStokMap
FN:19,useStokWarnaByKode
FN:24,useSaveProduct
FN:26,(anonymous_3)
FN:29,useDeleteProductCascade
FN:31,(anonymous_5)
FNF:6
FNH:6
FNDA:2,useStokMap
FNDA:2,useStokWarnaByKode
FNDA:1,useSaveProduct
FNDA:1,(anonymous_3)
FNDA:1,useDeleteProductCascade
FNDA:1,(anonymous_5)
DA:15,2
DA:16,2
DA:20,2
DA:21,2
DA:25,1
DA:26,1
DA:30,1
DA:31,1
LF:8
LH:8
BRDA:16,0,0,2
BRDA:16,0,1,1
BRDA:21,1,0,2
BRDA:21,1,1,1
BRF:4
BRH:4
end_of_record
TN:
SF:src\features\produk\queries.js
FN:16,(anonymous_0)
FN:19,useStokMapQuery
FN:23,useStokWarnaByKodeQuery
FN:26,(anonymous_3)
FN:31,invalidateProdukQueries
FN:36,useSaveProductMutation
FN:40,(anonymous_6)
FN:41,(anonymous_7)
FN:45,useDeleteProductCascadeMutation
FN:49,(anonymous_9)
FN:50,(anonymous_10)
FNF:11
FNH:11
FNDA:4,(anonymous_0)
FNDA:2,useStokMapQuery
FNDA:4,useStokWarnaByKodeQuery
FNDA:1,(anonymous_3)
FNDA:2,invalidateProdukQueries
FNDA:1,useSaveProductMutation
FNDA:1,(anonymous_6)
FNDA:1,(anonymous_7)
FNDA:1,useDeleteProductCascadeMutation
FNDA:1,(anonymous_9)
FNDA:1,(anonymous_10)
DA:14,1
DA:16,4
DA:20,2
DA:24,4
DA:26,1
DA:32,2
DA:33,2
DA:37,1
DA:38,1
DA:39,1
DA:40,1
DA:41,1
DA:46,1
DA:47,1
DA:48,1
DA:49,1
DA:50,1
LF:17
LH:17
BRDA:23,0,0,4
BRDA:23,1,0,4
BRDA:27,2,0,4
BRDA:27,2,1,3
BRF:4
BRH:4
end_of_record
TN:
SF:src\features\produk\usePushNotification.js
FN:46,urlBase64ToUint8Array
FN:57,usePushNotification
FN:60,(anonymous_2)
FN:68,setup
FNF:4
FNH:4
FNDA:1,urlBase64ToUint8Array
FNDA:8,usePushNotification
FNDA:8,(anonymous_2)
FNDA:4,setup
DA:44,9
DA:47,1
DA:48,1
DA:49,1
DA:50,1
DA:51,1
DA:52,3
DA:54,1
DA:58,8
DA:60,8
DA:61,8
DA:62,1
DA:63,1
DA:65,7
DA:66,6
DA:69,4
DA:71,4
DA:72,3
DA:75,3
DA:77,3
DA:79,2
DA:80,2
DA:81,1
DA:82,1
DA:85,1
DA:94,2
DA:95,2
DA:107,1
DA:111,4
LF:29
LH:29
BRDA:61,0,0,1
BRDA:61,0,1,7
BRDA:65,1,0,1
BRDA:65,1,1,6
BRDA:66,2,0,2
BRDA:66,2,1,4
BRDA:66,3,0,6
BRDA:66,3,1,5
BRDA:77,4,0,2
BRDA:77,4,1,1
BRDA:80,5,0,1
BRDA:80,5,1,1
BRDA:98,6,0,2
BRDA:98,6,1,1
BRDA:99,7,0,4
BRDA:99,7,1,1
BRF:16
BRH:16
end_of_record
TN:
SF:src\features\produk\utils.js
FN:20,shareProductViaWA
FNF:1
FNH:0
FNDA:0,shareProductViaWA
DA:21,0
DA:22,0
DA:25,0
DA:26,0
DA:27,0
DA:28,0
DA:29,0
DA:30,0
DA:33,0
DA:41,0
DA:42,0
DA:43,0
DA:44,0
DA:45,0
DA:46,0
DA:47,0
DA:48,0
DA:56,0
DA:57,0
DA:58,0
DA:59,0
DA:61,0
DA:67,0
DA:68,0
DA:69,0
DA:70,0
DA:72,0
DA:77,0
DA:78,0
LF:29
LH:0
BRDA:25,0,0,0
BRDA:25,0,1,0
BRDA:28,1,0,0
BRDA:28,1,1,0
BRDA:30,2,0,0
BRDA:30,2,1,0
BRDA:32,3,0,0
BRDA:32,3,1,0
BRDA:41,4,0,0
BRDA:41,4,1,0
BRDA:41,5,0,0
BRDA:41,5,1,0
BRDA:45,6,0,0
BRDA:45,6,1,0
BRDA:47,7,0,0
BRDA:47,7,1,0
BRDA:56,8,0,0
BRDA:56,8,1,0
BRDA:56,9,0,0
BRDA:56,9,1,0
BRDA:56,9,2,0
BRDA:61,10,0,0
BRDA:61,10,1,0
BRDA:67,11,0,0
BRDA:67,11,1,0
BRDA:72,12,0,0
BRDA:72,12,1,0
BRF:27
BRH:0
end_of_record
TN:
SF:src\features\produk\components\AdminPage.jsx
FN:20,AdminPage
FN:39,(anonymous_1)
FN:45,(anonymous_2)
FN:49,(anonymous_3)
FN:54,(anonymous_4)
FN:59,handleLogout
FN:64,confirmDelete
FN:89,handleShareWA
FN:96,(anonymous_8)
FN:104,(anonymous_9)
FN:111,(anonymous_10)
FN:151,(anonymous_11)
FN:183,(anonymous_12)
FN:188,(anonymous_13)
FN:189,(anonymous_14)
FN:211,(anonymous_15)
FN:215,(anonymous_16)
FN:224,(anonymous_17)
FN:237,(anonymous_18)
FN:238,(anonymous_19)
FN:245,(anonymous_20)
FN:248,(anonymous_21)
FN:254,(anonymous_22)
FN:265,(anonymous_23)
FN:286,(anonymous_24)
FNF:25
FNH:24
FNDA:85,AdminPage
FNDA:39,(anonymous_1)
FNDA:6,(anonymous_2)
FNDA:1,(anonymous_3)
FNDA:39,(anonymous_4)
FNDA:1,handleLogout
FNDA:2,confirmDelete
FNDA:2,handleShareWA
FNDA:1,(anonymous_8)
FNDA:13,(anonymous_9)
FNDA:231,(anonymous_10)
FNDA:4,(anonymous_11)
FNDA:176,(anonymous_12)
FNDA:11,(anonymous_13)
FNDA:2,(anonymous_14)
FNDA:2,(anonymous_15)
FNDA:1,(anonymous_16)
FNDA:1,(anonymous_17)
FNDA:1,(anonymous_18)
FNDA:8,(anonymous_19)
FNDA:1,(anonymous_20)
FNDA:4,(anonymous_21)
FNDA:2,(anonymous_22)
FNDA:0,(anonymous_23)
FNDA:1,(anonymous_24)
DA:21,85
DA:22,85
DA:23,85
DA:24,85
DA:25,85
DA:26,85
DA:28,85
DA:29,85
DA:31,85
DA:32,85
DA:33,85
DA:34,85
DA:35,85
DA:36,85
DA:37,85
DA:39,85
DA:40,39
DA:46,6
DA:47,6
DA:48,4
DA:49,4
DA:54,39
DA:55,39
DA:60,1
DA:61,1
DA:65,2
DA:66,2
DA:67,2
DA:68,2
DA:69,2
DA:70,1
DA:78,1
DA:79,1
DA:80,1
DA:81,1
DA:83,1
DA:85,2
DA:90,2
DA:91,2
DA:92,2
DA:96,2
DA:99,85
DA:101,85
DA:102,85
DA:105,13
DA:110,85
DA:111,231
DA:114,85
DA:151,4
DA:184,176
DA:188,11
DA:189,2
DA:211,2
DA:215,1
DA:224,1
DA:237,1
DA:238,8
DA:245,1
DA:249,4
DA:250,4
DA:255,2
DA:256,2
DA:257,2
DA:258,2
DA:265,0
DA:286,1
LF:66
LH:65
BRDA:47,0,0,4
BRDA:47,0,1,2
BRDA:47,1,0,6
BRDA:47,1,1,5
BRDA:65,2,0,0
BRDA:65,2,1,2
BRDA:99,3,0,85
BRDA:99,3,1,84
BRDA:99,3,2,70
BRDA:102,4,0,4
BRDA:102,4,1,81
BRDA:103,5,0,4
BRDA:103,5,1,0
BRDA:105,6,0,13
BRDA:105,6,1,11
BRDA:105,6,2,11
BRDA:107,7,0,11
BRDA:107,7,1,0
BRDA:109,8,0,81
BRDA:109,8,1,2
BRDA:111,9,0,231
BRDA:111,9,1,1
BRDA:111,10,0,231
BRDA:111,10,1,0
BRDA:121,11,0,85
BRDA:121,11,1,2
BRDA:137,12,0,85
BRDA:137,12,1,1
BRDA:142,13,0,85
BRDA:142,13,1,1
BRDA:144,14,0,85
BRDA:144,14,1,84
BRDA:144,14,2,83
BRDA:146,15,0,83
BRDA:146,15,1,61
BRDA:146,16,0,83
BRDA:146,16,1,0
BRDA:155,17,0,61
BRDA:155,17,1,4
BRDA:163,18,0,83
BRDA:163,18,1,22
BRDA:176,19,0,83
BRDA:176,19,1,23
BRDA:176,19,2,1
BRDA:187,20,0,176
BRDA:187,20,1,176
BRDA:198,21,0,85
BRDA:198,21,1,4
BRDA:211,22,0,4
BRDA:211,22,1,0
BRDA:233,23,0,85
BRDA:233,23,1,31
BRDA:236,24,0,31
BRDA:236,24,1,31
BRDA:242,25,0,85
BRDA:242,25,1,8
BRDA:244,26,0,0
BRDA:244,26,1,8
BRDA:247,27,0,4
BRDA:247,27,1,0
BRDA:258,28,0,2
BRDA:258,28,1,1
BRDA:263,29,0,85
BRDA:263,29,1,7
BRDA:265,30,0,0
BRDA:265,30,1,0
BRDA:297,31,0,2
BRDA:297,31,1,5
BRF:68
BRH:58
end_of_record
TN:
SF:src\features\produk\components\HppSection.jsx
FN:13,HppSection
FN:25,(anonymous_1)
FN:33,(anonymous_2)
FN:33,(anonymous_3)
FNF:4
FNH:4
FNDA:11,HppSection
FNDA:1,(anonymous_1)
FNDA:20,(anonymous_2)
FNDA:6,(anonymous_3)
DA:14,11
DA:25,1
DA:33,20
DA:34,6
DA:35,6
DA:36,6
DA:37,4
DA:38,4
LF:8
LH:8
BRDA:31,0,0,11
BRDA:31,0,1,7
BRDA:31,0,2,5
BRDA:34,1,0,6
BRDA:34,1,1,1
BRDA:34,2,0,6
BRDA:34,2,1,1
BRDA:35,3,0,6
BRDA:35,3,1,1
BRDA:36,4,0,2
BRDA:36,4,1,4
BRDA:36,5,0,6
BRDA:36,5,1,5
BRF:13
BRH:13
end_of_record
TN:
SF:src\features\produk\components\ImageSection.jsx
FN:3,ImageSection
FN:10,handleMainChange
FN:15,handleDetailAdd
FN:18,(anonymous_3)
FN:20,(anonymous_4)
FN:24,removeDetail
FN:25,(anonymous_6)
FN:25,(anonymous_7)
FN:27,moveDetail
FN:28,(anonymous_9)
FN:59,(anonymous_10)
FN:81,(anonymous_11)
FN:93,(anonymous_12)
FN:102,(anonymous_13)
FN:110,(anonymous_14)
FNF:15
FNH:15
FNDA:19,ImageSection
FNDA:2,handleMainChange
FNDA:2,handleDetailAdd
FNDA:1,(anonymous_3)
FNDA:1,(anonymous_4)
FNDA:1,removeDetail
FNDA:1,(anonymous_6)
FNDA:2,(anonymous_7)
FNDA:2,moveDetail
FNDA:2,(anonymous_9)
FNDA:1,(anonymous_10)
FNDA:16,(anonymous_11)
FNDA:1,(anonymous_12)
FNDA:1,(anonymous_13)
FNDA:1,(anonymous_14)
DA:11,2
DA:12,2
DA:13,1
DA:16,2
DA:17,2
DA:18,1
DA:20,1
DA:22,1
DA:25,2
DA:28,2
DA:29,2
DA:30,2
DA:31,2
DA:32,2
DA:33,2
DA:38,19
DA:40,19
DA:59,1
DA:82,16
DA:93,1
DA:102,1
DA:110,1
LF:22
LH:22
BRDA:12,0,0,1
BRDA:12,0,1,1
BRDA:16,1,0,2
BRDA:16,1,1,0
BRDA:17,2,0,1
BRDA:17,2,1,1
BRDA:31,3,0,0
BRDA:31,3,1,2
BRDA:31,4,0,2
BRDA:31,4,1,2
BRDA:46,5,0,4
BRDA:46,5,1,15
BRDA:50,6,0,1
BRDA:50,6,1,3
BRDA:84,7,0,1
BRDA:84,7,1,15
BRDA:103,8,0,16
BRDA:103,8,1,6
BRDA:111,9,0,16
BRDA:111,9,1,6
BRF:20
BRH:18
end_of_record
TN:
SF:src\features\produk\components\ProductCard.jsx
FN:20,ProductCard
FN:67,(anonymous_1)
FN:87,(anonymous_2)
FNF:3
FNH:3
FNDA:14,ProductCard
FNDA:42,(anonymous_1)
FNDA:1,(anonymous_2)
DA:14,1
DA:21,14
DA:22,14
DA:24,14
DA:68,42
DA:70,42
DA:75,42
DA:87,1
LF:8
LH:8
BRDA:20,0,0,14
BRDA:21,1,0,14
BRDA:21,1,1,1
BRDA:21,2,0,14
BRDA:21,2,1,1
BRDA:21,3,0,14
BRDA:21,3,1,1
BRDA:31,4,0,13
BRDA:31,4,1,1
BRDA:47,5,0,3
BRDA:47,5,1,11
BRDA:49,6,0,1
BRDA:49,6,1,10
BRDA:54,7,0,3
BRDA:54,7,1,11
BRDA:68,8,0,42
BRDA:68,8,1,3
BRDA:70,9,0,12
BRDA:70,9,1,30
BRDA:72,10,0,12
BRDA:72,10,1,18
BRDA:92,11,0,1
BRDA:92,11,1,13
BRDA:97,12,0,1
BRDA:97,12,1,13
BRF:25
BRH:25
end_of_record
TN:
SF:src\features\produk\components\ProductDetailModal.jsx
FN:24,ProductDetailModal
FN:27,(anonymous_1)
FN:72,(anonymous_2)
FN:101,(anonymous_3)
FN:115,(anonymous_4)
FN:123,(anonymous_5)
FN:145,(anonymous_6)
FN:165,(anonymous_7)
FN:199,(anonymous_8)
FN:215,(anonymous_9)
FNF:10
FNH:10
FNDA:22,ProductDetailModal
FNDA:41,(anonymous_1)
FNDA:40,(anonymous_2)
FNDA:6,(anonymous_3)
FNDA:4,(anonymous_4)
FNDA:12,(anonymous_5)
FNDA:6,(anonymous_6)
FNDA:60,(anonymous_7)
FNDA:42,(anonymous_8)
FNDA:1,(anonymous_9)
DA:18,1
DA:25,22
DA:26,22
DA:27,41
DA:29,22
DA:73,40
DA:102,6
DA:116,4
DA:118,4
DA:124,12
DA:146,6
DA:166,60
DA:167,60
DA:200,42
DA:216,1
DA:217,1
LF:16
LH:16
BRDA:24,0,0,22
BRDA:25,1,0,22
BRDA:25,1,1,1
BRDA:25,2,0,22
BRDA:25,2,1,1
BRDA:25,3,0,22
BRDA:25,3,1,1
BRDA:27,4,0,22
BRDA:27,4,1,0
BRDA:48,5,0,22
BRDA:48,5,1,21
BRDA:61,6,0,22
BRDA:61,6,1,21
BRDA:62,7,0,22
BRDA:62,7,1,21
BRDA:66,8,0,22
BRDA:66,8,1,20
BRDA:92,9,0,2
BRDA:92,9,1,20
BRDA:92,10,0,22
BRDA:92,10,1,3
BRDA:117,11,0,4
BRDA:117,11,1,0
BRDA:117,12,0,4
BRDA:117,12,1,0
BRDA:117,13,0,4
BRDA:117,13,1,0
BRDA:126,14,0,7
BRDA:126,14,1,5
BRDA:128,15,0,12
BRDA:128,15,1,0
BRDA:132,16,0,2
BRDA:132,16,1,2
BRDA:148,17,0,3
BRDA:148,17,1,3
BRDA:148,18,0,6
BRDA:148,18,1,0
BRDA:150,19,0,6
BRDA:150,19,1,0
BRDA:154,20,0,1
BRDA:154,20,1,1
BRDA:156,21,0,1
BRDA:156,21,1,1
BRDA:166,22,0,60
BRDA:166,22,1,3
BRDA:171,23,0,8
BRDA:171,23,1,52
BRDA:183,24,0,2
BRDA:183,24,1,18
BRDA:185,25,0,2
BRDA:185,25,1,18
BRDA:193,26,0,22
BRDA:193,26,1,21
BRF:53
BRH:46
end_of_record
TN:
SF:src\features\produk\components\ProductForm.jsx
FN:25,ProductForm
FN:42,(anonymous_1)
FN:44,(anonymous_2)
FN:50,(anonymous_3)
FN:50,(anonymous_4)
FN:66,(anonymous_5)
FN:73,toggleSize
FN:74,(anonymous_7)
FN:80,setHarga
FN:81,(anonymous_9)
FN:83,warnaHasStok
FN:91,handleSubmit
FN:133,(anonymous_12)
FN:177,(anonymous_13)
FN:187,(anonymous_14)
FN:212,(anonymous_15)
FN:226,(anonymous_16)
FN:235,(anonymous_17)
FN:235,(anonymous_18)
FN:236,(anonymous_19)
FN:236,(anonymous_20)
FN:236,(anonymous_21)
FNF:22
FNH:19
FNDA:68,ProductForm
FNDA:34,(anonymous_1)
FNDA:30,(anonymous_2)
FNDA:34,(anonymous_3)
FNDA:30,(anonymous_4)
FNDA:18,(anonymous_5)
FNDA:5,toggleSize
FNDA:5,(anonymous_7)
FNDA:0,setHarga
FNDA:0,(anonymous_9)
FNDA:68,warnaHasStok
FNDA:11,handleSubmit
FNDA:68,(anonymous_12)
FNDA:8,(anonymous_13)
FNDA:7,(anonymous_14)
FNDA:4,(anonymous_15)
FNDA:0,(anonymous_16)
FNDA:1,(anonymous_17)
FNDA:1,(anonymous_18)
FNDA:1,(anonymous_19)
FNDA:1,(anonymous_20)
FNDA:2,(anonymous_21)
DA:22,1
DA:23,1
DA:26,68
DA:27,68
DA:28,68
DA:31,68
DA:32,68
DA:33,68
DA:34,68
DA:37,68
DA:38,68
DA:39,68
DA:42,68
DA:43,34
DA:44,34
DA:45,30
DA:47,34
DA:49,68
DA:50,34
DA:54,68
DA:57,68
DA:62,68
DA:65,68
DA:66,18
DA:70,68
DA:71,68
DA:74,5
DA:75,5
DA:76,5
DA:77,5
DA:81,0
DA:84,68
DA:85,4
DA:86,4
DA:88,66
DA:92,11
DA:93,11
DA:94,11
DA:95,11
DA:96,10
DA:97,9
DA:98,5
DA:99,5
DA:100,5
DA:125,4
DA:127,1
DA:128,1
DA:133,68
DA:134,68
DA:135,17
DA:136,68
DA:137,68
DA:138,4
DA:140,17
DA:143,68
DA:177,8
DA:187,7
DA:212,4
DA:226,0
DA:235,1
DA:236,2
LF:61
LH:59
BRDA:27,0,0,68
BRDA:27,0,1,50
BRDA:31,1,0,68
BRDA:31,1,1,50
BRDA:32,2,0,68
BRDA:32,2,1,50
BRDA:33,3,0,68
BRDA:33,3,1,50
BRDA:37,4,0,68
BRDA:37,4,1,50
BRDA:38,5,0,68
BRDA:38,5,1,50
BRDA:39,6,0,68
BRDA:39,6,1,50
BRDA:44,7,0,34
BRDA:44,7,1,19
BRDA:45,8,0,30
BRDA:45,8,1,0
BRDA:50,9,0,34
BRDA:50,9,1,19
BRDA:54,10,0,68
BRDA:54,10,1,50
BRDA:63,11,0,18
BRDA:63,11,1,50
BRDA:66,12,0,68
BRDA:66,12,1,50
BRDA:76,13,0,1
BRDA:76,13,1,4
BRDA:86,14,0,2
BRDA:86,14,1,2
BRDA:86,15,0,4
BRDA:86,15,1,3
BRDA:86,15,2,1
BRDA:86,15,3,1
BRDA:94,16,0,11
BRDA:94,16,1,1
BRDA:95,17,0,1
BRDA:95,17,1,10
BRDA:96,18,0,1
BRDA:96,18,1,9
BRDA:97,19,0,4
BRDA:97,19,1,5
BRDA:111,20,0,2
BRDA:111,20,1,3
BRDA:125,21,0,2
BRDA:125,21,1,2
BRDA:127,22,0,1
BRDA:127,22,1,0
BRDA:134,23,0,51
BRDA:134,23,1,17
BRDA:134,24,0,68
BRDA:134,24,1,18
BRDA:135,25,0,17
BRDA:135,25,1,0
BRDA:138,26,0,1
BRDA:138,26,1,3
BRDA:145,27,0,5
BRDA:145,27,1,63
BRDA:154,28,0,18
BRDA:154,28,1,50
BRDA:194,29,0,68
BRDA:194,29,1,45
BRDA:199,30,0,68
BRDA:199,30,1,18
BRDA:199,30,2,18
BRDA:199,30,3,1
BRDA:250,31,0,68
BRDA:250,31,1,1
BRDA:274,32,0,68
BRDA:274,32,1,7
BRDA:289,33,0,5
BRDA:289,33,1,63
BRDA:289,34,0,16
BRDA:289,34,1,47
BRDA:300,35,0,68
BRDA:300,35,1,18
BRDA:300,35,2,2
BRF:77
BRH:74
end_of_record
TN:
SF:src\features\produk\components\ProductShareCard.jsx
FN:12,ProductShareCard2
FN:14,(anonymous_1)
FN:54,(anonymous_2)
FN:81,(anonymous_3)
FNF:4
FNH:0
FNDA:0,ProductShareCard2
FNDA:0,(anonymous_1)
FNDA:0,(anonymous_2)
FNDA:0,(anonymous_3)
DA:10,0
DA:12,0
DA:13,0
DA:14,0
DA:16,0
DA:55,0
DA:82,0
LF:7
LH:0
BRDA:13,0,0,0
BRDA:13,0,1,0
BRDA:14,1,0,0
BRDA:14,1,1,0
BRDA:29,2,0,0
BRDA:29,2,1,0
BRDA:44,3,0,0
BRDA:44,3,1,0
BRDA:49,4,0,0
BRDA:49,4,1,0
BRDA:63,5,0,0
BRDA:63,5,1,0
BRDA:63,5,2,0
BRDA:66,6,0,0
BRDA:66,6,1,0
BRDA:66,7,0,0
BRDA:66,7,1,0
BRDA:75,8,0,0
BRDA:75,8,1,0
BRF:19
BRH:0
end_of_record
TN:
SF:src\features\produk\components\ProductShareModal.jsx
FN:10,ProductShareModal
FN:18,generateBlob
FN:26,copyText
FN:38,(anonymous_3)
FN:45,shareViaWA
FN:58,(anonymous_5)
FN:72,downloadImage
FNF:7
FNH:0
FNDA:0,ProductShareModal
FNDA:0,generateBlob
FNDA:0,copyText
FNDA:0,(anonymous_3)
FNDA:0,shareViaWA
FNDA:0,(anonymous_5)
FNDA:0,downloadImage
DA:11,0
DA:12,0
DA:13,0
DA:15,0
DA:19,0
DA:20,0
DA:21,0
DA:22,0
DA:27,0
DA:28,0
DA:30,0
DA:31,0
DA:32,0
DA:33,0
DA:34,0
DA:35,0
DA:37,0
DA:38,0
DA:46,0
DA:47,0
DA:48,0
DA:49,0
DA:50,0
DA:51,0
DA:54,0
DA:55,0
DA:56,0
DA:57,0
DA:58,0
DA:59,0
DA:63,0
DA:64,0
DA:67,0
DA:73,0
DA:74,0
DA:75,0
DA:76,0
DA:77,0
DA:78,0
DA:79,0
DA:81,0
DA:85,0
LF:42
LH:0
BRDA:50,0,0,0
BRDA:50,0,1,0
BRDA:50,1,0,0
BRDA:50,1,1,0
BRDA:63,2,0,0
BRDA:63,2,1,0
BRDA:117,3,0,0
BRDA:117,3,1,0
BRDA:126,4,0,0
BRDA:126,4,1,0
BRDA:134,5,0,0
BRDA:134,5,1,0
BRF:12
BRH:0
end_of_record
TN:
SF:src\features\produk\components\SizeSection.jsx
FN:3,SizeSection
FN:10,(anonymous_1)
FN:15,(anonymous_2)
FN:33,(anonymous_3)
FN:39,(anonymous_4)
FN:55,(anonymous_5)
FN:55,(anonymous_6)
FNF:7
FNH:7
FNDA:15,SizeSection
FNDA:60,(anonymous_1)
FNDA:2,(anonymous_2)
FNDA:1,(anonymous_3)
FNDA:1,(anonymous_4)
FNDA:32,(anonymous_5)
FNDA:10,(anonymous_6)
DA:4,15
DA:11,60
DA:12,60
DA:15,2
DA:33,1
DA:39,1
DA:55,32
DA:56,10
LF:8
LH:8
BRDA:15,0,0,2
BRDA:15,0,1,1
BRDA:16,1,0,10
BRDA:16,1,1,50
BRDA:19,2,0,10
BRDA:19,2,1,50
BRDA:21,3,0,60
BRDA:21,3,1,10
BRDA:25,4,0,10
BRDA:25,4,1,50
BRDA:38,5,0,60
BRDA:38,5,1,56
BRDA:40,6,0,60
BRDA:40,6,1,10
BRDA:42,7,0,10
BRDA:42,7,1,50
BRDA:50,8,0,15
BRDA:50,8,1,8
BRDA:57,9,0,10
BRDA:57,9,1,6
BRF:20
BRH:20
end_of_record
TN:
SF:src\features\produk\components\WarnaSection.jsx
FN:13,WarnaSection
FN:16,doAdd
FN:31,(anonymous_2)
FN:39,(anonymous_3)
FN:59,(anonymous_4)
FN:60,(anonymous_5)
FNF:6
FNH:6
FNDA:47,WarnaSection
FNDA:3,doAdd
FNDA:24,(anonymous_2)
FNDA:1,(anonymous_3)
FNDA:25,(anonymous_4)
FNDA:25,(anonymous_5)
DA:14,47
DA:17,3
DA:18,3
DA:19,3
DA:22,47
DA:32,24
DA:39,1
DA:59,25
DA:61,25
DA:62,1
DA:63,1
LF:11
LH:11
BRDA:18,0,0,2
BRDA:18,0,1,1
BRDA:18,1,0,3
BRDA:18,1,1,3
BRDA:29,2,0,47
BRDA:29,2,1,21
BRDA:40,3,0,24
BRDA:40,3,1,23
BRDA:41,4,0,2
BRDA:41,4,1,22
BRDA:43,5,0,2
BRDA:43,5,1,22
BRDA:61,6,0,1
BRDA:61,6,1,24
BRDA:72,7,0,47
BRDA:72,7,1,44
BRDA:72,7,2,22
BRDA:80,8,0,47
BRDA:80,8,1,21
BRF:19
BRH:19
end_of_record
TN:
SF:src\features\produksi-bahan\api.js
FN:8,fetchBahanItems
FN:13,saveBahanItem
FN:17,(anonymous_2)
FN:42,(anonymous_3)
FN:45,toggleLunas
FN:51,deleteBahanItem
FN:59,(anonymous_6)
FN:62,fetchStokBahan
FN:68,detectDupes
FN:86,(anonymous_9)
FN:91,mergeDupeGroups
FN:94,(anonymous_11)
FN:98,(anonymous_12)
FN:99,(anonymous_13)
FNF:14
FNH:12
FNDA:2,fetchBahanItems
FNDA:4,saveBahanItem
FNDA:2,(anonymous_2)
FNDA:0,(anonymous_3)
FNDA:2,toggleLunas
FNDA:1,deleteBahanItem
FNDA:0,(anonymous_6)
FNDA:2,fetchStokBahan
FNDA:3,detectDupes
FNDA:4,(anonymous_9)
FNDA:2,mergeDupeGroups
FNDA:2,(anonymous_11)
FNDA:4,(anonymous_12)
FNDA:4,(anonymous_13)
DA:9,2
DA:10,2
DA:14,4
DA:15,1
DA:17,2
DA:19,3
DA:20,1
DA:26,2
DA:31,4
DA:46,2
DA:47,2
DA:48,2
DA:52,1
DA:53,1
DA:63,2
DA:64,2
DA:69,3
DA:73,3
DA:75,2
DA:76,2
DA:77,5
DA:83,5
DA:84,5
DA:86,4
DA:92,2
DA:93,2
DA:94,2
DA:95,2
DA:96,2
DA:98,4
DA:99,4
DA:101,2
DA:106,2
DA:107,1
DA:108,1
DA:111,1
DA:112,1
DA:113,1
DA:116,2
LF:39
LH:39
BRDA:10,0,0,2
BRDA:10,0,1,1
BRDA:14,1,0,1
BRDA:14,1,1,3
BRDA:19,2,0,1
BRDA:19,2,1,2
BRDA:32,3,0,1
BRDA:32,3,1,3
BRDA:34,4,0,1
BRDA:34,4,1,3
BRDA:35,5,0,1
BRDA:35,5,1,1
BRDA:36,6,0,3
BRDA:36,6,1,2
BRDA:36,6,2,2
BRDA:37,7,0,1
BRDA:37,7,1,3
BRDA:38,8,0,1
BRDA:38,8,1,0
BRDA:39,9,0,3
BRDA:39,9,1,0
BRDA:39,9,2,0
BRDA:40,10,0,1
BRDA:40,10,1,3
BRDA:41,11,0,1
BRDA:41,11,1,3
BRDA:46,12,0,1
BRDA:46,12,1,1
BRDA:56,13,0,1
BRDA:56,13,1,0
BRDA:57,14,0,1
BRDA:57,14,1,0
BRDA:64,15,0,2
BRDA:64,15,1,1
BRDA:73,16,0,1
BRDA:73,16,1,2
BRDA:73,17,0,3
BRDA:73,17,1,2
BRDA:78,18,0,5
BRDA:78,18,1,0
BRDA:79,19,0,5
BRDA:79,19,1,0
BRDA:80,20,0,5
BRDA:80,20,1,0
BRDA:81,21,0,5
BRDA:81,21,1,0
BRDA:83,22,0,4
BRDA:83,22,1,1
BRDA:94,23,0,2
BRDA:94,23,1,0
BRDA:98,24,0,4
BRDA:98,24,1,0
BRDA:99,25,0,4
BRDA:99,25,1,0
BRDA:106,26,0,1
BRDA:106,26,1,1
BRDA:113,27,0,0
BRDA:113,27,1,1
BRF:58
BRH:45
end_of_record
TN:
SF:src\features\produksi-bahan\hooks.js
FN:15,useBahanItems
FN:20,useStokBahan
FN:25,useSaveBahan
FN:27,(anonymous_3)
FN:31,useToggleLunas
FN:33,(anonymous_5)
FN:36,useDeleteBahan
FN:38,(anonymous_7)
FN:41,useMergeDupes
FN:43,(anonymous_9)
FNF:10
FNH:10
FNDA:2,useBahanItems
FNDA:1,useStokBahan
FNDA:1,useSaveBahan
FNDA:1,(anonymous_3)
FNDA:1,useToggleLunas
FNDA:1,(anonymous_5)
FNDA:1,useDeleteBahan
FNDA:1,(anonymous_7)
FNDA:1,useMergeDupes
FNDA:1,(anonymous_9)
DA:16,2
DA:17,2
DA:21,1
DA:22,1
DA:26,1
DA:27,1
DA:28,1
DA:32,1
DA:33,1
DA:37,1
DA:38,1
DA:42,1
DA:43,1
LF:13
LH:13
BRDA:17,0,0,2
BRDA:17,0,1,1
BRDA:22,1,0,1
BRDA:22,1,1,0
BRF:4
BRH:3
end_of_record
TN:
SF:src\features\produksi-bahan\queries.js
FN:15,(anonymous_0)
FN:19,useBahanItemsQuery
FN:22,(anonymous_2)
FN:26,useStokBahanQuery
FN:33,useSaveBahanMutation
FN:36,(anonymous_5)
FN:37,(anonymous_6)
FN:41,useToggleLunasMutation
FN:44,(anonymous_8)
FN:45,(anonymous_9)
FN:49,useDeleteBahanMutation
FN:52,(anonymous_11)
FN:53,(anonymous_12)
FN:57,useMergeDupesMutation
FN:60,(anonymous_14)
FN:61,(anonymous_15)
FNF:16
FNH:16
FNDA:7,(anonymous_0)
FNDA:2,useBahanItemsQuery
FNDA:1,(anonymous_2)
FNDA:2,useStokBahanQuery
FNDA:1,useSaveBahanMutation
FNDA:1,(anonymous_5)
FNDA:1,(anonymous_6)
FNDA:1,useToggleLunasMutation
FNDA:1,(anonymous_8)
FNDA:1,(anonymous_9)
FNDA:1,useDeleteBahanMutation
FNDA:1,(anonymous_11)
FNDA:1,(anonymous_12)
FNDA:1,useMergeDupesMutation
FNDA:1,(anonymous_14)
FNDA:1,(anonymous_15)
DA:14,1
DA:15,7
DA:20,2
DA:22,1
DA:27,2
DA:34,1
DA:35,1
DA:36,1
DA:37,1
DA:42,1
DA:43,1
DA:44,1
DA:45,1
DA:50,1
DA:51,1
DA:52,1
DA:53,1
DA:58,1
DA:59,1
DA:60,1
DA:61,1
LF:21
LH:21
BRF:0
BRH:0
end_of_record
TN:
SF:src\features\produksi-bahan\utils.js
FN:5,fmtRp
FN:9,fmtDate
FN:18,fmtDateShort
FN:27,addFourMonths
FN:33,daysUntil
FN:53,fmtBulan
FN:60,fmtTanggalLengkap
FN:65,groupTagihanPerBulan
FN:67,(anonymous_8)
FN:75,(anonymous_9)
FN:78,generateTagihanWA
FN:81,(anonymous_11)
FN:101,(anonymous_12)
FN:111,filterBahanItems
FN:113,(anonymous_14)
FN:124,sumBelumLunas
FN:126,(anonymous_16)
FN:127,(anonymous_17)
FN:130,findRelatedPinjamRows
FN:132,(anonymous_19)
FNF:20
FNH:20
FNDA:343,fmtRp
FNDA:22,fmtDate
FNDA:47,fmtDateShort
FNDA:201,addFourMonths
FNDA:7,daysUntil
FNDA:53,fmtBulan
FNDA:68,fmtTanggalLengkap
FNDA:24,groupTagihanPerBulan
FNDA:73,(anonymous_8)
FNDA:21,(anonymous_9)
FNDA:14,generateTagihanWA
FNDA:43,(anonymous_11)
FNDA:15,(anonymous_12)
FNDA:64,filterBahanItems
FNDA:121,(anonymous_14)
FNDA:59,sumBelumLunas
FNDA:101,(anonymous_16)
FNDA:54,(anonymous_17)
FNDA:4,findRelatedPinjamRows
FNDA:8,(anonymous_19)
DA:6,343
DA:10,22
DA:11,20
DA:19,47
DA:20,14
DA:28,201
DA:29,201
DA:30,201
DA:34,7
DA:35,7
DA:36,7
DA:40,11
DA:43,11
DA:45,11
DA:54,53
DA:55,51
DA:56,51
DA:57,51
DA:61,68
DA:62,67
DA:67,73
DA:68,24
DA:69,24
DA:70,46
DA:71,46
DA:72,46
DA:73,46
DA:75,24
DA:79,14
DA:80,13
DA:81,43
DA:83,13
DA:84,13
DA:85,13
DA:86,13
DA:88,13
DA:89,15
DA:90,15
DA:91,15
DA:92,15
DA:93,15
DA:94,15
DA:96,15
DA:97,15
DA:98,15
DA:101,15
DA:102,13
DA:103,13
DA:104,13
DA:105,13
DA:106,13
DA:112,64
DA:113,64
DA:114,121
DA:116,121
DA:120,121
DA:125,59
DA:126,101
DA:127,54
DA:131,4
DA:132,8
DA:134,4
LF:62
LH:62
BRDA:6,0,0,343
BRDA:6,0,1,76
BRDA:10,1,0,2
BRDA:10,1,1,20
BRDA:19,2,0,33
BRDA:19,2,1,14
BRDA:54,3,0,2
BRDA:54,3,1,51
BRDA:61,4,0,1
BRDA:61,4,1,67
BRDA:67,5,0,73
BRDA:67,5,1,50
BRDA:71,6,0,42
BRDA:71,6,1,4
BRDA:72,7,0,46
BRDA:72,7,1,0
BRDA:79,8,0,1
BRDA:79,8,1,13
BRDA:91,9,0,3
BRDA:91,9,1,12
BRDA:114,10,0,121
BRDA:114,10,1,11
BRDA:116,11,0,121
BRDA:116,11,1,39
BRDA:116,11,2,25
BRDA:116,11,3,24
BRDA:119,12,0,24
BRDA:119,12,1,12
BRDA:120,13,0,121
BRDA:120,13,1,116
BRDA:127,14,0,54
BRDA:127,14,1,0
BRDA:132,15,0,8
BRDA:132,15,1,4
BRDA:134,16,0,3
BRDA:134,16,1,1
BRF:36
BRH:34
end_of_record
TN:
SF:src\features\produksi-bahan\components\BahanCard.jsx
FN:9,BahanCard
FN:54,(anonymous_1)
FN:54,(anonymous_2)
FN:61,(anonymous_3)
FN:64,(anonymous_4)
FN:73,(anonymous_5)
FN:83,(anonymous_6)
FN:93,(anonymous_7)
FN:127,(anonymous_8)
FNF:9
FNH:9
FNDA:35,BahanCard
FNDA:10,(anonymous_1)
FNDA:10,(anonymous_2)
FNDA:1,(anonymous_3)
FNDA:1,(anonymous_4)
FNDA:1,(anonymous_5)
FNDA:1,(anonymous_6)
FNDA:1,(anonymous_7)
FNDA:1,(anonymous_8)
DA:17,35
DA:19,35
DA:54,10
DA:61,1
DA:65,1
DA:66,1
DA:74,1
DA:75,1
DA:84,1
DA:85,1
DA:94,1
DA:95,1
DA:127,1
LF:13
LH:13
BRDA:26,0,0,35
BRDA:26,0,1,35
BRDA:26,0,2,35
BRDA:29,1,0,1
BRDA:29,1,1,34
BRDA:29,2,0,35
BRDA:29,2,1,8
BRDA:30,3,0,35
BRDA:30,3,1,0
BRDA:32,4,0,35
BRDA:32,4,1,8
BRDA:34,5,0,1
BRDA:34,5,1,7
BRDA:39,6,0,8
BRDA:39,6,1,0
BRDA:40,7,0,1
BRDA:40,7,1,7
BRDA:59,8,0,35
BRDA:59,8,1,10
BRDA:79,9,0,1
BRDA:79,9,1,9
BRDA:81,10,0,10
BRDA:81,10,1,2
BRDA:115,11,0,35
BRDA:115,11,1,1
BRDA:121,12,0,35
BRDA:121,12,1,2
BRF:27
BRH:25
end_of_record
TN:
SF:src\features\produksi-bahan\components\BahanForm.jsx
FN:11,BahanForm
FN:36,set
FN:37,(anonymous_2)
FN:44,handleSubmit
FN:86,(anonymous_4)
FN:99,(anonymous_5)
FN:113,(anonymous_6)
FN:135,(anonymous_7)
FN:145,(anonymous_8)
FN:158,(anonymous_9)
FN:169,(anonymous_10)
FN:179,(anonymous_11)
FN:181,(anonymous_12)
FN:206,(anonymous_13)
FN:219,(anonymous_14)
FN:232,(anonymous_15)
FN:249,(anonymous_16)
FN:262,(anonymous_17)
FNF:18
FNH:10
FNDA:74,BahanForm
FNDA:48,set
FNDA:48,(anonymous_2)
FNDA:7,handleSubmit
FNDA:1,(anonymous_4)
FNDA:0,(anonymous_5)
FNDA:1,(anonymous_6)
FNDA:6,(anonymous_7)
FNDA:0,(anonymous_8)
FNDA:36,(anonymous_9)
FNDA:0,(anonymous_10)
FNDA:0,(anonymous_11)
FNDA:222,(anonymous_12)
FNDA:5,(anonymous_13)
FNDA:0,(anonymous_14)
FNDA:0,(anonymous_15)
FNDA:0,(anonymous_16)
FNDA:0,(anonymous_17)
DA:9,1
DA:12,74
DA:13,74
DA:15,74
DA:16,74
DA:18,74
DA:31,74
DA:32,74
DA:34,74
DA:37,48
DA:38,48
DA:39,48
DA:40,48
DA:45,7
DA:46,7
DA:47,6
DA:48,5
DA:49,1
DA:50,4
DA:51,1
DA:52,3
DA:53,3
DA:54,3
DA:55,3
DA:72,1
DA:74,3
DA:78,74
DA:86,1
DA:99,0
DA:113,1
DA:135,6
DA:145,0
DA:158,36
DA:169,0
DA:179,0
DA:182,222
DA:206,5
DA:219,0
DA:232,0
DA:249,0
DA:262,0
LF:41
LH:33
BRDA:15,0,0,74
BRDA:15,0,1,74
BRDA:16,1,0,74
BRDA:16,1,1,74
BRDA:19,2,0,74
BRDA:19,2,1,74
BRDA:20,3,0,74
BRDA:20,3,1,74
BRDA:20,3,2,74
BRDA:21,4,0,74
BRDA:21,4,1,74
BRDA:22,5,0,74
BRDA:22,5,1,72
BRDA:23,6,0,74
BRDA:23,6,1,74
BRDA:24,7,0,74
BRDA:24,7,1,72
BRDA:24,8,0,37
BRDA:24,8,1,35
BRDA:25,9,0,74
BRDA:25,9,1,72
BRDA:26,10,0,74
BRDA:26,10,1,74
BRDA:27,11,0,74
BRDA:27,11,1,74
BRDA:28,12,0,74
BRDA:28,12,1,72
BRDA:29,13,0,74
BRDA:29,13,1,74
BRDA:34,14,0,74
BRDA:34,14,1,53
BRDA:34,15,0,74
BRDA:34,15,1,74
BRDA:39,16,0,1
BRDA:39,16,1,47
BRDA:46,17,0,1
BRDA:46,17,1,6
BRDA:47,18,0,1
BRDA:47,18,1,5
BRDA:47,19,0,6
BRDA:47,19,1,5
BRDA:48,20,0,1
BRDA:48,20,1,4
BRDA:48,21,0,5
BRDA:48,21,1,3
BRDA:48,21,2,2
BRDA:50,22,0,1
BRDA:50,22,1,3
BRDA:50,23,0,4
BRDA:50,23,1,2
BRDA:50,23,2,1
BRDA:57,24,0,1
BRDA:57,24,1,2
BRDA:58,25,0,1
BRDA:58,25,1,2
BRDA:59,26,0,1
BRDA:59,26,1,2
BRDA:61,27,0,7
BRDA:61,27,1,3
BRDA:62,28,0,1
BRDA:62,28,1,2
BRDA:64,29,0,1
BRDA:64,29,1,2
BRDA:64,30,0,1
BRDA:64,30,1,0
BRDA:65,31,0,7
BRDA:65,31,1,3
BRDA:68,32,0,7
BRDA:68,32,1,3
BRDA:69,33,0,7
BRDA:69,33,1,3
BRDA:91,34,0,74
BRDA:91,34,1,37
BRDA:101,35,0,28
BRDA:101,35,1,9
BRDA:115,36,0,9
BRDA:115,36,1,28
BRDA:173,37,0,37
BRDA:173,37,1,37
BRDA:198,38,0,37
BRDA:198,38,1,37
BRDA:210,39,0,74
BRDA:210,39,1,37
BRDA:225,40,0,37
BRDA:225,40,1,37
BRDA:225,41,0,37
BRDA:225,41,1,0
BRDA:271,42,0,74
BRDA:271,42,1,5
BRDA:286,43,0,3
BRDA:286,43,1,71
BRDA:286,44,0,2
BRDA:286,44,1,69
BRF:93
BRH:91
end_of_record
TN:
SF:src\features\produksi-bahan\components\FotoUpload.jsx
FN:8,FotoUpload
FN:13,handleFile
FN:20,(anonymous_2)
FN:44,(anonymous_3)
FN:66,(anonymous_4)
FNF:5
FNH:3
FNDA:10,FotoUpload
FNDA:3,handleFile
FNDA:0,(anonymous_2)
FNDA:1,(anonymous_3)
FNDA:0,(anonymous_4)
DA:9,10
DA:10,10
DA:11,10
DA:14,3
DA:15,3
DA:16,2
DA:17,2
DA:18,2
DA:19,2
DA:20,0
DA:22,1
DA:24,0
DA:26,1
DA:27,1
DA:28,1
DA:32,10
DA:33,3
DA:44,1
DA:54,7
DA:66,0
LF:20
LH:17
BRDA:15,0,0,1
BRDA:15,0,1,2
BRDA:32,1,0,3
BRDA:32,1,1,7
BRDA:72,2,0,2
BRDA:72,2,1,5
BRF:6
BRH:6
end_of_record
TN:
SF:src\features\produksi-bahan\components\JTBadge.jsx
FN:6,JTBadge
FNF:1
FNH:1
FNDA:40,JTBadge
DA:7,40
DA:8,3
DA:13,37
DA:14,4
DA:15,4
DA:16,4
DA:21,2
DA:22,2
DA:27,1
LF:9
LH:9
BRDA:7,0,0,3
BRDA:7,0,1,37
BRDA:13,1,0,33
BRDA:13,1,1,4
BRDA:15,2,0,2
BRDA:15,2,1,2
BRDA:21,3,0,1
BRDA:21,3,1,1
BRF:8
BRH:8
end_of_record
TN:
SF:src\features\produksi-bahan\components\MergeDupeModal.jsx
FN:15,MergeDupeModal
FN:22,(anonymous_1)
FN:24,(anonymous_2)
FN:29,(anonymous_3)
FN:34,handleMergeAll
FN:48,(anonymous_5)
FN:119,(anonymous_6)
FN:121,(anonymous_7)
FN:122,(anonymous_8)
FN:145,(anonymous_9)
FNF:10
FNH:10
FNDA:27,MergeDupeModal
FNDA:11,(anonymous_1)
FNDA:10,(anonymous_2)
FNDA:11,(anonymous_3)
FNDA:3,handleMergeAll
FNDA:12,(anonymous_5)
FNDA:10,(anonymous_6)
FNDA:20,(anonymous_7)
FNDA:20,(anonymous_8)
FNDA:20,(anonymous_9)
DA:16,27
DA:17,27
DA:18,27
DA:19,27
DA:22,27
DA:23,11
DA:24,11
DA:25,10
DA:26,10
DA:27,10
DA:29,11
DA:30,11
DA:35,3
DA:36,3
DA:37,3
DA:38,3
DA:39,3
DA:40,1
DA:42,2
DA:46,27
DA:47,27
DA:48,27
DA:50,27
DA:120,10
DA:121,20
DA:122,20
DA:123,10
DA:146,20
LF:28
LH:28
BRDA:25,0,0,0
BRDA:25,0,1,10
BRDA:35,1,0,0
BRDA:35,1,1,3
BRDA:35,2,0,3
BRDA:35,2,1,3
BRDA:39,3,0,1
BRDA:39,3,1,2
BRDA:47,4,0,2
BRDA:47,4,1,25
BRDA:69,5,0,27
BRDA:69,5,1,11
BRDA:73,6,0,27
BRDA:73,6,1,2
BRDA:93,7,0,27
BRDA:93,7,1,14
BRDA:93,7,2,4
BRDA:107,8,0,27
BRDA:107,8,1,14
BRDA:107,8,2,10
BRDA:121,9,0,20
BRDA:121,9,1,0
BRDA:122,10,0,20
BRDA:122,10,1,0
BRDA:130,11,0,10
BRDA:130,11,1,0
BRDA:148,12,0,10
BRDA:148,12,1,10
BRDA:151,13,0,10
BRDA:151,13,1,10
BRDA:173,14,0,27
BRDA:173,14,1,14
BRDA:173,14,2,10
BRDA:186,15,0,3
BRDA:186,15,1,7
BRF:35
BRH:30
end_of_record
TN:
SF:src\features\produksi-bahan\components\Modal.jsx
FN:4,Modal
FNF:1
FNH:1
FNDA:3,Modal
DA:5,3
LF:1
LH:1
BRF:0
BRH:0
end_of_record
TN:
SF:src\features\produksi-bahan\components\PembelianBulkForm.jsx
FN:8,PembelianBulkForm
FN:17,newRow
FN:20,(anonymous_2)
FN:20,(anonymous_3)
FN:21,(anonymous_4)
FN:21,(anonymous_5)
FN:21,(anonymous_6)
FN:22,(anonymous_7)
FN:23,(anonymous_8)
FN:23,(anonymous_9)
FN:25,handleTanggal
FN:31,(anonymous_11)
FN:35,handleSubmit
FN:37,(anonymous_13)
FN:43,(anonymous_14)
FN:73,(anonymous_15)
FN:83,(anonymous_16)
FN:95,(anonymous_17)
FN:114,(anonymous_18)
FN:123,(anonymous_19)
FN:135,(anonymous_20)
FN:142,(anonymous_21)
FN:154,(anonymous_22)
FN:165,(anonymous_23)
FN:179,(anonymous_24)
FN:213,(anonymous_25)
FNF:26
FNH:22
FNDA:53,PembelianBulkForm
FNDA:55,newRow
FNDA:2,(anonymous_2)
FNDA:2,(anonymous_3)
FNDA:1,(anonymous_4)
FNDA:1,(anonymous_5)
FNDA:2,(anonymous_6)
FNDA:33,(anonymous_7)
FNDA:33,(anonymous_8)
FNDA:33,(anonymous_9)
FNDA:1,handleTanggal
FNDA:55,(anonymous_11)
FNDA:3,handleSubmit
FNDA:3,(anonymous_13)
FNDA:2,(anonymous_14)
FNDA:1,(anonymous_15)
FNDA:0,(anonymous_16)
FNDA:0,(anonymous_17)
FNDA:55,(anonymous_18)
FNDA:1,(anonymous_19)
FNDA:24,(anonymous_20)
FNDA:0,(anonymous_21)
FNDA:4,(anonymous_22)
FNDA:5,(anonymous_23)
FNDA:0,(anonymous_24)
FNDA:53,(anonymous_25)
DA:9,53
DA:10,53
DA:11,53
DA:12,53
DA:13,53
DA:14,53
DA:15,53
DA:18,55
DA:20,53
DA:21,53
DA:22,53
DA:23,33
DA:26,1
DA:27,1
DA:30,53
DA:31,55
DA:36,3
DA:37,3
DA:38,3
DA:39,2
DA:40,2
DA:41,2
DA:42,2
DA:43,2
DA:58,1
DA:60,2
DA:64,53
DA:73,1
DA:83,0
DA:95,0
DA:115,55
DA:116,55
DA:123,1
DA:135,24
DA:142,0
DA:154,4
DA:165,5
DA:179,0
DA:213,53
LF:39
LH:35
BRDA:23,0,0,33
BRDA:23,0,1,0
BRDA:31,1,0,55
BRDA:31,1,1,42
BRDA:31,2,0,55
BRDA:31,2,1,50
BRDA:37,3,0,3
BRDA:37,3,1,2
BRDA:38,4,0,1
BRDA:38,4,1,2
BRDA:46,5,0,2
BRDA:46,5,1,2
BRDA:49,6,0,2
BRDA:49,6,1,2
BRDA:50,7,0,2
BRDA:50,7,1,0
BRDA:50,8,0,2
BRDA:50,8,1,2
BRDA:52,9,0,2
BRDA:52,9,1,2
BRDA:53,10,0,2
BRDA:53,10,1,2
BRDA:115,11,0,55
BRDA:115,11,1,42
BRDA:115,12,0,55
BRDA:115,12,1,50
BRDA:120,13,0,55
BRDA:120,13,1,4
BRDA:169,14,0,55
BRDA:169,14,1,5
BRDA:187,15,0,53
BRDA:187,15,1,5
BRDA:196,16,0,53
BRDA:196,16,1,2
BRDA:211,17,0,2
BRDA:211,17,1,51
BRF:36
BRH:34
end_of_record
TN:
SF:src\features\produksi-bahan\components\PinjamBulkForm.jsx
FN:14,PinjamBulkForm
FN:26,newRow
FN:37,(anonymous_2)
FN:37,(anonymous_3)
FN:38,(anonymous_4)
FN:38,(anonymous_5)
FN:38,(anonymous_6)
FN:39,(anonymous_7)
FN:40,(anonymous_8)
FN:40,(anonymous_9)
FN:43,(anonymous_10)
FN:47,handleSubmit
FN:53,(anonymous_12)
FN:59,(anonymous_13)
FN:91,(anonymous_14)
FN:105,(anonymous_15)
FN:127,(anonymous_16)
FN:143,(anonymous_17)
FN:154,(anonymous_18)
FN:165,(anonymous_19)
FN:177,(anonymous_20)
FN:196,(anonymous_21)
FN:205,(anonymous_22)
FN:217,(anonymous_23)
FN:224,(anonymous_24)
FN:236,(anonymous_25)
FN:244,(anonymous_26)
FN:246,(anonymous_27)
FN:262,(anonymous_28)
FN:275,(anonymous_29)
FN:309,(anonymous_30)
FNF:31
FNH:23
FNDA:71,PinjamBulkForm
FNDA:73,newRow
FNDA:2,(anonymous_2)
FNDA:2,(anonymous_3)
FNDA:1,(anonymous_4)
FNDA:1,(anonymous_5)
FNDA:2,(anonymous_6)
FNDA:34,(anonymous_7)
FNDA:34,(anonymous_8)
FNDA:34,(anonymous_9)
FNDA:73,(anonymous_10)
FNDA:5,handleSubmit
FNDA:3,(anonymous_12)
FNDA:2,(anonymous_13)
FNDA:0,(anonymous_14)
FNDA:2,(anonymous_15)
FNDA:0,(anonymous_16)
FNDA:13,(anonymous_17)
FNDA:0,(anonymous_18)
FNDA:0,(anonymous_19)
FNDA:0,(anonymous_20)
FNDA:73,(anonymous_21)
FNDA:1,(anonymous_22)
FNDA:24,(anonymous_23)
FNDA:0,(anonymous_24)
FNDA:5,(anonymous_25)
FNDA:0,(anonymous_26)
FNDA:438,(anonymous_27)
FNDA:5,(anonymous_28)
FNDA:0,(anonymous_29)
FNDA:71,(anonymous_30)
DA:12,1
DA:15,71
DA:16,71
DA:17,71
DA:18,71
DA:19,71
DA:20,71
DA:21,71
DA:22,71
DA:23,71
DA:24,71
DA:27,73
DA:37,71
DA:38,71
DA:39,71
DA:40,34
DA:42,71
DA:43,73
DA:48,5
DA:49,5
DA:50,5
DA:51,5
DA:52,4
DA:53,3
DA:54,3
DA:55,2
DA:56,2
DA:57,2
DA:58,2
DA:59,2
DA:77,1
DA:79,2
DA:83,71
DA:91,0
DA:105,2
DA:128,0
DA:129,0
DA:143,13
DA:154,0
DA:165,0
DA:177,0
DA:197,73
DA:198,73
DA:205,1
DA:217,24
DA:224,0
DA:236,5
DA:244,0
DA:247,438
DA:262,5
DA:275,0
DA:309,71
LF:52
LH:43
BRDA:40,0,0,34
BRDA:40,0,1,0
BRDA:43,1,0,73
BRDA:43,1,1,57
BRDA:43,2,0,73
BRDA:43,2,1,68
BRDA:51,3,0,1
BRDA:51,3,1,4
BRDA:51,4,0,5
BRDA:51,4,1,4
BRDA:52,5,0,1
BRDA:52,5,1,3
BRDA:52,6,0,4
BRDA:52,6,1,1
BRDA:53,7,0,3
BRDA:53,7,1,2
BRDA:54,8,0,1
BRDA:54,8,1,2
BRDA:62,9,0,2
BRDA:62,9,1,0
BRDA:63,10,0,2
BRDA:63,10,1,2
BRDA:65,11,0,2
BRDA:65,11,1,2
BRDA:68,12,0,2
BRDA:68,12,1,2
BRDA:69,13,0,2
BRDA:69,13,1,0
BRDA:69,14,0,2
BRDA:69,14,1,2
BRDA:71,15,0,2
BRDA:71,15,1,2
BRDA:72,16,0,2
BRDA:72,16,1,2
BRDA:93,17,0,61
BRDA:93,17,1,10
BRDA:107,18,0,10
BRDA:107,18,1,61
BRDA:135,19,0,61
BRDA:135,19,1,10
BRDA:197,20,0,73
BRDA:197,20,1,57
BRDA:197,21,0,73
BRDA:197,21,1,68
BRDA:202,22,0,73
BRDA:202,22,1,4
BRDA:265,23,0,73
BRDA:265,23,1,5
BRDA:283,24,0,71
BRDA:283,24,1,5
BRDA:292,25,0,71
BRDA:292,25,1,4
BRDA:307,26,0,2
BRDA:307,26,1,69
BRF:54
BRH:51
end_of_record
TN:
SF:src\features\produksi-bahan\components\ProduksiBahanPage.jsx
FN:25,ProduksiBahanPage
FN:42,handleSave
FN:57,handleToggleLunas
FN:61,handleDelete
FN:71,openEdit
FN:76,openSuratJalan
FN:91,(anonymous_6)
FN:94,(anonymous_7)
FN:135,(anonymous_8)
FN:141,(anonymous_9)
FN:149,(anonymous_10)
FN:156,(anonymous_11)
FN:178,(anonymous_12)
FN:200,(anonymous_13)
FN:206,(anonymous_14)
FN:208,(anonymous_15)
FN:214,(anonymous_16)
FN:226,(anonymous_17)
FN:234,(anonymous_18)
FN:252,(anonymous_19)
FN:256,(anonymous_20)
FNF:21
FNH:16
FNDA:56,ProduksiBahanPage
FNDA:1,handleSave
FNDA:0,handleToggleLunas
FNDA:1,handleDelete
FNDA:1,openEdit
FNDA:2,openSuratJalan
FNDA:168,(anonymous_6)
FNDA:5,(anonymous_7)
FNDA:12,(anonymous_8)
FNDA:1,(anonymous_9)
FNDA:2,(anonymous_10)
FNDA:3,(anonymous_11)
FNDA:82,(anonymous_12)
FNDA:1,(anonymous_13)
FNDA:0,(anonymous_14)
FNDA:0,(anonymous_15)
FNDA:0,(anonymous_16)
FNDA:0,(anonymous_17)
FNDA:1,(anonymous_18)
FNDA:1,(anonymous_19)
FNDA:1,(anonymous_20)
DA:26,56
DA:27,56
DA:28,56
DA:29,56
DA:30,56
DA:31,56
DA:32,56
DA:33,56
DA:34,56
DA:36,56
DA:37,56
DA:38,56
DA:39,56
DA:40,56
DA:43,1
DA:47,1
DA:48,1
DA:53,1
DA:54,1
DA:58,0
DA:62,1
DA:63,1
DA:64,1
DA:65,1
DA:68,56
DA:69,56
DA:72,1
DA:73,1
DA:77,2
DA:81,56
DA:87,56
DA:92,168
DA:95,5
DA:96,5
DA:97,5
DA:135,12
DA:141,1
DA:149,2
DA:157,3
DA:158,3
DA:179,82
DA:201,1
DA:202,1
DA:206,0
DA:208,0
DA:215,0
DA:216,0
DA:226,0
DA:234,1
DA:252,1
DA:256,1
LF:51
LH:45
BRDA:36,0,0,7
BRDA:36,0,1,49
BRDA:45,1,0,1
BRDA:45,1,1,0
BRDA:49,2,0,0
BRDA:49,2,1,1
BRDA:50,3,0,0
BRDA:50,3,1,0
BRDA:50,3,2,0
BRDA:62,4,0,0
BRDA:62,4,1,1
BRDA:64,5,0,1
BRDA:64,5,1,0
BRDA:64,5,2,0
BRDA:81,6,0,47
BRDA:81,6,1,9
BRDA:81,7,0,56
BRDA:81,7,1,55
BRDA:83,8,0,7
BRDA:83,8,1,2
BRDA:83,9,0,9
BRDA:83,9,1,8
BRDA:85,10,0,0
BRDA:85,10,1,2
BRDA:100,11,0,56
BRDA:100,11,1,112
BRDA:110,12,0,1
BRDA:110,12,1,55
BRDA:115,13,0,55
BRDA:115,13,1,44
BRDA:127,14,0,55
BRDA:127,14,1,48
BRDA:168,15,0,1
BRDA:168,15,1,54
BRDA:170,16,0,3
BRDA:170,16,1,51
BRDA:172,17,0,3
BRDA:172,17,1,0
BRDA:173,18,0,1
BRDA:173,18,1,2
BRDA:197,19,0,56
BRDA:197,19,1,4
BRDA:205,20,0,3
BRDA:205,20,1,1
BRDA:205,21,0,4
BRDA:205,21,1,4
BRDA:207,22,0,0
BRDA:207,22,1,1
BRDA:207,23,0,1
BRDA:207,23,1,0
BRDA:224,24,0,56
BRDA:224,24,1,3
BRDA:251,25,0,56
BRDA:251,25,1,2
BRDA:256,26,0,56
BRDA:256,26,1,2
BRF:56
BRH:44
end_of_record
TN:
SF:src\features\produksi-bahan\components\ShareTagihanModal.jsx
FN:7,ShareTagihanModal
FN:11,(anonymous_1)
FN:12,(anonymous_2)
FN:14,(anonymous_3)
FN:17,(anonymous_4)
FNF:5
FNH:4
FNDA:10,ShareTagihanModal
FNDA:2,(anonymous_1)
FNDA:2,(anonymous_2)
FNDA:0,(anonymous_3)
FNDA:1,(anonymous_4)
DA:8,10
DA:9,10
DA:11,10
DA:12,2
DA:13,2
DA:14,2
DA:17,10
DA:19,10
LF:8
LH:8
BRDA:34,0,0,1
BRDA:34,0,1,9
BRDA:35,1,0,1
BRDA:35,1,1,9
BRF:4
BRH:4
end_of_record
TN:
SF:src\features\produksi-bahan\components\StokPanel.jsx
FN:6,StokPanel
FN:15,(anonymous_1)
FNF:2
FNH:2
FNDA:7,StokPanel
FNDA:6,(anonymous_1)
DA:7,7
DA:9,7
DA:10,6
DA:11,6
DA:13,5
DA:16,6
LF:6
LH:6
BRDA:9,0,0,1
BRDA:9,0,1,6
BRDA:10,1,0,1
BRDA:10,1,1,5
BRDA:24,2,0,1
BRDA:24,2,1,5
BRDA:26,3,0,2
BRDA:26,3,1,3
BRF:8
BRH:8
end_of_record
TN:
SF:src\features\produksi-bahan\components\SuratJalanPinjamModal.jsx
FN:9,SuratJalanPinjamModal
FN:13,(anonymous_1)
FN:18,capturePng
FN:24,handleDownload
FN:39,handleShare
FN:214,(anonymous_5)
FNF:6
FNH:6
FNDA:19,SuratJalanPinjamModal
FNDA:37,(anonymous_1)
FNDA:3,capturePng
FNDA:1,handleDownload
FNDA:2,handleShare
FNDA:37,(anonymous_5)
DA:10,19
DA:11,19
DA:12,19
DA:13,37
DA:14,19
DA:19,3
DA:20,3
DA:21,3
DA:25,1
DA:26,1
DA:27,1
DA:28,1
DA:29,1
DA:30,1
DA:31,1
DA:33,0
DA:35,1
DA:40,2
DA:41,2
DA:42,2
DA:43,2
DA:44,2
DA:45,2
DA:46,2
DA:47,1
DA:49,1
DA:50,1
DA:51,1
DA:52,1
DA:55,0
DA:57,2
DA:61,19
DA:215,37
LF:33
LH:31
BRDA:12,0,0,19
BRDA:12,0,1,0
BRDA:13,1,0,37
BRDA:13,1,1,0
BRDA:14,2,0,19
BRDA:14,2,1,0
BRDA:14,3,0,19
BRDA:14,3,1,0
BRDA:20,4,0,0
BRDA:20,4,1,3
BRDA:46,5,0,1
BRDA:46,5,1,1
BRDA:55,6,0,0
BRDA:55,6,1,0
BRDA:170,7,0,19
BRDA:170,7,1,0
BRDA:190,8,0,19
BRDA:190,8,1,0
BRDA:221,9,0,37
BRDA:221,9,1,19
BRDA:215,10,0,37
BRDA:215,10,1,0
BRDA:270,11,0,19
BRDA:270,11,1,0
BRDA:311,12,0,19
BRDA:311,12,1,0
BRDA:329,13,0,19
BRDA:329,13,1,0
BRDA:368,14,0,3
BRDA:368,14,1,16
BRDA:375,15,0,3
BRDA:375,15,1,16
BRF:32
BRH:19
end_of_record
TN:
SF:src\features\produksi-bahan\components\TagihanBulanPanel.jsx
FN:9,TagihanBulanPanel
FN:15,(anonymous_1)
FN:21,(anonymous_2)
FN:21,(anonymous_3)
FN:35,(anonymous_4)
FN:44,(anonymous_5)
FN:67,(anonymous_6)
FN:75,(anonymous_7)
FNF:8
FNH:8
FNDA:19,TagihanBulanPanel
FNDA:34,(anonymous_1)
FNDA:7,(anonymous_2)
FNDA:7,(anonymous_3)
FNDA:18,(anonymous_4)
FNDA:18,(anonymous_5)
FNDA:2,(anonymous_6)
FNDA:1,(anonymous_7)
DA:10,19
DA:11,19
DA:12,19
DA:14,19
DA:15,34
DA:17,17
DA:21,7
DA:36,18
DA:45,18
DA:67,2
DA:75,1
LF:11
LH:11
BRDA:14,0,0,2
BRDA:14,0,1,17
BRDA:30,1,0,9
BRDA:30,1,1,8
BRDA:33,2,0,19
BRDA:33,2,1,9
BRDA:49,3,0,9
BRDA:49,3,1,9
BRDA:75,4,0,19
BRDA:75,4,1,2
BRF:10
BRH:10
end_of_record
TN:
SF:src\features\produksi-hpp\api.js
FN:8,fetchHppTemplates
FN:16,fetchHppConfig
FN:23,fetchHppConfigRows
FN:28,fetchBahanOptions
FN:40,(anonymous_4)
FN:45,(anonymous_5)
FN:60,saveHppTemplates
FN:64,(anonymous_7)
FN:85,(anonymous_8)
FN:90,deleteHppTemplate
FN:98,(anonymous_10)
FN:101,saveHppConfigValue
FNF:12
FNH:10
FNDA:2,fetchHppTemplates
FNDA:2,fetchHppConfig
FNDA:2,fetchHppConfigRows
FNDA:1,fetchBahanOptions
FNDA:1,(anonymous_4)
FNDA:1,(anonymous_5)
FNDA:4,saveHppTemplates
FNDA:1,(anonymous_7)
FNDA:0,(anonymous_8)
FNDA:1,deleteHppTemplate
FNDA:0,(anonymous_10)
FNDA:1,saveHppConfigValue
DA:9,2
DA:13,2
DA:17,2
DA:18,2
DA:19,2
DA:20,2
DA:24,2
DA:25,2
DA:29,1
DA:39,1
DA:40,1
DA:45,1
DA:61,4
DA:62,4
DA:63,5
DA:64,5
DA:65,5
DA:66,1
DA:68,4
DA:70,5
DA:71,5
DA:76,5
DA:87,4
DA:91,1
DA:92,1
DA:102,1
LF:26
LH:26
BRDA:13,0,0,2
BRDA:13,0,1,1
BRDA:19,1,0,2
BRDA:19,1,1,1
BRDA:25,2,0,2
BRDA:25,2,1,1
BRDA:40,3,0,1
BRDA:40,3,1,0
BRDA:43,4,0,0
BRDA:43,4,1,1
BRDA:45,5,0,1
BRDA:45,5,1,0
BRDA:48,6,0,1
BRDA:48,6,1,0
BRDA:61,7,0,4
BRDA:61,7,1,0
BRDA:65,8,0,1
BRDA:65,8,1,4
BRDA:70,9,0,5
BRDA:70,9,1,0
BRDA:70,10,0,5
BRDA:70,10,1,5
BRDA:79,11,0,5
BRDA:79,11,1,0
BRDA:80,12,0,5
BRDA:80,12,1,0
BRDA:82,13,0,1
BRDA:82,13,1,4
BRDA:95,14,0,1
BRDA:95,14,1,0
BRDA:96,15,0,1
BRDA:96,15,1,0
BRF:32
BRH:22
end_of_record
TN:
SF:src\features\produksi-hpp\hooks.js
FN:16,useHppTemplates
FN:21,useHppConfig
FN:26,useHppConfigRows
FN:31,useBahanOptions
FN:36,useSaveHppTemplates
FN:38,(anonymous_5)
FN:41,useDeleteHppTemplate
FN:43,(anonymous_7)
FN:46,useSaveHppConfig
FN:48,(anonymous_9)
FNF:10
FNH:10
FNDA:2,useHppTemplates
FNDA:2,useHppConfig
FNDA:2,useHppConfigRows
FNDA:2,useBahanOptions
FNDA:1,useSaveHppTemplates
FNDA:1,(anonymous_5)
FNDA:1,useDeleteHppTemplate
FNDA:1,(anonymous_7)
FNDA:1,useSaveHppConfig
FNDA:1,(anonymous_9)
DA:17,2
DA:18,2
DA:22,2
DA:23,2
DA:27,2
DA:28,2
DA:32,2
DA:33,2
DA:37,1
DA:38,1
DA:42,1
DA:43,1
DA:47,1
DA:48,1
LF:14
LH:14
BRDA:18,0,0,2
BRDA:18,0,1,1
BRDA:23,1,0,2
BRDA:23,1,1,1
BRDA:28,2,0,2
BRDA:28,2,1,1
BRDA:33,3,0,2
BRDA:33,3,1,1
BRF:8
BRH:8
end_of_record
TN:
SF:src\features\produksi-hpp\queries.js
FN:22,useHppTemplatesQuery
FN:26,useHppConfigQuery
FN:30,useHppConfigRowsQuery
FN:34,useBahanOptionsQuery
FN:38,useSaveHppTemplatesMutation
FN:41,(anonymous_5)
FN:43,(anonymous_6)
FN:49,useDeleteHppTemplateMutation
FN:52,(anonymous_8)
FN:53,(anonymous_9)
FN:59,useSaveHppConfigMutation
FN:62,(anonymous_11)
FN:63,(anonymous_12)
FNF:13
FNH:7
FNDA:2,useHppTemplatesQuery
FNDA:2,useHppConfigQuery
FNDA:2,useHppConfigRowsQuery
FNDA:2,useBahanOptionsQuery
FNDA:1,useSaveHppTemplatesMutation
FNDA:0,(anonymous_5)
FNDA:0,(anonymous_6)
FNDA:1,useDeleteHppTemplateMutation
FNDA:0,(anonymous_8)
FNDA:0,(anonymous_9)
FNDA:1,useSaveHppConfigMutation
FNDA:0,(anonymous_11)
FNDA:0,(anonymous_12)
DA:15,1
DA:23,2
DA:27,2
DA:31,2
DA:35,2
DA:39,1
DA:40,1
DA:42,0
DA:44,0
DA:50,1
DA:51,1
DA:52,0
DA:54,0
DA:60,1
DA:61,1
DA:62,0
DA:64,0
DA:65,0
LF:18
LH:11
BRF:0
BRH:0
end_of_record
TN:
SF:src\features\produksi-hpp\utils.js
FN:5,fmtRp
FN:10,fmt4
FN:18,convertUnit
FN:20,(anonymous_3)
FN:31,satuanUkurOptions
FN:37,calcQtyPerBaju
FN:45,normItem
FN:52,(anonymous_7)
FN:69,calcTotal
FN:71,(anonymous_9)
FN:78,(anonymous_10)
FN:79,(anonymous_11)
FN:86,(anonymous_12)
FN:97,(anonymous_13)
FNF:14
FNH:14
FNDA:468,fmtRp
FNDA:15,fmt4
FNDA:117,convertUnit
FNDA:232,(anonymous_3)
FNDA:25,satuanUkurOptions
FNDA:111,calcQtyPerBaju
FNDA:9,normItem
FNDA:7,(anonymous_7)
FNDA:51,calcTotal
FNDA:49,(anonymous_9)
FNDA:1,(anonymous_10)
FNDA:1,(anonymous_11)
FNDA:1,(anonymous_12)
FNDA:613,(anonymous_13)
DA:6,468
DA:11,15
DA:16,6
DA:19,117
DA:20,232
DA:21,116
DA:22,116
DA:23,116
DA:24,5
DA:25,4
DA:26,4
DA:27,4
DA:32,25
DA:33,1
DA:38,111
DA:39,111
DA:40,111
DA:41,111
DA:46,9
DA:47,9
DA:48,9
DA:51,9
DA:52,7
DA:54,9
DA:70,51
DA:71,49
DA:74,51
DA:75,51
DA:76,51
DA:78,51
DA:79,51
DA:81,51
DA:86,1
DA:97,613
DA:99,51
DA:104,6
DA:105,6
DA:106,6
DA:109,6
LF:39
LH:39
BRDA:6,0,0,468
BRDA:6,0,1,51
BRDA:19,1,0,1
BRDA:19,1,1,116
BRDA:19,2,0,117
BRDA:19,2,1,116
BRDA:20,3,0,1
BRDA:20,3,1,231
BRDA:23,4,0,111
BRDA:23,4,1,5
BRDA:24,5,0,1
BRDA:24,5,1,4
BRDA:24,6,0,5
BRDA:24,6,1,4
BRDA:27,7,0,4
BRDA:27,7,1,0
BRDA:27,8,0,117
BRDA:27,8,1,0
BRDA:32,9,0,24
BRDA:32,9,1,1
BRDA:38,10,0,111
BRDA:38,10,1,87
BRDA:39,11,0,111
BRDA:39,11,1,10
BRDA:41,12,0,111
BRDA:41,12,1,0
BRDA:46,13,0,9
BRDA:46,13,1,6
BRDA:47,14,0,9
BRDA:47,14,1,3
BRDA:47,15,0,1
BRDA:47,15,1,2
BRDA:48,16,0,9
BRDA:48,16,1,3
BRDA:51,17,0,6
BRDA:51,17,1,3
BRDA:51,18,0,9
BRDA:51,18,1,8
BRDA:52,19,0,7
BRDA:52,19,1,0
BRDA:53,20,0,3
BRDA:53,20,1,2
BRDA:53,20,2,1
BRDA:59,21,0,9
BRDA:59,21,1,4
BRDA:59,21,2,0
BRDA:60,22,0,9
BRDA:60,22,1,3
BRDA:71,23,0,49
BRDA:71,23,1,0
BRDA:74,24,0,51
BRDA:74,24,1,0
BRDA:75,25,0,51
BRDA:75,25,1,16
BRDA:78,26,0,51
BRDA:78,26,1,0
BRDA:78,27,0,1
BRDA:78,27,1,1
BRDA:82,28,0,51
BRDA:82,28,1,16
BRDA:83,29,0,51
BRDA:83,29,1,51
BRDA:84,30,0,51
BRDA:84,30,1,51
BRDA:86,31,0,1
BRDA:86,31,1,0
BRDA:87,32,0,51
BRDA:87,32,1,0
BRDA:88,33,0,51
BRDA:88,33,1,0
BRDA:89,34,0,51
BRDA:89,34,1,0
BRDA:90,35,0,51
BRDA:90,35,1,0
BRDA:91,36,0,51
BRDA:91,36,1,0
BRDA:92,37,0,51
BRDA:92,37,1,0
BRDA:93,38,0,51
BRDA:93,38,1,0
BRDA:94,39,0,51
BRDA:94,39,1,0
BRF:82
BRH:65
end_of_record
TN:
SF:src\features\produksi-hpp\components\BahanPickerModal.jsx
FN:7,BahanPickerModal
FN:10,(anonymous_1)
FN:28,(anonymous_2)
FN:36,(anonymous_3)
FN:39,(anonymous_4)
FNF:5
FNH:5
FNDA:27,BahanPickerModal
FNDA:54,(anonymous_1)
FNDA:19,(anonymous_2)
FNDA:25,(anonymous_3)
FNDA:1,(anonymous_4)
DA:8,27
DA:9,27
DA:11,54
DA:15,27
DA:28,19
DA:37,25
DA:39,1
LF:7
LH:7
BRDA:11,0,0,54
BRDA:11,0,1,31
BRDA:12,1,0,31
BRDA:12,1,1,19
BRDA:33,2,0,27
BRDA:33,2,1,10
BRDA:44,3,0,8
BRDA:44,3,1,17
BRDA:45,4,0,17
BRDA:45,4,1,8
BRF:10
BRH:10
end_of_record
TN:
SF:src\features\produksi-hpp\components\HPPCard.jsx
FN:7,HPPCard
FN:30,(anonymous_1)
FN:30,(anonymous_2)
FN:37,(anonymous_3)
FN:45,(anonymous_4)
FN:51,(anonymous_5)
FN:66,(anonymous_6)
FN:74,(anonymous_7)
FN:95,(anonymous_8)
FN:139,(anonymous_9)
FN:139,(anonymous_10)
FNF:11
FNH:7
FNDA:14,HPPCard
FNDA:2,(anonymous_1)
FNDA:2,(anonymous_2)
FNDA:1,(anonymous_3)
FNDA:1,(anonymous_4)
FNDA:1,(anonymous_5)
FNDA:2,(anonymous_6)
FNDA:0,(anonymous_7)
FNDA:0,(anonymous_8)
FNDA:0,(anonymous_9)
FNDA:0,(anonymous_10)
DA:8,14
DA:11,14
DA:13,14
DA:30,2
DA:37,1
DA:45,1
DA:51,1
DA:69,2
DA:70,2
DA:71,2
DA:72,2
DA:73,2
DA:74,0
DA:76,2
DA:96,0
DA:139,0
DA:140,0
LF:17
LH:13
BRDA:11,0,0,14
BRDA:11,0,1,0
BRDA:19,1,0,14
BRDA:19,1,1,11
BRDA:20,2,0,14
BRDA:20,2,1,1
BRDA:33,3,0,2
BRDA:33,3,1,12
BRDA:35,4,0,14
BRDA:35,4,1,2
BRDA:59,5,0,14
BRDA:59,5,1,2
BRDA:61,6,0,2
BRDA:61,6,1,2
BRDA:61,7,0,2
BRDA:61,7,1,0
BRDA:69,8,0,2
BRDA:69,8,1,0
BRDA:70,9,0,2
BRDA:70,9,1,0
BRDA:71,10,0,2
BRDA:71,10,1,0
BRDA:71,11,0,0
BRDA:71,11,1,0
BRDA:73,12,0,2
BRDA:73,12,1,0
BRDA:74,13,0,2
BRDA:74,13,1,0
BRDA:85,14,0,2
BRDA:85,14,1,0
BRDA:93,15,0,0
BRDA:93,15,1,2
BRDA:93,16,0,2
BRDA:93,16,1,2
BRDA:97,17,0,0
BRDA:97,17,1,0
BRDA:97,18,0,0
BRDA:97,18,1,0
BRDA:115,19,0,2
BRDA:115,19,1,0
BRDA:121,20,0,2
BRDA:121,20,1,0
BRDA:127,21,0,2
BRDA:127,21,1,0
BRDA:133,22,0,2
BRDA:133,22,1,0
BRDA:136,23,0,0
BRDA:136,23,1,0
BRDA:139,24,0,2
BRDA:139,24,1,2
BRDA:139,25,0,0
BRDA:139,25,1,0
BRDA:141,26,0,0
BRDA:141,26,1,0
BRDA:146,27,0,2
BRDA:146,27,1,0
BRF:56
BRH:30
end_of_record
TN:
SF:src\features\produksi-hpp\components\HPPForm.jsx
FN:15,newProdukEntry
FN:20,sumWarnaQty
FN:21,(anonymous_2)
FN:24,ProdukPicker
FN:27,(anonymous_4)
FN:41,(anonymous_5)
FN:47,(anonymous_6)
FN:51,(anonymous_7)
FN:71,HPPForm
FN:74,(anonymous_9)
FN:76,(anonymous_10)
FN:83,(anonymous_11)
FN:87,(anonymous_12)
FN:98,(anonymous_13)
FN:106,recompute
FN:112,getWarnasFromProdukList
FN:115,(anonymous_16)
FN:125,(anonymous_17)
FN:127,(anonymous_18)
FN:128,(anonymous_19)
FN:130,(anonymous_20)
FN:131,(anonymous_21)
FN:137,handleSelectBahan
FN:143,(anonymous_23)
FN:145,(anonymous_24)
FN:165,(anonymous_25)
FN:166,(anonymous_26)
FN:167,(anonymous_27)
FN:170,(anonymous_28)
FN:171,(anonymous_29)
FN:172,(anonymous_30)
FN:178,(anonymous_31)
FN:189,(anonymous_32)
FN:189,(anonymous_33)
FN:189,(anonymous_34)
FN:192,addWarnaRow
FN:193,(anonymous_36)
FN:194,(anonymous_37)
FN:202,removeWarnaRow
FN:203,(anonymous_39)
FN:204,(anonymous_40)
FN:206,(anonymous_41)
FN:212,updateWarnaRow
FN:213,(anonymous_43)
FN:214,(anonymous_44)
FN:216,(anonymous_45)
FN:225,addProduk
FN:226,(anonymous_47)
FN:231,removeProduk
FN:232,(anonymous_49)
FN:232,(anonymous_50)
FN:236,(anonymous_51)
FN:237,(anonymous_52)
FN:237,(anonymous_53)
FN:239,calcProdukHPP
FN:256,handleSubmit
FN:262,(anonymous_56)
FN:281,(anonymous_57)
FN:302,(anonymous_58)
FN:302,(anonymous_59)
FN:334,(anonymous_60)
FN:334,(anonymous_61)
FN:349,(anonymous_62)
FN:351,(anonymous_63)
FN:355,(anonymous_64)
FN:365,(anonymous_65)
FN:376,(anonymous_66)
FN:392,(anonymous_67)
FN:401,(anonymous_68)
FN:420,(anonymous_69)
FN:434,(anonymous_70)
FN:439,(anonymous_71)
FN:455,(anonymous_72)
FN:463,(anonymous_73)
FN:469,(anonymous_74)
FN:478,(anonymous_75)
FN:478,(anonymous_76)
FN:489,(anonymous_77)
FN:503,(anonymous_78)
FN:534,(anonymous_79)
FN:545,(anonymous_80)
FN:567,(anonymous_81)
FN:578,(anonymous_82)
FN:590,(anonymous_83)
FN:605,(anonymous_84)
FN:607,(anonymous_85)
FN:619,(anonymous_86)
FN:632,(anonymous_87)
FN:657,(anonymous_88)
FN:693,(anonymous_89)
FN:699,(anonymous_90)
FN:701,(anonymous_91)
FN:713,(anonymous_92)
FN:750,(anonymous_93)
FN:769,(anonymous_94)
FN:774,(anonymous_95)
FN:791,(anonymous_96)
FN:834,(anonymous_97)
FNF:98
FNH:41
FNDA:6,newProdukEntry
FNDA:31,sumWarnaQty
FNDA:5,(anonymous_2)
FNDA:2,ProdukPicker
FNDA:4,(anonymous_4)
FNDA:0,(anonymous_5)
FNDA:4,(anonymous_6)
FNDA:1,(anonymous_7)
FNDA:34,HPPForm
FNDA:9,(anonymous_9)
FNDA:5,(anonymous_10)
FNDA:9,(anonymous_11)
FNDA:5,(anonymous_12)
FNDA:9,(anonymous_13)
FNDA:11,recompute
FNDA:15,getWarnasFromProdukList
FNDA:11,(anonymous_16)
FNDA:15,(anonymous_17)
FNDA:15,(anonymous_18)
FNDA:10,(anonymous_19)
FNDA:5,(anonymous_20)
FNDA:0,(anonymous_21)
FNDA:1,handleSelectBahan
FNDA:0,(anonymous_23)
FNDA:1,(anonymous_24)
FNDA:0,(anonymous_25)
FNDA:0,(anonymous_26)
FNDA:0,(anonymous_27)
FNDA:0,(anonymous_28)
FNDA:0,(anonymous_29)
FNDA:0,(anonymous_30)
FNDA:0,(anonymous_31)
FNDA:0,(anonymous_32)
FNDA:0,(anonymous_33)
FNDA:0,(anonymous_34)
FNDA:0,addWarnaRow
FNDA:0,(anonymous_36)
FNDA:0,(anonymous_37)
FNDA:0,removeWarnaRow
FNDA:0,(anonymous_39)
FNDA:0,(anonymous_40)
FNDA:0,(anonymous_41)
FNDA:0,updateWarnaRow
FNDA:0,(anonymous_43)
FNDA:0,(anonymous_44)
FNDA:0,(anonymous_45)
FNDA:1,addProduk
FNDA:1,(anonymous_47)
FNDA:0,removeProduk
FNDA:0,(anonymous_49)
FNDA:0,(anonymous_50)
FNDA:0,(anonymous_51)
FNDA:0,(anonymous_52)
FNDA:0,(anonymous_53)
FNDA:23,calcProdukHPP
FNDA:2,handleSubmit
FNDA:2,(anonymous_56)
FNDA:2,(anonymous_57)
FNDA:0,(anonymous_58)
FNDA:0,(anonymous_59)
FNDA:2,(anonymous_60)
FNDA:2,(anonymous_61)
FNDA:0,(anonymous_62)
FNDA:2,(anonymous_63)
FNDA:23,(anonymous_64)
FNDA:0,(anonymous_65)
FNDA:0,(anonymous_66)
FNDA:0,(anonymous_67)
FNDA:0,(anonymous_68)
FNDA:0,(anonymous_69)
FNDA:0,(anonymous_70)
FNDA:0,(anonymous_71)
FNDA:0,(anonymous_72)
FNDA:0,(anonymous_73)
FNDA:0,(anonymous_74)
FNDA:0,(anonymous_75)
FNDA:0,(anonymous_76)
FNDA:0,(anonymous_77)
FNDA:0,(anonymous_78)
FNDA:2,(anonymous_79)
FNDA:23,(anonymous_80)
FNDA:0,(anonymous_81)
FNDA:0,(anonymous_82)
FNDA:0,(anonymous_83)
FNDA:0,(anonymous_84)
FNDA:63,(anonymous_85)
FNDA:5,(anonymous_86)
FNDA:0,(anonymous_87)
FNDA:0,(anonymous_88)
FNDA:0,(anonymous_89)
FNDA:0,(anonymous_90)
FNDA:6,(anonymous_91)
FNDA:0,(anonymous_92)
FNDA:23,(anonymous_93)
FNDA:23,(anonymous_94)
FNDA:5,(anonymous_95)
FNDA:276,(anonymous_96)
FNDA:0,(anonymous_97)
DA:16,6
DA:21,31
DA:25,2
DA:26,2
DA:28,4
DA:33,2
DA:41,0
DA:48,4
DA:51,1
DA:72,34
DA:74,34
DA:75,9
DA:76,5
DA:77,5
DA:79,4
DA:83,34
DA:84,9
DA:85,5
DA:87,5
DA:97,34
DA:98,9
DA:100,34
DA:101,34
DA:102,34
DA:103,34
DA:104,34
DA:107,11
DA:108,11
DA:113,15
DA:114,15
DA:115,11
DA:116,11
DA:117,0
DA:120,15
DA:125,34
DA:126,15
DA:127,15
DA:128,15
DA:129,10
DA:130,10
DA:131,10
DA:132,10
DA:138,1
DA:139,1
DA:140,1
DA:142,1
DA:143,0
DA:145,1
DA:165,34
DA:166,0
DA:167,0
DA:170,34
DA:171,0
DA:172,0
DA:173,0
DA:174,0
DA:177,0
DA:178,0
DA:180,0
DA:189,34
DA:193,0
DA:194,0
DA:195,0
DA:196,0
DA:197,0
DA:203,0
DA:204,0
DA:205,0
DA:206,0
DA:207,0
DA:213,0
DA:214,0
DA:215,0
DA:216,0
DA:217,0
DA:219,0
DA:226,1
DA:227,1
DA:228,1
DA:232,0
DA:233,0
DA:236,34
DA:237,0
DA:240,23
DA:243,23
DA:252,23
DA:257,2
DA:258,2
DA:259,2
DA:260,2
DA:261,2
DA:262,2
DA:263,2
DA:264,2
DA:281,2
DA:282,2
DA:285,2
DA:294,2
DA:302,0
DA:308,2
DA:310,0
DA:312,2
DA:316,34
DA:334,2
DA:349,0
DA:351,2
DA:356,23
DA:357,23
DA:358,23
DA:361,23
DA:365,0
DA:376,0
DA:392,0
DA:401,0
DA:420,0
DA:434,0
DA:439,0
DA:455,0
DA:464,0
DA:470,0
DA:471,0
DA:472,0
DA:478,0
DA:490,0
DA:491,0
DA:492,0
DA:504,0
DA:505,0
DA:506,0
DA:534,2
DA:546,23
DA:547,23
DA:548,23
DA:549,23
DA:550,23
DA:551,23
DA:553,23
DA:567,0
DA:578,0
DA:590,0
DA:605,0
DA:607,63
DA:620,5
DA:632,0
DA:657,0
DA:693,0
DA:699,0
DA:701,6
DA:713,0
DA:751,23
DA:754,23
DA:763,23
DA:770,23
DA:771,23
DA:772,23
DA:773,23
DA:774,23
DA:775,23
DA:792,276
DA:834,0
LF:160
LH:97
BRDA:21,0,0,31
BRDA:21,0,1,0
BRDA:21,1,0,5
BRDA:21,1,1,0
BRDA:26,2,0,2
BRDA:26,2,1,0
BRDA:28,3,0,4
BRDA:28,3,1,4
BRDA:28,3,2,0
BRDA:28,3,3,0
BRDA:44,4,0,0
BRDA:44,4,1,2
BRDA:75,5,0,5
BRDA:75,5,1,4
BRDA:77,6,0,5
BRDA:77,6,1,0
BRDA:84,7,0,4
BRDA:84,7,1,5
BRDA:87,8,0,5
BRDA:87,8,1,0
BRDA:88,9,0,9
BRDA:88,9,1,0
BRDA:89,10,0,9
BRDA:89,10,1,0
BRDA:90,11,0,0
BRDA:90,11,1,5
BRDA:91,12,0,9
BRDA:91,12,1,0
BRDA:92,13,0,9
BRDA:92,13,1,5
BRDA:98,14,0,9
BRDA:98,14,1,4
BRDA:102,15,0,21
BRDA:102,15,1,13
BRDA:108,16,0,11
BRDA:108,16,1,0
BRDA:116,17,0,11
BRDA:116,17,1,11
BRDA:117,18,0,0
BRDA:117,18,1,0
BRDA:117,19,0,0
BRDA:117,19,1,0
BRDA:129,20,0,0
BRDA:129,20,1,10
BRDA:130,21,0,10
BRDA:130,21,1,0
BRDA:131,22,0,0
BRDA:131,22,1,0
BRDA:140,23,0,0
BRDA:140,23,1,1
BRDA:142,24,0,0
BRDA:142,24,1,1
BRDA:151,25,0,1
BRDA:151,25,1,0
BRDA:167,26,0,0
BRDA:167,26,1,0
BRDA:173,27,0,0
BRDA:173,27,1,0
BRDA:174,28,0,0
BRDA:174,28,1,0
BRDA:177,29,0,0
BRDA:177,29,1,0
BRDA:184,30,0,0
BRDA:184,30,1,0
BRDA:184,31,0,0
BRDA:184,31,1,0
BRDA:195,32,0,0
BRDA:195,32,1,0
BRDA:196,33,0,0
BRDA:196,33,1,0
BRDA:205,34,0,0
BRDA:205,34,1,0
BRDA:206,35,0,0
BRDA:206,35,1,0
BRDA:215,36,0,0
BRDA:215,36,1,0
BRDA:216,37,0,0
BRDA:216,37,1,0
BRDA:217,38,0,0
BRDA:217,38,1,0
BRDA:237,39,0,0
BRDA:237,39,1,0
BRDA:241,40,0,0
BRDA:241,40,1,23
BRDA:241,41,0,0
BRDA:241,41,1,0
BRDA:258,42,0,0
BRDA:258,42,1,2
BRDA:268,43,0,2
BRDA:268,43,1,2
BRDA:270,44,0,2
BRDA:270,44,1,0
BRDA:271,45,0,2
BRDA:271,45,1,0
BRDA:272,46,0,2
BRDA:272,46,1,2
BRDA:273,47,0,2
BRDA:273,47,1,0
BRDA:274,48,0,2
BRDA:274,48,1,0
BRDA:276,49,0,2
BRDA:276,49,1,0
BRDA:276,50,0,2
BRDA:276,50,1,0
BRDA:278,51,0,2
BRDA:278,51,1,0
BRDA:283,52,0,0
BRDA:283,52,1,2
BRDA:283,53,0,0
BRDA:283,53,1,0
BRDA:297,54,0,2
BRDA:297,54,1,0
BRDA:298,55,0,2
BRDA:298,55,1,2
BRDA:300,56,0,2
BRDA:300,56,1,2
BRDA:301,57,0,2
BRDA:301,57,1,0
BRDA:302,58,0,2
BRDA:302,58,1,0
BRDA:302,59,0,0
BRDA:302,59,1,0
BRDA:325,60,0,34
BRDA:325,60,1,0
BRDA:331,61,0,34
BRDA:331,61,1,13
BRDA:342,62,0,34
BRDA:342,62,1,11
BRDA:342,62,2,9
BRDA:346,63,0,34
BRDA:346,63,1,2
BRDA:359,64,0,0
BRDA:359,64,1,23
BRDA:359,65,0,0
BRDA:359,65,1,0
BRDA:365,66,0,0
BRDA:365,66,1,0
BRDA:373,67,0,23
BRDA:373,67,1,2
BRDA:373,67,2,0
BRDA:382,68,0,23
BRDA:382,68,1,0
BRDA:386,69,0,23
BRDA:386,69,1,23
BRDA:412,70,0,23
BRDA:412,70,1,23
BRDA:443,71,0,23
BRDA:443,71,1,16
BRDA:445,72,0,16
BRDA:445,72,1,0
BRDA:445,73,0,16
BRDA:445,73,1,0
BRDA:455,74,0,0
BRDA:455,74,1,0
BRDA:458,75,0,23
BRDA:458,75,1,23
BRDA:459,76,0,23
BRDA:459,76,1,0
BRDA:463,77,0,23
BRDA:463,77,1,0
BRDA:470,78,0,0
BRDA:470,78,1,0
BRDA:478,79,0,0
BRDA:478,79,1,0
BRDA:488,80,0,0
BRDA:488,80,1,0
BRDA:490,81,0,0
BRDA:490,81,1,0
BRDA:502,82,0,0
BRDA:502,82,1,0
BRDA:504,83,0,0
BRDA:504,83,1,0
BRDA:512,84,0,0
BRDA:512,84,1,0
BRDA:512,84,2,0
BRDA:541,85,0,34
BRDA:541,85,1,13
BRDA:547,86,0,23
BRDA:547,86,1,0
BRDA:549,87,0,23
BRDA:549,87,1,23
BRDA:551,88,0,21
BRDA:551,88,1,2
BRDA:560,89,0,0
BRDA:560,89,1,23
BRDA:561,90,0,2
BRDA:561,90,1,21
BRDA:569,91,0,21
BRDA:569,91,1,2
BRDA:574,92,0,21
BRDA:574,92,1,2
BRDA:595,93,0,21
BRDA:595,93,1,2
BRDA:601,94,0,21
BRDA:601,94,1,21
BRDA:611,95,0,21
BRDA:611,95,1,16
BRDA:613,96,0,21
BRDA:613,96,1,0
BRDA:619,97,0,21
BRDA:619,97,1,0
BRDA:623,98,0,5
BRDA:623,98,1,0
BRDA:635,99,0,5
BRDA:635,99,1,0
BRDA:638,100,0,21
BRDA:638,100,1,5
BRDA:641,101,0,21
BRDA:641,101,1,0
BRDA:645,102,0,5
BRDA:645,102,1,0
BRDA:648,103,0,5
BRDA:648,103,1,0
BRDA:648,104,0,5
BRDA:648,104,1,0
BRDA:661,105,0,5
BRDA:661,105,1,0
BRDA:661,105,2,0
BRDA:665,106,0,0
BRDA:665,106,1,0
BRDA:667,107,0,0
BRDA:667,107,1,0
BRDA:674,108,0,5
BRDA:674,108,1,0
BRDA:695,109,0,2
BRDA:695,109,1,0
BRDA:718,110,0,2
BRDA:718,110,1,0
BRDA:718,110,2,0
BRDA:722,111,0,0
BRDA:722,111,1,0
BRDA:724,112,0,0
BRDA:724,112,1,0
BRDA:731,113,0,0
BRDA:731,113,1,2
BRDA:747,114,0,34
BRDA:747,114,1,23
BRDA:752,115,0,0
BRDA:752,115,1,23
BRDA:752,116,0,0
BRDA:752,116,1,0
BRDA:765,117,0,23
BRDA:765,117,1,0
BRDA:771,118,0,23
BRDA:771,118,1,0
BRDA:772,119,0,23
BRDA:772,119,1,2
BRDA:774,120,0,23
BRDA:774,120,1,0
BRDA:779,121,0,23
BRDA:779,121,1,21
BRDA:779,121,2,5
BRDA:782,122,0,23
BRDA:782,122,1,21
BRDA:784,123,0,5
BRDA:784,123,1,18
BRDA:785,124,0,5
BRDA:785,124,1,18
BRDA:794,125,0,60
BRDA:794,125,1,216
BRDA:794,126,0,60
BRDA:794,126,1,216
BRDA:809,127,0,34
BRDA:809,127,1,0
BRDA:823,128,0,34
BRDA:823,128,1,32
BRDA:826,129,0,2
BRDA:826,129,1,32
BRDA:830,130,0,34
BRDA:830,130,1,2
BRF:270
BRH:138
end_of_record
TN:
SF:src\features\produksi-hpp\components\HPPShareCard.jsx
FN:14,HPPShareCard2
FN:27,(anonymous_1)
FN:28,(anonymous_2)
FN:31,(anonymous_3)
FN:73,(anonymous_4)
FN:100,(anonymous_5)
FNF:6
FNH:0
FNDA:0,HPPShareCard2
FNDA:0,(anonymous_1)
FNDA:0,(anonymous_2)
FNDA:0,(anonymous_3)
FNDA:0,(anonymous_4)
FNDA:0,(anonymous_5)
DA:14,1
DA:15,0
DA:18,0
DA:19,0
DA:21,0
DA:27,0
DA:28,0
DA:31,0
DA:34,0
DA:35,0
DA:37,0
DA:74,0
DA:75,0
DA:76,0
DA:101,0
LF:15
LH:1
BRDA:15,0,0,0
BRDA:15,0,1,0
BRDA:18,1,0,0
BRDA:18,1,1,0
BRDA:19,2,0,0
BRDA:19,2,1,0
BRDA:22,3,0,0
BRDA:22,3,1,0
BRDA:23,4,0,0
BRDA:23,4,1,0
BRDA:24,5,0,0
BRDA:24,5,1,0
BRDA:25,6,0,0
BRDA:25,6,1,0
BRDA:26,7,0,0
BRDA:26,7,1,0
BRDA:27,8,0,0
BRDA:27,8,1,0
BRDA:28,9,0,0
BRDA:28,9,1,0
BRDA:34,10,0,0
BRDA:34,10,1,0
BRDA:35,11,0,0
BRDA:35,11,1,0
BRDA:50,12,0,0
BRDA:50,12,1,0
BRDA:64,13,0,0
BRDA:64,13,1,0
BRDA:68,14,0,0
BRDA:68,14,1,0
BRDA:74,15,0,0
BRDA:74,15,1,0
BRDA:75,16,0,0
BRDA:75,16,1,0
BRDA:75,16,2,0
BRDA:95,17,0,0
BRDA:95,17,1,0
BRDA:119,18,0,0
BRDA:119,18,1,0
BRF:39
BRH:0
end_of_record
TN:
SF:src\features\produksi-hpp\components\HPPShareModal.jsx
FN:8,HPPShareModal
FN:12,downloadImage
FN:26,shareImage
FNF:3
FNH:0
FNDA:0,HPPShareModal
FNDA:0,downloadImage
FNDA:0,shareImage
DA:9,0
DA:10,0
DA:13,0
DA:14,0
DA:15,0
DA:16,0
DA:17,0
DA:18,0
DA:19,0
DA:20,0
DA:22,0
DA:27,0
DA:28,0
DA:29,0
DA:30,0
DA:31,0
DA:32,0
DA:33,0
DA:34,0
DA:35,0
DA:37,0
DA:38,0
DA:39,0
DA:40,0
DA:43,0
DA:45,0
DA:49,0
LF:27
LH:0
BRDA:34,0,0,0
BRDA:34,0,1,0
BRDA:34,1,0,0
BRDA:34,1,1,0
BRDA:43,2,0,0
BRDA:43,2,1,0
BRDA:73,3,0,0
BRDA:73,3,1,0
BRF:8
BRH:0
end_of_record
TN:
SF:src\features\produksi-hpp\components\ProduksiHPPPage.jsx
FN:41,RangeSlider
FN:50,(anonymous_1)
FN:62,KalkulatorHPP
FN:68,(anonymous_3)
FN:76,(anonymous_4)
FN:78,reset
FN:92,(anonymous_6)
FN:92,(anonymous_7)
FN:99,(anonymous_8)
FN:102,(anonymous_9)
FN:102,(anonymous_10)
FN:102,(anonymous_11)
FN:106,(anonymous_12)
FN:106,(anonymous_13)
FN:106,(anonymous_14)
FN:109,(anonymous_15)
FN:109,(anonymous_16)
FN:109,(anonymous_17)
FN:127,(anonymous_18)
FN:141,(anonymous_19)
FN:152,(anonymous_20)
FN:160,(anonymous_21)
FN:182,ProduksiHPPPage
FN:223,loadCalcFromTemplate
FN:226,(anonymous_24)
FN:228,(anonymous_25)
FN:236,(anonymous_26)
FN:252,handleSave
FN:265,handleDelete
FN:272,handleSaveCfg
FN:277,(anonymous_30)
FN:281,openNew
FN:285,openEdit
FN:289,closeForm
FN:307,(anonymous_34)
FN:310,(anonymous_35)
FN:331,(anonymous_36)
FN:335,(anonymous_37)
FN:338,(anonymous_38)
FN:353,(anonymous_39)
FN:369,(anonymous_40)
FN:369,(anonymous_41)
FN:373,(anonymous_42)
FN:429,(anonymous_43)
FN:439,(anonymous_44)
FN:457,(anonymous_45)
FN:458,(anonymous_46)
FNF:47
FNH:16
FNDA:0,RangeSlider
FNDA:0,(anonymous_1)
FNDA:1,KalkulatorHPP
FNDA:1,(anonymous_3)
FNDA:4,(anonymous_4)
FNDA:0,reset
FNDA:0,(anonymous_6)
FNDA:0,(anonymous_7)
FNDA:1,(anonymous_8)
FNDA:0,(anonymous_9)
FNDA:0,(anonymous_10)
FNDA:0,(anonymous_11)
FNDA:0,(anonymous_12)
FNDA:0,(anonymous_13)
FNDA:0,(anonymous_14)
FNDA:0,(anonymous_15)
FNDA:0,(anonymous_16)
FNDA:0,(anonymous_17)
FNDA:0,(anonymous_18)
FNDA:0,(anonymous_19)
FNDA:0,(anonymous_20)
FNDA:2,(anonymous_21)
FNDA:24,ProduksiHPPPage
FNDA:0,loadCalcFromTemplate
FNDA:0,(anonymous_24)
FNDA:0,(anonymous_25)
FNDA:24,(anonymous_26)
FNDA:1,handleSave
FNDA:1,handleDelete
FNDA:0,handleSaveCfg
FNDA:0,(anonymous_30)
FNDA:3,openNew
FNDA:1,openEdit
FNDA:1,closeForm
FNDA:72,(anonymous_34)
FNDA:1,(anonymous_35)
FNDA:21,(anonymous_36)
FNDA:0,(anonymous_37)
FNDA:0,(anonymous_38)
FNDA:0,(anonymous_39)
FNDA:0,(anonymous_40)
FNDA:0,(anonymous_41)
FNDA:0,(anonymous_42)
FNDA:0,(anonymous_43)
FNDA:1,(anonymous_44)
FNDA:0,(anonymous_45)
FNDA:0,(anonymous_46)
DA:42,0
DA:50,0
DA:63,1
DA:64,1
DA:65,1
DA:66,1
DA:68,1
DA:69,1
DA:71,1
DA:76,4
DA:79,0
DA:80,0
DA:83,1
DA:92,0
DA:100,1
DA:102,0
DA:106,0
DA:109,0
DA:127,0
DA:141,0
DA:152,0
DA:161,2
DA:183,24
DA:184,24
DA:185,24
DA:187,24
DA:188,24
DA:189,24
DA:190,24
DA:192,24
DA:193,24
DA:194,24
DA:196,24
DA:197,24
DA:198,24
DA:199,24
DA:200,24
DA:201,24
DA:202,24
DA:215,24
DA:216,24
DA:217,24
DA:218,24
DA:219,24
DA:220,24
DA:221,24
DA:224,0
DA:225,0
DA:226,0
DA:227,0
DA:228,0
DA:229,0
DA:230,0
DA:231,0
DA:232,0
DA:233,0
DA:236,24
DA:237,24
DA:238,0
DA:239,0
DA:248,0
DA:253,1
DA:254,1
DA:255,1
DA:256,1
DA:261,1
DA:262,1
DA:266,1
DA:267,1
DA:268,1
DA:269,1
DA:273,0
DA:274,0
DA:275,0
DA:276,0
DA:277,0
DA:278,0
DA:282,3
DA:283,3
DA:286,1
DA:287,1
DA:290,1
DA:291,1
DA:295,24
DA:303,24
DA:308,72
DA:310,1
DA:332,21
DA:335,0
DA:338,0
DA:354,0
DA:356,0
DA:357,0
DA:369,0
DA:373,0
DA:429,0
DA:439,1
DA:457,0
DA:458,0
LF:99
LH:59
BRDA:68,0,0,1
BRDA:68,0,1,1
BRDA:68,1,0,1
BRDA:68,1,1,1
BRDA:69,2,0,1
BRDA:69,2,1,1
BRDA:75,3,0,1
BRDA:75,3,1,1
BRDA:102,4,0,0
BRDA:102,4,1,0
BRDA:106,5,0,0
BRDA:106,5,1,0
BRDA:108,6,0,1
BRDA:108,6,1,0
BRDA:114,7,0,1
BRDA:114,7,1,0
BRDA:157,8,0,1
BRDA:157,8,1,1
BRDA:225,9,0,0
BRDA:225,9,1,0
BRDA:227,10,0,0
BRDA:227,10,1,0
BRDA:228,11,0,0
BRDA:228,11,1,0
BRDA:229,12,0,0
BRDA:229,12,1,0
BRDA:230,13,0,0
BRDA:230,13,1,0
BRDA:231,14,0,0
BRDA:231,14,1,0
BRDA:232,15,0,0
BRDA:232,15,1,0
BRDA:233,16,0,0
BRDA:233,16,1,0
BRDA:237,17,0,24
BRDA:237,17,1,0
BRDA:237,18,0,24
BRDA:237,18,1,24
BRDA:241,19,0,0
BRDA:241,19,1,0
BRDA:242,20,0,24
BRDA:242,20,1,0
BRDA:243,21,0,24
BRDA:243,21,1,0
BRDA:244,22,0,24
BRDA:244,22,1,0
BRDA:245,23,0,24
BRDA:245,23,1,0
BRDA:253,24,0,1
BRDA:253,24,1,0
BRDA:257,25,0,0
BRDA:257,25,1,1
BRDA:266,26,0,0
BRDA:266,26,1,1
BRDA:273,27,0,0
BRDA:273,27,1,0
BRDA:312,28,0,24
BRDA:312,28,1,48
BRDA:323,29,0,24
BRDA:323,29,1,23
BRDA:325,30,0,1
BRDA:325,30,1,22
BRDA:327,31,0,1
BRDA:327,31,1,21
BRDA:347,32,0,24
BRDA:347,32,1,0
BRDA:354,33,0,0
BRDA:354,33,1,0
BRDA:356,34,0,0
BRDA:356,34,1,0
BRDA:361,35,0,0
BRDA:361,35,1,0
BRDA:371,36,0,0
BRDA:371,36,1,0
[...]
DA:13,16
DA:16,19
DA:17,8
DA:18,8
DA:19,2
DA:24,56
DA:25,56
DA:28,4
DA:36,4
LF:10
LH:10
BRDA:17,0,0,8
BRDA:17,0,1,0
BRDA:17,1,0,8
BRDA:17,1,1,1
BRDA:18,2,0,6
BRDA:18,2,1,2
BRDA:19,3,0,2
BRDA:19,3,1,0
BRDA:19,4,0,8
BRDA:19,4,1,0
BRDA:24,5,0,56
BRDA:24,5,1,2
BRDA:25,6,0,52
BRDA:25,6,1,4
BRF:14
BRH:11
end_of_record
TN:
SF:src\features\stok-opname\components\GrandTotalStrip.jsx
FN:7,GrandTotalStrip
FN:9,(anonymous_1)
FN:19,(anonymous_2)
FN:24,(anonymous_3)
FNF:4
FNH:4
FNDA:7,GrandTotalStrip
FNDA:12,(anonymous_1)
FNDA:21,(anonymous_2)
FNDA:2,(anonymous_3)
DA:8,7
DA:9,12
DA:17,7
DA:20,21
DA:21,21
DA:24,2
LF:6
LH:6
BRDA:25,0,0,2
BRDA:25,0,1,19
BRDA:26,1,0,2
BRDA:26,1,1,19
BRDA:30,2,0,2
BRDA:30,2,1,19
BRF:6
BRH:6
end_of_record
TN:
SF:src\features\stok-opname\components\ProductOpnameCard.jsx
FN:16,ProductOpnameCard
FN:25,(anonymous_1)
FN:27,(anonymous_2)
FN:28,(anonymous_3)
FN:29,(anonymous_4)
FN:37,(anonymous_5)
FN:37,(anonymous_6)
FN:43,(anonymous_7)
FN:59,(anonymous_8)
FN:82,(anonymous_9)
FN:102,(anonymous_10)
FN:131,(anonymous_11)
FN:143,(anonymous_12)
FNF:13
FNH:13
FNDA:13,ProductOpnameCard
FNDA:22,(anonymous_1)
FNDA:23,(anonymous_2)
FNDA:23,(anonymous_3)
FNDA:23,(anonymous_4)
FNDA:52,(anonymous_5)
FNDA:52,(anonymous_6)
FNDA:1,(anonymous_7)
FNDA:23,(anonymous_8)
FNDA:39,(anonymous_9)
FNDA:8,(anonymous_10)
FNDA:24,(anonymous_11)
FNDA:1,(anonymous_12)
DA:25,22
DA:27,23
DA:28,23
DA:29,23
DA:30,13
DA:32,13
DA:33,13
DA:34,23
DA:35,23
DA:37,52
DA:39,13
DA:43,1
DA:60,23
DA:61,23
DA:83,39
DA:103,8
DA:104,8
DA:105,8
DA:106,8
DA:107,8
DA:108,8
DA:132,24
DA:143,1
LF:23
LH:23
BRDA:34,0,0,23
BRDA:34,0,1,0
BRDA:49,1,0,13
BRDA:49,1,1,1
BRDA:57,2,0,13
BRDA:57,2,1,12
BRDA:60,3,0,23
BRDA:60,3,1,0
BRDA:73,4,0,2
BRDA:73,4,1,11
BRDA:90,5,0,5
BRDA:90,5,1,8
BRDA:95,6,0,13
BRDA:95,6,1,5
BRDA:97,7,0,1
BRDA:97,7,1,4
BRDA:109,8,0,0
BRDA:109,8,1,8
BRDA:114,9,0,8
BRDA:114,9,1,8
BRDA:114,9,2,8
BRDA:117,10,0,8
BRDA:117,10,1,0
BRDA:124,11,0,0
BRDA:124,11,1,8
BRDA:140,12,0,0
BRDA:140,12,1,24
BRDA:142,13,0,24
BRDA:142,13,1,0
BRDA:145,14,0,0
BRDA:145,14,1,24
BRF:31
BRH:23
end_of_record
TN:
SF:src\features\stok-opname\components\StokOpnamePage.jsx
FN:21,StokOpnamePage
FN:35,(anonymous_1)
FN:45,getValue
FN:49,handleChange
FN:54,handleSave
FN:70,expandAll
FN:75,collapseAll
FN:78,toggleProduct
FN:79,(anonymous_8)
FN:81,toggleLocFilter
FN:82,(anonymous_10)
FN:90,(anonymous_11)
FN:95,(anonymous_12)
FN:142,(anonymous_13)
FN:147,(anonymous_14)
FN:147,(anonymous_15)
FN:195,(anonymous_16)
FNF:17
FNH:13
FNDA:30,StokOpnamePage
FNDA:18,(anonymous_1)
FNDA:0,getValue
FNDA:0,handleChange
FNDA:2,handleSave
FNDA:2,expandAll
FNDA:1,collapseAll
FNDA:2,toggleProduct
FNDA:2,(anonymous_8)
FNDA:0,toggleLocFilter
FNDA:0,(anonymous_10)
FNDA:56,(anonymous_11)
FNDA:25,(anonymous_12)
FNDA:1,(anonymous_13)
FNDA:2,(anonymous_14)
FNDA:2,(anonymous_15)
FNDA:52,(anonymous_16)
DA:22,30
DA:23,30
DA:24,30
DA:25,30
DA:27,30
DA:28,30
DA:29,30
DA:30,30
DA:31,30
DA:32,30
DA:35,30
DA:36,18
DA:37,18
DA:38,16
DA:39,16
DA:41,18
DA:42,18
DA:46,0
DA:50,0
DA:55,2
DA:56,2
DA:57,2
DA:58,2
DA:59,2
DA:60,1
DA:61,1
DA:63,1
DA:65,2
DA:71,2
DA:72,4
DA:73,2
DA:76,1
DA:79,2
DA:82,0
DA:86,30
DA:87,30
DA:88,30
DA:90,56
DA:95,25
DA:97,30
DA:99,30
DA:142,1
DA:147,2
DA:196,52
LF:44
LH:41
BRDA:38,0,0,16
BRDA:38,0,1,0
BRDA:46,1,0,0
BRDA:46,1,1,0
BRDA:46,1,2,0
BRDA:56,2,0,0
BRDA:56,2,1,2
BRDA:72,3,0,2
BRDA:72,3,1,0
BRDA:82,4,0,0
BRDA:82,4,1,0
BRDA:88,5,0,30
BRDA:88,5,1,0
BRDA:90,6,0,56
BRDA:90,6,1,2
BRDA:90,6,2,1
BRDA:90,6,3,55
BRDA:90,6,4,4
BRDA:90,6,5,52
BRDA:90,6,6,0
BRDA:97,7,0,30
BRDA:97,7,1,29
BRDA:106,8,0,30
BRDA:106,8,1,1
BRDA:106,8,2,1
BRDA:111,9,0,30
BRDA:111,9,1,29
BRDA:111,9,2,11
BRDA:118,10,0,30
BRDA:118,10,1,12
BRDA:129,11,0,30
BRDA:129,11,1,12
BRDA:132,12,0,2
BRDA:132,12,1,28
BRDA:132,13,0,10
BRDA:132,13,1,18
BRDA:149,14,0,2
BRDA:149,14,1,28
BRDA:173,15,0,30
BRDA:173,15,1,1
BRDA:175,16,0,30
BRDA:175,16,1,29
BRDA:175,16,2,2
BRDA:177,17,0,1
BRDA:177,17,1,1
BRDA:179,18,0,0
BRDA:179,18,1,1
BRDA:185,19,0,30
BRDA:185,19,1,29
BRDA:185,19,2,27
BRDA:194,20,0,30
BRDA:194,20,1,29
BRDA:199,21,0,52
BRDA:199,21,1,26
BRF:54
BRH:43
end_of_record
TN:
SF:src\features\transfer\hooks.js
FN:21,readTransferDraft
FN:25,useTransferDraftActions
FN:26,(anonymous_2)
FN:27,(anonymous_3)
FNF:4
FNH:4
FNDA:2,readTransferDraft
FNDA:2,useTransferDraftActions
FNDA:8,(anonymous_2)
FNDA:8,(anonymous_3)
DA:22,2
DA:26,8
DA:27,8
DA:28,2
LF:4
LH:4
BRF:0
BRH:0
end_of_record
TN:
SF:src\features\transfer\store.js
FN:19,migrateLegacyDraft
FN:43,(anonymous_1)
FN:45,(anonymous_2)
FN:46,(anonymous_3)
FN:50,(anonymous_4)
FNF:5
FNH:5
FNDA:2,migrateLegacyDraft
FNDA:2,(anonymous_1)
FNDA:3,(anonymous_2)
FNDA:2,(anonymous_3)
FNDA:16,(anonymous_4)
DA:15,2
DA:19,2
DA:20,2
DA:21,2
DA:22,2
DA:23,0
DA:24,0
DA:25,0
DA:32,2
DA:41,2
DA:43,2
DA:45,3
DA:46,2
DA:50,16
LF:14
LH:11
BRDA:22,0,0,2
BRDA:22,0,1,0
BRDA:24,1,0,0
BRDA:24,1,1,0
BRDA:24,2,0,0
BRDA:24,2,1,0
BRDA:24,2,2,0
BRF:7
BRH:1
end_of_record
TN:
SF:src\features\transfer\components\ConfirmModal.jsx
FN:15,formatDate
FN:33,(anonymous_1)
FN:34,(anonymous_2)
FN:46,(anonymous_3)
FN:58,(anonymous_4)
FN:69,(anonymous_5)
FN:70,(anonymous_6)
FN:73,(anonymous_7)
FN:81,ConfirmModal
FN:88,(anonymous_9)
FN:90,handleConfirm
FN:151,(anonymous_11)
FNF:12
FNH:12
FNDA:31,formatDate
FNDA:7,(anonymous_1)
FNDA:12,(anonymous_2)
FNDA:19,(anonymous_3)
FNDA:3,(anonymous_4)
FNDA:2,(anonymous_5)
FNDA:9,(anonymous_6)
FNDA:7,(anonymous_7)
FNDA:34,ConfirmModal
FNDA:65,(anonymous_9)
FNDA:4,handleConfirm
FNDA:16,(anonymous_11)
DA:16,31
DA:17,31
DA:24,1
DA:34,12
DA:35,7
DA:47,19
DA:59,3
DA:70,9
DA:71,2
DA:73,7
DA:75,2
DA:76,2
DA:82,34
DA:84,34
DA:85,32
DA:86,32
DA:88,65
DA:91,4
DA:92,2
DA:94,2
DA:98,34
DA:151,16
LF:22
LH:22
BRDA:16,0,0,0
BRDA:16,0,1,31
BRDA:34,1,0,7
BRDA:34,1,1,0
BRDA:70,2,0,2
BRDA:70,2,1,0
BRDA:71,3,0,2
BRDA:71,3,1,0
BRDA:73,4,0,1
BRDA:73,4,1,6
BRDA:75,5,0,1
BRDA:75,5,1,1
BRDA:75,6,0,2
BRDA:75,6,1,0
BRDA:84,7,0,2
BRDA:84,7,1,32
BRDA:84,8,0,34
BRDA:84,8,1,33
BRDA:86,9,0,1
BRDA:86,9,1,31
BRDA:88,10,0,31
BRDA:88,10,1,0
BRDA:91,11,0,2
BRDA:91,11,1,2
BRDA:131,12,0,34
BRDA:131,12,1,24
BRDA:131,12,2,9
BRDA:148,13,0,34
BRDA:148,13,1,19
BRDA:172,14,0,1
BRDA:172,14,1,30
BRF:31
BRH:25
end_of_record
TN:
SF:src\features\transfer\components\SuratJalan.jsx
FN:14,formatDate
FN:23,formatDateTime
FN:40,SuratJalanContent
FN:44,(anonymous_3)
FN:58,(anonymous_4)
FN:280,(anonymous_5)
FN:281,(anonymous_6)
FN:315,(anonymous_7)
FN:452,SuratJalan
FN:460,capturePng
FN:470,handleDownload
FN:485,handleShare
FN:499,(anonymous_12)
FNF:13
FNH:13
FNDA:36,formatDate
FNDA:37,formatDateTime
FNDA:36,SuratJalanContent
FNDA:108,(anonymous_3)
FNDA:36,(anonymous_4)
FNDA:72,(anonymous_5)
FNDA:108,(anonymous_6)
FNDA:108,(anonymous_7)
FNDA:37,SuratJalan
FNDA:5,capturePng
FNDA:3,handleDownload
FNDA:2,handleShare
FNDA:3,(anonymous_12)
DA:15,36
DA:16,36
DA:24,37
DA:25,37
DA:34,1
DA:41,36
DA:42,36
DA:43,36
DA:44,108
DA:45,36
DA:53,36
DA:54,36
DA:55,108
DA:56,108
DA:58,36
DA:60,36
DA:281,108
DA:282,72
DA:316,108
DA:453,37
DA:454,37
DA:456,37
DA:458,36
DA:461,5
DA:462,5
DA:471,3
DA:472,3
DA:473,3
DA:474,2
DA:475,2
DA:476,2
DA:477,2
DA:479,0
DA:481,2
DA:486,2
DA:487,2
DA:488,2
DA:489,2
DA:490,2
DA:491,12
DA:492,2
DA:493,2
DA:495,2
DA:496,1
DA:499,3
DA:503,1
DA:504,1
DA:505,1
DA:506,1
DA:509,0
DA:511,2
DA:515,36
LF:52
LH:50
BRDA:15,0,0,0
BRDA:15,0,1,36
BRDA:24,1,0,0
BRDA:24,1,1,37
BRDA:41,2,0,36
BRDA:41,2,1,0
BRDA:42,3,0,36
BRDA:42,3,1,0
BRDA:43,4,0,36
BRDA:43,4,1,0
BRDA:44,5,0,108
BRDA:44,5,1,0
BRDA:45,6,0,36
BRDA:45,6,1,0
BRDA:55,7,0,72
BRDA:55,7,1,36
BRDA:205,8,0,36
BRDA:205,8,1,0
BRDA:205,8,2,0
BRDA:214,9,0,36
BRDA:214,9,1,1
BRDA:281,10,0,108
BRDA:281,10,1,0
BRDA:330,11,0,36
BRDA:330,11,1,72
BRDA:330,12,0,108
BRDA:330,12,1,72
BRDA:369,13,0,36
BRDA:369,13,1,2
BRDA:369,13,2,1
BRDA:407,14,0,36
BRDA:407,14,1,0
BRDA:426,15,0,1
BRDA:426,15,1,35
BRDA:456,16,0,1
BRDA:456,16,1,36
BRDA:461,17,0,0
BRDA:461,17,1,5
BRDA:495,18,0,1
BRDA:495,18,1,1
BRDA:495,19,0,2
BRDA:495,19,1,1
BRDA:499,20,0,1
BRDA:499,20,1,0
BRDA:509,21,0,0
BRDA:509,21,1,0
BRDA:557,22,0,5
BRDA:557,22,1,31
BRDA:565,23,0,5
BRDA:565,23,1,31
BRF:50
BRH:35
end_of_record
TN:
SF:src\features\transfer\components\TransferCard.jsx
FN:15,formatDateTime
FN:44,TransferCard
FN:56,(anonymous_2)
FN:89,(anonymous_3)
FN:129,(anonymous_4)
FN:141,(anonymous_5)
FN:154,(anonymous_6)
FN:163,(anonymous_7)
FN:172,(anonymous_8)
FN:182,(anonymous_9)
FNF:10
FNH:9
FNDA:19,formatDateTime
FNDA:18,TransferCard
FNDA:40,(anonymous_2)
FNDA:38,(anonymous_3)
FNDA:1,(anonymous_4)
FNDA:1,(anonymous_5)
FNDA:1,(anonymous_6)
FNDA:1,(anonymous_7)
FNDA:0,(anonymous_8)
FNDA:1,(anonymous_9)
DA:16,19
DA:17,19
DA:26,1
DA:53,18
DA:54,18
DA:55,18
DA:56,40
DA:57,18
DA:60,18
DA:62,18
DA:90,38
DA:129,1
DA:141,1
DA:154,1
DA:163,1
DA:172,0
DA:182,1
LF:17
LH:16
BRDA:16,0,0,0
BRDA:16,0,1,19
BRDA:53,1,0,18
BRDA:53,1,1,0
BRDA:54,2,0,18
BRDA:54,2,1,0
BRDA:55,3,0,18
BRDA:55,3,1,0
BRDA:56,4,0,18
BRDA:56,4,1,0
BRDA:56,5,0,40
BRDA:56,5,1,0
BRDA:89,6,0,18
BRDA:89,6,1,0
BRDA:93,7,0,38
BRDA:93,7,1,17
BRDA:97,8,0,18
BRDA:97,8,1,1
BRDA:98,9,0,18
BRDA:98,9,1,0
BRDA:108,10,0,18
BRDA:108,10,1,1
BRDA:115,11,0,18
BRDA:115,11,1,2
BRDA:115,11,2,1
BRDA:135,12,0,18
BRDA:135,12,1,15
BRDA:135,12,2,2
BRDA:149,13,0,18
BRDA:149,13,1,15
BRDA:149,13,2,13
BRF:31
BRH:23
end_of_record
TN:
SF:src\features\transfer\components\TransferForm.jsx
FN:20,RingkasanAccordion
FN:23,(anonymous_1)
FN:27,(anonymous_2)
FN:32,(anonymous_3)
FN:32,(anonymous_4)
FN:40,(anonymous_5)
FN:52,TransferForm
FN:60,(anonymous_7)
FN:64,(anonymous_8)
FN:70,(anonymous_9)
FN:85,(anonymous_10)
FN:99,(anonymous_11)
FN:104,clearDraft
FN:114,handleFromLocChange
FN:121,(anonymous_14)
FN:144,(anonymous_15)
FN:145,(anonymous_16)
FN:147,(anonymous_17)
FN:156,itemKey
FN:160,getQty
FN:164,getAvailable
FN:168,setQty
FN:172,(anonymous_22)
FN:183,addOne
FN:189,removeOne
FN:195,seriPenuh
FN:196,(anonymous_26)
FN:210,resetKode
FN:211,(anonymous_28)
FN:221,(anonymous_29)
FN:223,(anonymous_30)
FN:237,(anonymous_31)
FN:240,handleSubmit
FN:262,(anonymous_33)
FN:299,(anonymous_34)
FN:313,(anonymous_35)
FN:314,(anonymous_36)
FN:325,(anonymous_37)
FN:331,(anonymous_38)
FN:332,(anonymous_39)
FN:339,(anonymous_40)
FN:340,(anonymous_41)
FN:363,(anonymous_42)
FN:372,(anonymous_43)
FN:394,(anonymous_44)
FN:396,(anonymous_45)
FN:412,(anonymous_46)
FN:420,(anonymous_47)
FN:430,(anonymous_48)
FN:464,(anonymous_49)
FN:476,(anonymous_50)
FN:481,(anonymous_51)
FNF:52
FNH:46
FNDA:16,RingkasanAccordion
FNDA:16,(anonymous_1)
FNDA:0,(anonymous_2)
FNDA:1,(anonymous_3)
FNDA:1,(anonymous_4)
FNDA:1,(anonymous_5)
FNDA:58,TransferForm
FNDA:25,(anonymous_7)
FNDA:25,(anonymous_8)
FNDA:25,(anonymous_9)
FNDA:25,(anonymous_10)
FNDA:43,(anonymous_11)
FNDA:2,clearDraft
FNDA:1,handleFromLocChange
FNDA:36,(anonymous_14)
FNDA:0,(anonymous_15)
FNDA:13,(anonymous_16)
FNDA:0,(anonymous_17)
FNDA:114,itemKey
FNDA:43,getQty
FNDA:53,getAvailable
FNDA:10,setQty
FNDA:10,(anonymous_22)
FNDA:9,addOne
FNDA:1,removeOne
FNDA:1,seriPenuh
FNDA:1,(anonymous_26)
FNDA:1,resetKode
FNDA:1,(anonymous_28)
FNDA:39,(anonymous_29)
FNDA:26,(anonymous_30)
FNDA:15,(anonymous_31)
FNDA:2,handleSubmit
FNDA:2,(anonymous_33)
FNDA:1,(anonymous_34)
FNDA:1,(anonymous_35)
FNDA:174,(anonymous_36)
FNDA:0,(anonymous_37)
FNDA:2,(anonymous_38)
FNDA:168,(anonymous_39)
FNDA:2,(anonymous_40)
FNDA:2,(anonymous_41)
FNDA:0,(anonymous_42)
FNDA:11,(anonymous_43)
FNDA:33,(anonymous_44)
FNDA:33,(anonymous_45)
FNDA:1,(anonymous_46)
FNDA:1,(anonymous_47)
FNDA:33,(anonymous_48)
FNDA:1,(anonymous_49)
FNDA:0,(anonymous_50)
FNDA:9,(anonymous_51)
DA:21,16
DA:23,16
DA:24,16
DA:25,16
DA:27,16
DA:28,16
DA:32,1
DA:41,1
DA:53,58
DA:56,58
DA:57,58
DA:59,58
DA:60,58
DA:61,25
DA:62,25
DA:64,58
DA:65,25
DA:66,25
DA:67,25
DA:68,25
DA:70,58
DA:71,25
DA:72,25
DA:73,25
DA:75,58
DA:78,58
DA:79,58
DA:80,58
DA:81,58
DA:82,58
DA:85,58
DA:86,25
DA:87,2
DA:88,2
DA:89,2
DA:90,1
DA:91,1
DA:93,2
DA:95,23
DA:99,58
DA:100,43
DA:101,41
DA:105,2
DA:106,2
DA:109,58
DA:111,58
DA:115,1
DA:116,1
DA:117,1
DA:121,58
DA:122,36
DA:126,36
DA:127,36
DA:128,24
DA:129,24
DA:130,24
DA:131,24
DA:133,13
DA:135,13
DA:136,0
DA:138,13
DA:143,36
DA:144,0
DA:145,13
DA:148,0
DA:149,0
DA:150,0
DA:157,114
DA:161,43
DA:165,53
DA:169,10
DA:170,10
DA:171,10
DA:172,10
DA:173,10
DA:174,10
DA:175,1
DA:177,9
DA:179,10
DA:184,9
DA:185,9
DA:186,9
DA:190,1
DA:191,1
DA:196,1
DA:197,1
DA:198,1
DA:199,1
DA:200,1
DA:201,1
DA:202,1
DA:203,1
DA:205,1
DA:211,1
DA:212,1
DA:213,1
DA:214,1
DA:216,1
DA:221,58
DA:222,39
DA:224,26
DA:225,26
DA:226,10
DA:237,58
DA:241,2
DA:242,2
DA:244,2
DA:245,0
DA:246,0
DA:248,2
DA:249,0
DA:250,0
DA:252,2
DA:253,0
DA:254,0
DA:257,2
DA:258,2
DA:259,2
DA:262,2
DA:265,1
DA:266,1
DA:268,1
DA:270,2
DA:275,58
DA:276,58
DA:278,58
DA:299,1
DA:313,1
DA:315,174
DA:325,0
DA:331,2
DA:333,168
DA:340,2
DA:341,2
DA:363,0
DA:372,11
DA:395,33
DA:396,33
DA:399,33
DA:412,1
DA:420,1
DA:431,33
DA:432,33
DA:433,33
DA:434,33
DA:464,1
DA:476,0
DA:481,9
LF:148
LH:134
BRDA:24,0,0,16
BRDA:24,0,1,16
BRDA:36,1,0,1
BRDA:36,1,1,15
BRDA:38,2,0,16
BRDA:38,2,1,1
BRDA:52,3,0,58
BRDA:56,4,0,56
BRDA:56,4,1,2
BRDA:59,5,0,58
BRDA:59,5,1,55
BRDA:59,5,2,53
BRDA:61,6,0,25
BRDA:61,6,1,23
BRDA:61,6,2,21
BRDA:62,7,0,25
BRDA:62,7,1,0
BRDA:66,8,0,0
BRDA:66,8,1,25
BRDA:67,9,0,0
BRDA:67,9,1,25
BRDA:67,10,0,25
BRDA:67,10,1,2
BRDA:67,10,2,2
BRDA:71,11,0,0
BRDA:71,11,1,25
BRDA:72,12,0,0
BRDA:72,12,1,25
BRDA:72,13,0,25
BRDA:72,13,1,2
BRDA:72,13,2,2
BRDA:75,14,0,58
BRDA:75,14,1,55
BRDA:75,14,2,53
BRDA:78,15,0,2
BRDA:78,15,1,56
BRDA:82,16,0,58
BRDA:82,16,1,56
BRDA:82,16,2,3
BRDA:82,17,0,3
BRDA:82,17,1,0
BRDA:86,18,0,2
BRDA:86,18,1,23
BRDA:87,19,0,0
BRDA:87,19,1,2
BRDA:90,20,0,1
BRDA:90,20,1,0
BRDA:95,21,0,23
BRDA:95,21,1,21
BRDA:100,22,0,2
BRDA:100,22,1,41
BRDA:129,23,0,24
BRDA:129,23,1,0
BRDA:130,24,0,24
BRDA:130,24,1,0
BRDA:131,25,0,11
BRDA:131,25,1,13
BRDA:131,26,0,24
BRDA:131,26,1,11
BRDA:131,26,2,11
BRDA:131,26,3,11
BRDA:133,27,0,13
BRDA:133,27,1,0
BRDA:135,28,0,0
BRDA:135,28,1,13
BRDA:135,29,0,13
BRDA:135,29,1,0
BRDA:135,29,2,0
BRDA:135,29,3,0
BRDA:148,30,0,0
BRDA:148,30,1,0
BRDA:148,31,0,0
BRDA:148,31,1,0
BRDA:149,32,0,0
BRDA:149,32,1,0
BRDA:150,33,0,0
BRDA:150,33,1,0
BRDA:150,34,0,0
BRDA:150,34,1,0
BRDA:157,35,0,114
BRDA:157,35,1,0
BRDA:161,36,0,43
BRDA:161,36,1,27
BRDA:165,37,0,53
BRDA:165,37,1,0
BRDA:169,38,0,10
BRDA:169,38,1,1
BRDA:174,39,0,1
BRDA:174,39,1,9
BRDA:186,40,0,9
BRDA:186,40,1,0
BRDA:191,41,0,1
BRDA:191,41,1,0
BRDA:200,42,0,0
BRDA:200,42,1,1
BRDA:202,43,0,1
BRDA:202,43,1,1
BRDA:224,44,0,26
BRDA:224,44,1,16
BRDA:225,45,0,16
BRDA:225,45,1,10
BRDA:229,46,0,10
BRDA:229,46,1,0
BRDA:244,47,0,0
BRDA:244,47,1,2
BRDA:248,48,0,0
BRDA:248,48,1,2
BRDA:248,49,0,2
BRDA:248,49,1,0
BRDA:252,50,0,0
BRDA:252,50,1,2
BRDA:286,51,0,2
BRDA:286,51,1,56
BRDA:294,52,0,58
BRDA:294,52,1,2
BRDA:321,53,0,2
BRDA:321,53,1,56
BRDA:345,54,0,2
BRDA:345,54,1,56
BRDA:349,55,0,58
BRDA:349,55,1,56
BRDA:349,55,2,4
BRDA:354,56,0,58
BRDA:354,56,1,2
BRDA:354,56,2,0
BRDA:356,57,0,0
BRDA:356,57,1,0
BRDA:376,58,0,58
BRDA:376,58,1,15
BRDA:384,59,0,1
BRDA:384,59,1,57
BRDA:386,60,0,24
BRDA:386,60,1,33
BRDA:388,61,0,13
BRDA:388,61,1,11
BRDA:396,62,0,33
BRDA:396,62,1,18
BRDA:405,63,0,33
BRDA:405,63,1,15
BRDA:417,64,0,33
BRDA:417,64,1,15
BRDA:438,65,0,15
BRDA:438,65,1,18
BRDA:447,66,0,33
BRDA:447,66,1,33
BRDA:454,67,0,0
BRDA:454,67,1,33
BRDA:454,68,0,0
BRDA:454,68,1,33
BRDA:474,69,0,33
BRDA:474,69,1,18
BRDA:482,70,0,33
BRDA:482,70,1,33
BRDA:500,71,0,58
BRDA:500,71,1,15
BRDA:503,72,0,58
BRDA:503,72,1,1
BRDA:521,73,0,58
BRDA:521,73,1,56
BRDA:521,73,2,50
BRDA:524,74,0,2
BRDA:524,74,1,56
BRDA:524,75,0,2
BRDA:524,75,1,54
BRF:164
BRH:124
end_of_record
TN:
SF:src\features\transfer\components\TransferPage.jsx
FN:38,resolveDateRange
FN:55,TransferPage
FN:77,showMsg
FN:82,openConfirm
FN:86,handleConfirm
FN:123,handleFormSaved
FN:130,handleEditSaved
FN:158,(anonymous_7)
FN:172,(anonymous_8)
FN:175,(anonymous_9)
FN:190,(anonymous_10)
FN:197,(anonymous_11)
FN:206,(anonymous_12)
FN:209,(anonymous_13)
FN:247,(anonymous_14)
FN:255,(anonymous_15)
FN:260,(anonymous_16)
FN:261,(anonymous_17)
FN:262,(anonymous_18)
FN:263,(anonymous_19)
FN:272,(anonymous_20)
FN:278,(anonymous_21)
FN:279,(anonymous_22)
FN:288,(anonymous_23)
FN:296,(anonymous_24)
FNF:25
FNH:21
FNDA:53,resolveDateRange
FNDA:53,TransferPage
FNDA:6,showMsg
FNDA:8,openConfirm
FNDA:6,handleConfirm
FNDA:3,handleFormSaved
FNDA:0,handleEditSaved
FNDA:5,(anonymous_7)
FNDA:212,(anonymous_8)
FNDA:1,(anonymous_9)
FNDA:0,(anonymous_10)
FNDA:0,(anonymous_11)
FNDA:159,(anonymous_12)
FNDA:1,(anonymous_13)
FNDA:1,(anonymous_14)
FNDA:28,(anonymous_15)
FNDA:3,(anonymous_16)
FNDA:1,(anonymous_17)
FNDA:1,(anonymous_18)
FNDA:2,(anonymous_19)
FNDA:1,(anonymous_20)
FNDA:0,(anonymous_21)
FNDA:1,(anonymous_22)
FNDA:1,(anonymous_23)
FNDA:1,(anonymous_24)
DA:31,1
DA:39,53
DA:40,53
DA:41,53
DA:42,53
DA:43,0
DA:44,0
DA:45,0
DA:47,53
DA:48,52
DA:49,52
DA:51,1
DA:52,0
DA:56,53
DA:57,53
DA:58,53
DA:59,53
DA:60,53
DA:61,53
DA:62,53
DA:63,53
DA:66,53
DA:67,53
DA:69,53
DA:70,53
DA:72,53
DA:73,53
DA:74,53
DA:75,53
DA:78,6
DA:83,8
DA:87,6
DA:88,6
DA:89,6
DA:90,6
DA:92,6
DA:93,2
DA:94,1
DA:95,1
DA:96,1
DA:97,4
DA:98,1
DA:99,1
DA:100,1
DA:101,1
DA:102,3
DA:103,1
DA:104,1
DA:105,1
DA:106,1
DA:107,2
DA:110,2
DA:111,2
DA:112,2
DA:113,2
DA:116,1
DA:118,6
DA:124,3
DA:125,3
DA:126,3
DA:131,0
DA:132,0
DA:133,0
DA:134,0
DA:135,0
DA:137,0
DA:142,53
DA:144,53
DA:158,5
DA:173,212
DA:175,1
DA:190,0
DA:197,0
DA:207,159
DA:209,1
DA:247,1
DA:256,28
DA:260,3
DA:261,1
DA:262,1
DA:263,2
DA:272,1
DA:278,0
DA:280,1
DA:281,1
DA:282,1
DA:288,1
DA:296,1
LF:88
LH:75
BRDA:41,0,0,0
BRDA:41,0,1,53
BRDA:42,1,0,0
BRDA:42,1,1,53
BRDA:47,2,0,52
BRDA:47,2,1,1
BRDA:51,3,0,1
BRDA:51,3,1,0
BRDA:51,4,0,1
BRDA:51,4,1,1
BRDA:51,5,0,1
BRDA:51,5,1,1
BRDA:82,6,0,8
BRDA:87,7,0,0
BRDA:87,7,1,6
BRDA:92,8,0,2
BRDA:92,8,1,4
BRDA:97,9,0,1
BRDA:97,9,1,3
BRDA:98,10,0,1
BRDA:98,10,1,0
BRDA:102,11,0,1
BRDA:102,11,1,2
BRDA:107,12,0,2
BRDA:107,12,1,0
BRDA:151,13,0,53
BRDA:151,13,1,1
BRDA:177,14,0,53
BRDA:177,14,1,159
BRDA:185,15,0,53
BRDA:185,15,1,1
BRDA:211,16,0,53
BRDA:211,16,1,106
BRDA:217,17,0,159
BRDA:217,17,1,53
BRDA:217,17,2,1
BRDA:241,18,0,53
BRDA:241,18,1,1
BRDA:243,19,0,53
BRDA:243,19,1,52
BRDA:243,19,2,25
BRDA:272,20,0,53
BRDA:272,20,1,6
BRDA:275,21,0,53
BRDA:275,21,1,2
BRDA:288,22,0,53
BRDA:288,22,1,3
BRDA:291,23,0,53
BRDA:291,23,1,13
BRF:49
BRH:43
end_of_record
TN:
SF:src\shared\components\AdminBottomNav.jsx
FN:9,IconHome
FN:27,IconProduksi
FN:47,IconStok
FN:66,IconTransfer
FN:84,IconBuku
FN:104,IconRiwayat
FN:133,AdminBottomNav
FN:137,isActive
FN:145,(anonymous_8)
FNF:9
FNH:9
FNDA:22,IconHome
FNDA:22,IconProduksi
FNDA:22,IconStok
FNDA:22,IconTransfer
FNDA:22,IconBuku
FNDA:22,IconRiwayat
FNDA:22,AdminBottomNav
FNDA:132,isActive
FNDA:132,(anonymous_8)
DA:10,22
DA:11,22
DA:28,22
DA:29,22
DA:48,22
DA:49,22
DA:67,22
DA:68,22
DA:85,22
DA:86,22
DA:105,22
DA:106,22
DA:124,2
DA:134,22
DA:135,22
DA:138,132
DA:139,110
DA:142,22
DA:146,132
DA:147,132
LF:20
LH:20
BRDA:10,0,0,5
BRDA:10,0,1,17
BRDA:28,1,0,12
BRDA:28,1,1,10
BRDA:48,2,0,1
BRDA:48,2,1,21
BRDA:67,3,0,2
BRDA:67,3,1,20
BRDA:85,4,0,1
BRDA:85,4,1,21
BRDA:105,5,0,1
BRDA:105,5,1,21
BRDA:138,6,0,22
BRDA:138,6,1,110
BRDA:139,7,0,110
BRDA:139,7,1,105
BRDA:152,8,0,22
BRDA:152,8,1,110
BRDA:157,9,0,132
BRDA:157,9,1,22
BRDA:157,9,2,1
BRDA:165,10,0,22
BRDA:165,10,1,110
BRF:23
BRH:23
end_of_record
TN:
SF:src\shared\components\ProduksiLayout.jsx
FN:20,ProduksiLayout
FN:52,(anonymous_1)
FNF:2
FNH:2
FNDA:11,ProduksiLayout
FNDA:55,(anonymous_1)
DA:12,1
DA:21,11
DA:22,11
DA:24,11
DA:53,55
DA:54,55
LF:6
LH:6
BRDA:34,0,0,11
BRDA:34,0,1,10
BRDA:53,1,0,55
BRDA:53,1,1,44
BRDA:59,2,0,11
BRDA:59,2,1,44
BRF:6
BRH:6
end_of_record
TN:
SF:src\shared\components\ProtectedRoute.jsx
FN:4,ProtectedRoute
FNF:1
FNH:1
FNDA:3,ProtectedRoute
DA:5,3
DA:6,3
DA:7,2
DA:8,1
LF:4
LH:4
BRDA:6,0,0,1
BRDA:6,0,1,2
BRDA:7,1,0,1
BRDA:7,1,1,1
BRF:4
BRH:4
end_of_record
TN:
SF:src\shared\components\WhatsApp.jsx
FN:1,WhatsApp
FNF:1
FNH:1
FNDA:3,WhatsApp
DA:2,3
LF:1
LH:1
BRF:0
BRH:0
end_of_record
