TN:
SF:src\App.jsx
FN:37,App
FN:43,(anonymous_1)
FN:53,(anonymous_2)
FN:71,(anonymous_3)
FN:74,(anonymous_4)
FN:78,(anonymous_5)
FN:83,(anonymous_6)
FN:111,(anonymous_7)
FN:112,(anonymous_8)
FN:124,(anonymous_9)
FN:124,(anonymous_10)
FN:137,(anonymous_11)
FN:138,(anonymous_12)
FNF:13
FNH:5
FNDA:21,App
FNDA:11,(anonymous_1)
FNDA:9,(anonymous_2)
FNDA:11,(anonymous_3)
FNDA:0,(anonymous_4)
FNDA:0,(anonymous_5)
FNDA:11,(anonymous_6)
FNDA:0,(anonymous_7)
FNDA:0,(anonymous_8)
FNDA:0,(anonymous_9)
FNDA:0,(anonymous_10)
FNDA:0,(anonymous_11)
FNDA:0,(anonymous_12)
DA:38,21
DA:39,21
DA:40,21
DA:41,21
DA:43,21
DA:44,21
DA:46,21
DA:47,21
DA:48,21
DA:49,21
DA:50,21
DA:51,21
DA:53,21
DA:54,9
DA:55,9
DA:56,9
DA:57,9
DA:58,9
DA:59,9
DA:60,9
DA:61,9
DA:62,9
DA:64,0
DA:65,0
DA:66,0
DA:68,9
DA:71,21
DA:72,11
DA:74,11
DA:75,0
DA:76,0
DA:78,11
DA:79,0
DA:81,11
DA:82,11
DA:83,11
DA:84,11
DA:85,11
DA:89,21
DA:90,1
DA:97,20
DA:99,19
DA:111,0
DA:112,0
DA:124,0
DA:137,0
DA:138,0
LF:47
LH:36
BRDA:53,0,0,9
BRDA:54,1,0,0
BRDA:54,1,1,9
BRDA:56,2,0,0
BRDA:56,2,1,9
BRDA:61,3,0,9
BRDA:61,3,1,0
BRDA:64,4,0,0
BRDA:64,4,1,0
BRDA:66,5,0,0
BRDA:66,5,1,0
BRDA:72,6,0,9
BRDA:72,6,1,2
BRDA:89,7,0,1
BRDA:89,7,1,20
BRDA:97,8,0,1
BRDA:97,8,1,19
BRDA:134,9,0,19
BRDA:134,9,1,0
BRF:19
BRH:11
end_of_record
TN:
SF:src\features\kasir\hooks.js
FN:30,useCart
FN:50,(anonymous_1)
FN:51,(anonymous_2)
FN:53,(anonymous_3)
FN:63,_qty
FN:64,(anonymous_5)
FN:73,openWarnaPanel
FN:79,(anonymous_7)
FN:82,(anonymous_8)
FN:90,closeWarnaPanel
FN:96,selectFullSeri
FN:98,(anonymous_11)
FN:100,(anonymous_12)
FN:111,confirmWarna
FN:113,(anonymous_14)
FN:114,(anonymous_15)
FN:130,(anonymous_16)
FN:131,(anonymous_17)
FN:148,editWarnaItem
FN:149,(anonymous_19)
FN:151,(anonymous_20)
FN:154,(anonymous_21)
FN:162,updateQty
FN:163,(anonymous_23)
FN:165,(anonymous_24)
FN:169,(anonymous_25)
FN:174,setItemHarga
FN:175,(anonymous_27)
FN:175,(anonymous_28)
FN:180,removeItem
FN:181,(anonymous_30)
FN:181,(anonymous_31)
FN:185,resetCart
FN:194,removeDiskon
FN:203,getPayloadItems
FN:204,(anonymous_35)
FN:208,_addSimple
FN:210,(anonymous_37)
FN:211,(anonymous_38)
FN:283,useCheckout
FN:289,bayar
FN:303,(anonymous_41)
FNF:42
FNH:42
FNDA:68,useCart
FNDA:28,(anonymous_1)
FNDA:28,(anonymous_2)
FNDA:52,(anonymous_3)
FNDA:58,_qty
FNDA:18,(anonymous_5)
FNDA:23,openWarnaPanel
FNDA:1,(anonymous_7)
FNDA:1,(anonymous_8)
FNDA:5,closeWarnaPanel
FNDA:1,selectFullSeri
FNDA:1,(anonymous_11)
FNDA:2,(anonymous_12)
FNDA:5,confirmWarna
FNDA:6,(anonymous_14)
FNDA:6,(anonymous_15)
FNDA:4,(anonymous_16)
FNDA:1,(anonymous_17)
FNDA:2,editWarnaItem
FNDA:1,(anonymous_19)
FNDA:1,(anonymous_20)
FNDA:1,(anonymous_21)
FNDA:2,updateQty
FNDA:2,(anonymous_23)
FNDA:2,(anonymous_24)
FNDA:2,(anonymous_25)
FNDA:1,setItemHarga
FNDA:1,(anonymous_27)
FNDA:1,(anonymous_28)
FNDA:1,removeItem
FNDA:1,(anonymous_30)
FNDA:1,(anonymous_31)
FNDA:1,resetCart
FNDA:1,removeDiskon
FNDA:1,getPayloadItems
FNDA:1,(anonymous_35)
FNDA:15,_addSimple
FNDA:15,(anonymous_37)
FNDA:2,(anonymous_38)
FNDA:15,useCheckout
FNDA:7,bayar
FNDA:1,(anonymous_41)
DA:32,68
DA:35,68
DA:38,68
DA:41,68
DA:42,68
DA:45,68
DA:46,68
DA:47,68
DA:50,68
DA:51,68
DA:53,68
DA:54,52
DA:55,52
DA:56,4
DA:57,3
DA:60,68
DA:64,58
DA:74,23
DA:75,15
DA:76,15
DA:78,8
DA:79,8
DA:80,8
DA:81,8
DA:82,1
DA:83,1
DA:85,8
DA:86,8
DA:91,5
DA:92,5
DA:97,1
DA:98,1
DA:99,1
DA:100,1
DA:101,2
DA:102,2
DA:103,2
DA:104,2
DA:106,1
DA:112,5
DA:113,6
DA:114,6
DA:115,5
DA:117,4
DA:118,4
DA:119,4
DA:130,5
DA:131,4
DA:132,4
DA:133,1
DA:134,1
DA:135,1
DA:137,3
DA:139,5
DA:140,5
DA:149,2
DA:150,2
DA:151,1
DA:152,2
DA:153,1
DA:154,1
DA:155,1
DA:157,2
DA:158,2
DA:163,2
DA:164,2
DA:166,2
DA:167,2
DA:169,2
DA:175,1
DA:176,1
DA:181,1
DA:186,1
DA:187,1
DA:188,1
DA:189,1
DA:190,1
DA:195,1
DA:196,1
DA:204,1
DA:209,15
DA:210,15
DA:211,15
DA:212,15
DA:213,2
DA:214,2
DA:215,2
DA:217,13
DA:231,15
DA:234,68
DA:284,15
DA:285,15
DA:286,15
DA:287,15
DA:290,7
DA:291,6
DA:294,6
DA:295,6
DA:298,6
DA:299,6
DA:300,2
DA:301,2
DA:302,2
DA:303,1
DA:305,2
DA:306,1
DA:307,1
DA:309,1
DA:313,1
DA:314,1
DA:321,6
DA:322,6
DA:323,6
DA:333,5
DA:346,7
DA:347,7
DA:348,7
DA:350,1
DA:352,6
DA:353,6
DA:356,15
LF:121
LH:121
BRDA:54,0,0,52
BRDA:54,0,1,47
BRDA:55,1,0,48
BRDA:55,1,1,4
BRDA:55,2,0,52
BRDA:55,2,1,4
BRDA:56,3,0,1
BRDA:56,3,1,3
BRDA:64,4,0,14
BRDA:64,4,1,44
BRDA:64,5,0,18
BRDA:64,5,1,0
BRDA:64,6,0,44
BRDA:64,6,1,0
BRDA:74,7,0,15
BRDA:74,7,1,8
BRDA:81,8,0,1
BRDA:81,8,1,7
BRDA:97,9,0,0
BRDA:97,9,1,1
BRDA:102,10,0,0
BRDA:102,10,1,2
BRDA:103,11,0,2
BRDA:103,11,1,2
BRDA:115,12,0,1
BRDA:115,12,1,4
BRDA:124,13,0,4
BRDA:124,13,1,0
BRDA:132,14,0,1
BRDA:132,14,1,3
BRDA:150,15,0,1
BRDA:150,15,1,1
BRDA:151,16,0,1
BRDA:151,16,1,0
BRDA:152,17,0,0
BRDA:152,17,1,2
BRDA:154,18,0,1
BRDA:154,18,1,0
BRDA:166,19,0,0
BRDA:166,19,1,2
BRDA:166,20,0,2
BRDA:166,20,1,2
BRDA:167,21,0,2
BRDA:167,21,1,0
BRDA:175,22,0,1
BRDA:175,22,1,0
BRDA:212,23,0,2
BRDA:212,23,1,13
BRDA:214,24,0,2
BRDA:214,24,1,0
BRDA:224,25,0,13
BRDA:224,25,1,0
BRDA:290,26,0,1
BRDA:290,26,1,6
BRDA:299,27,0,2
BRDA:299,27,1,4
BRDA:299,28,0,6
BRDA:299,28,1,3
BRDA:305,29,0,1
BRDA:305,29,1,1
BRDA:311,30,0,1
BRDA:311,30,1,0
BRDA:338,31,0,5
BRDA:338,31,1,2
BRDA:339,32,0,7
BRDA:339,32,1,4
BRF:66
BRH:52
end_of_record
TN:
SF:src\features\kasir\components\BuyerInput.jsx
FN:9,BuyerInput
FN:15,(anonymous_1)
FN:22,(anonymous_2)
FN:28,(anonymous_3)
FN:34,(anonymous_4)
FN:35,(anonymous_5)
FN:39,(anonymous_6)
FN:42,(anonymous_7)
FN:49,(anonymous_8)
FN:50,(anonymous_9)
FN:58,(anonymous_10)
FN:62,(anonymous_11)
FN:77,(anonymous_12)
FNF:13
FNH:11
FNDA:22,BuyerInput
FNDA:10,(anonymous_1)
FNDA:6,(anonymous_2)
FNDA:6,(anonymous_3)
FNDA:10,(anonymous_4)
FNDA:0,(anonymous_5)
FNDA:10,(anonymous_6)
FNDA:8,(anonymous_7)
FNDA:1,(anonymous_8)
FNDA:0,(anonymous_9)
FNDA:6,(anonymous_10)
FNDA:1,(anonymous_11)
FNDA:1,(anonymous_12)
DA:10,22
DA:11,22
DA:12,22
DA:15,22
DA:16,10
DA:17,4
DA:18,4
DA:19,4
DA:21,6
DA:22,6
DA:23,6
DA:24,6
DA:25,6
DA:28,6
DA:29,6
DA:34,22
DA:35,10
DA:36,0
DA:38,10
DA:39,10
DA:42,22
DA:44,22
DA:49,1
DA:50,0
DA:59,6
DA:63,1
DA:64,1
DA:78,1
DA:79,1
DA:80,1
LF:30
LH:28
BRDA:16,0,0,4
BRDA:16,0,1,6
BRDA:23,1,0,6
BRDA:23,1,1,0
BRDA:36,2,0,0
BRDA:36,2,1,0
BRDA:50,3,0,0
BRDA:50,3,1,0
BRDA:56,4,0,22
BRDA:56,4,1,6
BRDA:69,5,0,6
BRDA:69,5,1,3
BRDA:74,6,0,6
BRDA:74,6,1,6
BRDA:74,6,2,5
BRF:15
BRH:10
end_of_record
TN:
SF:src\features\kasir\components\CartItem.jsx
FN:20,CartItem
FN:74,(anonymous_1)
FN:89,(anonymous_2)
FN:97,(anonymous_3)
FNF:4
FNH:4
FNDA:13,CartItem
FNDA:6,(anonymous_1)
FNDA:1,(anonymous_2)
FNDA:1,(anonymous_3)
DA:30,13
DA:32,13
DA:75,6
DA:89,1
DA:97,1
LF:5
LH:5
BRDA:43,0,0,12
BRDA:43,0,1,1
BRDA:72,1,0,3
BRDA:72,1,1,10
BRDA:111,2,0,13
BRDA:111,2,1,3
BRF:6
BRH:6
end_of_record
TN:
SF:src\features\kasir\components\CartPanel.jsx
FN:9,CartPanel
FN:69,(anonymous_1)
FN:74,(anonymous_2)
FN:75,(anonymous_3)
FN:76,(anonymous_4)
FN:77,(anonymous_5)
FN:78,(anonymous_6)
FN:79,(anonymous_7)
FN:169,DiskonInput
FN:186,(anonymous_9)
FN:192,(anonymous_10)
FN:202,(anonymous_11)
FNF:12
FNH:3
FNDA:15,CartPanel
FNDA:8,(anonymous_1)
FNDA:0,(anonymous_2)
FNDA:0,(anonymous_3)
FNDA:0,(anonymous_4)
FNDA:0,(anonymous_5)
FNDA:0,(anonymous_6)
FNDA:0,(anonymous_7)
FNDA:2,DiskonInput
FNDA:0,(anonymous_9)
FNDA:0,(anonymous_10)
FNDA:0,(anonymous_11)
DA:38,15
DA:70,8
DA:74,0
DA:75,0
DA:76,0
DA:77,0
DA:78,0
DA:79,0
DA:170,2
DA:186,0
DA:192,0
DA:202,0
LF:12
LH:3
BRDA:46,0,0,15
BRDA:46,0,1,4
BRDA:62,1,0,15
BRDA:62,1,1,7
BRDA:97,2,0,2
BRDA:97,2,1,13
BRDA:98,3,0,2
BRDA:98,3,1,13
BRDA:100,4,0,2
BRDA:100,4,1,13
BRDA:110,5,0,15
BRDA:110,5,1,2
BRDA:122,6,0,15
BRDA:122,6,1,1
BRDA:139,7,0,15
BRDA:139,7,1,0
BRDA:144,8,0,15
BRDA:144,8,1,8
BRDA:158,9,0,15
BRDA:158,9,1,8
BRDA:161,10,0,1
BRDA:161,10,1,14
BRDA:187,11,0,2
BRDA:187,11,1,0
BRDA:193,12,0,0
BRDA:193,12,1,2
BRDA:203,13,0,2
BRDA:203,13,1,0
BRDA:207,14,0,2
BRDA:207,14,1,1
BRF:30
BRH:26
end_of_record
TN:
SF:src\features\kasir\components\PriceEditor.jsx
FN:8,PriceEditor
FN:11,save
FN:23,(anonymous_2)
FN:25,(anonymous_3)
FNF:4
FNH:4
FNDA:10,PriceEditor
FNDA:4,save
FNDA:3,(anonymous_2)
FNDA:2,(anonymous_3)
DA:9,10
DA:12,4
DA:13,4
DA:16,10
DA:23,3
DA:26,2
DA:27,2
LF:7
LH:7
BRDA:13,0,0,3
BRDA:13,0,1,1
BRDA:26,1,0,1
BRDA:26,1,1,1
BRDA:27,2,0,1
BRDA:27,2,1,1
BRF:6
BRH:6
end_of_record
TN:
SF:src\features\kasir\components\ProductList.jsx
FN:18,ProductList
FN:43,FotoGrid
FN:46,(anonymous_2)
FN:51,(anonymous_3)
FN:52,(anonymous_4)
FN:80,(anonymous_5)
FN:85,(anonymous_6)
FN:129,TeksList
FN:132,(anonymous_8)
FN:136,(anonymous_9)
FN:137,(anonymous_10)
FN:139,(anonymous_11)
FN:163,(anonymous_12)
FN:168,(anonymous_13)
FNF:14
FNH:14
FNDA:11,ProductList
FNDA:3,FotoGrid
FNDA:3,(anonymous_2)
FNDA:3,(anonymous_3)
FNDA:3,(anonymous_4)
FNDA:3,(anonymous_5)
FNDA:1,(anonymous_6)
FNDA:6,TeksList
FNDA:6,(anonymous_8)
FNDA:6,(anonymous_9)
FNDA:6,(anonymous_10)
FNDA:6,(anonymous_11)
FNDA:6,(anonymous_12)
FNDA:1,(anonymous_13)
DA:19,11
DA:20,1
DA:27,10
DA:28,1
DA:35,9
DA:44,3
DA:48,3
DA:49,3
DA:50,3
DA:51,3
DA:52,3
DA:53,3
DA:81,3
DA:82,3
DA:85,1
DA:130,6
DA:133,6
DA:134,6
DA:135,6
DA:136,6
DA:137,6
DA:138,6
DA:139,6
DA:142,6
DA:164,6
DA:165,6
DA:168,1
LF:27
LH:27
BRDA:19,0,0,1
BRDA:19,0,1,10
BRDA:27,1,0,1
BRDA:27,1,1,9
BRDA:35,2,0,3
BRDA:35,2,1,6
BRDA:49,3,0,3
BRDA:49,3,1,0
BRDA:50,4,0,3
BRDA:50,4,1,0
BRDA:51,5,0,3
BRDA:51,5,1,0
BRDA:52,6,0,3
BRDA:52,6,1,0
BRDA:57,7,0,3
BRDA:57,7,1,3
BRDA:65,8,0,3
BRDA:65,8,1,3
BRDA:85,9,0,1
BRDA:85,9,1,1
BRDA:85,9,2,1
BRDA:86,10,0,3
BRDA:86,10,1,3
BRDA:88,11,0,0
BRDA:88,11,1,3
BRDA:88,12,0,3
BRDA:88,12,1,3
BRDA:100,13,0,3
BRDA:100,13,1,0
BRDA:108,14,0,0
BRDA:108,14,1,3
BRDA:134,15,0,6
BRDA:134,15,1,0
BRDA:135,16,0,6
BRDA:135,16,1,0
BRDA:136,17,0,6
BRDA:136,17,1,0
BRDA:137,18,0,6
BRDA:137,18,1,0
BRDA:150,19,0,6
BRDA:150,19,1,6
BRDA:157,20,0,2
BRDA:157,20,1,4
BRDA:168,21,0,1
BRDA:168,21,1,1
BRDA:168,21,2,1
BRDA:169,22,0,6
BRDA:169,22,1,4
BRDA:171,23,0,2
BRDA:171,23,1,4
BRDA:171,24,0,6
BRDA:171,24,1,4
BRDA:188,25,0,6
BRDA:188,25,1,0
BRF:54
BRH:42
end_of_record
TN:
SF:src\features\kasir\components\WarnaPanel.jsx
FN:20,WarnaPanel
FN:34,(anonymous_1)
FN:83,(anonymous_2)
FN:103,(anonymous_3)
FN:130,(anonymous_4)
FN:138,(anonymous_5)
FNF:6
FNH:4
FNDA:15,WarnaPanel
FNDA:5,(anonymous_1)
FNDA:28,(anonymous_2)
FNDA:1,(anonymous_3)
FNDA:0,(anonymous_4)
FNDA:0,(anonymous_5)
DA:30,15
DA:31,14
DA:32,14
DA:34,14
DA:35,14
DA:37,14
DA:84,28
DA:85,28
DA:86,28
DA:87,28
DA:89,28
DA:103,1
DA:130,0
DA:138,0
LF:14
LH:12
BRDA:30,0,0,1
BRDA:30,0,1,14
BRDA:84,1,0,28
BRDA:84,1,1,23
BRDA:93,2,0,1
BRDA:93,2,1,27
BRDA:95,3,0,5
BRDA:95,3,1,22
BRDA:103,4,0,1
BRDA:103,4,1,1
BRDA:103,5,0,0
BRDA:103,5,1,1
BRDA:109,6,0,5
BRDA:109,6,1,23
BRDA:112,7,0,28
BRDA:112,7,1,5
BRDA:117,8,0,5
BRDA:117,8,1,23
BRDA:120,9,0,1
BRDA:120,9,1,27
BRDA:121,10,0,1
BRDA:121,10,1,27
BRDA:127,11,0,28
BRDA:127,11,1,5
BRDA:127,11,2,5
BRDA:158,12,0,4
BRDA:158,12,1,10
BRF:27
BRH:26
end_of_record
TN:
SF:src\features\kasir\pages\KasirPage.jsx
FN:29,Kasir
FN:55,(anonymous_1)
FN:57,(anonymous_2)
FN:62,(anonymous_3)
FN:65,(anonymous_4)
FN:70,handleBayar
FN:82,handleBuyerSelect
FN:116,(anonymous_7)
FN:123,(anonymous_8)
FN:135,(anonymous_9)
FN:146,(anonymous_10)
FN:154,(anonymous_11)
FN:184,(anonymous_12)
FN:217,(anonymous_13)
FN:225,(anonymous_14)
FN:233,(anonymous_15)
FN:235,(anonymous_16)
FN:245,(anonymous_17)
FN:264,(anonymous_18)
FN:265,(anonymous_19)
FN:265,(anonymous_20)
FN:269,(anonymous_21)
FNF:22
FNH:19
FNDA:34,Kasir
FNDA:34,(anonymous_1)
FNDA:1,(anonymous_2)
FNDA:0,(anonymous_3)
FNDA:0,(anonymous_4)
FNDA:4,handleBayar
FNDA:1,handleBuyerSelect
FNDA:1,(anonymous_7)
FNDA:102,(anonymous_8)
FNDA:1,(anonymous_9)
FNDA:1,(anonymous_10)
FNDA:1,(anonymous_11)
FNDA:2,(anonymous_12)
FNDA:1,(anonymous_13)
FNDA:1,(anonymous_14)
FNDA:1,(anonymous_15)
FNDA:1,(anonymous_16)
FNDA:1,(anonymous_17)
FNDA:1,(anonymous_18)
FNDA:1,(anonymous_19)
FNDA:0,(anonymous_20)
FNDA:1,(anonymous_21)
DA:30,34
DA:31,34
DA:32,34
DA:33,34
DA:34,34
DA:35,34
DA:38,34
DA:39,34
DA:40,34
DA:41,34
DA:42,34
DA:43,34
DA:45,34
DA:55,34
DA:56,34
DA:57,1
DA:59,34
DA:60,2
DA:61,2
DA:63,0
DA:65,0
DA:71,4
DA:72,4
DA:73,3
DA:74,3
DA:75,3
DA:76,3
DA:77,3
DA:83,1
DA:84,1
DA:85,1
DA:89,34
DA:116,1
DA:124,102
DA:135,1
DA:146,1
DA:154,1
DA:184,2
DA:218,1
DA:219,1
DA:225,1
DA:233,1
DA:235,1
DA:245,1
DA:264,1
DA:265,1
DA:269,1
LF:47
LH:45
BRDA:57,0,0,1
BRDA:57,0,1,0
BRDA:57,1,0,1
BRDA:57,1,1,0
BRDA:59,2,0,32
BRDA:59,2,1,2
BRDA:63,3,0,0
BRDA:63,3,1,0
BRDA:63,3,2,0
BRDA:65,4,0,0
BRDA:65,4,1,0
BRDA:72,5,0,3
BRDA:72,5,1,1
BRDA:84,6,0,1
BRDA:84,6,1,0
BRDA:92,7,0,34
BRDA:92,7,1,1
BRDA:99,8,0,34
BRDA:99,8,1,1
BRDA:99,8,2,1
BRDA:118,9,0,2
BRDA:118,9,1,32
BRDA:133,10,0,34
BRDA:133,10,1,2
BRDA:148,11,0,33
BRDA:148,11,1,1
BRDA:156,12,0,1
BRDA:156,12,1,33
BRDA:165,13,0,34
BRDA:165,13,1,2
BRDA:177,14,0,0
BRDA:177,14,1,34
BRDA:204,15,0,0
BRDA:204,15,1,34
BRDA:243,16,0,34
BRDA:243,16,1,34
BRDA:243,16,2,2
BRDA:269,17,0,34
BRDA:269,17,1,3
BRF:39
BRH:29
end_of_record
TN:
SF:src\features\laporan\components\DeleteConfirm.jsx
FN:6,DeleteConfirm
FNF:1
FNH:1
FNDA:6,DeleteConfirm
DA:7,6
DA:9,5
LF:2
LH:2
BRDA:7,0,0,1
BRDA:7,0,1,5
BRDA:11,1,0,2
BRDA:11,1,1,3
BRDA:24,2,0,2
BRDA:24,2,1,3
BRF:6
BRH:6
end_of_record
TN:
SF:src\features\laporan\components\DetailModal.jsx
FN:16,DetailModal
FN:21,(anonymous_1)
FN:73,(anonymous_2)
FN:98,(anonymous_3)
FN:150,(anonymous_4)
FN:182,(anonymous_5)
FN:192,(anonymous_6)
FN:201,(anonymous_7)
FN:212,(anonymous_8)
FN:225,InfoRow
FN:236,ActionBtn
FNF:11
FNH:7
FNDA:11,DetailModal
FNDA:10,(anonymous_1)
FNDA:10,(anonymous_2)
FNDA:0,(anonymous_3)
FNDA:0,(anonymous_4)
FNDA:1,(anonymous_5)
FNDA:0,(anonymous_6)
FNDA:0,(anonymous_7)
FNDA:1,(anonymous_8)
FNDA:59,InfoRow
FNDA:38,ActionBtn
DA:17,11
DA:19,10
DA:20,10
DA:21,11
DA:23,11
DA:29,11
DA:74,10
DA:75,10
DA:76,10
DA:99,0
DA:151,0
DA:183,1
DA:184,1
DA:193,0
DA:194,0
DA:202,0
DA:203,0
DA:213,1
DA:214,1
DA:226,59
DA:242,38
LF:21
LH:15
BRDA:17,0,0,1
BRDA:17,0,1,10
BRDA:20,1,0,10
BRDA:20,1,1,0
BRDA:20,1,2,0
BRDA:21,2,0,11
BRDA:21,2,1,0
BRDA:23,3,0,11
BRDA:23,3,1,0
BRDA:37,4,0,11
BRDA:37,4,1,1
BRDA:58,5,0,11
BRDA:58,5,1,10
BRDA:61,6,0,11
BRDA:61,6,1,10
BRDA:62,7,0,11
BRDA:62,7,1,0
BRDA:73,8,0,11
BRDA:73,8,1,0
BRDA:89,9,0,10
BRDA:89,9,1,10
BRDA:89,9,2,9
BRDA:96,10,0,10
BRDA:96,10,1,0
BRDA:96,10,2,0
BRDA:100,11,0,0
BRDA:100,11,1,0
BRDA:113,12,0,11
BRDA:113,12,1,0
BRDA:113,13,0,11
BRDA:113,13,1,0
BRDA:125,14,0,1
BRDA:125,14,1,9
BRDA:128,15,0,1
BRDA:128,15,1,9
BRDA:133,16,0,11
BRDA:133,16,1,9
BRDA:133,16,2,9
BRDA:141,17,0,11
BRDA:141,17,1,0
BRDA:144,18,0,11
BRDA:144,18,1,0
BRDA:177,19,0,1
BRDA:177,19,1,9
BRDA:187,20,0,11
BRDA:187,20,1,9
BRDA:225,21,0,59
BRDA:229,22,0,10
BRDA:229,22,1,49
BRDA:240,23,0,38
BRF:50
BRH:36
end_of_record
TN:
SF:src\features\laporan\components\EditSaleModal.jsx
FN:18,effectiveQty
FN:19,(anonymous_1)
FN:22,EditSaleModal
FN:23,(anonymous_3)
FN:23,(anonymous_4)
FN:41,(anonymous_5)
FN:44,(anonymous_6)
FN:49,selectAddKode
FN:56,selectAddSize
FN:62,confirmAddItem
FN:63,(anonymous_10)
FN:66,(anonymous_11)
FN:68,(anonymous_12)
FN:70,(anonymous_13)
FN:83,(anonymous_14)
FN:86,removeItem
FN:91,(anonymous_16)
FN:91,(anonymous_17)
FN:95,updateSimpleQty
FN:96,(anonymous_19)
FN:97,(anonymous_20)
FN:105,updateWarnaQty
FN:106,(anonymous_22)
FN:107,(anonymous_23)
FN:110,(anonymous_24)
FN:113,(anonymous_25)
FN:121,startEditHarga
FN:126,saveHarga
FN:129,(anonymous_28)
FN:129,(anonymous_29)
FN:135,handleBuyerSelect
FN:142,handleSave
FN:184,(anonymous_32)
FN:197,(anonymous_33)
FN:208,(anonymous_34)
FN:213,(anonymous_35)
FN:220,(anonymous_36)
FN:232,(anonymous_37)
FN:239,(anonymous_38)
FN:257,(anonymous_39)
FN:258,(anonymous_40)
FN:265,(anonymous_41)
FN:271,(anonymous_42)
FN:287,(anonymous_43)
FN:307,(anonymous_44)
FN:313,(anonymous_45)
FN:314,(anonymous_46)
FN:322,(anonymous_47)
FN:323,(anonymous_48)
FN:330,(anonymous_49)
FN:332,(anonymous_50)
FN:333,(anonymous_51)
FN:336,(anonymous_52)
FN:349,(anonymous_53)
FN:349,(anonymous_54)
FN:352,(anonymous_55)
FN:352,(anonymous_56)
FN:357,(anonymous_57)
FN:364,(anonymous_58)
FN:372,(anonymous_59)
FN:376,(anonymous_60)
FN:391,(anonymous_61)
FN:401,(anonymous_62)
FN:419,(anonymous_63)
FN:451,(anonymous_64)
FNF:65
FNH:57
FNDA:186,effectiveQty
FNDA:28,(anonymous_1)
FNDA:91,EditSaleModal
FNDA:36,(anonymous_3)
FNDA:37,(anonymous_4)
FNDA:43,(anonymous_5)
FNDA:6,(anonymous_6)
FNDA:4,selectAddKode
FNDA:3,selectAddSize
FNDA:2,confirmAddItem
FNDA:2,(anonymous_10)
FNDA:2,(anonymous_11)
FNDA:2,(anonymous_12)
FNDA:1,(anonymous_13)
FNDA:93,(anonymous_14)
FNDA:2,removeItem
FNDA:1,(anonymous_16)
FNDA:2,(anonymous_17)
FNDA:3,updateSimpleQty
FNDA:3,(anonymous_19)
FNDA:3,(anonymous_20)
FNDA:3,updateWarnaQty
FNDA:3,(anonymous_22)
FNDA:3,(anonymous_23)
FNDA:6,(anonymous_24)
FNDA:6,(anonymous_25)
FNDA:6,startEditHarga
FNDA:3,saveHarga
FNDA:2,(anonymous_28)
FNDA:2,(anonymous_29)
FNDA:0,handleBuyerSelect
FNDA:4,handleSave
FNDA:93,(anonymous_32)
FNDA:2,(anonymous_33)
FNDA:14,(anonymous_34)
FNDA:2,(anonymous_35)
FNDA:1,(anonymous_36)
FNDA:2,(anonymous_37)
FNDA:1,(anonymous_38)
FNDA:3,(anonymous_39)
FNDA:2,(anonymous_40)
FNDA:2,(anonymous_41)
FNDA:1,(anonymous_42)
FNDA:6,(anonymous_43)
FNDA:5,(anonymous_44)
FNDA:12,(anonymous_45)
FNDA:4,(anonymous_46)
FNDA:7,(anonymous_47)
FNDA:7,(anonymous_48)
FNDA:4,(anonymous_49)
FNDA:0,(anonymous_50)
FNDA:0,(anonymous_51)
FNDA:3,(anonymous_52)
FNDA:0,(anonymous_53)
FNDA:0,(anonymous_54)
FNDA:0,(anonymous_55)
FNDA:0,(anonymous_56)
FNDA:0,(anonymous_57)
FNDA:1,(anonymous_58)
FNDA:1,(anonymous_59)
FNDA:7,(anonymous_60)
FNDA:1,(anonymous_61)
FNDA:1,(anonymous_62)
FNDA:1,(anonymous_63)
FNDA:3,(anonymous_64)
DA:19,186
DA:23,91
DA:24,91
DA:25,91
DA:26,91
DA:27,91
DA:28,91
DA:29,91
DA:30,91
DA:31,91
DA:32,91
DA:33,91
DA:34,91
DA:35,91
DA:36,91
DA:37,91
DA:38,91
DA:40,91
DA:41,91
DA:42,43
DA:43,43
DA:44,5
DA:45,6
DA:50,4
DA:51,4
DA:52,4
DA:53,4
DA:57,3
DA:58,3
DA:59,3
DA:63,2
DA:64,2
DA:65,2
DA:66,2
DA:68,2
DA:69,2
DA:70,1
DA:72,1
DA:74,2
DA:75,2
DA:76,2
DA:77,2
DA:78,2
DA:79,2
DA:82,91
DA:83,93
DA:84,91
DA:87,2
DA:88,1
DA:89,1
DA:91,2
DA:96,3
DA:97,3
DA:98,3
DA:99,3
DA:100,3
DA:106,3
DA:107,3
DA:108,3
DA:109,3
DA:111,6
DA:113,6
DA:114,3
DA:115,3
DA:122,6
DA:123,6
DA:127,3
DA:128,3
DA:129,2
DA:131,3
DA:136,0
DA:137,0
DA:138,0
DA:143,4
DA:144,1
DA:145,1
DA:147,3
DA:148,3
DA:157,2
DA:160,91
DA:185,93
DA:186,93
DA:187,93
DA:188,93
DA:197,2
DA:209,14
DA:213,2
DA:220,1
DA:232,2
DA:239,1
DA:257,3
DA:259,2
DA:260,2
DA:265,2
DA:271,1
DA:287,6
DA:307,5
DA:314,12
DA:323,7
DA:324,7
DA:325,7
DA:331,4
DA:332,4
DA:333,0
DA:335,4
DA:336,3
DA:349,0
DA:352,0
DA:357,0
DA:364,1
DA:372,1
DA:376,7
DA:392,1
DA:393,1
DA:401,1
DA:419,1
DA:451,3
LF:117
LH:110
BRDA:19,0,0,14
BRDA:19,0,1,172
BRDA:19,1,0,28
BRDA:19,1,1,0
BRDA:19,2,0,172
BRDA:19,2,1,0
BRDA:23,3,0,36
BRDA:23,3,1,0
BRDA:24,4,0,91
BRDA:24,4,1,0
BRDA:25,5,0,91
BRDA:25,5,1,0
BRDA:26,6,0,91
BRDA:26,6,1,91
BRDA:27,7,0,91
BRDA:27,7,1,0
BRDA:38,8,0,91
BRDA:38,8,1,0
BRDA:43,9,0,38
BRDA:43,9,1,5
BRDA:45,10,0,6
BRDA:45,10,1,1
BRDA:45,11,0,1
BRDA:45,11,1,0
BRDA:58,12,0,3
BRDA:58,12,1,0
BRDA:64,13,0,0
BRDA:64,13,1,2
BRDA:64,14,0,2
BRDA:64,14,1,2
BRDA:65,15,0,2
BRDA:65,15,1,0
BRDA:68,16,0,2
BRDA:68,16,1,1
BRDA:68,16,2,1
BRDA:69,17,0,1
BRDA:69,17,1,1
BRDA:70,18,0,1
BRDA:70,18,1,0
BRDA:70,19,0,1
BRDA:70,19,1,0
BRDA:72,20,0,1
BRDA:72,20,1,0
BRDA:82,21,0,91
BRDA:82,21,1,89
BRDA:87,22,0,1
BRDA:87,22,1,1
BRDA:98,23,0,0
BRDA:98,23,1,3
BRDA:98,24,0,3
BRDA:98,24,1,3
BRDA:99,25,0,3
BRDA:99,25,1,0
BRDA:108,26,0,0
BRDA:108,26,1,3
BRDA:108,27,0,3
BRDA:108,27,1,3
BRDA:111,28,0,3
BRDA:111,28,1,3
BRDA:114,29,0,0
BRDA:114,29,1,3
BRDA:128,30,0,2
BRDA:128,30,1,1
BRDA:128,31,0,3
BRDA:128,31,1,2
BRDA:129,32,0,2
BRDA:129,32,1,0
BRDA:137,33,0,0
BRDA:137,33,1,0
BRDA:143,34,0,1
BRDA:143,34,1,3
BRDA:151,35,0,3
BRDA:151,35,1,0
BRDA:152,36,0,4
BRDA:152,36,1,0
BRDA:153,37,0,4
BRDA:153,37,1,3
BRDA:187,38,0,93
BRDA:187,38,1,7
BRDA:206,39,0,7
BRDA:206,39,1,86
BRDA:237,40,0,86
BRDA:237,40,1,0
BRDA:249,41,0,9
BRDA:249,41,1,84
BRDA:259,42,0,1
BRDA:259,42,1,1
BRDA:260,43,0,1
BRDA:260,43,1,1
BRDA:301,44,0,20
BRDA:301,44,1,71
BRDA:311,45,0,20
BRDA:311,45,1,13
BRDA:311,45,2,11
BRDA:317,46,0,12
BRDA:317,46,1,12
BRDA:322,47,0,20
BRDA:322,47,1,7
BRDA:324,48,0,0
BRDA:324,48,1,7
BRDA:328,49,0,4
BRDA:328,49,1,3
BRDA:330,50,0,4
BRDA:330,50,1,0
BRDA:331,51,0,4
BRDA:331,51,1,4
BRDA:333,52,0,0
BRDA:333,52,1,0
BRDA:333,53,0,0
BRDA:333,53,1,0
BRDA:334,54,0,0
BRDA:334,54,1,0
BRDA:339,55,0,4
BRDA:339,55,1,0
BRDA:432,56,0,91
BRDA:432,56,1,2
BRDA:469,57,0,3
BRDA:469,57,1,88
BRF:118
BRH:85
end_of_record
TN:
SF:src\features\laporan\components\FilterBar.jsx
FN:27,getLabel
FN:36,(anonymous_1)
FN:43,(anonymous_2)
FN:46,FilterBar
FN:59,(anonymous_4)
FN:61,handler
FN:65,(anonymous_6)
FN:68,selectFilter
FN:82,(anonymous_8)
FN:82,(anonymous_9)
FN:104,(anonymous_10)
FN:107,(anonymous_11)
FN:131,(anonymous_12)
FN:151,(anonymous_13)
FN:160,(anonymous_14)
FNF:15
FNH:12
FNDA:11,getLabel
FNDA:2,(anonymous_1)
FNDA:8,(anonymous_2)
FNDA:11,FilterBar
FNDA:11,(anonymous_4)
FNDA:0,handler
FNDA:3,(anonymous_6)
FNDA:1,selectFilter
FNDA:3,(anonymous_8)
FNDA:3,(anonymous_9)
FNDA:18,(anonymous_10)
FNDA:1,(anonymous_11)
FNDA:1,(anonymous_12)
FNDA:0,(anonymous_13)
FNDA:0,(anonymous_14)
DA:16,1
DA:18,1
DA:28,11
DA:29,2
DA:35,9
DA:36,2
DA:41,1
DA:43,8
DA:55,11
DA:56,11
DA:59,11
DA:60,11
DA:62,0
DA:64,3
DA:65,3
DA:69,1
DA:70,1
DA:73,11
DA:74,11
DA:75,11
DA:77,11
DA:82,3
DA:105,18
DA:107,1
DA:131,1
DA:151,0
DA:160,0
LF:27
LH:24
BRDA:28,0,0,2
BRDA:28,0,1,9
BRDA:28,1,0,11
BRDA:28,1,1,2
BRDA:35,2,0,1
BRDA:35,2,1,8
BRDA:35,3,0,9
BRDA:35,3,1,1
BRDA:35,3,2,1
BRDA:43,4,0,8
BRDA:43,4,1,0
BRDA:60,5,0,8
BRDA:60,5,1,3
BRDA:62,6,0,0
BRDA:62,6,1,0
BRDA:62,7,0,0
BRDA:62,7,1,0
BRDA:84,8,0,3
BRDA:84,8,1,8
BRDA:94,9,0,3
BRDA:94,9,1,8
BRDA:102,10,0,11
BRDA:102,10,1,3
BRDA:109,11,0,3
BRDA:109,11,1,15
BRDA:115,12,0,18
BRDA:115,12,1,3
BRDA:125,13,0,11
BRDA:125,13,1,2
BRDA:145,14,0,11
BRDA:145,14,1,1
BRDA:150,15,0,1
BRDA:150,15,1,0
BRF:33
BRH:27
end_of_record
TN:
SF:src\features\laporan\components\LaporanBep.jsx
FN:42,(anonymous_0)
FN:45,fmtRp
FN:50,fmtPcs
FN:55,fmtRpCompact
FN:64,fmtTanggalShort
FN:69,fmtTanggalLong
FN:75,BiayaPasarModal
FN:76,(anonymous_7)
FN:92,set
FN:93,(anonymous_9)
FN:96,handleSave
FN:145,(anonymous_11)
FN:156,(anonymous_12)
FN:167,(anonymous_13)
FN:197,BepChartTooltip
FN:228,SaldoTrendChart
FN:230,(anonymous_16)
FN:231,(anonymous_17)
FN:274,(anonymous_18)
FN:305,StatCard
FN:316,LaporanBep
FN:325,(anonymous_21)
FN:358,(anonymous_22)
FN:361,(anonymous_23)
FN:371,(anonymous_24)
FN:379,(anonymous_25)
FN:389,(anonymous_26)
FN:391,(anonymous_27)
FN:393,(anonymous_28)
FN:402,(anonymous_29)
FN:402,(anonymous_30)
FN:412,(anonymous_31)
FN:422,(anonymous_32)
FN:440,(anonymous_33)
FN:445,(anonymous_34)
FN:466,(anonymous_35)
FN:482,(anonymous_36)
FN:484,(anonymous_37)
FN:495,(anonymous_38)
FN:520,(anonymous_39)
FN:654,(anonymous_40)
FN:668,(anonymous_41)
FN:763,(anonymous_42)
FN:764,(anonymous_43)
FNF:44
FNH:36
FNDA:3,(anonymous_0)
FNDA:241,fmtRp
FNDA:284,fmtPcs
FNDA:0,fmtRpCompact
FNDA:3,fmtTanggalShort
FNDA:20,fmtTanggalLong
FNDA:12,BiayaPasarModal
FNDA:5,(anonymous_7)
FNDA:6,set
FNDA:6,(anonymous_9)
FNDA:1,handleSave
FNDA:24,(anonymous_11)
FNDA:6,(anonymous_12)
FNDA:0,(anonymous_13)
FNDA:0,BepChartTooltip
FNDA:1,SaldoTrendChart
FNDA:1,(anonymous_16)
FNDA:3,(anonymous_17)
FNDA:3,(anonymous_18)
FNDA:122,StatCard
FNDA:36,LaporanBep
FNDA:15,(anonymous_21)
FNDA:0,(anonymous_22)
FNDA:0,(anonymous_23)
FNDA:15,(anonymous_24)
FNDA:28,(anonymous_25)
FNDA:28,(anonymous_26)
FNDA:28,(anonymous_27)
FNDA:28,(anonymous_28)
FNDA:28,(anonymous_29)
FNDA:0,(anonymous_30)
FNDA:28,(anonymous_31)
FNDA:28,(anonymous_32)
FNDA:0,(anonymous_33)
FNDA:28,(anonymous_34)
FNDA:28,(anonymous_35)
FNDA:8,(anonymous_36)
FNDA:28,(anonymous_37)
FNDA:72,(anonymous_38)
FNDA:5,(anonymous_39)
FNDA:40,(anonymous_40)
FNDA:160,(anonymous_41)
FNDA:2,(anonymous_42)
FNDA:0,(anonymous_43)
DA:42,3
DA:43,1
DA:46,241
DA:47,241
DA:51,284
DA:56,0
DA:57,0
DA:58,0
DA:59,0
DA:60,0
DA:61,0
DA:65,3
DA:66,3
DA:70,20
DA:71,20
DA:76,12
DA:77,5
DA:78,5
DA:79,10
DA:82,10
DA:88,5
DA:90,12
DA:93,6
DA:97,1
DA:98,1
DA:99,1
DA:100,1
DA:109,1
DA:112,0
DA:114,0
DA:115,0
DA:117,1
DA:119,1
DA:123,12
DA:125,12
DA:146,24
DA:156,6
DA:167,0
DA:198,0
DA:199,0
DA:200,0
DA:226,1
DA:229,1
DA:231,3
DA:238,1
DA:240,1
DA:275,3
DA:306,122
DA:317,36
DA:318,36
DA:319,36
DA:320,36
DA:321,36
DA:322,36
DA:323,36
DA:325,36
DA:326,15
DA:327,15
DA:328,15
DA:329,15
DA:343,15
DA:344,14
DA:345,14
DA:349,14
DA:350,14
DA:352,14
DA:353,14
DA:354,14
DA:355,14
DA:356,15
DA:358,15
DA:359,15
DA:361,0
DA:365,1
DA:366,1
DA:368,15
DA:371,36
DA:372,15
DA:379,36
DA:380,28
DA:381,28
DA:382,56
DA:383,56
DA:384,56
DA:386,28
DA:389,36
DA:391,36
DA:393,36
DA:394,28
DA:395,26
DA:401,36
DA:402,28
DA:405,36
DA:411,36
DA:412,28
DA:421,36
DA:422,28
DA:439,36
DA:440,0
DA:444,36
DA:445,28
DA:465,36
DA:466,28
DA:479,36
DA:480,36
DA:481,36
DA:482,36
DA:484,36
DA:485,28
DA:486,28
DA:487,56
DA:488,28
DA:494,36
DA:495,72
DA:500,36
DA:501,15
DA:506,21
DA:520,5
DA:655,40
DA:656,40
DA:669,160
DA:763,2
DA:765,0
DA:766,0
LF:124
LH:107
BRDA:46,0,0,241
BRDA:46,0,1,0
BRDA:47,1,0,2
BRDA:47,1,1,239
BRDA:51,2,0,284
BRDA:51,2,1,0
BRDA:56,3,0,0
BRDA:56,3,1,0
BRDA:58,4,0,0
BRDA:58,4,1,0
BRDA:59,5,0,0
BRDA:59,5,1,0
BRDA:59,6,0,0
BRDA:59,6,1,0
BRDA:60,7,0,0
BRDA:60,7,1,0
BRDA:83,8,0,0
BRDA:83,8,1,10
BRDA:83,9,0,10
BRDA:83,9,1,0
BRDA:83,10,0,0
BRDA:83,10,1,0
BRDA:85,11,0,0
BRDA:85,11,1,10
BRDA:85,12,0,10
BRDA:85,12,1,0
BRDA:85,13,0,0
BRDA:85,13,1,0
BRDA:104,14,0,1
BRDA:104,14,1,1
BRDA:106,15,0,1
BRDA:106,15,1,1
BRDA:112,16,0,0
BRDA:112,16,1,0
BRDA:188,17,0,0
BRDA:188,17,1,12
BRDA:198,18,0,0
BRDA:198,18,1,0
BRDA:198,19,0,0
BRDA:198,19,1,0
BRDA:198,19,2,0
BRDA:203,20,0,0
BRDA:203,20,1,0
BRDA:214,21,0,0
BRDA:214,21,1,0
BRDA:218,22,0,0
BRDA:218,22,1,0
BRDA:219,23,0,0
BRDA:219,23,1,0
BRDA:238,24,0,0
BRDA:238,24,1,1
BRDA:252,25,0,0
BRDA:252,25,1,1
BRDA:275,26,0,0
BRDA:275,26,1,3
BRDA:309,27,0,122
BRDA:309,27,1,101
BRDA:310,28,0,122
BRDA:310,28,1,20
BRDA:343,29,0,1
BRDA:343,29,1,14
BRDA:344,30,0,0
BRDA:344,30,1,14
BRDA:345,31,0,0
BRDA:345,31,1,14
BRDA:349,32,0,0
BRDA:349,32,1,14
BRDA:350,33,0,0
BRDA:350,33,1,14
BRDA:353,34,0,14
BRDA:353,34,1,0
BRDA:355,35,0,14
BRDA:355,35,1,0
BRDA:356,36,0,15
BRDA:356,36,1,0
BRDA:356,37,0,15
BRDA:356,37,1,0
BRDA:358,38,0,15
BRDA:358,38,1,0
BRDA:358,39,0,0
BRDA:358,39,1,0
BRDA:360,40,0,0
BRDA:360,40,1,14
BRDA:383,41,0,56
BRDA:383,41,1,0
BRDA:383,41,2,0
BRDA:384,42,0,0
BRDA:384,42,1,56
BRDA:394,43,0,2
BRDA:394,43,1,26
BRDA:402,44,0,0
BRDA:402,44,1,0
BRDA:439,45,0,0
BRDA:439,45,1,36
BRDA:440,46,0,0
BRDA:440,46,1,0
BRDA:482,47,0,8
BRDA:482,47,1,4
BRDA:495,48,0,72
BRDA:495,48,1,0
BRDA:496,49,0,72
BRDA:496,49,1,0
BRDA:497,50,0,0
BRDA:497,50,1,0
BRDA:500,51,0,15
BRDA:500,51,1,21
BRDA:508,52,0,21
BRDA:508,52,1,1
BRDA:527,53,0,36
BRDA:527,53,1,0
BRDA:534,54,0,1
BRDA:534,54,1,20
BRDA:544,55,0,1
BRDA:544,55,1,19
BRDA:552,56,0,1
BRDA:552,56,1,19
BRDA:564,57,0,1
BRDA:564,57,1,19
BRDA:567,58,0,1
BRDA:567,58,1,19
BRDA:584,59,0,1
BRDA:584,59,1,19
BRDA:598,60,0,1
BRDA:598,60,1,19
BRDA:601,61,0,1
BRDA:601,61,1,19
BRDA:609,62,0,20
BRDA:609,62,1,1
BRDA:620,63,0,20
BRDA:620,63,1,2
BRDA:620,63,2,1
BRDA:629,64,0,1
BRDA:629,64,1,0
BRDA:693,65,0,1
BRDA:693,65,1,19
BRDA:712,66,0,1
BRDA:712,66,1,19
BRDA:717,67,0,0
BRDA:717,67,1,20
BRDA:740,68,0,0
BRDA:740,68,1,20
BRDA:760,69,0,36
BRDA:760,69,1,5
BRF:143
BRH:76
end_of_record
TN:
SF:src\features\laporan\components\LaporanKeuangan.jsx
FN:17,effectiveHpp
FN:22,isoWeekKey
FN:38,buildWeeklyData
FN:46,(anonymous_3)
FN:49,(anonymous_4)
FN:52,LaporanKeuangan
FN:57,(anonymous_6)
FN:58,(anonymous_7)
FN:60,(anonymous_8)
FN:62,(anonymous_9)
FN:62,(anonymous_10)
FN:66,(anonymous_11)
FN:66,(anonymous_12)
FN:69,(anonymous_13)
FN:70,(anonymous_14)
FN:79,(anonymous_15)
FN:82,(anonymous_16)
FN:88,(anonymous_17)
FN:89,(anonymous_18)
FN:92,buildShareText
FN:106,handleDownload
FN:125,handleShare
FN:252,(anonymous_22)
FN:281,(anonymous_23)
FN:318,KeuCard
FNF:25
FNH:18
FNDA:3,effectiveHpp
FNDA:3,isoWeekKey
FNDA:4,buildWeeklyData
FNDA:3,(anonymous_3)
FNDA:0,(anonymous_4)
FNDA:4,LaporanKeuangan
FNDA:6,(anonymous_6)
FNDA:6,(anonymous_7)
FNDA:3,(anonymous_8)
FNDA:3,(anonymous_9)
FNDA:3,(anonymous_10)
FNDA:3,(anonymous_11)
FNDA:3,(anonymous_12)
FNDA:3,(anonymous_13)
FNDA:3,(anonymous_14)
FNDA:3,(anonymous_15)
FNDA:0,(anonymous_16)
FNDA:3,(anonymous_17)
FNDA:0,(anonymous_18)
FNDA:0,buildShareText
FNDA:0,handleDownload
FNDA:0,handleShare
FNDA:0,(anonymous_22)
FNDA:3,(anonymous_23)
FNDA:16,KeuCard
DA:18,3
DA:23,3
DA:24,3
DA:25,3
DA:26,3
DA:27,3
DA:28,3
DA:29,3
DA:39,4
DA:40,4
DA:41,3
DA:42,3
DA:43,3
DA:44,3
DA:45,3
DA:46,3
DA:47,3
DA:49,4
DA:53,4
DA:54,4
DA:55,4
DA:57,6
DA:58,6
DA:60,4
DA:61,4
DA:62,3
DA:65,4
DA:66,3
DA:69,4
DA:70,4
DA:71,4
DA:74,4
DA:75,4
DA:76,3
DA:77,3
DA:78,3
DA:79,3
DA:80,3
DA:82,4
DA:85,4
DA:86,4
DA:88,4
DA:89,4
DA:93,0
DA:99,0
DA:100,0
DA:102,0
DA:103,0
DA:107,0
DA:108,0
DA:109,0
DA:110,0
DA:115,0
DA:116,0
DA:117,0
DA:118,0
DA:120,0
DA:122,0
DA:126,0
DA:127,0
DA:128,0
DA:129,0
DA:131,0
DA:132,0
DA:133,0
DA:138,0
DA:139,0
DA:140,0
DA:141,0
DA:142,0
DA:143,0
DA:144,0
DA:151,0
DA:152,0
DA:154,0
DA:155,0
DA:158,0
DA:160,0
DA:163,4
DA:253,0
DA:282,3
DA:287,3
DA:320,16
DA:322,16
LF:84
LH:48
BRDA:18,0,0,3
BRDA:18,0,1,0
BRDA:24,1,0,0
BRDA:24,1,1,3
BRDA:41,2,0,3
BRDA:41,2,1,0
BRDA:41,2,2,0
BRDA:42,3,0,0
BRDA:42,3,1,3
BRDA:44,4,0,3
BRDA:44,4,1,0
BRDA:45,5,0,3
BRDA:45,5,1,0
BRDA:46,6,0,3
BRDA:46,6,1,0
BRDA:60,7,0,3
BRDA:60,7,1,0
BRDA:62,8,0,3
BRDA:62,8,1,0
BRDA:66,9,0,3
BRDA:66,9,1,0
BRDA:69,10,0,3
BRDA:69,10,1,0
BRDA:70,11,0,3
BRDA:70,11,1,0
BRDA:71,12,0,3
BRDA:71,12,1,1
BRDA:76,13,0,3
BRDA:76,13,1,0
BRDA:76,13,2,0
BRDA:77,14,0,3
BRDA:77,14,1,0
BRDA:78,15,0,3
BRDA:78,15,1,0
BRDA:79,16,0,3
BRDA:79,16,1,0
BRDA:88,17,0,3
BRDA:88,17,1,1
BRDA:89,18,0,3
BRDA:89,18,1,1
BRDA:89,19,0,0
BRDA:89,19,1,0
BRDA:99,20,0,0
BRDA:99,20,1,0
BRDA:102,21,0,0
BRDA:102,21,1,0
BRDA:107,22,0,0
BRDA:107,22,1,0
BRDA:107,23,0,0
BRDA:107,23,1,0
BRDA:126,24,0,0
BRDA:126,24,1,0
BRDA:131,25,0,0
BRDA:131,25,1,0
BRDA:131,26,0,0
BRDA:131,26,1,0
BRDA:141,27,0,0
BRDA:141,27,1,0
BRDA:151,28,0,0
BRDA:151,28,1,0
BRDA:158,29,0,0
BRDA:158,29,1,0
BRDA:170,30,0,4
BRDA:170,30,1,4
BRDA:176,31,0,0
BRDA:176,31,1,4
BRDA:181,32,0,4
BRDA:181,32,1,4
BRDA:187,33,0,0
BRDA:187,33,1,4
BRDA:203,34,0,3
BRDA:203,34,1,1
BRDA:209,35,0,3
BRDA:209,35,1,1
BRDA:215,36,0,0
BRDA:215,36,1,4
BRDA:221,37,0,4
BRDA:221,37,1,3
BRDA:230,38,0,4
BRDA:230,38,1,0
BRDA:246,39,0,0
BRDA:246,39,1,0
BRDA:262,40,0,0
BRDA:262,40,1,0
BRDA:273,41,0,4
BRDA:273,41,1,3
BRDA:297,42,0,3
BRDA:297,42,1,3
BRDA:311,43,0,4
BRDA:311,43,1,1
BRDA:320,44,0,4
BRDA:320,44,1,12
BRDA:320,45,0,4
BRDA:320,45,1,8
BRDA:328,46,0,16
BRDA:328,46,1,16
BRF:96
BRH:48
end_of_record
TN:
SF:src\features\laporan\components\LaporanPasar.jsx
FN:16,calcRingkasan
FN:17,(anonymous_1)
FN:18,(anonymous_2)
FN:19,(anonymous_3)
FN:21,(anonymous_4)
FN:21,(anonymous_5)
FN:24,(anonymous_6)
FN:36,(anonymous_7)
FN:42,StatCard
FN:60,LaporanPasar
FN:73,(anonymous_10)
FN:76,(anonymous_11)
FN:97,(anonymous_12)
FN:97,(anonymous_13)
FN:98,(anonymous_14)
FN:106,(anonymous_15)
FN:112,fmtDate
FN:129,(anonymous_17)
FN:137,(anonymous_18)
FN:183,(anonymous_19)
FN:214,(anonymous_20)
FN:218,(anonymous_21)
FN:251,(anonymous_22)
FN:253,buildShareText
FN:271,(anonymous_24)
FN:276,handleDownload
FN:295,handleShare
FN:341,(anonymous_27)
FN:345,(anonymous_28)
FN:478,(anonymous_29)
FNF:30
FNH:28
FNDA:45,calcRingkasan
FNDA:28,(anonymous_1)
FNDA:28,(anonymous_2)
FNDA:17,(anonymous_3)
FNDA:17,(anonymous_4)
FNDA:17,(anonymous_5)
FNDA:11,(anonymous_6)
FNDA:0,(anonymous_7)
FNDA:48,StatCard
FNDA:43,LaporanPasar
FNDA:22,(anonymous_10)
FNDA:6,(anonymous_11)
FNDA:3,(anonymous_12)
FNDA:3,(anonymous_13)
FNDA:0,(anonymous_14)
FNDA:24,(anonymous_15)
FNDA:6,fmtDate
FNDA:6,(anonymous_17)
FNDA:3,(anonymous_18)
FNDA:2,(anonymous_19)
FNDA:8,(anonymous_20)
FNDA:1,(anonymous_21)
FNDA:22,(anonymous_22)
FNDA:2,buildShareText
FNDA:2,(anonymous_24)
FNDA:1,handleDownload
FNDA:2,handleShare
FNDA:78,(anonymous_27)
FNDA:5,(anonymous_28)
FNDA:11,(anonymous_29)
DA:17,45
DA:18,45
DA:19,45
DA:20,45
DA:21,17
DA:24,45
DA:25,45
DA:26,45
DA:27,45
DA:28,17
DA:29,17
DA:30,17
DA:31,17
DA:32,17
DA:35,45
DA:36,0
DA:38,45
DA:44,48
DA:49,48
DA:61,43
DA:62,43
DA:63,43
DA:64,43
DA:65,43
DA:66,43
DA:67,43
DA:69,43
DA:70,43
DA:72,43
DA:73,43
DA:76,43
DA:77,6
DA:78,6
DA:79,6
DA:80,6
DA:88,5
DA:89,5
DA:90,3
DA:91,3
DA:92,3
DA:93,3
DA:96,5
DA:97,3
DA:98,0
DA:99,5
DA:101,0
DA:103,5
DA:106,43
DA:107,24
DA:110,43
DA:113,6
DA:123,43
DA:130,6
DA:131,6
DA:132,6
DA:137,3
DA:184,2
DA:209,43
DA:210,4
DA:215,8
DA:218,1
DA:250,39
DA:251,39
DA:254,2
DA:260,2
DA:268,2
DA:269,2
DA:270,2
DA:271,2
DA:273,2
DA:277,1
DA:278,1
DA:279,1
DA:280,1
DA:285,1
DA:286,1
DA:287,1
DA:288,1
DA:290,0
DA:292,1
DA:296,2
DA:297,2
DA:298,2
DA:299,2
DA:300,2
DA:301,0
DA:302,0
DA:307,0
DA:308,0
DA:309,0
DA:310,0
DA:311,0
DA:312,0
DA:313,0
DA:319,2
DA:320,1
DA:322,1
DA:325,0
DA:327,2
DA:330,39
DA:337,39
DA:342,78
DA:345,5
DA:479,11
LF:104
LH:90
BRDA:17,0,0,28
BRDA:17,0,1,28
BRDA:18,1,0,28
BRDA:18,1,1,28
BRDA:19,2,0,17
BRDA:19,2,1,0
BRDA:21,3,0,17
BRDA:21,3,1,0
BRDA:24,4,0,11
BRDA:24,4,1,0
BRDA:25,5,0,17
BRDA:25,5,1,28
BRDA:28,6,0,17
BRDA:28,6,1,0
BRDA:30,7,0,17
BRDA:30,7,1,0
BRDA:44,8,0,12
BRDA:44,8,1,36
BRDA:46,9,0,12
BRDA:46,9,1,24
BRDA:55,10,0,48
BRDA:55,10,1,24
BRDA:73,11,0,22
BRDA:73,11,1,0
BRDA:89,12,0,5
BRDA:89,12,1,0
BRDA:90,13,0,3
BRDA:90,13,1,0
BRDA:92,14,0,3
BRDA:92,14,1,0
BRDA:107,15,0,6
BRDA:107,15,1,18
BRDA:124,16,0,6
BRDA:124,16,1,37
BRDA:126,17,0,31
BRDA:126,17,1,6
BRDA:137,18,0,1
BRDA:137,18,1,2
BRDA:142,19,0,6
BRDA:142,19,1,0
BRDA:156,20,0,6
BRDA:156,20,1,2
BRDA:162,21,0,2
BRDA:162,21,1,0
BRDA:173,22,0,0
BRDA:173,22,1,2
BRDA:174,23,0,0
BRDA:174,23,1,2
BRDA:178,24,0,2
BRDA:178,24,1,2
BRDA:209,25,0,4
BRDA:209,25,1,39
BRDA:209,26,0,43
BRDA:209,26,1,7
BRDA:220,27,0,4
BRDA:220,27,1,4
BRDA:225,28,0,4
BRDA:225,28,1,4
BRDA:229,29,0,0
BRDA:229,29,1,4
BRDA:268,30,0,2
BRDA:268,30,1,0
BRDA:269,31,0,2
BRDA:269,31,1,0
BRDA:277,32,0,0
BRDA:277,32,1,1
BRDA:277,33,0,1
BRDA:277,33,1,1
BRDA:296,34,0,0
BRDA:296,34,1,2
BRDA:300,35,0,0
BRDA:300,35,1,2
BRDA:300,36,0,2
BRDA:300,36,1,0
BRDA:310,37,0,0
BRDA:310,37,1,0
BRDA:319,38,0,1
BRDA:319,38,1,1
BRDA:325,39,0,0
BRDA:325,39,1,0
BRDA:347,40,0,39
BRDA:347,40,1,39
BRDA:352,41,0,39
BRDA:352,41,1,39
BRDA:357,42,0,20
BRDA:357,42,1,19
BRDA:391,43,0,19
BRDA:391,43,1,18
BRDA:407,44,0,1
BRDA:407,44,1,18
BRDA:412,45,0,19
BRDA:412,45,1,18
BRDA:428,46,0,1
BRDA:428,46,1,18
BRDA:441,47,0,8
BRDA:441,47,1,11
BRDA:453,48,0,11
BRDA:453,48,1,0
BRDA:464,49,0,11
BRDA:464,49,1,0
BRDA:465,50,0,11
BRDA:465,50,1,0
BRDA:470,51,0,11
BRDA:470,51,1,11
BRF:104
BRH:77
end_of_record
TN:
SF:src\features\laporan\components\LaporanPembeli.jsx
FN:13,LaporanPembeli
FN:14,(anonymous_1)
FN:26,(anonymous_2)
FN:29,(anonymous_3)
FN:40,(anonymous_4)
FN:41,(anonymous_5)
FN:72,(anonymous_6)
FN:103,(anonymous_7)
FNF:8
FNH:8
FNDA:5,LaporanPembeli
FNDA:20,(anonymous_1)
FNDA:4,(anonymous_2)
FNDA:16,(anonymous_3)
FNDA:8,(anonymous_4)
FNDA:4,(anonymous_5)
FNDA:8,(anonymous_6)
FNDA:8,(anonymous_7)
DA:14,20
DA:17,5
DA:18,5
DA:19,16
DA:20,12
DA:21,12
DA:22,12
DA:23,12
DA:24,16
DA:26,5
DA:29,16
DA:32,5
DA:33,5
DA:34,16
DA:35,16
DA:36,16
DA:37,16
DA:39,5
DA:40,8
DA:41,4
DA:43,5
DA:73,8
DA:104,8
LF:23
LH:23
BRDA:19,0,0,4
BRDA:19,0,1,12
BRDA:21,1,0,8
BRDA:21,1,1,4
BRDA:22,2,0,8
BRDA:22,2,1,0
BRDA:23,3,0,12
BRDA:23,3,1,0
BRDA:34,4,0,16
BRDA:34,4,1,0
BRDA:35,5,0,8
BRDA:35,5,1,8
BRDA:36,6,0,16
BRDA:36,6,1,0
BRDA:40,7,0,8
BRDA:40,7,1,0
BRDA:64,8,0,5
BRDA:64,8,1,4
BRDA:79,9,0,8
BRDA:79,9,1,8
BRDA:95,10,0,5
BRDA:95,10,1,4
BRDA:121,11,0,5
BRDA:121,11,1,1
BRDA:121,11,2,1
BRF:25
BRH:20
end_of_record
TN:
SF:src\features\laporan\components\LaporanRingkasan.jsx
FN:54,fmtRp
FN:59,fmtPcs
FN:63,fmtBulanTahun
FN:68,Stat
FN:77,LaporanRingkasan
FN:78,(anonymous_5)
FN:81,(anonymous_6)
FN:83,(anonymous_7)
FN:83,(anonymous_8)
FN:87,(anonymous_9)
FN:87,(anonymous_10)
FN:101,(anonymous_11)
FN:105,(anonymous_12)
FN:115,(anonymous_13)
FN:121,(anonymous_14)
FN:123,(anonymous_15)
FN:168,(anonymous_16)
FN:171,(anonymous_17)
FN:177,(anonymous_18)
FN:195,(anonymous_19)
FN:218,(anonymous_20)
FN:241,(anonymous_21)
FN:271,(anonymous_22)
FN:428,(anonymous_23)
FNF:24
FNH:10
FNDA:0,fmtRp
FNDA:0,fmtPcs
FNDA:0,fmtBulanTahun
FNDA:30,Stat
FNDA:6,LaporanRingkasan
FNDA:4,(anonymous_5)
FNDA:4,(anonymous_6)
FNDA:4,(anonymous_7)
FNDA:0,(anonymous_8)
FNDA:4,(anonymous_9)
FNDA:0,(anonymous_10)
FNDA:0,(anonymous_11)
FNDA:0,(anonymous_12)
FNDA:0,(anonymous_13)
FNDA:3,(anonymous_14)
FNDA:3,(anonymous_15)
FNDA:0,(anonymous_16)
FNDA:0,(anonymous_17)
FNDA:0,(anonymous_18)
FNDA:0,(anonymous_19)
FNDA:0,(anonymous_20)
FNDA:3,(anonymous_21)
FNDA:1,(anonymous_22)
FNDA:0,(anonymous_23)
DA:51,1
DA:52,1
DA:55,0
DA:56,0
DA:60,0
DA:64,0
DA:65,0
DA:69,30
DA:78,6
DA:81,6
DA:82,6
DA:83,4
DA:86,6
DA:87,4
DA:90,6
DA:93,6
DA:94,6
DA:95,4
DA:96,0
DA:97,0
DA:100,6
DA:102,0
DA:103,0
DA:105,0
DA:108,6
DA:109,6
DA:110,4
DA:111,0
DA:112,0
DA:113,0
DA:115,6
DA:116,6
DA:119,6
DA:121,6
DA:122,3
DA:123,3
DA:124,3
DA:125,3
DA:136,0
DA:140,0
DA:141,0
DA:143,0
DA:144,0
DA:145,0
DA:146,0
DA:147,0
DA:149,0
DA:150,0
DA:153,0
DA:154,3
DA:155,3
DA:156,0
DA:157,0
DA:160,0
DA:161,0
DA:168,0
DA:170,3
DA:171,0
DA:176,3
DA:177,3
DA:186,3
DA:187,3
DA:194,3
DA:195,0
DA:199,3
DA:206,3
DA:216,3
DA:217,3
DA:218,3
DA:220,3
DA:221,0
DA:237,3
DA:238,3
DA:241,3
DA:242,3
DA:246,6
DA:248,6
DA:271,1
DA:428,0
LF:79
LH:46
BRDA:55,0,0,0
BRDA:55,0,1,0
BRDA:56,1,0,0
BRDA:56,1,1,0
BRDA:60,2,0,0
BRDA:60,2,1,0
BRDA:72,3,0,30
BRDA:72,3,1,18
BRDA:81,4,0,4
BRDA:81,4,1,0
BRDA:83,5,0,4
BRDA:83,5,1,0
BRDA:87,6,0,4
BRDA:87,6,1,0
BRDA:87,7,0,0
BRDA:87,7,1,0
BRDA:90,8,0,4
BRDA:90,8,1,2
BRDA:95,9,0,4
BRDA:95,9,1,0
BRDA:97,10,0,0
BRDA:97,10,1,0
BRDA:110,11,0,4
BRDA:110,11,1,0
BRDA:112,12,0,0
BRDA:112,12,1,0
BRDA:113,13,0,0
BRDA:113,13,1,0
BRDA:136,14,0,0
BRDA:136,14,1,0
BRDA:140,15,0,0
BRDA:140,15,1,0
BRDA:141,16,0,0
BRDA:141,16,1,0
BRDA:144,17,0,0
BRDA:144,17,1,0
BRDA:149,18,0,0
BRDA:149,18,1,0
BRDA:149,18,2,0
BRDA:150,19,0,0
BRDA:150,19,1,0
BRDA:153,20,0,0
BRDA:153,20,1,0
BRDA:155,21,0,0
BRDA:155,21,1,3
BRDA:156,22,0,0
BRDA:156,22,1,0
BRDA:168,23,0,0
BRDA:168,23,1,0
BRDA:168,24,0,0
BRDA:168,24,1,0
BRDA:170,25,0,0
BRDA:170,25,1,0
BRDA:176,26,0,3
BRDA:176,26,1,0
BRDA:176,27,0,3
BRDA:176,27,1,0
BRDA:177,28,0,0
BRDA:177,28,1,0
BRDA:194,29,0,0
BRDA:194,29,1,0
BRDA:195,30,0,0
BRDA:195,30,1,0
BRDA:220,31,0,0
BRDA:220,31,1,3
BRDA:238,32,0,3
BRDA:238,32,1,0
BRDA:246,33,0,6
BRDA:246,33,1,0
BRDA:262,34,0,0
BRDA:262,34,1,6
BRDA:278,35,0,3
BRDA:278,35,1,3
BRDA:280,36,0,3
BRDA:280,36,1,0
BRDA:292,37,0,0
BRDA:292,37,1,0
BRDA:299,38,0,0
BRDA:299,38,1,0
BRDA:302,39,0,0
BRDA:302,39,1,0
BRDA:317,40,0,0
BRDA:317,40,1,0
BRDA:326,41,0,0
BRDA:326,41,1,0
BRDA:333,42,0,0
BRDA:333,42,1,0
BRDA:333,42,2,0
BRDA:380,43,0,0
BRDA:380,43,1,0
BRDA:391,44,0,0
BRDA:391,44,1,0
BRDA:394,45,0,0
BRDA:394,45,1,0
BRDA:442,46,0,4
BRDA:442,46,1,2
BRDA:449,47,0,0
BRDA:449,47,1,6
BRDA:452,48,0,4
BRDA:452,48,1,2
BRDA:459,49,0,0
BRDA:459,49,1,6
BRDA:479,50,0,0
BRDA:479,50,1,6
BRF:104
BRH:26
end_of_record
TN:
SF:src\features\laporan\components\LaporanRiwayat.jsx
FN:12,formatDT
FN:23,LaporanRiwayat
FN:26,(anonymous_2)
FN:27,(anonymous_3)
FN:55,(anonymous_4)
FN:59,(anonymous_5)
FN:88,(anonymous_6)
FNF:7
FNH:7
FNDA:25,formatDT
FNDA:11,LaporanRiwayat
FNDA:18,(anonymous_2)
FNDA:8,(anonymous_3)
FNDA:17,(anonymous_4)
FNDA:2,(anonymous_5)
FNDA:25,(anonymous_6)
DA:13,25
DA:14,24
DA:25,11
DA:26,18
DA:28,8
DA:29,8
DA:30,8
DA:33,11
DA:34,2
DA:49,9
DA:56,17
DA:59,2
DA:89,25
LF:13
LH:13
BRDA:13,0,0,1
BRDA:13,0,1,24
BRDA:26,1,0,18
BRDA:26,1,1,0
BRDA:28,2,0,8
BRDA:28,2,1,0
BRDA:29,3,0,8
BRDA:29,3,1,0
BRDA:33,4,0,2
BRDA:33,4,1,9
BRDA:72,5,0,17
BRDA:72,5,1,0
BRDA:75,6,0,17
BRDA:75,6,1,9
BRDA:88,7,0,17
BRDA:88,7,1,0
BRF:16
BRH:11
end_of_record
TN:
SF:src\features\laporan\components\LaporanStok.jsx
FN:12,LaporanStok
FN:13,(anonymous_1)
FN:14,(anonymous_2)
FN:35,(anonymous_3)
FN:39,(anonymous_4)
FN:42,(anonymous_5)
FN:46,(anonymous_6)
FN:48,(anonymous_7)
FN:49,(anonymous_8)
FN:81,(anonymous_9)
FN:108,(anonymous_10)
FNF:11
FNH:10
FNDA:5,LaporanStok
FNDA:10,(anonymous_1)
FNDA:10,(anonymous_2)
FNDA:6,(anonymous_3)
FNDA:3,(anonymous_4)
FNDA:4,(anonymous_5)
FNDA:0,(anonymous_6)
FNDA:6,(anonymous_7)
FNDA:4,(anonymous_8)
FNDA:6,(anonymous_9)
FNDA:4,(anonymous_10)
DA:13,10
DA:14,10
DA:17,5
DA:18,5
DA:19,6
DA:20,9
DA:21,9
DA:26,5
DA:27,5
DA:28,4
DA:29,4
DA:30,4
DA:34,5
DA:36,6
DA:37,6
DA:39,3
DA:41,5
DA:43,4
DA:44,4
DA:46,0
DA:48,6
DA:49,5
DA:51,5
DA:82,6
DA:109,4
LF:25
LH:24
BRDA:19,0,0,6
BRDA:19,0,1,0
BRDA:21,1,0,9
BRDA:21,1,1,6
BRDA:28,2,0,4
BRDA:28,2,1,0
BRDA:30,3,0,4
BRDA:30,3,1,4
BRDA:72,4,0,5
BRDA:72,4,1,3
BRDA:100,5,0,5
BRDA:100,5,1,4
BRDA:123,6,0,5
BRDA:123,6,1,2
BRDA:123,6,2,1
BRF:15
BRH:13
end_of_record
TN:
SF:src\features\laporan\components\MetricCard.jsx
FN:13,MetricCard
FNF:1
FNH:1
FNDA:6,MetricCard
DA:6,1
DA:14,6
LF:2
LH:2
BRDA:13,0,0,6
BRDA:17,1,0,6
BRDA:17,1,1,0
BRDA:20,2,0,6
BRDA:20,2,1,1
BRF:5
BRH:4
end_of_record
TN:
SF:src\features\laporan\components\ProyeksiUtangBahan.jsx
FN:22,fmtRp
FN:27,fmtPcs
FN:31,fmtBulanTahun
FN:36,ProyeksiUtangBahan
FN:81,(anonymous_4)
FN:95,(anonymous_5)
FNF:6
FNH:6
FNDA:6,fmtRp
FNDA:1,fmtPcs
FNDA:2,fmtBulanTahun
FNDA:3,ProyeksiUtangBahan
FNDA:1,(anonymous_4)
FNDA:1,(anonymous_5)
DA:23,6
DA:24,6
DA:28,1
DA:32,2
DA:33,2
DA:37,3
DA:81,1
DA:96,1
LF:8
LH:8
BRDA:23,0,0,6
BRDA:23,0,1,5
BRDA:24,1,0,0
BRDA:24,1,1,6
BRDA:28,2,0,1
BRDA:28,2,1,1
BRDA:43,3,0,2
BRDA:43,3,1,1
BRDA:65,4,0,0
BRDA:65,4,1,1
BRDA:73,5,0,1
BRDA:73,5,1,0
BRDA:106,6,0,0
BRDA:106,6,1,1
BRDA:111,7,0,0
BRDA:111,7,1,1
BRF:16
BRH:11
end_of_record
TN:
SF:src\features\laporan\components\ReturModal.jsx
FN:16,ReturModal
FN:18,(anonymous_1)
FN:19,(anonymous_2)
FN:21,(anonymous_3)
FN:29,clamp
FN:33,setWarnaQty
FN:34,(anonymous_6)
FN:35,(anonymous_7)
FN:39,(anonymous_8)
FN:47,setSimpleQty
FN:48,(anonymous_10)
FN:49,(anonymous_11)
FN:56,(anonymous_12)
FN:59,(anonymous_13)
FN:60,(anonymous_14)
FN:66,(anonymous_15)
FN:67,(anonymous_16)
FN:97,(anonymous_17)
FN:106,(anonymous_18)
FN:115,(anonymous_19)
FN:129,(anonymous_20)
FN:149,(anonymous_21)
FN:170,QtyControl
FN:174,(anonymous_23)
FN:183,(anonymous_24)
FNF:25
FNH:17
FNDA:8,ReturModal
FNDA:7,(anonymous_1)
FNDA:7,(anonymous_2)
FNDA:2,(anonymous_3)
FNDA:1,clamp
FNDA:0,setWarnaQty
FNDA:0,(anonymous_6)
FNDA:0,(anonymous_7)
FNDA:0,(anonymous_8)
FNDA:1,setSimpleQty
FNDA:1,(anonymous_10)
FNDA:1,(anonymous_11)
FNDA:8,(anonymous_12)
FNDA:2,(anonymous_13)
FNDA:0,(anonymous_14)
FNDA:1,(anonymous_15)
FNDA:0,(anonymous_16)
FNDA:8,(anonymous_17)
FNDA:2,(anonymous_18)
FNDA:0,(anonymous_19)
FNDA:1,(anonymous_20)
FNDA:1,(anonymous_21)
FNDA:9,QtyControl
FNDA:0,(anonymous_23)
FNDA:1,(anonymous_24)
DA:18,8
DA:20,7
DA:21,2
DA:26,8
DA:30,1
DA:34,0
DA:35,0
DA:36,0
DA:37,0
DA:40,0
DA:48,1
DA:49,1
DA:50,1
DA:56,8
DA:57,8
DA:58,1
DA:59,2
DA:60,0
DA:61,1
DA:63,7
DA:66,8
DA:67,1
DA:68,1
DA:71,8
DA:98,8
DA:107,2
DA:115,0
DA:129,1
DA:149,1
DA:171,9
DA:174,0
DA:183,1
LF:32
LH:24
BRDA:19,0,0,7
BRDA:19,0,1,0
BRDA:20,1,0,1
BRDA:20,1,1,6
BRDA:26,2,0,8
BRDA:26,2,1,0
BRDA:26,2,2,0
BRDA:30,3,0,1
BRDA:30,3,1,0
BRDA:36,4,0,0
BRDA:36,4,1,0
BRDA:40,5,0,0
BRDA:40,5,1,0
BRDA:50,6,0,0
BRDA:50,6,1,1
BRDA:50,7,0,1
BRDA:50,7,1,0
BRDA:57,8,0,1
BRDA:57,8,1,7
BRDA:61,9,0,0
BRDA:61,9,1,1
BRDA:63,10,0,1
BRDA:63,10,1,6
BRDA:63,11,0,7
BRDA:63,11,1,0
BRDA:67,12,0,0
BRDA:67,12,1,1
BRDA:67,13,0,1
BRDA:67,13,1,0
BRDA:104,14,0,1
BRDA:104,14,1,7
BRDA:124,15,0,7
BRDA:124,15,1,0
BRDA:128,16,0,7
BRDA:128,16,1,0
BRDA:139,17,0,8
BRDA:139,17,1,1
BRDA:149,18,0,1
BRDA:149,18,1,1
BRDA:150,19,0,8
BRDA:150,19,1,1
BRDA:153,20,0,1
BRDA:153,20,1,7
BRF:43
BRH:27
end_of_record
TN:
SF:src\features\laporan\components\SaleCard.jsx
FN:11,SaleCard
FN:14,(anonymous_1)
FN:32,(anonymous_2)
FN:82,(anonymous_3)
FN:97,(anonymous_4)
FN:108,(anonymous_5)
FN:117,(anonymous_6)
FN:124,(anonymous_7)
FN:132,(anonymous_8)
FNF:9
FNH:4
FNDA:7,SaleCard
FNDA:7,(anonymous_1)
FNDA:1,(anonymous_2)
FNDA:7,(anonymous_3)
FNDA:0,(anonymous_4)
FNDA:0,(anonymous_5)
FNDA:0,(anonymous_6)
FNDA:0,(anonymous_7)
FNDA:0,(anonymous_8)
DA:12,7
DA:13,7
DA:14,7
DA:16,7
DA:24,7
DA:32,1
DA:83,7
DA:84,7
DA:97,0
DA:108,0
DA:117,0
DA:124,0
DA:132,0
LF:13
LH:8
BRDA:13,0,0,7
BRDA:13,0,1,0
BRDA:13,0,2,0
BRDA:14,1,0,7
BRDA:14,1,1,0
BRDA:16,2,0,1
BRDA:16,2,1,6
BRDA:18,3,0,1
BRDA:18,3,1,5
BRDA:20,4,0,0
BRDA:20,4,1,5
BRDA:39,5,0,7
BRDA:39,5,1,1
BRDA:42,6,0,7
BRDA:42,6,1,1
BRDA:44,7,0,7
BRDA:44,7,1,0
BRDA:47,8,0,7
BRDA:47,8,1,1
BRDA:50,9,0,7
BRDA:50,9,1,0
BRDA:56,10,0,7
BRDA:56,10,1,0
BRDA:62,11,0,0
BRDA:62,11,1,7
BRDA:70,12,0,1
BRDA:70,12,1,6
BRDA:74,13,0,7
BRDA:74,13,1,6
BRDA:74,13,2,6
BRDA:82,14,0,7
BRDA:82,14,1,0
BRDA:95,15,0,7
BRDA:95,15,1,0
BRDA:95,15,2,0
BRDA:97,16,0,0
BRDA:97,16,1,0
BRDA:113,17,0,7
BRDA:113,17,1,6
BRF:39
BRH:26
end_of_record
TN:
SF:src\features\laporan\components\SubTabDropdown.jsx
FN:18,SubTabDropdown
FN:22,(anonymous_1)
FN:24,h
FN:28,(anonymous_3)
FN:31,(anonymous_4)
FN:37,(anonymous_5)
FN:37,(anonymous_6)
FN:56,(anonymous_7)
FN:59,(anonymous_8)
FNF:9
FNH:8
FNDA:9,SubTabDropdown
FNDA:9,(anonymous_1)
FNDA:0,h
FNDA:3,(anonymous_3)
FNDA:10,(anonymous_4)
FNDA:3,(anonymous_5)
FNDA:3,(anonymous_6)
FNDA:21,(anonymous_7)
FNDA:1,(anonymous_8)
DA:8,1
DA:19,9
DA:20,9
DA:22,9
DA:23,9
DA:25,0
DA:27,3
DA:28,3
DA:31,10
DA:33,9
DA:37,3
DA:57,21
DA:60,1
DA:61,1
LF:14
LH:13
BRDA:23,0,0,6
BRDA:23,0,1,3
BRDA:25,1,0,0
BRDA:25,1,1,0
BRDA:25,2,0,0
BRDA:25,2,1,0
BRDA:31,3,0,9
BRDA:31,3,1,0
BRDA:39,4,0,3
BRDA:39,4,1,6
BRDA:48,5,0,3
BRDA:48,5,1,6
BRDA:54,6,0,9
BRDA:54,6,1,3
BRDA:64,7,0,3
BRDA:64,7,1,18
BRDA:70,8,0,21
BRDA:70,8,1,3
BRF:18
BRH:13
end_of_record
TN:
SF:src\features\laporan\components\TabTransaksi.jsx
FN:9,TabTransaksi
FN:10,(anonymous_1)
FN:11,(anonymous_2)
FN:13,(anonymous_3)
FN:15,(anonymous_4)
FN:15,(anonymous_5)
FN:19,(anonymous_6)
FN:19,(anonymous_7)
FN:57,(anonymous_8)
FNF:9
FNH:9
FNDA:5,TabTransaksi
FNDA:11,(anonymous_1)
FNDA:11,(anonymous_2)
FNDA:7,(anonymous_3)
FNDA:7,(anonymous_4)
FNDA:7,(anonymous_5)
FNDA:7,(anonymous_6)
FNDA:7,(anonymous_7)
FNDA:11,(anonymous_8)
DA:10,11
DA:11,11
DA:13,7
DA:14,5
DA:15,7
DA:18,5
DA:19,7
DA:23,5
DA:58,11
LF:9
LH:9
BRDA:13,0,0,7
BRDA:13,0,1,0
BRDA:15,1,0,7
BRDA:15,1,1,0
BRDA:19,2,0,7
BRDA:19,2,1,0
BRDA:19,3,0,7
BRDA:19,3,1,0
BRDA:30,4,0,5
BRDA:30,4,1,4
BRDA:37,5,0,4
BRDA:37,5,1,1
BRDA:40,6,0,4
BRDA:40,6,1,1
BRDA:46,7,0,5
BRDA:46,7,1,3
BRDA:53,8,0,5
BRDA:53,8,1,1
BRF:18
BRH:14
end_of_record
TN:
SF:src\features\laporan\pages\LaporanPage.jsx
FN:36,Laporan
FN:46,(anonymous_1)
FN:68,showMsg
FN:73,handleReturConfirm
FN:86,handleDeleteConfirm
FN:103,handleEditSave
FN:126,(anonymous_6)
FN:130,(anonymous_7)
FN:169,(anonymous_8)
FN:173,(anonymous_9)
FN:174,(anonymous_10)
FN:175,(anonymous_11)
FN:176,(anonymous_12)
FN:177,(anonymous_13)
FN:183,(anonymous_14)
FN:191,(anonymous_15)
FN:197,(anonymous_16)
FNF:17
FNH:6
FNDA:34,Laporan
FNDA:34,(anonymous_1)
FNDA:3,showMsg
FNDA:1,handleReturConfirm
FNDA:2,handleDeleteConfirm
FNDA:1,handleEditSave
FNDA:0,(anonymous_6)
FNDA:0,(anonymous_7)
FNDA:0,(anonymous_8)
FNDA:0,(anonymous_9)
FNDA:0,(anonymous_10)
FNDA:0,(anonymous_11)
FNDA:0,(anonymous_12)
FNDA:0,(anonymous_13)
FNDA:0,(anonymous_14)
FNDA:0,(anonymous_15)
FNDA:0,(anonymous_16)
DA:37,34
DA:40,34
DA:41,34
DA:42,34
DA:43,34
DA:44,34
DA:46,34
DA:47,34
DA:48,34
DA:49,34
DA:52,34
DA:55,34
DA:56,34
DA:57,34
DA:60,34
DA:61,34
DA:62,34
DA:63,34
DA:64,34
DA:65,34
DA:66,34
DA:69,3
DA:74,1
DA:75,1
DA:76,1
DA:77,1
DA:78,1
DA:79,1
DA:81,0
DA:83,1
DA:87,2
DA:88,2
DA:93,2
DA:94,1
DA:95,1
DA:96,1
DA:98,1
DA:100,2
DA:104,1
DA:105,1
DA:106,1
DA:107,1
DA:108,1
DA:110,0
DA:114,34
DA:117,34
DA:127,0
DA:128,0
DA:131,0
DA:132,0
DA:133,0
DA:169,0
DA:173,0
DA:174,0
DA:175,0
DA:176,0
DA:177,0
DA:183,0
DA:191,0
DA:197,0
LF:60
LH:44
BRDA:47,0,0,0
BRDA:47,0,1,34
BRDA:48,1,0,0
BRDA:48,1,1,34
BRDA:142,2,0,0
BRDA:142,2,1,34
BRDA:148,3,0,34
BRDA:148,3,1,11
BRDA:149,4,0,34
BRDA:149,4,1,22
BRDA:159,5,0,34
BRDA:159,5,1,1
BRDA:160,6,0,34
BRDA:160,6,1,0
BRDA:161,7,0,34
BRDA:161,7,1,0
BRDA:162,8,0,34
BRDA:162,8,1,0
BRDA:163,9,0,34
BRDA:163,9,1,0
BRDA:169,10,0,34
BRDA:169,10,1,0
BRDA:170,11,0,34
BRDA:170,11,1,0
BRDA:180,12,0,34
BRDA:180,12,1,3
BRDA:188,13,0,34
BRDA:188,13,1,6
BRDA:196,14,0,34
BRDA:196,14,1,2
BRF:30
BRH:21
end_of_record
TN:
SF:src\features\pelanggan\api.js
FN:14,addPelanggan
FN:47,updatePelanggan
FN:74,deletePelanggan
FNF:3
FNH:3
FNDA:4,addPelanggan
FNDA:3,updatePelanggan
FNDA:3,deletePelanggan
DA:15,4
DA:16,4
DA:25,4
DA:26,3
DA:27,3
DA:28,2
DA:29,2
DA:31,1
DA:32,1
DA:33,1
DA:36,3
DA:43,3
DA:48,3
DA:49,3
DA:50,3
DA:57,3
DA:58,2
DA:59,2
DA:61,3
DA:63,3
DA:75,3
DA:77,3
DA:78,2
DA:79,2
DA:81,3
DA:83,3
LF:26
LH:26
BRDA:18,0,0,4
BRDA:18,0,1,3
BRDA:19,1,0,4
BRDA:19,1,1,4
BRDA:25,2,0,3
BRDA:25,2,1,1
BRDA:27,3,0,1
BRDA:27,3,1,2
BRDA:52,4,0,3
BRDA:52,4,1,2
BRDA:53,5,0,3
BRDA:53,5,1,3
BRDA:57,6,0,2
BRDA:57,6,1,1
BRDA:59,7,0,0
BRDA:59,7,1,2
BRDA:77,8,0,2
BRDA:77,8,1,1
BRDA:79,9,0,0
BRDA:79,9,1,2
BRDA:87,10,0,3
BRDA:87,10,1,0
BRF:22
BRH:19
end_of_record
TN:
SF:src\features\pelanggan\hooks.js
FN:20,usePelanggan
FN:24,(anonymous_1)
FN:30,(anonymous_2)
FN:34,(anonymous_3)
FN:35,(anonymous_4)
FN:43,searchPelanggan
FN:47,(anonymous_6)
FNF:7
FNH:5
FNDA:12,usePelanggan
FNDA:12,(anonymous_1)
FNDA:6,(anonymous_2)
FNDA:5,(anonymous_3)
FNDA:0,(anonymous_4)
FNDA:2,searchPelanggan
FNDA:0,(anonymous_6)
DA:21,12
DA:22,12
DA:24,12
DA:25,12
DA:26,10
DA:27,10
DA:30,12
DA:31,6
DA:32,6
DA:33,5
DA:34,5
DA:39,12
DA:44,2
DA:45,1
DA:46,1
DA:47,0
LF:16
LH:15
BRDA:32,0,0,5
BRDA:32,0,1,1
BRDA:44,1,0,1
BRDA:44,1,1,1
BRDA:47,2,0,0
BRDA:47,2,1,0
BRDA:47,3,0,0
BRDA:47,3,1,0
BRF:8
BRH:4
end_of_record
TN:
SF:src\features\pelanggan\components\PelangganForm.jsx
FN:8,PelangganForm
FN:14,handleSubmit
FN:36,(anonymous_2)
FN:50,(anonymous_3)
FN:62,(anonymous_4)
FNF:5
FNH:3
FNDA:10,PelangganForm
FNDA:2,handleSubmit
FNDA:2,(anonymous_2)
FNDA:0,(anonymous_3)
FNDA:0,(anonymous_4)
DA:9,10
DA:10,10
DA:11,10
DA:12,10
DA:15,2
DA:16,2
DA:17,1
DA:18,1
DA:20,0
DA:25,10
DA:27,10
DA:36,2
DA:50,0
DA:62,0
LF:14
LH:11
BRDA:9,0,0,10
BRDA:9,0,1,9
BRDA:10,1,0,10
BRDA:10,1,1,9
BRDA:11,2,0,10
BRDA:11,2,1,10
BRDA:16,3,0,1
BRDA:16,3,1,1
BRDA:69,4,0,10
BRDA:69,4,1,1
BRDA:76,5,0,1
BRDA:76,5,1,9
BRF:12
BRH:12
end_of_record
TN:
SF:src\features\pelanggan\pages\PelangganPage.jsx
FN:11,Pelanggan
FN:19,(anonymous_1)
FN:24,handleAdd
FN:32,handleEdit
FN:41,handleDelete
FN:54,(anonymous_5)
FN:70,(anonymous_6)
FN:88,(anonymous_7)
FN:93,(anonymous_8)
FN:113,(anonymous_9)
FN:132,(anonymous_10)
FN:141,(anonymous_11)
FN:154,(anonymous_12)
FN:163,(anonymous_13)
FN:170,(anonymous_14)
FNF:15
FNH:13
FNDA:31,Pelanggan
FNDA:22,(anonymous_1)
FNDA:1,handleAdd
FNDA:1,handleEdit
FNDA:1,handleDelete
FNDA:0,(anonymous_5)
FNDA:1,(anonymous_6)
FNDA:2,(anonymous_7)
FNDA:3,(anonymous_8)
FNDA:17,(anonymous_9)
FNDA:2,(anonymous_10)
FNDA:3,(anonymous_11)
FNDA:0,(anonymous_12)
FNDA:1,(anonymous_13)
FNDA:1,(anonymous_14)
DA:12,31
DA:13,31
DA:14,31
DA:15,31
DA:16,31
DA:17,31
DA:19,31
DA:20,22
DA:21,22
DA:25,1
DA:26,1
DA:27,1
DA:28,1
DA:29,1
DA:33,1
DA:34,1
DA:35,1
DA:36,1
DA:37,1
DA:38,1
DA:42,1
DA:43,1
DA:44,1
DA:45,1
DA:46,1
DA:49,31
DA:50,7
DA:55,0
DA:56,0
DA:71,1
DA:72,1
DA:81,24
DA:88,2
DA:93,3
DA:114,17
DA:133,2
DA:134,2
DA:141,3
DA:154,0
DA:163,1
DA:170,1
LF:41
LH:38
BRDA:21,0,0,22
BRDA:21,0,1,3
BRDA:21,0,2,2
BRDA:21,1,0,2
BRDA:21,1,1,2
BRDA:49,2,0,7
BRDA:49,2,1,24
BRDA:49,3,0,31
BRDA:49,3,1,27
BRDA:63,4,0,4
BRDA:63,4,1,3
BRDA:69,5,0,4
BRDA:69,5,1,3
BRDA:107,6,0,24
BRDA:107,6,1,1
BRDA:108,7,0,31
BRDA:108,7,1,23
BRDA:108,7,2,7
BRDA:110,8,0,1
BRDA:110,8,1,6
BRDA:120,9,0,17
BRDA:120,9,1,4
BRDA:128,10,0,17
BRDA:128,10,1,0
BRDA:152,11,0,31
BRDA:152,11,1,4
BRDA:167,12,0,1
BRDA:167,12,1,3
BRF:28
BRH:27
end_of_record
TN:
SF:src\features\penjualan\hooks.js
FN:37,localDateStr
FN:49,buildAdjustments
FN:76,useSalesReport
FN:81,resolveDates
FN:110,(anonymous_4)
FN:128,(anonymous_5)
FN:148,(anonymous_6)
FN:156,useCreateSale
FN:159,createSale
FN:205,(anonymous_9)
FN:217,useCreateRetur
FN:220,createRetur
FN:272,useUpdateSale
FN:275,updateSale
FN:281,(anonymous_14)
FN:282,(anonymous_15)
FN:339,useDeleteSale
FN:340,deleteSale
FN:354,(anonymous_18)
FNF:19
FNH:16
FNDA:21,localDateStr
FNDA:9,buildAdjustments
FNDA:19,useSalesReport
FNDA:10,resolveDates
FNDA:1,(anonymous_4)
FNDA:9,(anonymous_5)
FNDA:9,(anonymous_6)
FNDA:6,useCreateSale
FNDA:6,createSale
FNDA:0,(anonymous_9)
FNDA:3,useCreateRetur
FNDA:3,createRetur
FNDA:5,useUpdateSale
FNDA:5,updateSale
FNDA:0,(anonymous_14)
FNDA:0,(anonymous_15)
FNDA:6,useDeleteSale
FNDA:6,deleteSale
FNDA:1,(anonymous_18)
DA:38,21
DA:50,9
DA:51,9
DA:52,4
DA:53,4
DA:54,4
DA:55,3
DA:65,9
DA:77,19
DA:78,19
DA:79,19
DA:82,10
DA:83,10
DA:85,10
DA:86,5
DA:87,5
DA:88,1
DA:89,1
DA:90,1
DA:91,1
DA:92,4
DA:93,1
DA:94,1
DA:95,1
DA:96,3
DA:97,1
DA:98,1
DA:99,2
DA:100,1
DA:102,1
DA:104,10
DA:110,19
DA:111,1
DA:113,1
DA:114,1
DA:116,0
DA:122,1
DA:128,19
DA:129,9
DA:130,9
DA:131,9
DA:132,8
DA:135,9
DA:136,5
DA:138,4
DA:144,9
DA:145,9
DA:148,19
DA:149,9
DA:152,19
DA:157,6
DA:159,6
DA:168,6
DA:169,6
DA:170,6
DA:172,6
DA:189,6
DA:190,6
DA:192,6
DA:193,5
DA:194,5
DA:195,5
DA:196,4
DA:197,4
DA:198,4
DA:201,4
DA:212,6
DA:218,3
DA:220,3
DA:221,3
DA:222,3
DA:223,3
DA:225,3
DA:241,3
DA:242,3
DA:244,3
DA:245,2
DA:246,2
DA:247,2
DA:248,2
DA:249,2
DA:250,2
DA:257,3
DA:273,5
DA:275,5
DA:278,5
DA:280,5
DA:281,5
DA:282,0
DA:283,0
DA:285,5
DA:286,5
DA:288,5
DA:293,5
DA:295,5
DA:304,5
DA:306,5
DA:307,4
DA:308,1
DA:310,3
DA:311,3
DA:316,3
DA:317,2
DA:318,1
DA:325,2
DA:340,6
DA:347,6
DA:352,6
DA:354,6
DA:362,6
DA:363,3
DA:364,1
DA:366,2
DA:370,5
DA:373,5
DA:376,5
LF:116
LH:113
BRDA:37,0,0,21
BRDA:52,1,0,4
BRDA:52,1,1,0
BRDA:52,2,0,4
BRDA:52,2,1,4
BRDA:54,3,0,3
BRDA:54,3,1,1
BRDA:54,4,0,4
BRDA:54,4,1,0
BRDA:85,5,0,5
BRDA:85,5,1,5
BRDA:87,6,0,1
BRDA:87,6,1,4
BRDA:92,7,0,1
BRDA:92,7,1,3
BRDA:96,8,0,1
BRDA:96,8,1,2
BRDA:99,9,0,1
BRDA:99,9,1,1
BRDA:113,10,0,1
BRDA:113,10,1,0
BRDA:131,11,0,8
BRDA:131,11,1,1
BRDA:132,12,0,8
BRDA:132,12,1,0
BRDA:135,13,0,5
BRDA:135,13,1,4
BRDA:162,14,0,6
BRDA:169,15,0,6
BRDA:169,15,1,0
BRDA:177,16,0,6
BRDA:177,16,1,5
BRDA:178,17,0,6
BRDA:178,17,1,5
BRDA:179,18,0,6
BRDA:179,18,1,6
BRDA:185,19,0,6
BRDA:185,19,1,0
BRDA:192,20,0,5
BRDA:192,20,1,1
BRDA:196,21,0,4
BRDA:196,21,1,0
BRDA:198,22,0,4
BRDA:198,22,1,0
BRDA:222,23,0,3
BRDA:222,23,1,0
BRDA:230,24,0,3
BRDA:230,24,1,2
BRDA:231,25,0,3
BRDA:231,25,1,2
BRDA:237,26,0,3
BRDA:237,26,1,0
BRDA:244,27,0,2
BRDA:244,27,1,1
BRDA:248,28,0,2
BRDA:248,28,1,0
BRDA:250,29,0,2
BRDA:250,29,1,0
BRDA:280,30,0,5
BRDA:280,30,1,0
BRDA:282,31,0,0
BRDA:282,31,1,0
BRDA:282,32,0,0
BRDA:282,32,1,0
BRDA:282,33,0,0
BRDA:282,33,1,0
BRDA:285,34,0,5
BRDA:285,34,1,0
BRDA:290,35,0,5
BRDA:290,35,1,0
BRDA:291,36,0,5
BRDA:291,36,1,5
BRDA:293,37,0,5
BRDA:293,37,1,5
BRDA:299,38,0,5
BRDA:299,38,1,3
BRDA:300,39,0,5
BRDA:300,39,1,3
BRDA:304,40,0,5
BRDA:304,40,1,0
BRDA:306,41,0,4
BRDA:306,41,1,1
BRDA:307,42,0,1
BRDA:307,42,1,3
BRDA:316,43,0,1
BRDA:316,43,1,2
BRDA:316,44,0,1
BRDA:316,44,1,0
BRDA:317,45,0,1
BRDA:317,45,1,1
BRDA:317,46,0,2
BRDA:317,46,1,2
BRDA:352,47,0,6
BRDA:352,47,1,1
BRDA:354,48,0,6
BRDA:354,48,1,0
BRDA:362,49,0,3
BRDA:362,49,1,3
BRDA:363,50,0,1
BRDA:363,50,1,2
BRF:100
BRH:76
end_of_record
TN:
SF:src\features\riwayat\api.js
FN:30,logActivity
FN:56,fetchProductHistory
FNF:2
FNH:2
FNDA:4,logActivity
FNDA:4,fetchProductHistory
DA:14,1
DA:38,4
DA:39,4
DA:40,3
DA:51,1
DA:57,4
DA:63,4
DA:64,4
DA:65,4
DA:66,1
DA:69,4
DA:70,4
DA:71,3
LF:13
LH:13
BRDA:32,0,0,4
BRDA:33,1,0,4
BRDA:34,2,0,4
BRDA:35,3,0,4
BRDA:36,4,0,4
BRDA:47,5,0,3
BRDA:47,5,1,0
BRDA:63,6,0,1
BRDA:63,6,1,3
BRDA:64,7,0,1
BRDA:64,7,1,3
BRDA:65,8,0,1
BRDA:65,8,1,3
BRDA:65,9,0,4
BRDA:65,9,1,1
BRDA:70,10,0,1
BRDA:70,10,1,3
BRDA:71,11,0,3
BRDA:71,11,1,0
BRF:19
BRH:17
end_of_record
TN:
SF:src\features\riwayat\hooks.js
FN:19,useRiwayat
FN:24,(anonymous_1)
FN:34,(anonymous_2)
FN:35,(anonymous_3)
FN:38,(anonymous_4)
FN:62,(anonymous_5)
FN:68,(anonymous_6)
FN:76,(anonymous_7)
FNF:8
FNH:6
FNDA:18,useRiwayat
FNDA:10,(anonymous_1)
FNDA:0,(anonymous_2)
FNDA:0,(anonymous_3)
FNDA:3,(anonymous_4)
FNDA:2,(anonymous_5)
FNDA:1,(anonymous_6)
FNDA:9,(anonymous_7)
DA:20,18
DA:21,18
DA:22,18
DA:24,18
DA:25,10
DA:26,10
DA:27,10
DA:28,10
DA:29,10
DA:32,10
DA:33,7
DA:34,7
DA:35,7
DA:36,7
DA:38,6
DA:39,3
DA:60,9
DA:61,8
DA:62,7
DA:63,2
DA:68,8
DA:69,8
DA:71,1
DA:73,9
DA:76,18
DA:77,9
DA:80,18
LF:27
LH:27
BRDA:19,0,0,18
BRDA:19,1,0,18
BRDA:19,2,0,18
BRDA:32,3,0,7
BRDA:32,3,1,3
BRDA:32,4,0,10
BRDA:32,4,1,4
BRDA:34,5,0,7
BRDA:34,5,1,0
BRDA:35,6,0,7
BRDA:35,6,1,0
BRDA:43,7,0,3
BRDA:43,7,1,0
BRDA:46,8,0,3
BRDA:46,8,1,0
BRDA:47,9,0,3
BRDA:47,9,1,3
BRDA:47,9,2,3
BRDA:54,10,0,3
BRDA:54,10,1,0
BRDA:60,11,0,8
BRDA:60,11,1,1
BRDA:71,12,0,1
BRDA:71,12,1,0
BRF:24
BRH:18
end_of_record
TN:
SF:src\features\riwayat\utils.js
FN:103,getMeta
FN:128,presetToDates
FN:145,formatTime
FN:150,formatGroupDate
FN:167,groupByDate
FN:181,formatRp
FNF:6
FNH:6
FNDA:5,getMeta
FNDA:4,presetToDates
FNDA:2,formatTime
FNDA:7,formatGroupDate
FNDA:3,groupByDate
FNDA:4,formatRp
DA:5,1
DA:104,5
DA:112,1
DA:121,1
DA:129,4
DA:130,4
DA:131,4
DA:132,3
DA:133,1
DA:134,1
DA:135,1
DA:137,2
DA:138,1
DA:139,1
DA:140,1
DA:142,1
DA:146,2
DA:147,1
DA:151,7
DA:152,6
DA:153,6
DA:154,6
DA:155,6
DA:156,6
DA:157,6
DA:158,5
DA:159,4
DA:168,3
DA:169,3
DA:170,3
DA:171,4
DA:172,4
DA:173,3
DA:174,3
DA:176,4
DA:178,3
DA:182,4
DA:183,2
LF:38
LH:38
BRDA:105,0,0,5
BRDA:105,0,1,1
BRDA:131,1,0,1
BRDA:131,1,1,3
BRDA:132,2,0,1
BRDA:132,2,1,2
BRDA:137,3,0,1
BRDA:137,3,1,1
BRDA:146,4,0,1
BRDA:146,4,1,1
BRDA:151,5,0,1
BRDA:151,5,1,6
BRDA:157,6,0,1
BRDA:157,6,1,5
BRDA:158,7,0,1
BRDA:158,7,1,4
BRDA:172,8,0,3
BRDA:172,8,1,1
BRDA:182,9,0,2
BRDA:182,9,1,2
BRDA:182,10,0,4
BRDA:182,10,1,3
BRF:22
BRH:22
end_of_record
TN:
SF:src\features\riwayat\components\RiwayatCard.jsx
FN:10,RiwayatCard
FN:19,(anonymous_1)
FN:19,(anonymous_2)
FN:85,SaleDetail
FN:99,(anonymous_4)
FN:106,(anonymous_5)
FN:130,HistoryDetail
FN:143,(anonymous_7)
FN:197,(anonymous_8)
FN:198,(anonymous_9)
FN:206,(anonymous_10)
FN:213,(anonymous_11)
FN:254,(anonymous_12)
FNF:13
FNH:11
FNDA:42,RiwayatCard
FNDA:17,(anonymous_1)
FNDA:17,(anonymous_2)
FNDA:6,SaleDetail
FNDA:5,(anonymous_4)
FNDA:2,(anonymous_5)
FNDA:10,HistoryDetail
FNDA:3,(anonymous_7)
FNDA:0,(anonymous_8)
FNDA:0,(anonymous_9)
FNDA:8,(anonymous_10)
FNDA:1,(anonymous_11)
FNDA:1,(anonymous_12)
DA:11,42
DA:12,42
DA:14,42
DA:19,17
DA:86,6
DA:100,5
DA:106,2
DA:131,10
DA:132,10
DA:133,2
DA:137,8
DA:138,2
DA:139,2
DA:140,2
DA:141,1
DA:144,3
DA:145,2
DA:156,1
DA:157,2
DA:182,6
DA:183,4
DA:184,4
DA:185,4
DA:187,4
DA:189,2
DA:197,2
DA:198,2
DA:199,2
DA:202,2
DA:203,2
DA:204,2
DA:206,8
DA:207,2
DA:209,2
DA:214,1
DA:245,2
DA:246,4
DA:254,1
DA:262,2
DA:263,2
DA:264,2
DA:283,0
LF:42
LH:41
BRDA:32,0,0,20
BRDA:32,0,1,22
BRDA:34,1,0,20
BRDA:34,1,1,1
BRDA:35,2,0,20
BRDA:35,2,1,19
BRDA:38,3,0,22
BRDA:38,3,1,0
BRDA:38,3,2,0
BRDA:42,4,0,42
BRDA:42,4,1,42
BRDA:44,5,0,42
BRDA:44,5,1,20
BRDA:44,5,2,20
BRDA:51,6,0,42
BRDA:51,6,1,20
BRDA:53,7,0,1
BRDA:53,7,1,19
BRDA:55,8,0,1
BRDA:55,8,1,19
BRDA:68,9,0,16
BRDA:68,9,1,26
BRDA:75,10,0,42
BRDA:75,10,1,16
BRDA:77,11,0,6
BRDA:77,11,1,10
BRDA:88,12,0,6
BRDA:88,12,1,5
BRDA:88,13,0,6
BRDA:88,13,1,0
BRDA:103,14,0,5
BRDA:103,14,1,2
BRDA:103,14,2,2
BRDA:105,15,0,1
BRDA:105,15,1,1
BRDA:120,16,0,6
BRDA:120,16,1,1
BRDA:131,17,0,10
BRDA:131,17,1,3
BRDA:132,18,0,2
BRDA:132,18,1,8
BRDA:132,19,0,10
BRDA:132,19,1,7
BRDA:132,19,2,2
BRDA:137,20,0,2
BRDA:137,20,1,6
BRDA:140,21,0,1
BRDA:140,21,1,1
BRDA:140,22,0,2
BRDA:140,22,1,1
BRDA:144,23,0,1
BRDA:144,23,1,2
BRDA:148,24,0,2
BRDA:148,24,1,0
BRDA:149,25,0,3
BRDA:149,25,1,0
BRDA:156,26,0,1
BRDA:156,26,1,0
BRDA:159,27,0,2
BRDA:159,27,1,1
BRDA:165,28,0,2
BRDA:165,28,1,1
BRDA:171,29,0,2
BRDA:171,29,1,1
BRDA:182,30,0,4
BRDA:182,30,1,2
BRDA:185,31,0,4
BRDA:185,31,1,2
BRDA:185,31,2,2
BRDA:187,32,0,2
BRDA:187,32,1,2
BRDA:197,33,0,2
BRDA:197,33,1,2
BRDA:197,34,0,2
BRDA:197,34,1,0
BRDA:198,35,0,2
BRDA:198,35,1,2
BRDA:198,36,0,2
BRDA:198,36,1,0
BRDA:202,37,0,2
BRDA:202,37,1,2
BRDA:202,38,0,2
BRDA:202,38,1,0
BRDA:203,39,0,2
BRDA:203,39,1,2
BRDA:203,40,0,2
BRDA:203,40,1,0
BRDA:206,41,0,8
BRDA:206,41,1,2
BRDA:206,42,0,8
BRDA:206,42,1,2
BRDA:207,43,0,2
BRDA:207,43,1,1
BRDA:207,43,2,1
BRDA:212,44,0,2
BRDA:212,44,1,1
BRDA:217,45,0,0
BRDA:217,45,1,1
BRDA:217,46,0,1
BRDA:217,46,1,0
BRDA:219,47,0,0
BRDA:219,47,1,1
BRDA:219,48,0,1
BRDA:219,48,1,0
BRDA:223,49,0,2
BRDA:223,49,1,0
BRDA:230,50,0,2
BRDA:230,50,1,0
BRDA:245,51,0,2
BRDA:245,51,1,0
BRDA:248,52,0,4
BRDA:248,52,1,2
BRDA:249,53,0,4
BRDA:249,53,1,2
BRDA:250,54,0,4
BRDA:250,54,1,2
BRDA:251,55,0,4
BRDA:251,55,1,1
BRDA:252,56,0,4
BRDA:252,56,1,1
BRDA:262,57,0,2
BRDA:262,57,1,0
BRDA:262,58,0,2
BRDA:262,58,1,1
BRDA:266,59,0,2
BRDA:266,59,1,2
BRDA:272,60,0,2
BRDA:272,60,1,1
BRF:128
BRH:110
end_of_record
TN:
SF:src\features\riwayat\pages\RiwayatPage.jsx
FN:17,Riwayat
FN:30,(anonymous_1)
FN:34,(anonymous_2)
FN:48,(anonymous_3)
FN:52,(anonymous_4)
FN:103,(anonymous_5)
FN:117,(anonymous_6)
FNF:7
FNH:7
FNDA:12,Riwayat
FNDA:48,(anonymous_1)
FNDA:1,(anonymous_2)
FNDA:36,(anonymous_3)
FNDA:1,(anonymous_4)
FNDA:2,(anonymous_5)
FNDA:2,(anonymous_6)
DA:18,12
DA:19,12
DA:21,12
DA:22,12
DA:24,12
DA:31,48
DA:34,1
DA:49,36
DA:52,1
DA:104,2
DA:118,2
LF:11
LH:11
BRDA:36,0,0,12
BRDA:36,0,1,36
BRDA:54,1,0,12
BRDA:54,1,1,24
BRDA:67,2,0,12
BRDA:67,2,1,1
BRDA:73,3,0,12
BRDA:73,3,1,11
BRDA:73,3,2,1
BRDA:82,4,0,12
BRDA:82,4,1,11
BRDA:82,4,2,10
BRDA:82,4,3,8
BRDA:101,5,0,12
BRDA:101,5,1,11
BRDA:101,5,2,10
BRF:16
BRH:16
end_of_record
TN:
SF:src\hooks\useProducts.js
FN:8,loadEnriched
FN:15,(anonymous_1)
FN:31,(anonymous_2)
FN:34,(anonymous_3)
FN:38,useProducts
FN:51,refreshStok
FN:64,(anonymous_6)
FN:67,load
FN:95,(anonymous_8)
FN:103,(anonymous_9)
FN:106,(anonymous_10)
FN:108,(anonymous_11)
FN:114,(anonymous_12)
FN:121,(anonymous_13)
FN:122,onVisible
FN:126,(anonymous_15)
FNF:16
FNH:14
FNDA:23,loadEnriched
FNDA:4,(anonymous_1)
FNDA:7,(anonymous_2)
FNDA:4,(anonymous_3)
FNDA:25,useProducts
FNDA:2,refreshStok
FNDA:13,(anonymous_6)
FNDA:13,load
FNDA:13,(anonymous_8)
FNDA:13,(anonymous_9)
FNDA:0,(anonymous_10)
FNDA:0,(anonymous_11)
FNDA:13,(anonymous_12)
FNDA:13,(anonymous_13)
FNDA:2,onVisible
FNDA:13,(anonymous_15)
DA:9,23
DA:10,23
DA:14,23
DA:15,4
DA:16,3
DA:20,22
DA:21,22
DA:22,4
DA:23,4
DA:24,4
DA:31,22
DA:34,4
DA:39,25
DA:40,25
DA:41,25
DA:42,25
DA:48,25
DA:52,2
DA:53,1
DA:54,1
DA:55,1
DA:56,1
DA:57,1
DA:64,25
DA:65,13
DA:69,13
DA:70,13
DA:71,4
DA:72,4
DA:73,4
DA:77,13
DA:78,12
DA:79,12
DA:80,9
DA:81,8
DA:82,5
DA:83,5
DA:84,5
DA:87,1
DA:91,10
DA:94,13
DA:95,13
DA:96,13
DA:103,25
DA:104,13
DA:107,0
DA:108,0
DA:109,0
DA:114,13
DA:115,13
DA:116,13
DA:121,25
DA:123,2
DA:125,13
DA:126,13
DA:129,25
LF:56
LH:53
BRDA:14,0,0,4
BRDA:14,0,1,19
BRDA:14,1,0,23
BRDA:14,1,1,8
BRDA:22,2,0,4
BRDA:22,2,1,0
BRDA:23,3,0,4
BRDA:23,3,1,0
BRDA:25,4,0,4
BRDA:25,4,1,0
BRDA:26,5,0,4
BRDA:26,5,1,0
BRDA:27,6,0,4
BRDA:27,6,1,0
BRDA:33,7,0,7
BRDA:33,7,1,3
BRDA:52,8,0,1
BRDA:52,8,1,1
BRDA:70,9,0,4
BRDA:70,9,1,9
BRDA:70,10,0,13
BRDA:70,10,1,5
BRDA:77,11,0,12
BRDA:77,11,1,1
BRDA:81,12,0,5
BRDA:81,12,1,3
BRDA:87,13,0,1
BRDA:87,13,1,0
BRDA:87,14,0,1
BRDA:87,14,1,0
BRDA:91,15,0,7
BRDA:91,15,1,3
BRDA:123,16,0,2
BRDA:123,16,1,0
BRF:34
BRH:26
end_of_record
TN:
SF:src\lib\db.js
FNF:0
FNH:0
DA:4,3
DA:6,3
DA:11,3
DA:17,3
DA:25,3
LF:5
LH:5
BRF:0
BRH:0
end_of_record
TN:
SF:src\lib\sync.js
FN:6,syncProducts
FN:33,syncStok
FN:36,(anonymous_2)
FN:43,(anonymous_3)
FN:50,(anonymous_4)
FN:54,(anonymous_5)
FN:63,applyStokToSupabase
FN:91,applyStokLocal
FN:116,waitForPendingInsert
FN:121,flushPendingSales
FN:128,(anonymous_10)
FN:160,_loadDeletedIds
FN:168,_saveDeletedIds
FN:178,markSaleDeleted
FN:188,syncSalesForRange
FN:201,(anonymous_15)
FN:241,deleteSaleFromSupabase
FN:268,(anonymous_17)
FN:275,syncPelanggan
FN:293,initSync
FNF:20
FNH:20
FNDA:4,syncProducts
FNDA:6,syncStok
FNDA:5,(anonymous_2)
FNDA:4,(anonymous_3)
FNDA:1,(anonymous_4)
FNDA:5,(anonymous_5)
FNDA:7,applyStokToSupabase
FNDA:6,applyStokLocal
FNDA:1,waitForPendingInsert
FNDA:5,flushPendingSales
FNDA:3,(anonymous_10)
FNDA:1,_loadDeletedIds
FNDA:3,_saveDeletedIds
FNDA:5,markSaleDeleted
FNDA:8,syncSalesForRange
FNDA:3,(anonymous_15)
FNDA:6,deleteSaleFromSupabase
FNDA:1,(anonymous_17)
FNDA:4,syncPelanggan
FNDA:2,initSync
DA:7,4
DA:8,4
DA:13,4
DA:14,3
DA:15,3
DA:16,3
DA:18,1
DA:19,1
DA:31,1
DA:34,6
DA:36,5
DA:37,5
DA:38,5
DA:39,4
DA:43,5
DA:44,4
DA:45,4
DA:48,4
DA:51,1
DA:52,1
DA:55,5
DA:58,5
DA:64,7
DA:65,6
DA:67,6
DA:75,5
DA:76,6
DA:78,6
DA:85,6
DA:92,6
DA:93,5
DA:94,5
DA:95,4
DA:96,3
DA:97,3
DA:102,1
DA:114,1
DA:117,1
DA:122,5
DA:123,5
DA:125,3
DA:126,3
DA:127,3
DA:128,3
DA:129,3
DA:130,3
DA:131,3
DA:132,3
DA:134,2
DA:135,1
DA:138,2
DA:139,2
DA:141,1
DA:142,1
DA:145,3
DA:146,3
DA:147,3
DA:149,3
DA:152,3
DA:158,1
DA:161,1
DA:162,1
DA:163,1
DA:165,0
DA:169,3
DA:170,3
DA:176,1
DA:179,5
DA:180,3
DA:181,3
DA:189,8
DA:190,7
DA:191,7
DA:192,7
DA:193,5
DA:195,1
DA:197,6
DA:198,6
DA:201,5
DA:205,5
DA:206,4
DA:208,1
DA:210,5
DA:211,2
DA:212,1
DA:213,1
DA:218,5
DA:220,3
DA:223,2
DA:224,2
DA:226,1
DA:227,1
DA:234,1
DA:242,6
DA:243,1
DA:247,5
DA:255,4
DA:260,4
DA:261,3
DA:262,1
DA:268,3
DA:269,6
DA:270,1
DA:276,4
DA:277,4
DA:281,4
DA:282,3
DA:283,3
DA:284,3
DA:286,1
DA:287,1
DA:294,2
DA:295,1
DA:296,1
LF:114
LH:113
BRDA:13,0,0,1
BRDA:13,0,1,3
BRDA:15,1,0,3
BRDA:15,1,1,1
BRDA:16,2,0,3
BRDA:16,2,1,1
BRDA:34,3,0,1
BRDA:34,3,1,5
BRDA:38,4,0,1
BRDA:38,4,1,4
BRDA:39,5,0,4
BRDA:39,5,1,1
BRDA:75,6,0,5
BRDA:75,6,1,1
BRDA:95,7,0,3
BRDA:95,7,1,1
BRDA:96,8,0,3
BRDA:96,8,1,1
BRDA:117,9,0,1
BRDA:117,9,1,1
BRDA:123,10,0,2
BRDA:123,10,1,3
BRDA:132,11,0,1
BRDA:132,11,1,2
BRDA:134,12,0,1
BRDA:134,12,1,1
BRDA:138,13,0,2
BRDA:138,13,1,0
BRDA:163,14,0,0
BRDA:163,14,1,1
BRDA:179,15,0,2
BRDA:179,15,1,3
BRDA:189,16,0,1
BRDA:189,16,1,7
BRDA:192,17,0,5
BRDA:192,17,1,1
BRDA:198,18,0,1
BRDA:198,18,1,5
BRDA:198,19,0,6
BRDA:198,19,1,5
BRDA:205,20,0,4
BRDA:205,20,1,1
BRDA:211,21,0,1
BRDA:211,21,1,1
BRDA:211,22,0,2
BRDA:211,22,1,2
BRDA:220,23,0,1
BRDA:220,23,1,2
BRDA:224,24,0,1
BRDA:224,24,1,1
BRDA:242,25,0,1
BRDA:242,25,1,5
BRDA:247,26,0,4
BRDA:247,26,1,1
BRDA:260,27,0,1
BRDA:260,27,1,3
BRDA:260,28,0,1
BRDA:260,28,1,0
BRDA:261,29,0,1
BRDA:261,29,1,2
BRDA:261,30,0,3
BRDA:261,30,1,3
BRDA:268,31,0,3
BRDA:268,31,1,0
BRDA:269,32,0,1
BRDA:269,32,1,5
BRDA:281,33,0,1
BRDA:281,33,1,3
BRDA:283,34,0,3
BRDA:283,34,1,1
BRDA:284,35,0,3
BRDA:284,35,1,1
BRDA:294,36,0,1
BRDA:294,36,1,1
BRF:74
BRH:70
end_of_record
TN:
SF:src\shared\components\AppHeader.jsx
FN:8,AppHeader
FN:20,formatLastSync
FN:90,(anonymous_2)
FNF:3
FNH:3
FNDA:12,AppHeader
FNDA:2,formatLastSync
FNDA:1,(anonymous_2)
DA:21,2
DA:22,2
DA:25,12
DA:33,12
DA:90,1
LF:5
LH:5
BRDA:21,0,0,0
BRDA:21,0,1,2
BRDA:25,1,0,2
BRDA:25,1,1,10
BRDA:27,2,0,2
BRDA:27,2,1,8
BRDA:29,3,0,1
BRDA:29,3,1,7
BRDA:45,4,0,10
BRDA:45,4,1,2
BRDA:47,5,0,1
BRDA:47,5,1,11
BRDA:49,6,0,2
BRDA:49,6,1,10
BRDA:51,7,0,2
BRDA:51,7,1,8
BRDA:53,8,0,6
BRDA:53,8,1,2
BRDA:60,9,0,10
BRDA:60,9,1,2
BRDA:63,10,0,10
BRDA:63,10,1,2
BRDA:64,11,0,12
BRDA:64,11,1,10
BRDA:66,12,0,0
BRDA:66,12,1,10
BRDA:71,13,0,12
BRDA:71,13,1,5
BRDA:76,14,0,12
BRDA:76,14,1,2
BRDA:100,15,0,12
BRDA:100,15,1,2
BRDA:100,15,2,2
BRF:33
BRH:31
end_of_record
TN:
SF:src\shared\components\LoginScreen.jsx
FN:9,LoginScreen
FN:15,handleSubmit
FN:46,(anonymous_2)
FN:61,(anonymous_3)
FNF:4
FNH:4
FNDA:12,LoginScreen
FNDA:3,handleSubmit
FNDA:1,(anonymous_2)
FNDA:1,(anonymous_3)
DA:10,12
DA:11,12
DA:12,12
DA:13,12
DA:16,3
DA:17,3
DA:18,3
DA:19,3
DA:20,2
DA:21,1
DA:22,1
DA:27,12
DA:46,1
DA:61,1
LF:14
LH:14
BRDA:20,0,0,1
BRDA:20,0,1,1
BRDA:68,1,0,12
BRDA:68,1,1,1
BRDA:79,2,0,3
BRDA:79,2,1,9
BRF:6
BRH:6
end_of_record
TN:
SF:src\shared\components\NotificationGate.jsx
FN:16,NotificationGate
FN:25,handleAllow
FN:40,handleRecheck
FNF:3
FNH:3
FNDA:12,NotificationGate
FNDA:2,handleAllow
FNDA:1,handleRecheck
DA:14,2
DA:17,12
DA:20,12
DA:23,12
DA:26,2
DA:27,2
DA:28,2
DA:29,2
DA:33,2
DA:35,0
DA:37,2
DA:41,1
DA:42,1
DA:43,1
DA:46,8
LF:15
LH:14
BRDA:18,0,0,11
BRDA:18,0,1,1
BRDA:23,1,0,4
BRDA:23,1,1,8
BRDA:33,2,0,2
BRDA:33,2,1,0
BRDA:43,3,0,0
BRDA:43,3,1,1
BRDA:48,4,0,5
BRDA:48,4,1,3
BRDA:64,5,0,2
BRDA:64,5,1,3
BRF:12
BRH:10
end_of_record
TN:
SF:src\shared\components\PosBottomNav.jsx
FN:93,PosBottomNav
FN:96,(anonymous_1)
FN:101,(anonymous_2)
FN:107,(anonymous_3)
FNF:4
FNH:4
FNDA:7,PosBottomNav
FNDA:28,(anonymous_1)
FNDA:28,(anonymous_2)
FNDA:28,(anonymous_3)
DA:8,1
DA:94,7
DA:97,28
DA:102,28
DA:108,28
LF:5
LH:5
BRDA:103,0,0,7
BRDA:103,0,1,21
BRDA:113,1,0,28
BRDA:113,1,1,7
BRF:4
BRH:4
end_of_record
TN:
SF:src\shared\components\Struk.jsx
FN:20,getSavedLabelType
FN:27,saveLabelType
FN:35,Struk
FN:46,captureImage
FN:51,handleDownload
FN:65,handleShare
FN:69,(anonymous_6)
FN:82,(anonymous_7)
FN:90,handleBtPrint
FN:97,handleLabelTypeChange
FN:165,(anonymous_10)
FN:168,(anonymous_11)
FNF:12
FNH:12
FNDA:15,getSavedLabelType
FNDA:1,saveLabelType
FNDA:26,Struk
FNDA:4,captureImage
FNDA:2,handleDownload
FNDA:2,handleShare
FNDA:2,(anonymous_6)
FNDA:1,(anonymous_7)
FNDA:1,handleBtPrint
FNDA:1,handleLabelTypeChange
FNDA:50,(anonymous_10)
FNDA:1,(anonymous_11)
DA:18,1
DA:21,15
DA:22,15
DA:24,0
DA:28,1
DA:29,1
DA:36,26
DA:37,26
DA:38,26
DA:39,26
DA:41,26
DA:43,26
DA:44,25
DA:47,4
DA:48,4
DA:52,2
DA:53,2
DA:54,2
DA:55,1
DA:56,1
DA:57,1
DA:58,2
DA:60,1
DA:62,2
DA:66,2
DA:67,2
DA:68,2
DA:69,2
DA:70,2
DA:71,2
DA:73,2
DA:74,1
DA:75,1
DA:78,1
DA:79,1
DA:80,1
DA:81,1
DA:82,1
DA:84,0
DA:86,2
DA:91,1
DA:92,1
DA:93,1
DA:94,1
DA:98,1
DA:99,1
DA:102,25
DA:166,50
DA:168,1
LF:49
LH:47
BRDA:22,0,0,15
BRDA:22,0,1,11
BRDA:43,1,0,1
BRDA:43,1,1,25
BRDA:47,2,0,0
BRDA:47,2,1,4
BRDA:57,3,0,1
BRDA:57,3,1,0
BRDA:70,4,0,2
BRDA:70,4,1,0
BRDA:73,5,0,1
BRDA:73,5,1,1
BRDA:73,6,0,2
BRDA:73,6,1,1
BRDA:84,7,0,0
BRDA:84,7,1,0
BRDA:94,8,0,1
BRDA:94,8,1,0
BRDA:133,9,0,1
BRDA:133,9,1,24
BRDA:148,10,0,26
BRDA:148,10,1,12
BRDA:148,10,2,15
BRDA:154,11,0,13
BRDA:154,11,1,2
BRDA:159,12,0,15
BRDA:159,12,1,2
BRDA:170,13,0,25
BRDA:170,13,1,25
BRDA:187,14,0,26
BRDA:187,14,1,25
BRDA:190,15,0,0
BRDA:190,15,1,25
BRDA:197,16,0,4
BRDA:197,16,1,21
BRF:35
BRH:28
end_of_record
TN:
SF:src\shared\components\StrukContent.jsx
FN:11,effectiveQty
FN:12,(anonymous_1)
FN:15,LogoStruk
FN:28,Divider
FN:34,MetaRow
FN:44,formatDateTime
FN:55,StrukContent
FN:59,(anonymous_7)
FN:120,(anonymous_8)
FN:197,(anonymous_9)
FNF:10
FNH:8
FNDA:12,effectiveQty
FNDA:0,(anonymous_1)
FNDA:6,LogoStruk
FNDA:30,Divider
FNDA:18,MetaRow
FNDA:6,formatDateTime
FNDA:6,StrukContent
FNDA:6,(anonymous_7)
FNDA:6,(anonymous_8)
FNDA:0,(anonymous_9)
DA:12,12
DA:16,6
DA:29,30
DA:35,18
DA:45,6
DA:46,6
DA:56,6
DA:57,6
DA:58,6
DA:59,6
DA:61,6
DA:121,6
DA:122,6
DA:198,0
LF:14
LH:13
BRDA:12,0,0,0
BRDA:12,0,1,12
BRDA:12,1,0,12
BRDA:12,1,1,0
BRDA:28,2,0,30
BRDA:30,3,0,18
BRDA:30,3,1,12
BRDA:34,4,0,18
BRDA:39,5,0,0
BRDA:39,5,1,18
BRDA:45,6,0,0
BRDA:45,6,1,6
BRDA:57,7,0,6
BRDA:57,7,1,0
BRDA:57,7,2,0
BRDA:58,8,0,6
BRDA:58,8,1,0
BRDA:59,9,0,6
BRDA:59,9,1,0
BRDA:83,10,0,1
BRDA:83,10,1,5
BRDA:106,11,0,6
BRDA:106,11,1,0
BRDA:108,12,0,6
BRDA:108,12,1,6
BRDA:112,13,0,6
BRDA:112,13,1,6
BRDA:120,14,0,6
BRDA:120,14,1,0
BRDA:148,15,0,6
BRDA:148,15,1,0
BRDA:186,16,0,1
BRDA:186,16,1,5
BRDA:213,17,0,1
BRDA:213,17,1,5
BRF:35
BRH:24
end_of_record
TN:
SF:src\shared\components\SyncErrorModal.jsx
FN:7,SyncErrorModal
FNF:1
FNH:1
FNDA:7,SyncErrorModal
DA:8,7
LF:1
LH:1
BRDA:18,0,0,7
BRDA:18,0,1,1
BRDA:34,1,0,2
BRDA:34,1,1,5
BRF:4
BRH:4
end_of_record
TN:
SF:src\shared\hooks\usePasarNotification.js
FN:23,getNowWIB
FN:27,getTodayStrWIB
FN:32,msUntil1pmWIB
FN:40,notifSentKey
FN:44,buildSummary
FN:48,(anonymous_5)
FN:51,(anonymous_6)
FN:58,(anonymous_7)
FN:63,(anonymous_8)
FN:65,(anonymous_9)
FN:71,usePasarNotification
FN:74,scheduleIfNeeded
FN:92,(anonymous_12)
FN:97,(anonymous_13)
FN:121,(anonymous_14)
FN:124,onVisible
FN:129,(anonymous_16)
FNF:17
FNH:15
FNDA:23,getNowWIB
FNDA:23,getTodayStrWIB
FNDA:11,msUntil1pmWIB
FNDA:13,notifSentKey
FNDA:2,buildSummary
FNDA:0,(anonymous_5)
FNDA:2,(anonymous_6)
FNDA:1,(anonymous_7)
FNDA:1,(anonymous_8)
FNDA:2,(anonymous_9)
FNDA:11,usePasarNotification
FNDA:12,scheduleIfNeeded
FNDA:0,(anonymous_12)
FNDA:2,(anonymous_13)
FNDA:11,(anonymous_14)
FNDA:1,onVisible
FNDA:11,(anonymous_16)
DA:21,1
DA:24,23
DA:28,23
DA:33,11
DA:34,11
DA:36,11
DA:37,11
DA:41,13
DA:45,2
DA:48,0
DA:51,2
DA:52,2
DA:55,2
DA:56,2
DA:57,2
DA:58,2
DA:59,2
DA:62,2
DA:63,1
DA:65,2
DA:68,2
DA:72,11
DA:75,12
DA:76,12
DA:77,12
DA:78,12
DA:80,11
DA:81,11
DA:82,11
DA:87,11
DA:88,11
DA:91,10
DA:92,1
DA:95,10
DA:97,10
DA:98,2
DA:99,2
DA:100,2
DA:103,2
DA:107,2
DA:113,2
DA:114,2
DA:121,11
DA:122,11
DA:125,1
DA:127,11
DA:129,11
DA:130,11
DA:131,11
LF:49
LH:48
BRDA:48,0,0,0
BRDA:48,0,1,0
BRDA:51,1,0,2
BRDA:51,1,1,0
BRDA:57,2,0,2
BRDA:57,2,1,0
BRDA:58,3,0,1
BRDA:58,3,1,1
BRDA:58,4,0,1
BRDA:58,4,1,0
BRDA:59,5,0,2
BRDA:59,5,1,2
BRDA:78,6,0,1
BRDA:78,6,1,11
BRDA:82,7,0,0
BRDA:82,7,1,11
BRDA:88,8,0,1
BRDA:88,8,1,10
BRDA:91,9,0,1
BRDA:91,9,1,9
BRDA:91,10,0,10
BRDA:91,10,1,10
BRDA:95,11,0,1
BRDA:95,11,1,9
BRDA:98,12,0,2
BRDA:98,12,1,0
BRDA:98,13,0,2
BRDA:98,13,1,2
BRDA:103,14,0,1
BRDA:103,14,1,1
BRDA:104,15,0,1
BRDA:104,15,1,0
BRDA:125,16,0,1
BRDA:125,16,1,0
BRDA:131,17,0,9
BRDA:131,17,1,2
BRF:36
BRH:27
end_of_record
TN:
SF:src\shared\hooks\useTransactionNotification.js
FN:12,useTransactionNotification
FN:20,notifyTransaction
FN:40,(anonymous_2)
FN:41,(anonymous_3)
FNF:4
FNH:3
FNDA:7,useTransactionNotification
FNDA:6,notifyTransaction
FNDA:1,(anonymous_2)
FNDA:0,(anonymous_3)
DA:21,6
DA:22,5
DA:24,4
DA:25,4
DA:38,6
DA:39,1
DA:40,1
DA:42,0
DA:43,0
DA:49,3
DA:50,3
DA:57,7
LF:12
LH:10
BRDA:21,0,0,1
BRDA:21,0,1,5
BRDA:22,1,0,1
BRDA:22,1,1,4
BRDA:28,2,0,2
BRDA:28,2,1,2
BRDA:38,3,0,1
BRDA:38,3,1,3
BRDA:38,4,0,6
BRDA:38,4,1,1
BRF:10
BRH:10
end_of_record
TN:
SF:src\shared\lib\salesUtils.js
FN:13,effectiveQty
FN:16,(anonymous_1)
FN:26,itemProfit
FN:36,formatTime
FN:56,getStokWarna
FN:67,getTotalStokVariant
FN:68,(anonymous_6)
FNF:7
FNH:7
FNDA:9,effectiveQty
FNDA:6,(anonymous_1)
FNDA:4,itemProfit
FNDA:2,formatTime
FNDA:3,getStokWarna
FNDA:2,getTotalStokVariant
FNDA:2,(anonymous_6)
DA:15,9
DA:16,6
DA:18,6
DA:27,4
DA:28,4
DA:37,2
DA:38,1
DA:57,3
DA:68,2
LF:9
LH:9
BRDA:15,0,0,3
BRDA:15,0,1,6
BRDA:15,1,0,9
BRDA:15,1,1,4
BRDA:16,2,0,6
BRDA:16,2,1,1
BRDA:18,3,0,6
BRDA:18,3,1,1
BRDA:28,4,0,4
BRDA:28,4,1,1
BRDA:28,5,0,4
BRDA:28,5,1,1
BRDA:37,6,0,1
BRDA:37,6,1,1
BRDA:57,7,0,3
BRDA:57,7,1,2
BRDA:68,8,0,2
BRDA:68,8,1,1
BRDA:68,9,0,2
BRDA:68,9,1,0
BRF:20
BRH:19
end_of_record
TN:
SF:src\stubs\iconv-lite.js
FN:14,encode
FN:22,decode
FNF:2
FNH:2
FNDA:5,encode
FNDA:2,decode
DA:13,1
DA:15,5
DA:16,5
DA:17,23
DA:19,5
DA:23,2
LF:6
LH:6
BRF:0
BRH:0
end_of_record
