TN:
SF:src\App.jsx
FN:5,App
FNF:1
FNH:1
FNDA:4,App
DA:6,4
LF:1
LH:1
BRF:0
BRH:0
end_of_record
TN:
SF:src\features\product-catalog\api.js
FN:3,fetchSoldOutKodes
FN:6,(anonymous_1)
FNF:2
FNH:2
FNDA:3,fetchSoldOutKodes
FNDA:2,(anonymous_1)
DA:4,3
DA:5,3
DA:6,2
LF:3
LH:3
BRDA:5,0,0,2
BRDA:5,0,1,1
BRDA:5,1,0,3
BRDA:5,1,1,2
BRF:4
BRH:4
end_of_record
TN:
SF:src\features\product-catalog\hooks.js
FN:6,useSoldOutSet
FN:11,useVisitUsModal
FN:12,(anonymous_2)
FN:13,(anonymous_3)
FN:14,(anonymous_4)
FN:15,(anonymous_5)
FNF:6
FNH:6
FNDA:2,useSoldOutSet
FNDA:1,useVisitUsModal
FNDA:1,(anonymous_2)
FNDA:1,(anonymous_3)
FNDA:1,(anonymous_4)
FNDA:1,(anonymous_5)
DA:7,2
DA:8,2
DA:12,1
DA:13,1
DA:14,1
DA:15,1
DA:16,1
LF:7
LH:7
BRDA:8,0,0,2
BRDA:8,0,1,1
BRF:2
BRH:2
end_of_record
TN:
SF:src\features\product-catalog\queries.js
FN:6,useSoldOutKodesQuery
FNF:1
FNH:1
FNDA:2,useSoldOutKodesQuery
DA:4,2
DA:7,2
LF:2
LH:2
BRF:0
BRH:0
end_of_record
TN:
SF:src\features\product-catalog\store.js
FN:4,todayStr
FN:14,(anonymous_1)
FN:17,(anonymous_2)
FN:20,(anonymous_3)
FN:21,(anonymous_4)
FN:25,(anonymous_5)
FNF:6
FNH:6
FNDA:4,todayStr
FNDA:2,(anonymous_1)
FNDA:2,(anonymous_2)
FNDA:3,(anonymous_3)
FNDA:2,(anonymous_4)
FNDA:13,(anonymous_5)
DA:5,4
DA:12,2
DA:14,2
DA:18,2
DA:20,3
DA:21,2
DA:25,13
LF:7
LH:7
BRF:0
BRH:0
end_of_record
TN:
SF:src\features\product-catalog\components\CatalogPage.jsx
FN:7,CatalogPage
FN:14,(anonymous_1)
FN:18,(anonymous_2)
FN:24,onScroll
FN:28,(anonymous_4)
FN:59,(anonymous_5)
FN:61,(anonymous_6)
FN:62,(anonymous_7)
FN:63,(anonymous_8)
FN:83,(anonymous_9)
FNF:10
FNH:10
FNDA:13,CatalogPage
FNDA:12,(anonymous_1)
FNDA:12,(anonymous_2)
FNDA:2,onScroll
FNDA:12,(anonymous_4)
FNDA:11,(anonymous_5)
FNDA:8,(anonymous_6)
FNDA:6,(anonymous_7)
FNDA:7,(anonymous_8)
FNDA:1,(anonymous_9)
DA:8,13
DA:9,13
DA:10,13
DA:11,13
DA:12,13
DA:14,13
DA:15,12
DA:18,13
DA:19,12
DA:25,2
DA:27,12
DA:28,12
DA:31,13
DA:60,11
DA:61,8
DA:62,6
DA:63,11
DA:64,7
DA:83,1
LF:19
LH:19
BRDA:37,0,0,13
BRDA:37,0,1,1
BRDA:42,1,0,13
BRDA:42,1,1,1
BRDA:42,1,2,1
BRDA:52,2,0,13
BRDA:52,2,1,12
BRDA:52,2,2,11
BRDA:52,2,3,7
BRDA:57,3,0,13
BRDA:57,3,1,12
BRDA:57,3,2,11
BRDA:60,4,0,11
BRDA:60,4,1,1
BRDA:62,5,0,6
BRDA:62,5,1,3
BRDA:62,6,0,6
BRDA:62,6,1,2
BRDA:81,7,0,13
BRDA:81,7,1,1
BRF:20
BRH:20
end_of_record
TN:
SF:src\features\product-catalog\components\CatalogSlide.jsx
FN:6,SoldOutStamp
FN:22,CatalogSlide
FN:28,(anonymous_2)
FN:30,(anonymous_3)
FN:31,(anonymous_4)
FN:40,(anonymous_5)
FN:66,(anonymous_6)
FN:101,(anonymous_7)
FNF:8
FNH:8
FNDA:4,SoldOutStamp
FNDA:20,CatalogSlide
FNDA:2,(anonymous_2)
FNDA:18,(anonymous_3)
FNDA:2,(anonymous_4)
FNDA:18,(anonymous_5)
FNDA:2,(anonymous_6)
FNDA:2,(anonymous_7)
DA:7,4
DA:23,20
DA:24,20
DA:25,20
DA:26,20
DA:27,20
DA:28,20
DA:30,20
DA:31,18
DA:40,18
DA:43,20
DA:67,2
DA:102,2
LF:13
LH:13
BRDA:22,0,0,20
BRDA:28,1,0,20
BRDA:28,1,1,19
BRDA:60,2,0,20
BRDA:60,2,1,2
BRDA:64,3,0,20
BRDA:64,3,1,1
BRDA:82,4,0,1
BRDA:82,4,1,19
BRDA:83,5,0,1
BRDA:83,5,1,19
BRDA:88,6,0,2
BRDA:88,6,1,18
BRDA:96,7,0,20
BRDA:96,7,1,2
BRDA:99,8,0,20
BRDA:99,8,1,1
BRDA:114,9,0,20
BRDA:114,9,1,16
BRF:19
BRH:19
end_of_record
TN:
SF:src\features\product-catalog\components\VisitUsModal.jsx
FN:5,Modal
FN:64,(anonymous_1)
FNF:2
FNH:2
FNDA:6,Modal
FNDA:1,(anonymous_1)
DA:3,2
DA:6,6
DA:8,5
DA:65,1
DA:66,1
LF:5
LH:5
BRDA:3,0,0,2
BRDA:3,0,1,2
BRDA:6,1,0,1
BRDA:6,1,1,5
BRF:4
BRH:4
end_of_record
TN:
SF:src\features\product-detail\components\ProductDetailPage.jsx
FN:6,ProductDetail
FN:29,(anonymous_1)
FN:63,(anonymous_2)
FN:112,(anonymous_3)
FNF:4
FNH:4
FNDA:12,ProductDetail
FNDA:2,(anonymous_1)
FNDA:2,(anonymous_2)
FNDA:6,(anonymous_3)
DA:7,12
DA:8,12
DA:10,12
DA:11,1
DA:17,11
DA:18,11
DA:25,10
DA:27,8
DA:28,8
DA:29,8
DA:30,12
DA:31,12
DA:32,12
DA:33,12
DA:35,12
DA:64,2
DA:113,6
LF:17
LH:17
BRDA:10,0,0,1
BRDA:10,0,1,11
BRDA:17,1,0,1
BRDA:17,1,1,10
BRDA:25,2,0,2
BRDA:25,2,1,8
BRDA:29,3,0,8
BRDA:29,3,1,7
BRDA:31,4,0,12
BRDA:31,4,1,7
BRDA:51,5,0,12
BRDA:51,5,1,1
BRDA:57,6,0,12
BRDA:57,6,1,1
BRDA:96,7,0,12
BRDA:96,7,1,4
BRDA:110,8,0,5
BRDA:110,8,1,3
BRDA:110,9,0,12
BRDA:110,9,1,4
BRDA:116,10,0,4
BRDA:116,10,1,2
BRDA:117,11,0,4
BRDA:117,11,1,2
BRDA:118,12,0,4
BRDA:118,12,1,2
BRDA:123,13,0,5
BRDA:123,13,1,2
BRF:28
BRH:28
end_of_record
TN:
SF:src\shared\components\WhatsApp.jsx
FN:1,WhatsApp
FNF:1
FNH:1
FNDA:15,WhatsApp
DA:2,15
LF:1
LH:1
BRF:0
BRH:0
end_of_record
TN:
SF:src\shared\hooks\useHeroPreload.js
FN:3,useHeroPreload
FN:4,(anonymous_1)
FN:18,(anonymous_2)
FNF:3
FNH:3
FNDA:8,useHeroPreload
FNDA:8,(anonymous_1)
FNDA:4,(anonymous_2)
DA:4,8
DA:5,8
DA:7,6
DA:8,8
DA:10,4
DA:11,4
DA:12,4
DA:13,4
DA:14,4
DA:16,4
DA:18,4
DA:19,4
LF:12
LH:12
BRDA:5,0,0,2
BRDA:5,0,1,6
BRDA:5,1,0,8
BRDA:5,1,1,7
BRDA:8,2,0,2
BRDA:8,2,1,6
BRF:6
BRH:6
end_of_record
