TN:
SF:components\BackToTop.jsx
FN:12,BackToTop
FN:20,(anonymous_1)
FN:23,onScroll
FN:31,(anonymous_3)
FN:36,scrollToTop
FNF:5
FNH:5
FNDA:29,BackToTop
FNDA:11,(anonymous_1)
FNDA:20,onScroll
FNDA:11,(anonymous_3)
FNDA:2,scrollToTop
DA:18,29
DA:20,29
DA:21,11
DA:24,20
DA:25,20
DA:28,11
DA:29,11
DA:30,11
DA:31,11
DA:34,29
DA:37,2
DA:38,2
DA:39,1
DA:41,1
DA:45,17
LF:15
LH:15
BRDA:13,0,0,29
BRDA:14,1,0,29
BRDA:15,2,0,29
BRDA:16,3,0,29
BRDA:21,4,0,11
BRDA:21,4,1,8
BRDA:24,5,0,5
BRDA:24,5,1,15
BRDA:28,6,0,11
BRDA:28,6,1,8
BRDA:34,7,0,12
BRDA:34,7,1,17
BRDA:37,8,0,2
BRDA:37,8,1,1
BRDA:38,9,0,1
BRDA:38,9,1,1
BRDA:49,10,0,17
BRDA:49,10,1,15
BRF:18
BRH:18
end_of_record
TN:
SF:components\ThemeToggle.jsx
FN:18,ThemeToggle
FN:103,(anonymous_1)
FNF:2
FNH:2
FNDA:6,ThemeToggle
FNDA:36,(anonymous_1)
DA:13,1
DA:14,1
DA:15,1
DA:16,1
DA:20,6
DA:22,6
DA:104,36
LF:7
LH:7
BRDA:20,0,0,3
BRDA:20,0,1,3
BRDA:26,1,0,3
BRDA:26,1,1,3
BRDA:27,2,0,3
BRDA:27,2,1,3
BRDA:73,3,0,3
BRDA:73,3,1,3
BRDA:83,4,0,3
BRDA:83,4,1,3
BRDA:92,5,0,3
BRDA:92,5,1,3
BRDA:110,6,0,18
BRDA:110,6,1,18
BRDA:121,7,0,3
BRDA:121,7,1,3
BRDA:127,8,0,3
BRDA:127,8,1,3
BRDA:134,9,0,3
BRDA:134,9,1,3
BRDA:141,10,0,3
BRDA:141,10,1,3
BRF:22
BRH:22
end_of_record
TN:
SF:components\ToastContainer.jsx
FN:26,ToastContainer
FN:27,(anonymous_1)
FN:28,(anonymous_2)
FN:34,(anonymous_3)
FN:38,(anonymous_4)
FNF:5
FNH:5
FNDA:7,ToastContainer
FNDA:22,(anonymous_1)
FNDA:22,(anonymous_2)
FNDA:6,(anonymous_3)
FNDA:1,(anonymous_4)
DA:8,1
DA:14,1
DA:20,1
DA:27,22
DA:28,22
DA:30,7
DA:32,5
DA:35,6
DA:38,1
LF:9
LH:9
BRDA:30,0,0,2
BRDA:30,0,1,5
BRF:2
BRH:2
end_of_record
TN:
SF:features\auth\api.js
FN:11,toEmail
FN:16,toUsername
FN:21,signIn
FN:28,signOut
FN:32,getCurrentUser
FN:41,displayName
FNF:6
FNH:6
FNDA:2,toEmail
FNDA:7,toUsername
FNDA:2,signIn
FNDA:1,signOut
FNDA:2,getCurrentUser
FNDA:25,displayName
DA:8,4
DA:12,2
DA:17,7
DA:18,5
DA:22,2
DA:29,1
DA:35,2
DA:36,2
DA:42,25
DA:43,21
DA:44,25
LF:11
LH:11
BRDA:17,0,0,2
BRDA:17,0,1,5
BRDA:18,1,0,4
BRDA:18,1,1,1
BRDA:42,2,0,4
BRDA:42,2,1,21
BRDA:43,3,0,21
BRDA:43,3,1,7
BRDA:43,3,2,1
BRF:9
BRH:9
end_of_record
TN:
SF:features\auth\hooks.js
FN:14,useAuth
FN:17,(anonymous_1)
FN:21,(anonymous_2)
FN:24,(anonymous_3)
FNF:4
FNH:4
FNDA:6,useAuth
FNDA:4,(anonymous_1)
FNDA:2,(anonymous_2)
FNDA:4,(anonymous_3)
DA:15,6
DA:17,6
DA:21,4
DA:22,2
DA:24,4
DA:27,6
LF:6
LH:6
BRDA:22,0,0,2
BRDA:22,0,1,1
BRF:2
BRH:2
end_of_record
TN:
SF:features\products\api.js
FN:7,fetchProducts
FNF:1
FNH:1
FNDA:3,fetchProducts
DA:8,3
DA:14,3
DA:15,2
LF:3
LH:3
BRDA:14,0,0,1
BRDA:14,0,1,2
BRDA:15,1,0,2
BRDA:15,1,1,1
BRF:4
BRH:4
end_of_record
TN:
SF:features\products\hooks.js
FN:11,useProducts
FN:17,useProduct
FN:19,(anonymous_2)
FNF:3
FNH:3
FNDA:5,useProducts
FNDA:3,useProduct
FNDA:2,(anonymous_2)
DA:12,5
DA:13,5
DA:18,3
DA:19,3
DA:20,3
LF:5
LH:5
BRDA:13,0,0,5
BRDA:13,0,1,2
BRDA:19,1,0,3
BRDA:19,1,1,2
BRF:4
BRH:4
end_of_record
TN:
SF:features\products\queries.js
FN:12,useProductsQuery
FN:22,useInvalidateProducts
FN:24,(anonymous_2)
FNF:3
FNH:3
FNDA:2,useProductsQuery
FNDA:1,useInvalidateProducts
FNDA:1,(anonymous_2)
DA:8,1
DA:13,2
DA:23,1
DA:24,1
LF:4
LH:4
BRF:0
BRH:0
end_of_record
TN:
SF:features\stok\api.js
FN:8,fetchStokByLocation
FNF:1
FNH:1
FNDA:5,fetchStokByLocation
DA:9,5
DA:11,3
DA:18,3
DA:19,2
LF:4
LH:4
BRDA:9,0,0,2
BRDA:9,0,1,3
BRDA:18,1,0,1
BRDA:18,1,1,2
BRDA:19,2,0,2
BRDA:19,2,1,1
BRF:6
BRH:6
end_of_record
TN:
SF:features\stok\hooks.js
FN:8,useStokByLocation
FNF:1
FNH:1
FNDA:2,useStokByLocation
DA:9,2
DA:10,2
LF:2
LH:2
BRDA:10,0,0,2
BRDA:10,0,1,1
BRF:2
BRH:2
end_of_record
TN:
SF:features\stok\queries.js
FN:8,(anonymous_0)
FN:11,useStokByLocationQuery
FN:14,(anonymous_2)
FNF:3
FNH:3
FNDA:3,(anonymous_0)
FNDA:3,useStokByLocationQuery
FNDA:1,(anonymous_2)
DA:7,1
DA:8,3
DA:12,3
DA:14,1
LF:4
LH:4
BRF:0
BRH:0
end_of_record
TN:
SF:features\theme\hooks.js
FN:9,useTheme
FN:10,(anonymous_1)
FN:11,(anonymous_2)
FNF:3
FNH:3
FNDA:2,useTheme
FNDA:2,(anonymous_1)
FNDA:2,(anonymous_2)
DA:10,2
DA:11,2
DA:12,2
LF:3
LH:3
BRF:0
BRH:0
end_of_record
TN:
SF:features\theme\store.js
FN:15,getStored
FN:25,applyTheme
FN:34,(anonymous_2)
FN:50,(anonymous_3)
FN:52,(anonymous_4)
FNF:5
FNH:5
FNDA:10,getStored
FNDA:13,applyTheme
FNDA:10,(anonymous_2)
FNDA:10,(anonymous_3)
FNDA:4,(anonymous_4)
DA:13,10
DA:16,10
DA:17,10
DA:18,10
DA:22,5
DA:26,13
DA:27,5
DA:29,8
DA:34,10
DA:35,10
DA:36,10
DA:37,10
DA:38,5
DA:39,5
DA:41,5
DA:42,10
DA:43,10
DA:44,10
DA:46,1
DA:50,10
DA:53,4
DA:55,4
DA:56,4
DA:57,4
DA:61,4
LF:25
LH:25
BRDA:18,0,0,5
BRDA:18,0,1,5
BRDA:18,1,0,10
BRDA:18,1,1,8
BRDA:26,2,0,5
BRDA:26,2,1,8
BRDA:37,3,0,5
BRDA:37,3,1,5
BRDA:42,4,0,1
BRDA:42,4,1,3
BRDA:53,5,0,1
BRDA:53,5,1,3
BRF:12
BRH:12
end_of_record
TN:
SF:features\toast\hooks.js
FN:19,(anonymous_0)
FN:20,(anonymous_1)
FN:21,(anonymous_2)
FNF:3
FNH:3
FNDA:1,(anonymous_0)
FNDA:1,(anonymous_1)
FNDA:1,(anonymous_2)
DA:18,2
DA:19,1
DA:20,1
DA:21,1
LF:4
LH:4
BRF:0
BRH:0
end_of_record
TN:
SF:features\toast\store.js
FN:12,(anonymous_0)
FN:14,(anonymous_1)
FN:16,(anonymous_2)
FN:17,(anonymous_3)
FN:20,(anonymous_4)
FN:20,(anonymous_5)
FN:20,(anonymous_6)
FNF:7
FNH:7
FNDA:2,(anonymous_0)
FNDA:9,(anonymous_1)
FNDA:9,(anonymous_2)
FNDA:4,(anonymous_3)
FNDA:6,(anonymous_4)
FNDA:6,(anonymous_5)
FNDA:7,(anonymous_6)
DA:9,2
DA:10,2
DA:12,2
DA:15,9
DA:16,9
DA:17,9
DA:18,9
DA:20,7
LF:8
LH:8
BRDA:17,0,0,9
BRDA:17,0,1,1
BRF:2
BRH:2
end_of_record
TN:
SF:features\transfers\api.js
FN:21,logTransfer
FN:24,(anonymous_1)
FN:41,generateTransferNo
FN:50,fetchPendingTransferCount
FN:62,fetchTransfers
FN:76,createTransfer
FN:99,(anonymous_6)
FN:106,(anonymous_7)
FN:113,approveTransfer
FN:185,(anonymous_9)
FN:188,rejectTransfer
FN:220,(anonymous_11)
FN:223,deleteTransfer
FN:228,updateTransfer
FNF:14
FNH:14
FNDA:16,logTransfer
FNDA:10,(anonymous_1)
FNDA:7,generateTransferNo
FNDA:3,fetchPendingTransferCount
FNDA:9,fetchTransfers
FNDA:9,createTransfer
FNDA:1,(anonymous_6)
FNDA:1,(anonymous_7)
FNDA:14,approveTransfer
FNDA:1,(anonymous_9)
FNDA:6,rejectTransfer
FNDA:1,(anonymous_11)
FNDA:2,deleteTransfer
FNDA:7,updateTransfer
DA:22,16
DA:23,16
DA:24,13
DA:25,16
DA:36,3
DA:42,7
DA:43,7
DA:44,7
DA:45,7
DA:51,3
DA:55,3
DA:56,2
DA:63,9
DA:65,9
DA:66,3
DA:68,9
DA:69,9
DA:71,9
DA:72,9
DA:73,8
DA:77,9
DA:78,3
DA:80,6
DA:81,1
DA:84,5
DA:95,9
DA:96,5
DA:99,4
DA:102,4
DA:110,9
DA:114,14
DA:115,1
DA:117,13
DA:118,1
DA:124,12
DA:133,12
DA:137,11
DA:138,11
DA:140,11
DA:141,11
DA:142,11
DA:143,11
DA:146,9
DA:152,9
DA:153,8
DA:155,1
DA:158,9
DA:159,9
DA:161,8
DA:163,1
DA:164,1
DA:167,7
DA:168,7
DA:169,7
DA:172,11
DA:173,6
DA:176,7
DA:177,7
DA:181,9
DA:189,6
DA:190,1
DA:192,5
DA:193,1
DA:198,4
DA:208,4
DA:211,3
DA:224,2
DA:225,2
DA:229,7
DA:230,1
DA:232,6
DA:233,1
DA:235,5
DA:236,2
DA:239,3
DA:249,3
LF:76
LH:76
BRDA:21,0,0,16
BRDA:24,1,0,13
BRDA:24,1,1,3
BRDA:24,2,0,10
BRDA:24,2,1,1
BRDA:32,3,0,16
BRDA:32,3,1,1
BRDA:55,4,0,1
BRDA:55,4,1,2
BRDA:56,5,0,2
BRDA:56,5,1,1
BRDA:62,6,0,9
BRDA:62,7,0,9
BRDA:62,8,0,9
BRDA:65,9,0,3
BRDA:65,9,1,6
BRDA:65,10,0,9
BRDA:65,10,1,8
BRDA:68,11,0,1
BRDA:68,11,1,8
BRDA:69,12,0,1
BRDA:69,12,1,8
BRDA:72,13,0,1
BRDA:72,13,1,8
BRDA:73,14,0,8
BRDA:73,14,1,1
BRDA:77,15,0,3
BRDA:77,15,1,6
BRDA:77,16,0,9
BRDA:77,16,1,8
BRDA:77,16,2,7
BRDA:80,17,0,1
BRDA:80,17,1,5
BRDA:89,18,0,5
BRDA:89,18,1,4
BRDA:91,19,0,9
BRDA:91,19,1,2
BRDA:96,20,0,1
BRDA:96,20,1,4
BRDA:104,21,0,4
BRDA:104,21,1,1
BRDA:114,22,0,1
BRDA:114,22,1,13
BRDA:117,23,0,1
BRDA:117,23,1,12
BRDA:117,24,0,13
BRDA:117,24,1,12
BRDA:128,25,0,12
BRDA:128,25,1,1
BRDA:133,26,0,1
BRDA:133,26,1,11
BRDA:141,27,0,11
BRDA:141,27,1,1
BRDA:142,28,0,11
BRDA:142,28,1,1
BRDA:143,29,0,2
BRDA:143,29,1,9
BRDA:152,30,0,8
BRDA:152,30,1,1
BRDA:159,31,0,1
BRDA:159,31,1,8
BRDA:161,32,0,1
BRDA:161,32,1,7
BRDA:161,33,0,8
BRDA:161,33,1,8
BRDA:169,34,0,7
BRDA:169,34,1,1
BRDA:172,35,0,6
BRDA:172,35,1,5
BRDA:173,36,0,6
BRDA:173,36,1,1
BRDA:177,37,0,1
BRDA:177,37,1,6
BRDA:188,38,0,6
BRDA:189,39,0,1
BRDA:189,39,1,5
BRDA:192,40,0,1
BRDA:192,40,1,4
BRDA:192,41,0,5
BRDA:192,41,1,4
BRDA:202,42,0,4
BRDA:202,42,1,1
BRDA:204,43,0,3
BRDA:204,43,1,1
BRDA:208,44,0,1
BRDA:208,44,1,3
BRDA:217,45,0,2
BRDA:217,45,1,1
BRDA:225,46,0,1
BRDA:225,46,1,1
BRDA:229,47,0,1
BRDA:229,47,1,6
BRDA:232,48,0,1
BRDA:232,48,1,5
BRDA:235,49,0,2
BRDA:235,49,1,3
BRDA:235,50,0,5
BRDA:235,50,1,4
BRDA:245,51,0,3
BRDA:245,51,1,2
BRDA:249,52,0,1
BRDA:249,52,1,2
BRF:102
BRH:102
end_of_record
TN:
SF:features\transfers\hooks.js
FN:21,useTransfers
FN:29,usePendingTransferCount
FN:37,useCreateTransfer
FN:39,(anonymous_3)
FN:43,useApproveTransfer
FN:45,(anonymous_5)
FN:48,useRejectTransfer
FN:50,(anonymous_7)
FN:53,useDeleteTransfer
FN:55,(anonymous_9)
FN:58,useUpdateTransfer
FN:60,(anonymous_11)
FNF:12
FNH:12
FNDA:2,useTransfers
FNDA:2,usePendingTransferCount
FNDA:1,useCreateTransfer
FNDA:1,(anonymous_3)
FNDA:1,useApproveTransfer
FNDA:1,(anonymous_5)
FNDA:2,useRejectTransfer
FNDA:2,(anonymous_7)
FNDA:1,useDeleteTransfer
FNDA:1,(anonymous_9)
FNDA:1,useUpdateTransfer
FNDA:1,(anonymous_11)
DA:22,2
DA:23,2
DA:30,2
DA:31,2
DA:38,1
DA:39,1
DA:40,1
DA:44,1
DA:45,1
DA:49,2
DA:50,2
DA:54,1
DA:55,1
DA:59,1
DA:60,1
LF:15
LH:15
BRDA:21,0,0,2
BRDA:21,1,0,2
BRDA:21,2,0,2
BRDA:23,3,0,2
BRDA:23,3,1,1
BRDA:31,4,0,2
BRDA:31,4,1,1
BRDA:50,5,0,2
BRF:8
BRH:8
end_of_record
TN:
SF:features\transfers\queries.js
FN:19,(anonymous_0)
FN:23,useTransfersQuery
FN:26,(anonymous_2)
FN:31,usePendingTransferCountQuery
FN:39,useCreateTransferMutation
FN:43,(anonymous_5)
FN:44,(anonymous_6)
FN:48,useApproveTransferMutation
FN:52,(anonymous_8)
FN:53,(anonymous_9)
FN:57,useRejectTransferMutation
FN:61,(anonymous_11)
FN:62,(anonymous_12)
FN:66,useDeleteTransferMutation
FN:69,(anonymous_14)
FN:70,(anonymous_15)
FN:74,useUpdateTransferMutation
FN:77,(anonymous_17)
FN:78,(anonymous_18)
FNF:19
FNH:19
FNDA:3,(anonymous_0)
FNDA:2,useTransfersQuery
FNDA:1,(anonymous_2)
FNDA:2,usePendingTransferCountQuery
FNDA:1,useCreateTransferMutation
FNDA:1,(anonymous_5)
FNDA:1,(anonymous_6)
FNDA:1,useApproveTransferMutation
FNDA:1,(anonymous_8)
FNDA:1,(anonymous_9)
FNDA:1,useRejectTransferMutation
FNDA:1,(anonymous_11)
FNDA:1,(anonymous_12)
FNDA:1,useDeleteTransferMutation
FNDA:1,(anonymous_14)
FNDA:1,(anonymous_15)
FNDA:1,useUpdateTransferMutation
FNDA:1,(anonymous_17)
FNDA:1,(anonymous_18)
DA:17,1
DA:19,3
DA:24,2
DA:26,1
DA:32,2
DA:40,1
DA:41,1
DA:42,1
DA:43,1
DA:44,1
DA:49,1
DA:50,1
DA:51,1
DA:52,1
DA:53,1
DA:58,1
DA:59,1
DA:60,1
DA:61,1
DA:62,1
DA:67,1
DA:68,1
DA:69,1
DA:70,1
DA:75,1
DA:76,1
DA:77,1
DA:78,1
LF:28
LH:28
BRDA:23,0,0,2
BRDA:23,1,0,2
BRDA:23,2,0,2
BRF:3
BRH:3
end_of_record
TN:
SF:lib\bepUtils.js
FN:18,(anonymous_0)
FN:34,effQty
FN:36,(anonymous_2)
FN:41,itemProfit
FN:46,localDateStr
FN:60,getHariBukaPerMinggu
FN:72,getHppPasarPerHari
FN:80,getHppPasarPerPeriode
FN:102,computeMarginPerPcs
FN:106,(anonymous_9)
FN:132,computeBepLokasi
FN:165,findEarliestMarketDate
FN:188,computeSaldoHarian
FN:265,computeTargetProduksi
FN:303,getSisaHariMingguIni
FN:327,computeKebutuhanBahanMingguan
FN:335,(anonymous_16)
FN:347,(anonymous_17)
FN:381,computeProyeksiUtangVsSaldo
FN:404,(anonymous_19)
FN:408,(anonymous_20)
FNF:21
FNH:21
FNDA:3,(anonymous_0)
FNDA:39,effQty
FNDA:8,(anonymous_2)
FNDA:15,itemProfit
FNDA:38,localDateStr
FNDA:40,getHariBukaPerMinggu
FNDA:33,getHppPasarPerHari
FNDA:6,getHppPasarPerPeriode
FNDA:15,computeMarginPerPcs
FNDA:12,(anonymous_9)
FNDA:3,computeBepLokasi
FNDA:5,findEarliestMarketDate
FNDA:7,computeSaldoHarian
FNDA:5,computeTargetProduksi
FNDA:3,getSisaHariMingguIni
FNDA:12,computeKebutuhanBahanMingguan
FNDA:7,(anonymous_16)
FNDA:6,(anonymous_17)
FNDA:7,computeProyeksiUtangVsSaldo
FNDA:1,(anonymous_19)
FNDA:5,(anonymous_20)
DA:18,3
DA:27,1
DA:35,39
DA:36,8
DA:38,35
DA:42,15
DA:47,38
DA:61,40
DA:62,40
DA:63,40
DA:64,280
DA:65,280
DA:66,280
DA:68,40
DA:73,33
DA:74,30
DA:75,30
DA:76,33
DA:81,6
DA:82,6
DA:83,6
DA:103,15
DA:104,15
DA:105,10
DA:106,12
DA:108,15
DA:109,15
DA:110,15
DA:111,15
DA:112,14
DA:113,14
DA:114,12
DA:115,12
DA:116,12
DA:117,12
DA:120,15
DA:121,7
DA:122,3
DA:124,8
DA:133,3
DA:134,3
DA:135,2
DA:147,1
DA:148,1
DA:149,1
DA:150,1
DA:151,1
DA:166,5
DA:167,5
DA:168,8
DA:169,5
DA:171,5
DA:189,7
DA:190,7
DA:191,5
DA:192,4
DA:193,4
DA:194,5
DA:195,3
DA:196,3
DA:200,7
DA:201,7
DA:202,7
DA:204,6
DA:205,6
DA:207,7
DA:208,10
DA:209,10
DA:210,10
DA:211,10
DA:212,10
DA:213,10
DA:214,10
DA:216,10
DA:217,10
DA:229,10
DA:230,10
DA:233,6
DA:274,5
DA:275,5
DA:276,5
DA:277,5
DA:278,35
DA:279,35
DA:280,35
DA:283,5
DA:284,5
DA:285,5
DA:286,5
DA:287,5
DA:304,3
DA:305,3
DA:332,12
DA:333,12
DA:334,6
DA:335,7
DA:337,12
DA:338,12
DA:339,12
DA:340,12
DA:342,12
DA:343,3
DA:345,9
DA:346,9
DA:347,6
DA:348,6
DA:353,9
DA:354,12
DA:355,12
DA:389,7
DA:390,7
DA:391,2
DA:393,7
DA:395,7
DA:396,7
DA:397,7
DA:398,10
DA:399,7
DA:400,7
DA:401,7
DA:402,7
DA:404,7
DA:406,7
DA:407,7
DA:408,7
DA:409,5
DA:410,5
DA:414,5
DA:415,5
DA:416,5
DA:417,5
DA:418,5
DA:420,5
DA:421,5
DA:435,7
LF:135
LH:135
BRDA:35,0,0,4
BRDA:35,0,1,35
BRDA:35,1,0,39
BRDA:35,1,1,6
BRDA:36,2,0,8
BRDA:36,2,1,2
BRDA:38,3,0,35
BRDA:38,3,1,4
BRDA:42,4,0,15
BRDA:42,4,1,1
BRDA:42,5,0,15
BRDA:42,5,1,1
BRDA:46,6,0,38
BRDA:66,7,0,69
BRDA:66,7,1,211
BRDA:73,8,0,3
BRDA:73,8,1,30
BRDA:75,9,0,29
BRDA:75,9,1,1
BRDA:75,10,0,29
BRDA:75,10,1,1
BRDA:76,11,0,33
BRDA:76,11,1,1
BRDA:102,12,0,15
BRDA:102,13,0,15
BRDA:102,14,0,15
BRDA:104,15,0,10
BRDA:104,15,1,5
BRDA:106,16,0,12
BRDA:106,16,1,1
BRDA:112,17,0,1
BRDA:112,17,1,13
BRDA:113,18,0,14
BRDA:113,18,1,2
BRDA:117,19,0,12
BRDA:117,19,1,1
BRDA:120,20,0,7
BRDA:120,20,1,8
BRDA:121,21,0,4
BRDA:121,21,1,3
BRDA:134,22,0,2
BRDA:134,22,1,1
BRDA:134,23,0,3
BRDA:134,23,1,2
BRDA:168,24,0,3
BRDA:168,24,1,5
BRDA:168,25,0,8
BRDA:168,25,1,6
BRDA:169,26,0,3
BRDA:169,26,1,2
BRDA:169,27,0,5
BRDA:169,27,1,3
BRDA:191,28,0,1
BRDA:191,28,1,4
BRDA:192,29,0,2
BRDA:192,29,1,2
BRDA:193,30,0,1
BRDA:193,30,1,3
BRDA:194,31,0,5
BRDA:194,31,1,1
BRDA:202,32,0,1
BRDA:202,32,1,6
BRDA:205,33,0,6
BRDA:205,33,1,1
BRDA:211,34,0,10
BRDA:211,34,1,8
BRDA:212,35,0,7
BRDA:212,35,1,3
BRDA:216,36,0,8
BRDA:216,36,1,2
BRDA:227,37,0,8
BRDA:227,37,1,2
BRDA:270,38,0,5
BRDA:271,39,0,5
BRDA:272,40,0,5
BRDA:279,41,0,15
BRDA:279,41,1,20
BRDA:283,42,0,4
BRDA:283,42,1,1
BRDA:284,43,0,5
BRDA:284,43,1,1
BRDA:286,44,0,5
BRDA:286,44,1,3
BRDA:290,45,0,5
BRDA:290,45,1,1
BRDA:303,46,0,3
BRDA:305,47,0,1
BRDA:305,47,1,2
BRDA:330,48,0,12
BRDA:330,49,0,12
BRDA:330,50,0,12
BRDA:333,51,0,6
BRDA:333,51,1,6
BRDA:335,52,0,7
BRDA:335,52,1,1
BRDA:339,53,0,1
BRDA:339,53,1,11
BRDA:340,54,0,12
BRDA:340,54,1,2
BRDA:342,55,0,3
BRDA:342,55,1,9
BRDA:342,56,0,12
BRDA:342,56,1,6
BRDA:346,57,0,6
BRDA:346,57,1,3
BRDA:349,58,0,1
BRDA:349,58,1,5
BRDA:353,59,0,6
BRDA:353,59,1,3
BRDA:354,60,0,12
BRDA:354,60,1,1
BRDA:387,61,0,7
BRDA:390,62,0,7
BRDA:390,62,1,1
BRDA:393,63,0,7
BRDA:393,63,1,1
BRDA:393,64,0,7
BRDA:393,64,1,1
BRDA:397,65,0,7
BRDA:397,65,1,2
BRDA:398,66,0,3
BRDA:398,66,1,7
BRDA:398,67,0,10
BRDA:398,67,1,9
BRDA:400,68,0,5
BRDA:400,68,1,2
BRDA:402,69,0,1
BRDA:402,69,1,6
BRDA:417,70,0,2
BRDA:417,70,1,3
BRDA:417,71,0,5
BRDA:417,71,1,3
BRDA:418,72,0,3
BRDA:418,72,1,2
BRDA:418,73,0,5
BRDA:418,73,1,3
BRDA:420,74,0,2
BRDA:420,74,1,3
BRDA:420,75,0,5
BRDA:420,75,1,3
BRF:140
BRH:140
end_of_record
TN:
SF:lib\cloudinary.js
FN:16,uploadImage
FN:25,(anonymous_1)
FN:29,(anonymous_2)
FN:35,(anonymous_3)
FN:51,(anonymous_4)
FN:57,uploadVideo
FN:66,(anonymous_6)
FN:70,(anonymous_7)
FN:76,(anonymous_8)
FN:91,(anonymous_9)
FN:99,cldUrl
FNF:11
FNH:11
FNDA:6,uploadImage
FNDA:5,(anonymous_1)
FNDA:3,(anonymous_2)
FNDA:4,(anonymous_3)
FNDA:1,(anonymous_4)
FNDA:5,uploadVideo
FNDA:4,(anonymous_6)
FNDA:1,(anonymous_7)
FNDA:3,(anonymous_8)
FNDA:1,(anonymous_9)
FNDA:10,cldUrl
DA:6,23
DA:7,23
DA:9,23
DA:10,3
DA:17,6
DA:18,1
DA:21,5
DA:22,5
DA:23,5
DA:25,5
DA:26,5
DA:27,5
DA:29,5
DA:30,3
DA:31,1
DA:35,5
DA:36,4
DA:37,3
DA:38,3
DA:47,1
DA:51,5
DA:52,5
DA:58,5
DA:59,1
DA:62,4
DA:63,4
DA:64,4
DA:66,4
DA:67,4
DA:68,4
DA:70,4
DA:71,1
DA:72,1
DA:76,4
DA:77,3
DA:78,2
DA:79,2
DA:87,1
DA:91,4
DA:92,4
DA:100,10
DA:101,7
DA:103,6
DA:104,6
DA:105,6
DA:106,6
DA:107,6
DA:109,6
LF:48
LH:48
BRDA:9,0,0,3
BRDA:9,0,1,20
BRDA:9,1,0,23
BRDA:9,1,1,20
BRDA:16,2,0,6
BRDA:17,3,0,1
BRDA:17,3,1,5
BRDA:17,4,0,6
BRDA:17,4,1,5
BRDA:30,5,0,1
BRDA:30,5,1,2
BRDA:30,6,0,3
BRDA:30,6,1,2
BRDA:36,7,0,3
BRDA:36,7,1,1
BRDA:36,8,0,4
BRDA:36,8,1,4
BRDA:57,9,0,5
BRDA:58,10,0,1
BRDA:58,10,1,4
BRDA:58,11,0,5
BRDA:58,11,1,4
BRDA:71,12,0,1
BRDA:71,12,1,0
BRDA:71,13,0,1
BRDA:71,13,1,1
BRDA:77,14,0,2
BRDA:77,14,1,1
BRDA:77,15,0,3
BRDA:77,15,1,3
BRDA:99,16,0,10
BRDA:100,17,0,3
BRDA:100,17,1,7
BRDA:100,18,0,10
BRDA:100,18,1,8
BRDA:101,19,0,1
BRDA:101,19,1,6
BRDA:104,20,0,2
BRDA:104,20,1,4
BRDA:105,21,0,2
BRDA:105,21,1,4
BRDA:106,22,0,2
BRDA:106,22,1,4
BRDA:107,23,0,2
BRDA:107,23,1,4
BRF:45
BRH:44
end_of_record
TN:
SF:lib\constants.js
FN:8,formatHarga
FN:14,buildKode
FNF:2
FNH:2
FNDA:13,formatHarga
FNDA:6,buildKode
DA:1,2
DA:9,13
DA:10,13
DA:11,9
DA:15,6
DA:16,6
DA:17,6
DA:18,4
LF:8
LH:8
BRDA:9,0,0,13
BRDA:9,0,1,2
BRDA:10,1,0,4
BRDA:10,1,1,9
BRDA:10,2,0,13
BRDA:10,2,1,10
BRDA:17,3,0,2
BRDA:17,3,1,4
BRDA:17,4,0,6
BRDA:17,4,1,3
BRF:10
BRH:10
end_of_record
TN:
SF:lib\marketDay.js
FN:16,getMarketLocation
FN:23,getMarketLabel
FN:27,getTodayInfo
FNF:3
FNH:3
FNDA:334,getMarketLocation
FNDA:5,getMarketLabel
FNDA:1,getTodayInfo
DA:6,4
DA:8,4
DA:14,4
DA:17,334
DA:18,334
DA:19,234
DA:20,187
DA:24,5
DA:28,1
DA:29,1
DA:30,1
DA:31,1
DA:32,1
LF:13
LH:13
BRDA:16,0,0,334
BRDA:18,1,0,100
BRDA:18,1,1,234
BRDA:18,2,0,334
BRDA:18,2,1,281
BRDA:19,3,0,47
BRDA:19,3,1,187
BRDA:24,4,0,5
BRDA:24,4,1,1
BRF:9
BRH:9
end_of_record
TN:
SF:lib\queryClient.js
FN:11,createAppQueryClient
FNF:1
FNH:1
FNDA:4,createAppQueryClient
DA:12,4
LF:1
LH:1
BRF:0
BRH:0
end_of_record
TN:
SF:lib\storeInfo.js
FNF:0
FNH:0
DA:6,1
LF:1
LH:1
BRF:0
BRH:0
end_of_record
TN:
SF:lib\supabase.js
FNF:0
FNH:0
DA:3,2
DA:4,2
DA:6,2
DA:7,1
DA:10,2
LF:5
LH:5
BRDA:6,0,0,1
BRDA:6,0,1,1
BRDA:6,1,0,2
BRDA:6,1,1,1
BRF:4
BRH:4
end_of_record
TN:
SF:lib\waFormat.js
FN:3,generateWAText
FN:4,(anonymous_1)
FN:9,(anonymous_2)
FN:10,(anonymous_3)
FNF:4
FNH:4
FNDA:7,generateWAText
FNDA:9,(anonymous_1)
FNDA:7,(anonymous_2)
FNDA:17,(anonymous_3)
DA:4,9
DA:5,7
DA:6,7
DA:8,7
DA:10,17
DA:11,7
DA:15,7
DA:32,7
DA:33,1
DA:36,7
DA:44,7
LF:11
LH:11
BRDA:4,0,0,7
BRDA:4,0,1,1
BRDA:5,1,0,7
BRDA:5,1,1,2
BRDA:11,2,0,7
BRDA:11,2,1,1
BRDA:11,3,0,7
BRDA:11,3,1,1
BRDA:32,4,0,1
BRDA:32,4,1,6
BRF:10
BRH:10
end_of_record
